#Software: Microsoft Internet Information Services 8.5
#Version: 1.0
#Date: 2016-08-12 22:08:59
#Fields: date time s-ip cs-method cs-uri-stem cs-uri-query s-port cs-username c-ip cs(User-Agent) cs(Referer) sc-status sc-substatus sc-win32-status time-taken
2016-08-12 22:08:59 ::1 GET /favicon.ico - 80 - ::1 Mozilla/5.0+(Windows+NT+6.3;+WOW64;+rv:47.0)+Gecko/20100101+Firefox/47.0 - 401 2 5 0
2016-08-12 22:08:59 ::1 GET /favicon.ico - 80 - ::1 Mozilla/5.0+(Windows+NT+6.3;+WOW64;+rv:47.0)+Gecko/20100101+Firefox/47.0 - 401 2 5 15
2016-08-12 22:09:06 ::1 GET /index.php - 80 - ::1 Mozilla/5.0+(Windows+NT+6.3;+WOW64;+rv:47.0)+Gecko/20100101+Firefox/47.0 - 401 2 5 0
2016-08-12 22:09:07 ::1 GET /index.php - 80 LAPTOP\stephanie ::1 Mozilla/5.0+(Windows+NT+6.3;+WOW64;+rv:47.0)+Gecko/20100101+Firefox/47.0 - 200 0 0 234
2016-08-12 22:09:07 ::1 GET /quality_ticketSystemsAdmin/ - 80 LAPTOP\stephanie ::1 Mozilla/5.0+(Windows+NT+6.3;+WOW64;+rv:47.0)+Gecko/20100101+Firefox/47.0 http://localhost/index.php 200 0 0 140
2016-08-12 22:09:07 ::1 GET /js/jquery.qtip.min.js - 80 - ::1 Mozilla/5.0+(Windows+NT+6.3;+WOW64;+rv:47.0)+Gecko/20100101+Firefox/47.0 http://localhost/quality_ticketSystemsAdmin/ 401 2 5 15
2016-08-12 22:09:07 ::1 GET /js/jquery.cookie.js - 80 - ::1 Mozilla/5.0+(Windows+NT+6.3;+WOW64;+rv:47.0)+Gecko/20100101+Firefox/47.0 http://localhost/quality_ticketSystemsAdmin/ 401 2 5 15
2016-08-12 22:09:07 ::1 GET /js/jquery.selectboxes.js - 80 - ::1 Mozilla/5.0+(Windows+NT+6.3;+WOW64;+rv:47.0)+Gecko/20100101+Firefox/47.0 http://localhost/quality_ticketSystemsAdmin/ 401 2 5 15
2016-08-12 22:09:07 ::1 GET /js/jquery.elastic.js - 80 - ::1 Mozilla/5.0+(Windows+NT+6.3;+WOW64;+rv:47.0)+Gecko/20100101+Firefox/47.0 http://localhost/quality_ticketSystemsAdmin/ 401 2 5 15
2016-08-12 22:09:07 ::1 GET /quality_ticketSystemsAdmin/css/jquery.confirm.css - 80 - ::1 Mozilla/5.0+(Windows+NT+6.3;+WOW64;+rv:47.0)+Gecko/20100101+Firefox/47.0 http://localhost/quality_ticketSystemsAdmin/ 401 2 5 15
2016-08-12 22:09:07 ::1 GET /js/jquery.confirm/jquery.confirm.js - 80 - ::1 Mozilla/5.0+(Windows+NT+6.3;+WOW64;+rv:47.0)+Gecko/20100101+Firefox/47.0 http://localhost/quality_ticketSystemsAdmin/ 401 2 5 30
2016-08-12 22:09:07 ::1 GET /js/jquery.showMessage.js - 80 - ::1 Mozilla/5.0+(Windows+NT+6.3;+WOW64;+rv:47.0)+Gecko/20100101+Firefox/47.0 http://localhost/quality_ticketSystemsAdmin/ 401 2 5 32
2016-08-12 22:09:07 ::1 GET /quality_ticketSystemsAdmin/js/javascript.js - 80 - ::1 Mozilla/5.0+(Windows+NT+6.3;+WOW64;+rv:47.0)+Gecko/20100101+Firefox/47.0 http://localhost/quality_ticketSystemsAdmin/ 401 2 5 36
2016-08-12 22:09:07 ::1 GET /js/jquery.form.js - 80 - ::1 Mozilla/5.0+(Windows+NT+6.3;+WOW64;+rv:47.0)+Gecko/20100101+Firefox/47.0 http://localhost/quality_ticketSystemsAdmin/ 401 2 5 37
2016-08-12 22:09:07 ::1 GET /js/jquery.qtip.min.js - 80 LAPTOP\stephanie ::1 Mozilla/5.0+(Windows+NT+6.3;+WOW64;+rv:47.0)+Gecko/20100101+Firefox/47.0 http://localhost/quality_ticketSystemsAdmin/ 200 0 0 16
2016-08-12 22:09:07 ::1 GET /js/jquery.selectboxes.js - 80 LAPTOP\stephanie ::1 Mozilla/5.0+(Windows+NT+6.3;+WOW64;+rv:47.0)+Gecko/20100101+Firefox/47.0 http://localhost/quality_ticketSystemsAdmin/ 200 0 0 10
2016-08-12 22:09:07 ::1 GET /js/jquery.elastic.js - 80 LAPTOP\stephanie ::1 Mozilla/5.0+(Windows+NT+6.3;+WOW64;+rv:47.0)+Gecko/20100101+Firefox/47.0 http://localhost/quality_ticketSystemsAdmin/ 200 0 0 8
2016-08-12 22:09:07 ::1 GET /js/jquery.cookie.js - 80 LAPTOP\stephanie ::1 Mozilla/5.0+(Windows+NT+6.3;+WOW64;+rv:47.0)+Gecko/20100101+Firefox/47.0 http://localhost/quality_ticketSystemsAdmin/ 200 0 0 14
2016-08-12 22:09:07 ::1 GET /quality_ticketSystemsAdmin/css/jquery.confirm.css - 80 LAPTOP\stephanie ::1 Mozilla/5.0+(Windows+NT+6.3;+WOW64;+rv:47.0)+Gecko/20100101+Firefox/47.0 http://localhost/quality_ticketSystemsAdmin/ 200 0 0 11
2016-08-12 22:09:07 ::1 GET /js/jquery.confirm/jquery.confirm.js - 80 LAPTOP\stephanie ::1 Mozilla/5.0+(Windows+NT+6.3;+WOW64;+rv:47.0)+Gecko/20100101+Firefox/47.0 http://localhost/quality_ticketSystemsAdmin/ 200 0 0 26
2016-08-12 22:09:07 ::1 GET /js/jquery.showMessage.js - 80 LAPTOP\stephanie ::1 Mozilla/5.0+(Windows+NT+6.3;+WOW64;+rv:47.0)+Gecko/20100101+Firefox/47.0 http://localhost/quality_ticketSystemsAdmin/ 200 0 0 8
2016-08-12 22:09:07 ::1 GET /quality_ticketSystemsAdmin/js/javascript.js - 80 LAPTOP\stephanie ::1 Mozilla/5.0+(Windows+NT+6.3;+WOW64;+rv:47.0)+Gecko/20100101+Firefox/47.0 http://localhost/quality_ticketSystemsAdmin/ 200 0 0 8
2016-08-12 22:09:07 ::1 GET /quality_ticketSystemsAdmin/css/stylesheet.css - 80 LAPTOP\stephanie ::1 Mozilla/5.0+(Windows+NT+6.3;+WOW64;+rv:47.0)+Gecko/20100101+Firefox/47.0 http://localhost/quality_ticketSystemsAdmin/ 200 0 0 120
2016-08-12 22:09:07 ::1 GET /images/edit.jpg - 80 LAPTOP\stephanie ::1 Mozilla/5.0+(Windows+NT+6.3;+WOW64;+rv:47.0)+Gecko/20100101+Firefox/47.0 http://localhost/quality_ticketSystemsAdmin/ 404 0 2 6
2016-08-12 22:09:07 ::1 GET /js/jquery.form.js - 80 LAPTOP\stephanie ::1 Mozilla/5.0+(Windows+NT+6.3;+WOW64;+rv:47.0)+Gecko/20100101+Firefox/47.0 http://localhost/quality_ticketSystemsAdmin/ 200 0 0 252
2016-08-12 22:09:07 ::1 GET /images/edit.jpg - 80 LAPTOP\stephanie ::1 Mozilla/5.0+(Windows+NT+6.3;+WOW64;+rv:47.0)+Gecko/20100101+Firefox/47.0 http://localhost/quality_ticketSystemsAdmin/ 404 0 2 2
2016-08-12 22:09:07 ::1 GET /quality_ticketSystemsAdmin/dependencies/get-selTicketSystemId.php - 80 LAPTOP\stephanie ::1 Mozilla/5.0+(Windows+NT+6.3;+WOW64;+rv:47.0)+Gecko/20100101+Firefox/47.0 http://localhost/quality_ticketSystemsAdmin/ 200 0 0 69
2016-08-12 22:10:50 ::1 GET /index.php - 80 - ::1 Mozilla/5.0+(Windows+NT+6.3;+WOW64;+Trident/7.0;+rv:11.0)+like+Gecko - 401 2 5 2
2016-08-12 22:10:50 ::1 GET /index.php - 80 MicrosoftAccount\stephanie@hawkbane.net ::1 Mozilla/5.0+(Windows+NT+6.3;+WOW64;+Trident/7.0;+rv:11.0)+like+Gecko - 302 0 0 8
2016-08-12 22:10:50 ::1 GET /db_selector/ - 80 MicrosoftAccount\stephanie@hawkbane.net ::1 Mozilla/5.0+(Windows+NT+6.3;+WOW64;+Trident/7.0;+rv:11.0)+like+Gecko - 200 0 0 9
2016-08-12 22:10:50 ::1 GET /js/jquery.cookie.js - 80 MicrosoftAccount\stephanie@hawkbane.net ::1 Mozilla/5.0+(Windows+NT+6.3;+WOW64;+Trident/7.0;+rv:11.0)+like+Gecko http://localhost/db_selector/ 200 0 0 52
2016-08-12 22:10:50 ::1 GET /js/jquery.form.js - 80 MicrosoftAccount\stephanie@hawkbane.net ::1 Mozilla/5.0+(Windows+NT+6.3;+WOW64;+Trident/7.0;+rv:11.0)+like+Gecko http://localhost/db_selector/ 200 0 0 53
2016-08-12 22:10:50 ::1 GET /js/jquery.showMessage.js - 80 MicrosoftAccount\stephanie@hawkbane.net ::1 Mozilla/5.0+(Windows+NT+6.3;+WOW64;+Trident/7.0;+rv:11.0)+like+Gecko http://localhost/db_selector/ 200 0 0 53
2016-08-12 22:10:50 ::1 GET /db_selector/js/javascript.js - 80 MicrosoftAccount\stephanie@hawkbane.net ::1 Mozilla/5.0+(Windows+NT+6.3;+WOW64;+Trident/7.0;+rv:11.0)+like+Gecko http://localhost/db_selector/ 200 0 0 58
2016-08-12 22:10:50 ::1 GET /db_selector/css/stylesheet.css - 80 MicrosoftAccount\stephanie@hawkbane.net ::1 Mozilla/5.0+(Windows+NT+6.3;+WOW64;+Trident/7.0;+rv:11.0)+like+Gecko http://localhost/db_selector/ 200 0 0 104
2016-08-12 22:10:51 ::1 GET /favicon.ico - 80 MicrosoftAccount\stephanie@hawkbane.net ::1 Mozilla/5.0+(Windows+NT+6.3;+WOW64;+Trident/7.0;+rv:11.0)+like+Gecko - 404 0 2 3
2016-08-12 22:10:55 ::1 POST /db_selector/dependencies/post-selectDB.php - 80 MicrosoftAccount\stephanie@hawkbane.net ::1 Mozilla/5.0+(Windows+NT+6.3;+WOW64;+Trident/7.0;+rv:11.0)+like+Gecko http://localhost/db_selector/ 200 0 0 70
2016-08-12 22:11:18 ::1 POST /db_selector/dependencies/post-selectDB.php - 80 MicrosoftAccount\stephanie@hawkbane.net ::1 Mozilla/5.0+(Windows+NT+6.3;+WOW64;+Trident/7.0;+rv:11.0)+like+Gecko http://localhost/db_selector/ 200 0 0 17757
2016-08-12 22:11:36 ::1 POST /db_selector/dependencies/post-selectDB.php - 80 MicrosoftAccount\stephanie@hawkbane.net ::1 Mozilla/5.0+(Windows+NT+6.3;+WOW64;+Trident/7.0;+rv:11.0)+like+Gecko http://localhost/db_selector/ 200 0 0 29682
2016-08-12 22:11:54 ::1 POST /db_selector/dependencies/post-selectDB.php - 80 MicrosoftAccount\stephanie@hawkbane.net ::1 Mozilla/5.0+(Windows+NT+6.3;+WOW64;+Trident/7.0;+rv:11.0)+like+Gecko http://localhost/db_selector/ 200 0 0 46606
2016-08-12 22:12:12 ::1 GET / - 80 MicrosoftAccount\stephanie@hawkbane.net ::1 Mozilla/5.0+(Windows+NT+6.3;+WOW64;+Trident/7.0;+rv:11.0)+like+Gecko http://localhost/db_selector/ 302 0 64 53128
2016-08-12 22:12:12 ::1 GET / - 80 MicrosoftAccount\stephanie@hawkbane.net ::1 Mozilla/5.0+(Windows+NT+6.3;+WOW64;+Trident/7.0;+rv:11.0)+like+Gecko http://localhost/db_selector/ 302 0 64 35539
2016-08-12 22:12:12 ::1 POST /db_selector/dependencies/post-selectDB.php - 80 MicrosoftAccount\stephanie@hawkbane.net ::1 Mozilla/5.0+(Windows+NT+6.3;+WOW64;+Trident/7.0;+rv:11.0)+like+Gecko http://localhost/db_selector/ 200 0 0 64080
2016-08-12 22:12:12 ::1 GET / - 80 MicrosoftAccount\stephanie@hawkbane.net ::1 Mozilla/5.0+(Windows+NT+6.3;+WOW64;+Trident/7.0;+rv:11.0)+like+Gecko http://localhost/db_selector/ 302 0 0 17815
2016-08-12 22:12:12 ::1 GET / - 80 MicrosoftAccount\stephanie@hawkbane.net ::1 Mozilla/5.0+(Windows+NT+6.3;+WOW64;+Trident/7.0;+rv:11.0)+like+Gecko http://localhost/db_selector/ 302 0 0 3
2016-08-12 22:12:12 ::1 GET /db_selector/ - 80 MicrosoftAccount\stephanie@hawkbane.net ::1 Mozilla/5.0+(Windows+NT+6.3;+WOW64;+Trident/7.0;+rv:11.0)+like+Gecko http://localhost/db_selector/ 200 0 0 5
2016-08-12 22:12:12 ::1 GET /favicon.ico - 80 MicrosoftAccount\stephanie@hawkbane.net ::1 Mozilla/5.0+(Windows+NT+6.3;+WOW64;+Trident/7.0;+rv:11.0)+like+Gecko - 404 0 2 1
2016-08-12 22:19:01 ::1 GET /db_selector/ - 80 MicrosoftAccount\stephanie@hawkbane.net ::1 Mozilla/5.0+(Windows+NT+6.3;+WOW64;+Trident/7.0;+rv:11.0)+like+Gecko - 200 0 0 0
2016-08-12 22:19:01 ::1 GET /browserconfig.xml - 80 - ::1 Mozilla/5.0+(Windows+NT+6.3;+Win64;+x64;+Trident/7.0;+rv:11.0)+like+Gecko - 401 2 5 0
2016-08-12 22:19:01 ::1 GET /browserconfig.xml - 80 MicrosoftAccount\stephanie@hawkbane.net ::1 Mozilla/5.0+(Windows+NT+6.3;+Win64;+x64;+Trident/7.0;+rv:11.0)+like+Gecko - 404 0 2 0
2016-08-12 22:19:30 ::1 GET /db_selector/ - 80 MicrosoftAccount\stephanie@hawkbane.net ::1 Mozilla/5.0+(Windows+NT+6.3;+WOW64;+Trident/7.0;+rv:11.0)+like+Gecko - 200 0 0 0
2016-08-12 22:19:50 ::1 POST /db_selector/dependencies/post-selectDB.php - 80 MicrosoftAccount\stephanie@hawkbane.net ::1 Mozilla/5.0+(Windows+NT+6.3;+WOW64;+Trident/7.0;+rv:11.0)+like+Gecko http://localhost/db_selector/ 200 0 0 17820
2016-08-12 22:19:50 ::1 GET / - 80 MicrosoftAccount\stephanie@hawkbane.net ::1 Mozilla/5.0+(Windows+NT+6.3;+WOW64;+Trident/7.0;+rv:11.0)+like+Gecko http://localhost/db_selector/ 302 0 0 15
2016-08-12 22:19:50 ::1 GET /db_selector/ - 80 MicrosoftAccount\stephanie@hawkbane.net ::1 Mozilla/5.0+(Windows+NT+6.3;+WOW64;+Trident/7.0;+rv:11.0)+like+Gecko http://localhost/db_selector/ 200 0 0 0
2016-08-12 22:19:50 ::1 GET /index.php - 80 - ::1 Mozilla/5.0+(Windows+NT+6.3;+WOW64;+rv:47.0)+Gecko/20100101+Firefox/47.0 - 401 2 5 15
2016-08-12 22:19:50 ::1 GET /index.php - 80 LAPTOP\stephanie ::1 Mozilla/5.0+(Windows+NT+6.3;+WOW64;+rv:47.0)+Gecko/20100101+Firefox/47.0 - 200 0 0 78
2016-08-12 22:20:08 ::1 GET /index.php - 80 LAPTOP\stephanie ::1 Mozilla/5.0+(Windows+NT+6.3;+WOW64;+rv:47.0)+Gecko/20100101+Firefox/47.0 - 200 0 0 62
2016-08-12 22:20:10 ::1 GET /index.php - 80 LAPTOP\stephanie ::1 Mozilla/5.0+(Windows+NT+6.3;+WOW64;+rv:47.0)+Gecko/20100101+Firefox/47.0 - 200 0 0 31
2016-08-12 22:20:14 ::1 GET /index.php - 80 - ::1 Mozilla/5.0+(Windows+NT+6.3;+WOW64;+rv:47.0)+Gecko/20100101+Firefox/47.0 - 401 2 5 15
2016-08-12 22:20:17 ::1 GET /index.php - 80 LAPTOP\stephanie ::1 Mozilla/5.0+(Windows+NT+6.3;+WOW64;+rv:47.0)+Gecko/20100101+Firefox/47.0 - 200 0 0 46
2016-08-12 22:20:27 ::1 GET /index.php - 80 LAPTOP\stephanie ::1 Mozilla/5.0+(Windows+NT+6.3;+WOW64;+rv:47.0)+Gecko/20100101+Firefox/47.0 - 200 0 0 46
2016-08-12 22:22:17 ::1 GET /index.php - 80 - ::1 Mozilla/5.0+(Windows+NT+6.3;+WOW64;+rv:48.0)+Gecko/20100101+Firefox/48.0 - 401 2 5 12
2016-08-12 22:22:19 ::1 GET /index.php - 80 LAPTOP\stephanie ::1 Mozilla/5.0+(Windows+NT+6.3;+WOW64;+rv:48.0)+Gecko/20100101+Firefox/48.0 - 200 0 0 31
2016-08-12 22:22:19 ::1 GET /favicon.ico - 80 LAPTOP\stephanie ::1 Mozilla/5.0+(Windows+NT+6.3;+WOW64;+rv:48.0)+Gecko/20100101+Firefox/48.0 - 404 0 2 0
2016-08-12 22:22:19 ::1 GET /favicon.ico - 80 LAPTOP\stephanie ::1 Mozilla/5.0+(Windows+NT+6.3;+WOW64;+rv:48.0)+Gecko/20100101+Firefox/48.0 - 404 0 2 0
2016-08-12 22:22:33 ::1 GET /index.php - 80 LAPTOP\stephanie ::1 Mozilla/5.0+(Windows+NT+6.3;+WOW64;+rv:48.0)+Gecko/20100101+Firefox/48.0 - 200 0 0 31
2016-08-12 22:22:37 ::1 GET /index.php - 80 LAPTOP\stephanie ::1 Mozilla/5.0+(Windows+NT+6.3;+WOW64;+rv:48.0)+Gecko/20100101+Firefox/48.0 - 200 0 0 46
2016-08-12 22:22:58 ::1 GET /index.php - 80 LAPTOP\stephanie ::1 Mozilla/5.0+(Windows+NT+6.3;+WOW64;+rv:48.0)+Gecko/20100101+Firefox/48.0 - 302 0 0 0
2016-08-12 22:22:58 ::1 GET /db_selector/ - 80 LAPTOP\stephanie ::1 Mozilla/5.0+(Windows+NT+6.3;+WOW64;+rv:48.0)+Gecko/20100101+Firefox/48.0 - 200 0 0 0
2016-08-12 22:22:58 ::1 GET /js/jquery.form.js - 80 - ::1 Mozilla/5.0+(Windows+NT+6.3;+WOW64;+rv:48.0)+Gecko/20100101+Firefox/48.0 http://localhost/db_selector/ 401 2 5 15
2016-08-12 22:22:58 ::1 GET /js/jquery.cookie.js - 80 - ::1 Mozilla/5.0+(Windows+NT+6.3;+WOW64;+rv:48.0)+Gecko/20100101+Firefox/48.0 http://localhost/db_selector/ 401 2 5 15
2016-08-12 22:22:58 ::1 GET /js/jquery.showMessage.js - 80 - ::1 Mozilla/5.0+(Windows+NT+6.3;+WOW64;+rv:48.0)+Gecko/20100101+Firefox/48.0 http://localhost/db_selector/ 401 2 5 15
2016-08-12 22:22:58 ::1 GET /db_selector/js/javascript.js - 80 - ::1 Mozilla/5.0+(Windows+NT+6.3;+WOW64;+rv:48.0)+Gecko/20100101+Firefox/48.0 http://localhost/db_selector/ 401 2 5 15
2016-08-12 22:22:58 ::1 GET /db_selector/css/stylesheet.css - 80 LAPTOP\stephanie ::1 Mozilla/5.0+(Windows+NT+6.3;+WOW64;+rv:48.0)+Gecko/20100101+Firefox/48.0 http://localhost/db_selector/ 200 0 0 93
2016-08-12 22:23:01 ::1 GET /db_selector/js/javascript.js - 80 LAPTOP\stephanie ::1 Mozilla/5.0+(Windows+NT+6.3;+WOW64;+rv:48.0)+Gecko/20100101+Firefox/48.0 http://localhost/db_selector/ 200 0 0 46
2016-08-12 22:23:01 ::1 GET /js/jquery.cookie.js - 80 LAPTOP\stephanie ::1 Mozilla/5.0+(Windows+NT+6.3;+WOW64;+rv:48.0)+Gecko/20100101+Firefox/48.0 http://localhost/db_selector/ 200 0 0 62
2016-08-12 22:23:01 ::1 GET /js/jquery.showMessage.js - 80 LAPTOP\stephanie ::1 Mozilla/5.0+(Windows+NT+6.3;+WOW64;+rv:48.0)+Gecko/20100101+Firefox/48.0 http://localhost/db_selector/ 200 0 0 93
2016-08-12 22:23:01 ::1 GET /js/jquery.form.js - 80 LAPTOP\stephanie ::1 Mozilla/5.0+(Windows+NT+6.3;+WOW64;+rv:48.0)+Gecko/20100101+Firefox/48.0 http://localhost/db_selector/ 200 0 0 187
2016-08-12 22:23:23 ::1 POST /db_selector/dependencies/post-selectDB.php - 80 LAPTOP\stephanie ::1 Mozilla/5.0+(Windows+NT+6.3;+WOW64;+rv:48.0)+Gecko/20100101+Firefox/48.0 http://localhost/db_selector/ 200 0 0 17852
2016-08-12 22:23:41 ::1 GET / - 80 LAPTOP\stephanie ::1 Mozilla/5.0+(Windows+NT+6.3;+WOW64;+rv:48.0)+Gecko/20100101+Firefox/48.0 http://localhost/db_selector/ 302 0 0 17664
2016-08-12 22:23:41 ::1 POST /db_selector/dependencies/post-selectDB.php - 80 LAPTOP\stephanie ::1 Mozilla/5.0+(Windows+NT+6.3;+WOW64;+rv:48.0)+Gecko/20100101+Firefox/48.0 http://localhost/db_selector/ 200 0 64 33657
2016-08-12 22:23:41 ::1 GET /db_selector/ - 80 LAPTOP\stephanie ::1 Mozilla/5.0+(Windows+NT+6.3;+WOW64;+rv:48.0)+Gecko/20100101+Firefox/48.0 http://localhost/db_selector/ 200 0 0 0
2016-08-12 22:25:05 ::1 GET /db_selector/ - 80 LAPTOP\stephanie ::1 Mozilla/5.0+(Windows+NT+6.3;+WOW64;+rv:48.0)+Gecko/20100101+Firefox/48.0 - 200 0 0 15
2016-08-12 22:25:11 ::1 POST /db_selector/dependencies/post-selectDB.php - 80 - ::1 Mozilla/5.0+(Windows+NT+6.3;+WOW64;+rv:48.0)+Gecko/20100101+Firefox/48.0 http://localhost/db_selector/ 401 2 5 15
2016-08-12 22:25:26 ::1 POST /db_selector/dependencies/post-selectDB.php - 80 LAPTOP\stephanie ::1 Mozilla/5.0+(Windows+NT+6.3;+WOW64;+rv:48.0)+Gecko/20100101+Firefox/48.0 http://localhost/db_selector/ 200 0 0 17837
2016-08-12 22:25:32 ::1 GET /db_selector/ - 80 - ::1 Mozilla/5.0+(Windows+NT+6.3;+WOW64;+rv:48.0)+Gecko/20100101+Firefox/48.0 - 401 2 5 15
2016-08-12 22:25:41 ::1 GET / - 80 - ::1 Mozilla/5.0+(Windows+NT+6.3;+WOW64;+rv:48.0)+Gecko/20100101+Firefox/48.0 - 401 2 5 33
2016-08-12 22:25:44 ::1 GET / - 80 LAPTOP\stephanie ::1 Mozilla/5.0+(Windows+NT+6.3;+WOW64;+rv:48.0)+Gecko/20100101+Firefox/48.0 - 302 0 0 3343
2016-08-12 22:25:44 ::1 GET /db_selector/ - 80 LAPTOP\stephanie ::1 Mozilla/5.0+(Windows+NT+6.3;+WOW64;+rv:48.0)+Gecko/20100101+Firefox/48.0 - 200 0 64 12135
2016-08-12 22:25:44 ::1 GET / - 80 LAPTOP\stephanie ::1 Mozilla/5.0+(Windows+NT+6.3;+WOW64;+rv:48.0)+Gecko/20100101+Firefox/48.0 http://localhost/db_selector/ 302 0 64 17775
2016-08-12 22:25:44 ::1 POST /db_selector/dependencies/post-selectDB.php - 80 LAPTOP\stephanie ::1 Mozilla/5.0+(Windows+NT+6.3;+WOW64;+rv:48.0)+Gecko/20100101+Firefox/48.0 http://localhost/db_selector/ 200 0 64 33488
2016-08-12 22:25:44 ::1 GET /db_selector/ - 80 LAPTOP\stephanie ::1 Mozilla/5.0+(Windows+NT+6.3;+WOW64;+rv:48.0)+Gecko/20100101+Firefox/48.0 - 200 0 0 0
2016-08-12 22:25:53 ::1 POST /db_selector/dependencies/post-selectDB.php - 80 LAPTOP\stephanie ::1 Mozilla/5.0+(Windows+NT+6.3;+WOW64;+rv:48.0)+Gecko/20100101+Firefox/48.0 http://localhost/db_selector/ 200 0 0 62
2016-08-12 22:25:53 ::1 GET / - 80 LAPTOP\stephanie ::1 Mozilla/5.0+(Windows+NT+6.3;+WOW64;+rv:48.0)+Gecko/20100101+Firefox/48.0 http://localhost/db_selector/ 302 0 0 15
2016-08-12 22:25:53 ::1 GET /db_selector/ - 80 LAPTOP\stephanie ::1 Mozilla/5.0+(Windows+NT+6.3;+WOW64;+rv:48.0)+Gecko/20100101+Firefox/48.0 http://localhost/db_selector/ 200 0 0 15
2016-08-12 22:26:36 ::1 GET /index.php - 80 LAPTOP\stephanie ::1 Mozilla/5.0+(Windows+NT+6.3;+WOW64;+rv:48.0)+Gecko/20100101+Firefox/48.0 - 302 0 0 15
2016-08-12 22:26:36 ::1 GET /db_selector/ - 80 LAPTOP\stephanie ::1 Mozilla/5.0+(Windows+NT+6.3;+WOW64;+rv:48.0)+Gecko/20100101+Firefox/48.0 - 200 0 0 0
2016-08-12 22:27:38 ::1 GET /db_selector/ - 80 MicrosoftAccount\stephanie@hawkbane.net ::1 Mozilla/5.0+(Windows+NT+6.3;+WOW64;+Trident/7.0;+rv:11.0)+like+Gecko http://localhost/db_selector/ 200 0 0 15
2016-08-12 22:27:38 ::1 GET /db_selector/css/stylesheet.css - 80 MicrosoftAccount\stephanie@hawkbane.net ::1 Mozilla/5.0+(Windows+NT+6.3;+WOW64;+Trident/7.0;+rv:11.0)+like+Gecko http://localhost/db_selector/ 304 0 0 0
2016-08-12 22:27:38 ::1 GET /js/jquery.form.js - 80 MicrosoftAccount\stephanie@hawkbane.net ::1 Mozilla/5.0+(Windows+NT+6.3;+WOW64;+Trident/7.0;+rv:11.0)+like+Gecko http://localhost/db_selector/ 304 0 0 0
2016-08-12 22:27:38 ::1 GET /js/jquery.cookie.js - 80 MicrosoftAccount\stephanie@hawkbane.net ::1 Mozilla/5.0+(Windows+NT+6.3;+WOW64;+Trident/7.0;+rv:11.0)+like+Gecko http://localhost/db_selector/ 304 0 0 0
2016-08-12 22:27:38 ::1 GET /js/jquery.showMessage.js - 80 MicrosoftAccount\stephanie@hawkbane.net ::1 Mozilla/5.0+(Windows+NT+6.3;+WOW64;+Trident/7.0;+rv:11.0)+like+Gecko http://localhost/db_selector/ 304 0 0 0
2016-08-12 22:27:38 ::1 GET /db_selector/js/javascript.js - 80 MicrosoftAccount\stephanie@hawkbane.net ::1 Mozilla/5.0+(Windows+NT+6.3;+WOW64;+Trident/7.0;+rv:11.0)+like+Gecko http://localhost/db_selector/ 304 0 0 0
2016-08-12 22:27:42 ::1 POST /db_selector/dependencies/post-selectDB.php - 80 MicrosoftAccount\stephanie@hawkbane.net ::1 Mozilla/5.0+(Windows+NT+6.3;+WOW64;+Trident/7.0;+rv:11.0)+like+Gecko http://localhost/db_selector/ 200 0 0 62
2016-08-12 22:27:42 ::1 GET / - 80 MicrosoftAccount\stephanie@hawkbane.net ::1 Mozilla/5.0+(Windows+NT+6.3;+WOW64;+Trident/7.0;+rv:11.0)+like+Gecko http://localhost/db_selector/ 302 0 0 0
2016-08-12 22:27:42 ::1 GET /db_selector/ - 80 MicrosoftAccount\stephanie@hawkbane.net ::1 Mozilla/5.0+(Windows+NT+6.3;+WOW64;+Trident/7.0;+rv:11.0)+like+Gecko http://localhost/db_selector/ 200 0 0 15
2016-08-12 22:28:21 ::1 GET /index.php - 80 MicrosoftAccount\stephanie@hawkbane.net ::1 Mozilla/5.0+(Windows+NT+6.3;+WOW64;+Trident/7.0;+rv:11.0)+like+Gecko - 302 0 0 0
2016-08-12 22:28:21 ::1 GET /db_selector/ - 80 MicrosoftAccount\stephanie@hawkbane.net ::1 Mozilla/5.0+(Windows+NT+6.3;+WOW64;+Trident/7.0;+rv:11.0)+like+Gecko - 200 0 0 0
2016-08-12 22:28:21 ::1 GET /db_selector/css/stylesheet.css - 80 MicrosoftAccount\stephanie@hawkbane.net ::1 Mozilla/5.0+(Windows+NT+6.3;+WOW64;+Trident/7.0;+rv:11.0)+like+Gecko http://localhost/db_selector/ 200 0 0 15
2016-08-12 22:28:21 ::1 GET /js/jquery.cookie.js - 80 MicrosoftAccount\stephanie@hawkbane.net ::1 Mozilla/5.0+(Windows+NT+6.3;+WOW64;+Trident/7.0;+rv:11.0)+like+Gecko http://localhost/db_selector/ 200 0 0 31
2016-08-12 22:28:21 ::1 GET /db_selector/js/javascript.js - 80 MicrosoftAccount\stephanie@hawkbane.net ::1 Mozilla/5.0+(Windows+NT+6.3;+WOW64;+Trident/7.0;+rv:11.0)+like+Gecko http://localhost/db_selector/ 200 0 0 31
2016-08-12 22:28:21 ::1 GET /js/jquery.showMessage.js - 80 MicrosoftAccount\stephanie@hawkbane.net ::1 Mozilla/5.0+(Windows+NT+6.3;+WOW64;+Trident/7.0;+rv:11.0)+like+Gecko http://localhost/db_selector/ 200 0 0 31
2016-08-12 22:28:21 ::1 GET /js/jquery.form.js - 80 MicrosoftAccount\stephanie@hawkbane.net ::1 Mozilla/5.0+(Windows+NT+6.3;+WOW64;+Trident/7.0;+rv:11.0)+like+Gecko http://localhost/db_selector/ 200 0 0 124
2016-08-12 22:29:00 ::1 GET /db_selector/ - 80 - ::1 Mozilla/5.0+(Windows+NT+6.3;+WOW64;+rv:48.0)+Gecko/20100101+Firefox/48.0 - 401 2 5 0
2016-08-12 22:29:00 ::1 GET /db_selector/ - 80 LAPTOP\stephanie ::1 Mozilla/5.0+(Windows+NT+6.3;+WOW64;+rv:48.0)+Gecko/20100101+Firefox/48.0 - 200 0 0 0
2016-08-12 22:29:06 ::1 POST /db_selector/dependencies/post-selectDB.php - 80 LAPTOP\stephanie ::1 Mozilla/5.0+(Windows+NT+6.3;+WOW64;+rv:48.0)+Gecko/20100101+Firefox/48.0 http://localhost/db_selector/ 200 0 0 109
2016-08-12 22:29:06 ::1 GET / - 80 LAPTOP\stephanie ::1 Mozilla/5.0+(Windows+NT+6.3;+WOW64;+rv:48.0)+Gecko/20100101+Firefox/48.0 http://localhost/db_selector/ 302 0 0 15
2016-08-12 22:29:06 ::1 GET /db_selector/ - 80 LAPTOP\stephanie ::1 Mozilla/5.0+(Windows+NT+6.3;+WOW64;+rv:48.0)+Gecko/20100101+Firefox/48.0 http://localhost/db_selector/ 200 0 0 0
2016-08-12 22:29:12 ::1 GET /db_selector/ - 80 LAPTOP\stephanie ::1 Mozilla/5.0+(Windows+NT+6.3;+WOW64;+rv:48.0)+Gecko/20100101+Firefox/48.0 - 200 0 0 15
2016-08-12 22:29:33 ::1 GET /db_selector/ - 80 LAPTOP\stephanie ::1 Mozilla/5.0+(Windows+NT+6.3;+WOW64;+rv:48.0)+Gecko/20100101+Firefox/48.0 - 200 0 0 15
2016-08-12 22:29:40 ::1 GET /db_selector/ - 80 LAPTOP\stephanie ::1 Mozilla/5.0+(Windows+NT+6.3;+WOW64;+rv:48.0)+Gecko/20100101+Firefox/48.0 - 200 0 0 0
2016-08-12 22:29:58 ::1 GET /db_selector/ - 80 LAPTOP\stephanie ::1 Mozilla/5.0+(Windows+NT+6.3;+WOW64;+rv:48.0)+Gecko/20100101+Firefox/48.0 - 200 0 0 15
2016-08-12 22:30:22 ::1 GET /db_selector/ - 80 LAPTOP\stephanie ::1 Mozilla/5.0+(Windows+NT+6.3;+WOW64;+rv:48.0)+Gecko/20100101+Firefox/48.0 - 200 0 0 15
2016-08-12 22:31:18 ::1 GET /db_selector/ - 80 LAPTOP\stephanie ::1 Mozilla/5.0+(Windows+NT+6.3;+WOW64;+rv:48.0)+Gecko/20100101+Firefox/48.0 - 200 0 0 156
2016-08-12 22:31:18 ::1 GET /images/edit.jpg - 80 LAPTOP\stephanie ::1 Mozilla/5.0+(Windows+NT+6.3;+WOW64;+rv:48.0)+Gecko/20100101+Firefox/48.0 http://localhost/db_selector/ 404 0 2 0
2016-08-12 22:31:18 ::1 GET /images/edit.jpg - 80 LAPTOP\stephanie ::1 Mozilla/5.0+(Windows+NT+6.3;+WOW64;+rv:48.0)+Gecko/20100101+Firefox/48.0 http://localhost/db_selector/ 404 0 2 0
2016-08-12 22:31:24 ::1 POST /db_selector/dependencies/post-selectDB.php - 80 LAPTOP\stephanie ::1 Mozilla/5.0+(Windows+NT+6.3;+WOW64;+rv:48.0)+Gecko/20100101+Firefox/48.0 http://localhost/db_selector/ 200 0 0 125
2016-08-12 22:31:24 ::1 GET / - 80 LAPTOP\stephanie ::1 Mozilla/5.0+(Windows+NT+6.3;+WOW64;+rv:48.0)+Gecko/20100101+Firefox/48.0 http://localhost/db_selector/ 302 0 0 0
2016-08-12 22:31:24 ::1 GET /db_selector/ - 80 LAPTOP\stephanie ::1 Mozilla/5.0+(Windows+NT+6.3;+WOW64;+rv:48.0)+Gecko/20100101+Firefox/48.0 http://localhost/db_selector/ 200 0 0 15
2016-08-12 22:31:29 ::1 GET /db_selector/ - 80 LAPTOP\stephanie ::1 Mozilla/5.0+(Windows+NT+6.3;+WOW64;+rv:48.0)+Gecko/20100101+Firefox/48.0 - 200 0 0 15
2016-08-12 22:31:34 ::1 GET /images/edit.jpg - 80 LAPTOP\stephanie ::1 Mozilla/5.0+(Windows+NT+6.3;+WOW64;+rv:48.0)+Gecko/20100101+Firefox/48.0 http://localhost/db_selector/ 404 0 2 0
2016-08-12 22:32:19 ::1 GET /db_selector/ - 80 LAPTOP\stephanie ::1 Mozilla/5.0+(Windows+NT+6.3;+WOW64;+rv:48.0)+Gecko/20100101+Firefox/48.0 - 200 0 0 15
2016-08-12 22:32:19 ::1 GET /images/edit.jpg - 80 LAPTOP\stephanie ::1 Mozilla/5.0+(Windows+NT+6.3;+WOW64;+rv:48.0)+Gecko/20100101+Firefox/48.0 http://localhost/db_selector/ 404 0 2 15
2016-08-12 22:32:19 ::1 GET /images/edit.jpg - 80 LAPTOP\stephanie ::1 Mozilla/5.0+(Windows+NT+6.3;+WOW64;+rv:48.0)+Gecko/20100101+Firefox/48.0 http://localhost/db_selector/ 404 0 2 0
2016-08-12 22:33:00 ::1 GET /db_selector/ - 80 LAPTOP\stephanie ::1 Mozilla/5.0+(Windows+NT+6.3;+WOW64;+rv:48.0)+Gecko/20100101+Firefox/48.0 - 200 0 0 15
2016-08-12 22:33:00 ::1 GET /images/edit.jpg - 80 LAPTOP\stephanie ::1 Mozilla/5.0+(Windows+NT+6.3;+WOW64;+rv:48.0)+Gecko/20100101+Firefox/48.0 http://localhost/db_selector/ 404 0 2 0
2016-08-12 22:33:00 ::1 GET /images/edit.jpg - 80 LAPTOP\stephanie ::1 Mozilla/5.0+(Windows+NT+6.3;+WOW64;+rv:48.0)+Gecko/20100101+Firefox/48.0 http://localhost/db_selector/ 404 0 2 0
2016-08-12 22:33:47 ::1 GET /db_selector/ - 80 LAPTOP\stephanie ::1 Mozilla/5.0+(Windows+NT+6.3;+WOW64;+rv:48.0)+Gecko/20100101+Firefox/48.0 - 200 0 0 0
2016-08-12 22:33:47 ::1 GET /images/edit.jpg - 80 LAPTOP\stephanie ::1 Mozilla/5.0+(Windows+NT+6.3;+WOW64;+rv:48.0)+Gecko/20100101+Firefox/48.0 http://localhost/db_selector/ 404 0 2 0
2016-08-12 22:33:47 ::1 GET /images/edit.jpg - 80 LAPTOP\stephanie ::1 Mozilla/5.0+(Windows+NT+6.3;+WOW64;+rv:48.0)+Gecko/20100101+Firefox/48.0 http://localhost/db_selector/ 404 0 2 0
2016-08-12 22:33:58 ::1 GET /db_selector/ - 80 LAPTOP\stephanie ::1 Mozilla/5.0+(Windows+NT+6.3;+WOW64;+rv:48.0)+Gecko/20100101+Firefox/48.0 - 200 0 0 15
2016-08-12 22:33:58 ::1 GET /db_selector/css/stylesheet.css - 80 LAPTOP\stephanie ::1 Mozilla/5.0+(Windows+NT+6.3;+WOW64;+rv:48.0)+Gecko/20100101+Firefox/48.0 http://localhost/db_selector/ 304 0 0 31
2016-08-12 22:33:58 ::1 GET /js/jquery.showMessage.js - 80 - ::1 Mozilla/5.0+(Windows+NT+6.3;+WOW64;+rv:48.0)+Gecko/20100101+Firefox/48.0 http://localhost/db_selector/ 401 2 5 15
2016-08-12 22:33:58 ::1 GET /js/jquery.cookie.js - 80 - ::1 Mozilla/5.0+(Windows+NT+6.3;+WOW64;+rv:48.0)+Gecko/20100101+Firefox/48.0 http://localhost/db_selector/ 401 2 5 15
2016-08-12 22:33:58 ::1 GET /js/jquery.form.js - 80 - ::1 Mozilla/5.0+(Windows+NT+6.3;+WOW64;+rv:48.0)+Gecko/20100101+Firefox/48.0 http://localhost/db_selector/ 401 2 5 15
2016-08-12 22:33:58 ::1 GET /db_selector/js/javascript.js - 80 LAPTOP\stephanie ::1 Mozilla/5.0+(Windows+NT+6.3;+WOW64;+rv:48.0)+Gecko/20100101+Firefox/48.0 http://localhost/db_selector/ 304 0 0 46
2016-08-12 22:33:58 ::1 GET /js/jquery.form.js - 80 LAPTOP\stephanie ::1 Mozilla/5.0+(Windows+NT+6.3;+WOW64;+rv:48.0)+Gecko/20100101+Firefox/48.0 http://localhost/db_selector/ 304 0 0 0
2016-08-12 22:33:58 ::1 GET /js/jquery.showMessage.js - 80 LAPTOP\stephanie ::1 Mozilla/5.0+(Windows+NT+6.3;+WOW64;+rv:48.0)+Gecko/20100101+Firefox/48.0 http://localhost/db_selector/ 304 0 0 15
2016-08-12 22:33:58 ::1 GET /js/jquery.cookie.js - 80 LAPTOP\stephanie ::1 Mozilla/5.0+(Windows+NT+6.3;+WOW64;+rv:48.0)+Gecko/20100101+Firefox/48.0 http://localhost/db_selector/ 304 0 0 15
2016-08-12 22:34:03 ::1 GET /images/edit.jpg - 80 LAPTOP\stephanie ::1 Mozilla/5.0+(Windows+NT+6.3;+WOW64;+rv:48.0)+Gecko/20100101+Firefox/48.0 http://localhost/db_selector/ 404 0 2 0
2016-08-12 22:34:22 ::1 GET /db_selector/ - 80 LAPTOP\stephanie ::1 Mozilla/5.0+(Windows+NT+6.3;+WOW64;+rv:48.0)+Gecko/20100101+Firefox/48.0 - 200 0 0 15
2016-08-12 22:34:22 ::1 GET /images/edit.jpg - 80 LAPTOP\stephanie ::1 Mozilla/5.0+(Windows+NT+6.3;+WOW64;+rv:48.0)+Gecko/20100101+Firefox/48.0 http://localhost/db_selector/ 404 0 2 0
2016-08-12 22:34:22 ::1 GET /images/edit.jpg - 80 LAPTOP\stephanie ::1 Mozilla/5.0+(Windows+NT+6.3;+WOW64;+rv:48.0)+Gecko/20100101+Firefox/48.0 http://localhost/db_selector/ 404 0 2 0
2016-08-12 22:35:15 ::1 GET /db_selector/ - 80 LAPTOP\stephanie ::1 Mozilla/5.0+(Windows+NT+6.3;+WOW64;+rv:48.0)+Gecko/20100101+Firefox/48.0 - 200 0 0 15
2016-08-12 22:35:15 ::1 GET /db_selector/css/stylesheet.css - 80 LAPTOP\stephanie ::1 Mozilla/5.0+(Windows+NT+6.3;+WOW64;+rv:48.0)+Gecko/20100101+Firefox/48.0 http://localhost/db_selector/ 304 0 0 31
2016-08-12 22:35:15 ::1 GET /images/edit.jpg - 80 - ::1 Mozilla/5.0+(Windows+NT+6.3;+WOW64;+rv:48.0)+Gecko/20100101+Firefox/48.0 http://localhost/db_selector/ 401 2 5 0
2016-08-12 22:35:15 ::1 GET /db_selector/js/javascript.js - 80 - ::1 Mozilla/5.0+(Windows+NT+6.3;+WOW64;+rv:48.0)+Gecko/20100101+Firefox/48.0 http://localhost/db_selector/ 401 2 5 0
2016-08-12 22:35:15 ::1 GET /js/jquery.showMessage.js - 80 LAPTOP\stephanie ::1 Mozilla/5.0+(Windows+NT+6.3;+WOW64;+rv:48.0)+Gecko/20100101+Firefox/48.0 http://localhost/db_selector/ 304 0 0 0
2016-08-12 22:35:15 ::1 GET /js/jquery.cookie.js - 80 LAPTOP\stephanie ::1 Mozilla/5.0+(Windows+NT+6.3;+WOW64;+rv:48.0)+Gecko/20100101+Firefox/48.0 http://localhost/db_selector/ 304 0 0 0
2016-08-12 22:35:15 ::1 GET /js/jquery.form.js - 80 LAPTOP\stephanie ::1 Mozilla/5.0+(Windows+NT+6.3;+WOW64;+rv:48.0)+Gecko/20100101+Firefox/48.0 http://localhost/db_selector/ 304 0 0 15
2016-08-12 22:35:15 ::1 GET /images/edit.jpg - 80 LAPTOP\stephanie ::1 Mozilla/5.0+(Windows+NT+6.3;+WOW64;+rv:48.0)+Gecko/20100101+Firefox/48.0 http://localhost/db_selector/ 404 0 2 0
2016-08-12 22:35:15 ::1 GET /db_selector/js/javascript.js - 80 LAPTOP\stephanie ::1 Mozilla/5.0+(Windows+NT+6.3;+WOW64;+rv:48.0)+Gecko/20100101+Firefox/48.0 http://localhost/db_selector/ 304 0 0 343
2016-08-12 22:35:15 ::1 GET /images/edit.jpg - 80 LAPTOP\stephanie ::1 Mozilla/5.0+(Windows+NT+6.3;+WOW64;+rv:48.0)+Gecko/20100101+Firefox/48.0 http://localhost/db_selector/ 404 0 2 0
2016-08-12 22:36:18 ::1 GET /db_selector/ - 80 LAPTOP\stephanie ::1 Mozilla/5.0+(Windows+NT+6.3;+WOW64;+rv:48.0)+Gecko/20100101+Firefox/48.0 - 200 0 0 0
2016-08-12 22:36:18 ::1 GET /images/edit.jpg - 80 LAPTOP\stephanie ::1 Mozilla/5.0+(Windows+NT+6.3;+WOW64;+rv:48.0)+Gecko/20100101+Firefox/48.0 http://localhost/db_selector/ 404 0 2 0
2016-08-12 22:36:18 ::1 GET /images/edit.jpg - 80 LAPTOP\stephanie ::1 Mozilla/5.0+(Windows+NT+6.3;+WOW64;+rv:48.0)+Gecko/20100101+Firefox/48.0 http://localhost/db_selector/ 404 0 2 0
2016-08-12 22:36:26 ::1 GET /db_selector/ - 80 LAPTOP\stephanie ::1 Mozilla/5.0+(Windows+NT+6.3;+WOW64;+rv:48.0)+Gecko/20100101+Firefox/48.0 - 200 0 0 15
2016-08-12 22:36:35 ::1 GET /images/edit.jpg - 80 LAPTOP\stephanie ::1 Mozilla/5.0+(Windows+NT+6.3;+WOW64;+rv:48.0)+Gecko/20100101+Firefox/48.0 http://localhost/db_selector/ 404 0 2 0
2016-08-12 22:37:31 ::1 GET /index.php - 80 - ::1 Mozilla/5.0+(Windows+NT+6.3;+WOW64;+rv:48.0)+Gecko/20100101+Firefox/48.0 - 401 2 5 31
2016-08-12 22:37:41 ::1 GET /index.php - 80 LAPTOP\stephanie ::1 Mozilla/5.0+(Windows+NT+6.3;+WOW64;+rv:48.0)+Gecko/20100101+Firefox/48.0 - 302 0 0 46
2016-08-12 22:37:41 ::1 GET /db_selector/ - 80 LAPTOP\stephanie ::1 Mozilla/5.0+(Windows+NT+6.3;+WOW64;+rv:48.0)+Gecko/20100101+Firefox/48.0 - 200 0 0 15
2016-08-12 22:37:41 ::1 GET /images/edit.jpg - 80 LAPTOP\stephanie ::1 Mozilla/5.0+(Windows+NT+6.3;+WOW64;+rv:48.0)+Gecko/20100101+Firefox/48.0 http://localhost/db_selector/ 404 0 2 0
2016-08-12 22:37:41 ::1 GET /images/edit.jpg - 80 LAPTOP\stephanie ::1 Mozilla/5.0+(Windows+NT+6.3;+WOW64;+rv:48.0)+Gecko/20100101+Firefox/48.0 http://localhost/db_selector/ 404 0 2 0
2016-08-12 22:37:41 ::1 GET /favicon.ico - 80 LAPTOP\stephanie ::1 Mozilla/5.0+(Windows+NT+6.3;+WOW64;+rv:48.0)+Gecko/20100101+Firefox/48.0 - 404 0 2 0
2016-08-12 22:37:41 ::1 GET /favicon.ico - 80 LAPTOP\stephanie ::1 Mozilla/5.0+(Windows+NT+6.3;+WOW64;+rv:48.0)+Gecko/20100101+Firefox/48.0 - 404 0 2 0
2016-08-12 22:38:39 ::1 GET /db_selector/ - 80 LAPTOP\stephanie ::1 Mozilla/5.0+(Windows+NT+6.3;+WOW64;+rv:48.0)+Gecko/20100101+Firefox/48.0 - 200 0 0 31
2016-08-12 22:38:39 ::1 GET /images/edit.jpg - 80 LAPTOP\stephanie ::1 Mozilla/5.0+(Windows+NT+6.3;+WOW64;+rv:48.0)+Gecko/20100101+Firefox/48.0 http://localhost/db_selector/ 404 0 2 0
2016-08-12 22:38:39 ::1 GET /images/edit.jpg - 80 LAPTOP\stephanie ::1 Mozilla/5.0+(Windows+NT+6.3;+WOW64;+rv:48.0)+Gecko/20100101+Firefox/48.0 http://localhost/db_selector/ 404 0 2 78
2016-08-12 22:39:21 ::1 GET / - 80 - ::1 Mozilla/5.0+(Windows+NT+6.3;+WOW64;+rv:48.0)+Gecko/20100101+Firefox/48.0 - 401 2 5 140
2016-08-12 22:39:22 ::1 GET / - 80 LAPTOP\stephanie ::1 Mozilla/5.0+(Windows+NT+6.3;+WOW64;+rv:48.0)+Gecko/20100101+Firefox/48.0 - 302 0 0 124
2016-08-12 22:39:22 ::1 GET /db_selector/ - 80 - ::1 Mozilla/5.0+(Windows+NT+6.3;+WOW64;+rv:48.0)+Gecko/20100101+Firefox/48.0 - 401 2 5 15
2016-08-12 22:39:22 ::1 GET /db_selector/ - 80 LAPTOP\stephanie ::1 Mozilla/5.0+(Windows+NT+6.3;+WOW64;+rv:48.0)+Gecko/20100101+Firefox/48.0 - 200 0 0 15
2016-08-12 22:39:22 ::1 GET /images/edit.jpg - 80 LAPTOP\stephanie ::1 Mozilla/5.0+(Windows+NT+6.3;+WOW64;+rv:48.0)+Gecko/20100101+Firefox/48.0 http://localhost/db_selector/ 404 0 2 0
2016-08-12 22:39:22 ::1 GET /images/edit.jpg - 80 LAPTOP\stephanie ::1 Mozilla/5.0+(Windows+NT+6.3;+WOW64;+rv:48.0)+Gecko/20100101+Firefox/48.0 http://localhost/db_selector/ 404 0 2 31
2016-08-12 22:39:22 ::1 GET /favicon.ico - 80 LAPTOP\stephanie ::1 Mozilla/5.0+(Windows+NT+6.3;+WOW64;+rv:48.0)+Gecko/20100101+Firefox/48.0 - 404 0 2 15
2016-08-12 22:39:22 ::1 GET /favicon.ico - 80 LAPTOP\stephanie ::1 Mozilla/5.0+(Windows+NT+6.3;+WOW64;+rv:48.0)+Gecko/20100101+Firefox/48.0 - 404 0 2 0
2016-08-12 22:40:22 ::1 GET /db_selector/ - 80 LAPTOP\stephanie ::1 Mozilla/5.0+(Windows+NT+6.3;+WOW64;+rv:48.0)+Gecko/20100101+Firefox/48.0 - 200 0 0 15
2016-08-12 22:40:22 ::1 GET /images/edit.jpg - 80 LAPTOP\stephanie ::1 Mozilla/5.0+(Windows+NT+6.3;+WOW64;+rv:48.0)+Gecko/20100101+Firefox/48.0 http://localhost/db_selector/ 404 0 2 15
2016-08-12 22:40:22 ::1 GET /images/edit.jpg - 80 LAPTOP\stephanie ::1 Mozilla/5.0+(Windows+NT+6.3;+WOW64;+rv:48.0)+Gecko/20100101+Firefox/48.0 http://localhost/db_selector/ 404 0 2 0
2016-08-12 22:41:29 ::1 GET /db_selector/ - 80 LAPTOP\stephanie ::1 Mozilla/5.0+(Windows+NT+6.3;+WOW64;+rv:48.0)+Gecko/20100101+Firefox/48.0 - 200 0 0 0
2016-08-12 22:41:29 ::1 GET /images/edit.jpg - 80 LAPTOP\stephanie ::1 Mozilla/5.0+(Windows+NT+6.3;+WOW64;+rv:48.0)+Gecko/20100101+Firefox/48.0 http://localhost/db_selector/ 404 0 2 31
2016-08-12 22:41:42 ::1 GET /db_selector/ - 80 LAPTOP\stephanie ::1 Mozilla/5.0+(Windows+NT+6.3;+WOW64;+rv:48.0)+Gecko/20100101+Firefox/48.0 - 200 0 0 0
2016-08-12 22:41:42 ::1 GET /images/edit.jpg - 80 LAPTOP\stephanie ::1 Mozilla/5.0+(Windows+NT+6.3;+WOW64;+rv:48.0)+Gecko/20100101+Firefox/48.0 http://localhost/db_selector/ 404 0 2 15
2016-08-12 22:41:42 ::1 GET /images/edit.jpg - 80 LAPTOP\stephanie ::1 Mozilla/5.0+(Windows+NT+6.3;+WOW64;+rv:48.0)+Gecko/20100101+Firefox/48.0 http://localhost/db_selector/ 404 0 2 0
2016-08-12 22:42:16 ::1 GET /db_selector/ - 80 LAPTOP\stephanie ::1 Mozilla/5.0+(Windows+NT+6.3;+WOW64;+rv:48.0)+Gecko/20100101+Firefox/48.0 - 200 0 0 15
2016-08-12 22:42:16 ::1 GET /images/edit.jpg - 80 LAPTOP\stephanie ::1 Mozilla/5.0+(Windows+NT+6.3;+WOW64;+rv:48.0)+Gecko/20100101+Firefox/48.0 http://localhost/db_selector/ 404 0 2 46
2016-08-12 22:42:16 ::1 GET /images/edit.jpg - 80 LAPTOP\stephanie ::1 Mozilla/5.0+(Windows+NT+6.3;+WOW64;+rv:48.0)+Gecko/20100101+Firefox/48.0 http://localhost/db_selector/ 404 0 2 46
2016-08-12 22:43:27 ::1 GET /index.php - 80 - ::1 Mozilla/5.0+(Windows+NT+6.3;+WOW64;+Trident/7.0;+rv:11.0)+like+Gecko - 401 2 5 0
2016-08-12 22:43:27 ::1 GET /index.php - 80 MicrosoftAccount\stephanie@hawkbane.net ::1 Mozilla/5.0+(Windows+NT+6.3;+WOW64;+Trident/7.0;+rv:11.0)+like+Gecko - 302 0 0 15
2016-08-12 22:43:27 ::1 GET /db_selector/ - 80 MicrosoftAccount\stephanie@hawkbane.net ::1 Mozilla/5.0+(Windows+NT+6.3;+WOW64;+Trident/7.0;+rv:11.0)+like+Gecko - 200 0 0 0
2016-08-12 22:43:27 ::1 GET /images/edit.jpg - 80 MicrosoftAccount\stephanie@hawkbane.net ::1 Mozilla/5.0+(Windows+NT+6.3;+WOW64;+Trident/7.0;+rv:11.0)+like+Gecko http://localhost/db_selector/ 404 0 2 15
2016-08-12 22:43:27 ::1 GET /db_selector/js/javascript.js - 80 MicrosoftAccount\stephanie@hawkbane.net ::1 Mozilla/5.0+(Windows+NT+6.3;+WOW64;+Trident/7.0;+rv:11.0)+like+Gecko http://localhost/db_selector/ 200 0 0 62
2016-08-12 22:43:27 ::1 GET /js/jquery.showMessage.js - 80 MicrosoftAccount\stephanie@hawkbane.net ::1 Mozilla/5.0+(Windows+NT+6.3;+WOW64;+Trident/7.0;+rv:11.0)+like+Gecko http://localhost/db_selector/ 200 0 0 109
2016-08-12 22:43:27 ::1 GET /js/jquery.cookie.js - 80 MicrosoftAccount\stephanie@hawkbane.net ::1 Mozilla/5.0+(Windows+NT+6.3;+WOW64;+Trident/7.0;+rv:11.0)+like+Gecko http://localhost/db_selector/ 200 0 0 109
2016-08-12 22:43:27 ::1 GET /db_selector/css/stylesheet.css - 80 MicrosoftAccount\stephanie@hawkbane.net ::1 Mozilla/5.0+(Windows+NT+6.3;+WOW64;+Trident/7.0;+rv:11.0)+like+Gecko http://localhost/db_selector/ 200 0 0 203
2016-08-12 22:43:27 ::1 GET /js/jquery.form.js - 80 MicrosoftAccount\stephanie@hawkbane.net ::1 Mozilla/5.0+(Windows+NT+6.3;+WOW64;+Trident/7.0;+rv:11.0)+like+Gecko http://localhost/db_selector/ 200 0 0 297
2016-08-12 22:43:27 ::1 GET /favicon.ico - 80 MicrosoftAccount\stephanie@hawkbane.net ::1 Mozilla/5.0+(Windows+NT+6.3;+WOW64;+Trident/7.0;+rv:11.0)+like+Gecko - 404 0 2 15
2016-08-12 22:43:58 ::1 GET /index.php - 80 - ::1 Mozilla/5.0+(Windows+NT+6.3;+WOW64;+rv:48.0)+Gecko/20100101+Firefox/48.0 - 401 2 5 62
2016-08-12 22:44:02 ::1 GET /index.php - 80 LAPTOP\stephanie ::1 Mozilla/5.0+(Windows+NT+6.3;+WOW64;+rv:48.0)+Gecko/20100101+Firefox/48.0 - 302 0 0 0
2016-08-12 22:44:02 ::1 GET /db_selector/ - 80 LAPTOP\stephanie ::1 Mozilla/5.0+(Windows+NT+6.3;+WOW64;+rv:48.0)+Gecko/20100101+Firefox/48.0 - 200 0 0 156
2016-08-12 22:44:02 ::1 GET /images/edit.jpg - 80 LAPTOP\stephanie ::1 Mozilla/5.0+(Windows+NT+6.3;+WOW64;+rv:48.0)+Gecko/20100101+Firefox/48.0 http://localhost/db_selector/ 404 0 2 0
2016-08-12 22:44:02 ::1 GET /images/edit.jpg - 80 LAPTOP\stephanie ::1 Mozilla/5.0+(Windows+NT+6.3;+WOW64;+rv:48.0)+Gecko/20100101+Firefox/48.0 http://localhost/db_selector/ 404 0 2 0
2016-08-12 22:44:02 ::1 GET /favicon.ico - 80 LAPTOP\stephanie ::1 Mozilla/5.0+(Windows+NT+6.3;+WOW64;+rv:48.0)+Gecko/20100101+Firefox/48.0 - 404 0 2 0
2016-08-12 22:44:02 ::1 GET /favicon.ico - 80 LAPTOP\stephanie ::1 Mozilla/5.0+(Windows+NT+6.3;+WOW64;+rv:48.0)+Gecko/20100101+Firefox/48.0 - 404 0 2 0
2016-08-12 22:44:26 ::1 GET /index.php - 80 - ::1 Mozilla/5.0+(Windows+NT+6.3;+WOW64;+Trident/7.0;+rv:11.0)+like+Gecko - 401 2 5 31
2016-08-12 22:44:26 ::1 GET /index.php - 80 MicrosoftAccount\stephanie@hawkbane.net ::1 Mozilla/5.0+(Windows+NT+6.3;+WOW64;+Trident/7.0;+rv:11.0)+like+Gecko - 302 0 0 15
2016-08-12 22:44:26 ::1 GET /db_selector/ - 80 MicrosoftAccount\stephanie@hawkbane.net ::1 Mozilla/5.0+(Windows+NT+6.3;+WOW64;+Trident/7.0;+rv:11.0)+like+Gecko - 200 0 0 15
2016-08-12 22:44:26 ::1 GET /images/edit.jpg - 80 MicrosoftAccount\stephanie@hawkbane.net ::1 Mozilla/5.0+(Windows+NT+6.3;+WOW64;+Trident/7.0;+rv:11.0)+like+Gecko http://localhost/db_selector/ 404 0 2 109
2016-08-12 22:44:26 ::1 GET /db_selector/css/stylesheet.css - 80 MicrosoftAccount\stephanie@hawkbane.net ::1 Mozilla/5.0+(Windows+NT+6.3;+WOW64;+Trident/7.0;+rv:11.0)+like+Gecko http://localhost/db_selector/ 200 0 0 156
2016-08-12 22:44:26 ::1 GET /db_selector/js/javascript.js - 80 MicrosoftAccount\stephanie@hawkbane.net ::1 Mozilla/5.0+(Windows+NT+6.3;+WOW64;+Trident/7.0;+rv:11.0)+like+Gecko http://localhost/db_selector/ 200 0 0 203
2016-08-12 22:44:26 ::1 GET /js/jquery.showMessage.js - 80 MicrosoftAccount\stephanie@hawkbane.net ::1 Mozilla/5.0+(Windows+NT+6.3;+WOW64;+Trident/7.0;+rv:11.0)+like+Gecko http://localhost/db_selector/ 200 0 0 296
2016-08-12 22:44:26 ::1 GET /js/jquery.cookie.js - 80 MicrosoftAccount\stephanie@hawkbane.net ::1 Mozilla/5.0+(Windows+NT+6.3;+WOW64;+Trident/7.0;+rv:11.0)+like+Gecko http://localhost/db_selector/ 200 0 0 296
2016-08-12 22:44:26 ::1 GET /js/jquery.form.js - 80 MicrosoftAccount\stephanie@hawkbane.net ::1 Mozilla/5.0+(Windows+NT+6.3;+WOW64;+Trident/7.0;+rv:11.0)+like+Gecko http://localhost/db_selector/ 200 0 0 296
2016-08-12 22:44:26 ::1 GET /favicon.ico - 80 MicrosoftAccount\stephanie@hawkbane.net ::1 Mozilla/5.0+(Windows+NT+6.3;+WOW64;+Trident/7.0;+rv:11.0)+like+Gecko - 404 0 2 15
2016-08-12 22:45:39 ::1 GET /index.php - 80 - ::1 Mozilla/5.0+(Windows+NT+6.3;+WOW64)+AppleWebKit/537.36+(KHTML,+like+Gecko)+Chrome/52.0.2743.116+Safari/537.36 - 401 2 5 0
2016-08-12 22:45:39 ::1 GET /index.php - 80 MicrosoftAccount\stephanie@hawkbane.net ::1 Mozilla/5.0+(Windows+NT+6.3;+WOW64)+AppleWebKit/537.36+(KHTML,+like+Gecko)+Chrome/52.0.2743.116+Safari/537.36 - 302 0 0 3
2016-08-12 22:45:39 ::1 GET /db_selector/ - 80 MicrosoftAccount\stephanie@hawkbane.net ::1 Mozilla/5.0+(Windows+NT+6.3;+WOW64)+AppleWebKit/537.36+(KHTML,+like+Gecko)+Chrome/52.0.2743.116+Safari/537.36 - 200 0 0 15
2016-08-12 22:45:39 ::1 GET /js/jquery.form.js - 80 - ::1 Mozilla/5.0+(Windows+NT+6.3;+WOW64)+AppleWebKit/537.36+(KHTML,+like+Gecko)+Chrome/52.0.2743.116+Safari/537.36 http://localhost/db_selector/ 401 2 5 4
2016-08-12 22:45:39 ::1 GET /js/jquery.cookie.js - 80 - ::1 Mozilla/5.0+(Windows+NT+6.3;+WOW64)+AppleWebKit/537.36+(KHTML,+like+Gecko)+Chrome/52.0.2743.116+Safari/537.36 http://localhost/db_selector/ 401 2 5 8
2016-08-12 22:45:39 ::1 GET /db_selector/css/stylesheet.css - 80 MicrosoftAccount\stephanie@hawkbane.net ::1 Mozilla/5.0+(Windows+NT+6.3;+WOW64)+AppleWebKit/537.36+(KHTML,+like+Gecko)+Chrome/52.0.2743.116+Safari/537.36 http://localhost/db_selector/ 200 0 0 100
2016-08-12 22:45:39 ::1 GET /db_selector/js/javascript.js - 80 - ::1 Mozilla/5.0+(Windows+NT+6.3;+WOW64)+AppleWebKit/537.36+(KHTML,+like+Gecko)+Chrome/52.0.2743.116+Safari/537.36 http://localhost/db_selector/ 401 2 5 88
2016-08-12 22:45:39 ::1 GET /js/jquery.cookie.js - 80 MicrosoftAccount\stephanie@hawkbane.net ::1 Mozilla/5.0+(Windows+NT+6.3;+WOW64)+AppleWebKit/537.36+(KHTML,+like+Gecko)+Chrome/52.0.2743.116+Safari/537.36 http://localhost/db_selector/ 200 0 0 200
2016-08-12 22:45:39 ::1 GET /js/jquery.showMessage.js - 80 - ::1 Mozilla/5.0+(Windows+NT+6.3;+WOW64)+AppleWebKit/537.36+(KHTML,+like+Gecko)+Chrome/52.0.2743.116+Safari/537.36 http://localhost/db_selector/ 401 2 5 88
2016-08-12 22:45:39 ::1 GET /images/edit.jpg - 80 - ::1 Mozilla/5.0+(Windows+NT+6.3;+WOW64)+AppleWebKit/537.36+(KHTML,+like+Gecko)+Chrome/52.0.2743.116+Safari/537.36 http://localhost/db_selector/ 401 2 5 88
2016-08-12 22:45:39 ::1 GET /js/jquery.form.js - 80 MicrosoftAccount\stephanie@hawkbane.net ::1 Mozilla/5.0+(Windows+NT+6.3;+WOW64)+AppleWebKit/537.36+(KHTML,+like+Gecko)+Chrome/52.0.2743.116+Safari/537.36 http://localhost/db_selector/ 200 0 0 212
2016-08-12 22:45:39 ::1 GET /images/edit.jpg - 80 MicrosoftAccount\stephanie@hawkbane.net ::1 Mozilla/5.0+(Windows+NT+6.3;+WOW64)+AppleWebKit/537.36+(KHTML,+like+Gecko)+Chrome/52.0.2743.116+Safari/537.36 http://localhost/db_selector/ 404 0 2 3
2016-08-12 22:45:39 ::1 GET /db_selector/js/javascript.js - 80 MicrosoftAccount\stephanie@hawkbane.net ::1 Mozilla/5.0+(Windows+NT+6.3;+WOW64)+AppleWebKit/537.36+(KHTML,+like+Gecko)+Chrome/52.0.2743.116+Safari/537.36 http://localhost/db_selector/ 200 0 0 39
2016-08-12 22:45:39 ::1 GET /js/jquery.showMessage.js - 80 MicrosoftAccount\stephanie@hawkbane.net ::1 Mozilla/5.0+(Windows+NT+6.3;+WOW64)+AppleWebKit/537.36+(KHTML,+like+Gecko)+Chrome/52.0.2743.116+Safari/537.36 http://localhost/db_selector/ 200 0 0 43
2016-08-12 22:45:41 ::1 GET /images/edit.jpg - 80 MicrosoftAccount\stephanie@hawkbane.net ::1 Mozilla/5.0+(Windows+NT+6.3;+WOW64)+AppleWebKit/537.36+(KHTML,+like+Gecko)+Chrome/52.0.2743.116+Safari/537.36 http://localhost/db_selector/ 404 0 2 3
2016-08-12 22:45:41 ::1 GET /favicon.ico - 80 MicrosoftAccount\stephanie@hawkbane.net ::1 Mozilla/5.0+(Windows+NT+6.3;+WOW64)+AppleWebKit/537.36+(KHTML,+like+Gecko)+Chrome/52.0.2743.116+Safari/537.36 http://localhost/db_selector/ 404 0 2 3
2016-08-12 22:46:33 ::1 GET /index.php - 80 - ::1 Mozilla/5.0+(Windows+NT+6.3;+WOW64)+AppleWebKit/537.36+(KHTML,+like+Gecko)+Chrome/52.0.2743.116+Safari/537.36 - 401 2 5 1
2016-08-12 22:46:33 ::1 GET /index.php - 80 MicrosoftAccount\stephanie@hawkbane.net ::1 Mozilla/5.0+(Windows+NT+6.3;+WOW64)+AppleWebKit/537.36+(KHTML,+like+Gecko)+Chrome/52.0.2743.116+Safari/537.36 - 302 0 0 4
2016-08-12 22:46:33 ::1 GET /db_selector/ - 80 MicrosoftAccount\stephanie@hawkbane.net ::1 Mozilla/5.0+(Windows+NT+6.3;+WOW64)+AppleWebKit/537.36+(KHTML,+like+Gecko)+Chrome/52.0.2743.116+Safari/537.36 - 200 0 0 7
2016-08-12 22:46:33 ::1 GET /images/edit.jpg - 80 MicrosoftAccount\stephanie@hawkbane.net ::1 Mozilla/5.0+(Windows+NT+6.3;+WOW64)+AppleWebKit/537.36+(KHTML,+like+Gecko)+Chrome/52.0.2743.116+Safari/537.36 http://localhost/db_selector/ 404 0 2 25
2016-08-12 22:46:33 ::1 GET /images/edit.jpg - 80 MicrosoftAccount\stephanie@hawkbane.net ::1 Mozilla/5.0+(Windows+NT+6.3;+WOW64)+AppleWebKit/537.36+(KHTML,+like+Gecko)+Chrome/52.0.2743.116+Safari/537.36 http://localhost/db_selector/ 404 0 2 1
2016-08-12 22:46:33 ::1 GET /favicon.ico - 80 MicrosoftAccount\stephanie@hawkbane.net ::1 Mozilla/5.0+(Windows+NT+6.3;+WOW64)+AppleWebKit/537.36+(KHTML,+like+Gecko)+Chrome/52.0.2743.116+Safari/537.36 http://localhost/db_selector/ 404 0 2 0
2016-08-12 22:51:07 ::1 GET /index.php - 80 - ::1 Mozilla/5.0+(Windows+NT+6.3;+WOW64)+AppleWebKit/537.36+(KHTML,+like+Gecko)+Chrome/52.0.2743.116+Safari/537.36 - 401 2 5 3
2016-08-12 22:51:49 ::1 GET /index.php - 80 - ::1 Mozilla/5.0+(Windows+NT+6.3;+WOW64)+AppleWebKit/537.36+(KHTML,+like+Gecko)+Chrome/52.0.2743.116+Safari/537.36 - 401 1 3221225581 44
2016-08-12 22:51:55 ::1 GET /index.php - 80 - ::1 Mozilla/5.0+(Windows+NT+6.3;+WOW64)+AppleWebKit/537.36+(KHTML,+like+Gecko)+Chrome/52.0.2743.116+Safari/537.36 - 401 1 3221225581 0
2016-08-12 22:51:59 ::1 GET /favicon.ico - 80 - ::1 Mozilla/5.0+(Windows+NT+6.3;+WOW64)+AppleWebKit/537.36+(KHTML,+like+Gecko)+Chrome/52.0.2743.116+Safari/537.36 http://localhost.localdomain/index.php 401 2 5 4
2016-08-12 22:56:51 ::1 GET /db_selector/ - 80 MicrosoftAccount\stephanie@hawkbane.net ::1 Mozilla/5.0+(Windows+NT+6.3;+WOW64;+Trident/7.0;+rv:11.0)+like+Gecko - 200 0 0 15
2016-08-12 22:56:51 ::1 GET /images/edit.jpg - 80 MicrosoftAccount\stephanie@hawkbane.net ::1 Mozilla/5.0+(Windows+NT+6.3;+WOW64;+Trident/7.0;+rv:11.0)+like+Gecko http://localhost/db_selector/ 404 0 2 0
2016-08-12 22:56:51 ::1 GET /favicon.ico - 80 MicrosoftAccount\stephanie@hawkbane.net ::1 Mozilla/5.0+(Windows+NT+6.3;+WOW64;+Trident/7.0;+rv:11.0)+like+Gecko - 404 0 2 15
2016-08-12 22:56:54 ::1 POST /db_selector/dependencies/post-selectDB.php - 80 MicrosoftAccount\stephanie@hawkbane.net ::1 Mozilla/5.0+(Windows+NT+6.3;+WOW64;+Trident/7.0;+rv:11.0)+like+Gecko http://localhost/db_selector/ 200 0 0 31
2016-08-12 22:56:54 ::1 GET / - 80 MicrosoftAccount\stephanie@hawkbane.net ::1 Mozilla/5.0+(Windows+NT+6.3;+WOW64;+Trident/7.0;+rv:11.0)+like+Gecko http://localhost/db_selector/ 302 0 0 0
2016-08-12 22:56:54 ::1 GET /db_selector/ - 80 MicrosoftAccount\stephanie@hawkbane.net ::1 Mozilla/5.0+(Windows+NT+6.3;+WOW64;+Trident/7.0;+rv:11.0)+like+Gecko http://localhost/db_selector/ 200 0 0 31
2016-08-12 22:56:54 ::1 GET /images/edit.jpg - 80 MicrosoftAccount\stephanie@hawkbane.net ::1 Mozilla/5.0+(Windows+NT+6.3;+WOW64;+Trident/7.0;+rv:11.0)+like+Gecko http://localhost/db_selector/ 404 0 2 0
2016-08-12 22:58:14 ::1 GET /index.php - 80 - ::1 Mozilla/5.0+(Windows+NT+6.3;+WOW64;+rv:48.0)+Gecko/20100101+Firefox/48.0 - 401 2 5 15
2016-08-12 22:58:16 ::1 GET /index.php - 80 LAPTOP\stephanie ::1 Mozilla/5.0+(Windows+NT+6.3;+WOW64;+rv:48.0)+Gecko/20100101+Firefox/48.0 - 302 0 0 0
2016-08-12 22:58:16 ::1 GET /db_selector/ - 80 LAPTOP\stephanie ::1 Mozilla/5.0+(Windows+NT+6.3;+WOW64;+rv:48.0)+Gecko/20100101+Firefox/48.0 - 200 0 0 15
2016-08-12 22:58:16 ::1 GET /images/edit.jpg - 80 LAPTOP\stephanie ::1 Mozilla/5.0+(Windows+NT+6.3;+WOW64;+rv:48.0)+Gecko/20100101+Firefox/48.0 http://localhost/db_selector/ 404 0 2 0
2016-08-12 22:58:16 ::1 GET /images/edit.jpg - 80 LAPTOP\stephanie ::1 Mozilla/5.0+(Windows+NT+6.3;+WOW64;+rv:48.0)+Gecko/20100101+Firefox/48.0 http://localhost/db_selector/ 404 0 2 0
2016-08-12 22:58:16 ::1 GET /favicon.ico - 80 LAPTOP\stephanie ::1 Mozilla/5.0+(Windows+NT+6.3;+WOW64;+rv:48.0)+Gecko/20100101+Firefox/48.0 - 404 0 2 15
2016-08-12 22:58:58 ::1 GET /db_selector/ - 80 LAPTOP\stephanie ::1 Mozilla/5.0+(Windows+NT+6.3;+WOW64;+rv:48.0)+Gecko/20100101+Firefox/48.0 - 200 0 0 15
2016-08-12 22:59:22 ::1 GET /db_selector/ - 80 LAPTOP\stephanie ::1 Mozilla/5.0+(Windows+NT+6.3;+WOW64;+rv:48.0)+Gecko/20100101+Firefox/48.0 - 200 0 0 62
2016-08-12 22:59:40 ::1 GET /index.php - 80 - ::1 Mozilla/5.0+(Windows+NT+6.3;+WOW64;+rv:48.0)+Gecko/20100101+Firefox/48.0 - 401 2 5 15
2016-08-12 22:59:42 ::1 GET /index.php - 80 LAPTOP\stephanie ::1 Mozilla/5.0+(Windows+NT+6.3;+WOW64;+rv:48.0)+Gecko/20100101+Firefox/48.0 - 200 0 0 0
2016-08-12 22:59:42 ::1 GET /favicon.ico - 80 LAPTOP\stephanie ::1 Mozilla/5.0+(Windows+NT+6.3;+WOW64;+rv:48.0)+Gecko/20100101+Firefox/48.0 - 404 0 2 0
2016-08-12 22:59:50 ::1 GET /index.php - 80 LAPTOP\stephanie ::1 Mozilla/5.0+(Windows+NT+6.3;+WOW64;+rv:48.0)+Gecko/20100101+Firefox/48.0 - 200 0 0 15
#Software: Microsoft Internet Information Services 8.5
#Version: 1.0
#Date: 2016-08-12 23:00:36
#Fields: date time s-ip cs-method cs-uri-stem cs-uri-query s-port cs-username c-ip cs(User-Agent) cs(Referer) sc-status sc-substatus sc-win32-status time-taken
2016-08-12 23:00:36 ::1 GET /index.php - 80 LAPTOP\stephanie ::1 Mozilla/5.0+(Windows+NT+6.3;+WOW64;+rv:48.0)+Gecko/20100101+Firefox/48.0 - 200 0 0 15
2016-08-12 23:00:50 ::1 GET /index.php - 80 LAPTOP\stephanie ::1 Mozilla/5.0+(Windows+NT+6.3;+WOW64;+rv:48.0)+Gecko/20100101+Firefox/48.0 - 200 0 0 15
2016-08-12 23:00:51 ::1 GET /index.php - 80 LAPTOP\stephanie ::1 Mozilla/5.0+(Windows+NT+6.3;+WOW64;+rv:48.0)+Gecko/20100101+Firefox/48.0 - 200 0 0 0
2016-08-12 23:01:16 ::1 GET /index.php - 80 LAPTOP\stephanie ::1 Mozilla/5.0+(Windows+NT+6.3;+WOW64;+rv:48.0)+Gecko/20100101+Firefox/48.0 - 200 0 0 15
2016-08-12 23:01:53 ::1 GET /index.php - 80 LAPTOP\stephanie ::1 Mozilla/5.0+(Windows+NT+6.3;+WOW64;+rv:48.0)+Gecko/20100101+Firefox/48.0 - 200 0 0 15
2016-08-12 23:01:56 ::1 GET /index.php - 80 LAPTOP\stephanie ::1 Mozilla/5.0+(Windows+NT+6.3;+WOW64;+rv:48.0)+Gecko/20100101+Firefox/48.0 - 200 0 0 15
2016-08-12 23:01:58 ::1 GET /index.php - 80 LAPTOP\stephanie ::1 Mozilla/5.0+(Windows+NT+6.3;+WOW64;+rv:48.0)+Gecko/20100101+Firefox/48.0 - 200 0 0 15
2016-08-12 23:02:24 ::1 GET /index.php - 80 LAPTOP\stephanie ::1 Mozilla/5.0+(Windows+NT+6.3;+WOW64;+rv:48.0)+Gecko/20100101+Firefox/48.0 - 200 0 0 0
2016-08-12 23:03:39 ::1 GET /index.php - 80 LAPTOP\stephanie ::1 Mozilla/5.0+(Windows+NT+6.3;+WOW64;+rv:48.0)+Gecko/20100101+Firefox/48.0 - 302 0 0 0
2016-08-12 23:03:39 ::1 GET /db_selector/ - 80 LAPTOP\stephanie ::1 Mozilla/5.0+(Windows+NT+6.3;+WOW64;+rv:48.0)+Gecko/20100101+Firefox/48.0 - 200 0 0 15
2016-08-12 23:03:39 ::1 GET /images/edit.jpg - 80 LAPTOP\stephanie ::1 Mozilla/5.0+(Windows+NT+6.3;+WOW64;+rv:48.0)+Gecko/20100101+Firefox/48.0 http://localhost/db_selector/ 404 0 2 15
2016-08-12 23:03:39 ::1 GET /images/edit.jpg - 80 LAPTOP\stephanie ::1 Mozilla/5.0+(Windows+NT+6.3;+WOW64;+rv:48.0)+Gecko/20100101+Firefox/48.0 http://localhost/db_selector/ 404 0 2 15
2016-08-12 23:04:03 ::1 GET /db_selector/ - 80 LAPTOP\stephanie ::1 Mozilla/5.0+(Windows+NT+6.3;+WOW64;+rv:48.0)+Gecko/20100101+Firefox/48.0 - 200 0 0 62
2016-08-12 23:04:25 ::1 GET /index.php - 80 - ::1 Mozilla/5.0+(Windows+NT+6.3;+WOW64;+rv:48.0)+Gecko/20100101+Firefox/48.0 - 401 2 5 156
2016-08-12 23:04:26 ::1 GET /index.php - 80 LAPTOP\stephanie ::1 Mozilla/5.0+(Windows+NT+6.3;+WOW64;+rv:48.0)+Gecko/20100101+Firefox/48.0 - 200 0 0 15
2016-08-12 23:04:26 ::1 GET /favicon.ico - 80 LAPTOP\stephanie ::1 Mozilla/5.0+(Windows+NT+6.3;+WOW64;+rv:48.0)+Gecko/20100101+Firefox/48.0 - 404 0 2 0
2016-08-12 23:05:07 ::1 GET /index.php - 80 LAPTOP\stephanie ::1 Mozilla/5.0+(Windows+NT+6.3;+WOW64;+rv:48.0)+Gecko/20100101+Firefox/48.0 - 302 0 0 0
2016-08-12 23:05:07 ::1 GET /db_selector/ - 80 LAPTOP\stephanie ::1 Mozilla/5.0+(Windows+NT+6.3;+WOW64;+rv:48.0)+Gecko/20100101+Firefox/48.0 - 200 0 0 78
2016-08-12 23:05:07 ::1 GET /images/edit.jpg - 80 LAPTOP\stephanie ::1 Mozilla/5.0+(Windows+NT+6.3;+WOW64;+rv:48.0)+Gecko/20100101+Firefox/48.0 http://localhost/db_selector/ 404 0 2 0
2016-08-12 23:05:07 ::1 GET /images/edit.jpg - 80 LAPTOP\stephanie ::1 Mozilla/5.0+(Windows+NT+6.3;+WOW64;+rv:48.0)+Gecko/20100101+Firefox/48.0 http://localhost/db_selector/ 404 0 2 0
2016-08-12 23:05:26 ::1 GET / - 80 - ::1 Mozilla/5.0+(Windows+NT+6.3;+WOW64;+rv:48.0)+Gecko/20100101+Firefox/48.0 - 401 2 5 0
2016-08-12 23:05:30 ::1 GET / - 80 LAPTOP\stephanie ::1 Mozilla/5.0+(Windows+NT+6.3;+WOW64;+rv:48.0)+Gecko/20100101+Firefox/48.0 - 302 0 0 15
2016-08-12 23:05:30 ::1 GET /db_selector/ - 80 LAPTOP\stephanie ::1 Mozilla/5.0+(Windows+NT+6.3;+WOW64;+rv:48.0)+Gecko/20100101+Firefox/48.0 - 200 0 0 171
2016-08-12 23:05:30 ::1 GET /images/edit.jpg - 80 LAPTOP\stephanie ::1 Mozilla/5.0+(Windows+NT+6.3;+WOW64;+rv:48.0)+Gecko/20100101+Firefox/48.0 http://localhost/db_selector/ 404 0 2 31
2016-08-12 23:05:31 ::1 GET /favicon.ico - 80 LAPTOP\stephanie ::1 Mozilla/5.0+(Windows+NT+6.3;+WOW64;+rv:48.0)+Gecko/20100101+Firefox/48.0 - 404 0 2 0
2016-08-12 23:05:48 ::1 GET /db_selector/ - 80 LAPTOP\stephanie ::1 Mozilla/5.0+(Windows+NT+6.3;+WOW64;+rv:48.0)+Gecko/20100101+Firefox/48.0 - 200 0 0 46
2016-08-12 23:05:48 ::1 GET /images/edit.jpg - 80 LAPTOP\stephanie ::1 Mozilla/5.0+(Windows+NT+6.3;+WOW64;+rv:48.0)+Gecko/20100101+Firefox/48.0 http://localhost/db_selector/ 404 0 2 15
2016-08-12 23:06:00 ::1 GET / - 80 - ::1 Mozilla/5.0+(Windows+NT+6.3;+WOW64;+rv:48.0)+Gecko/20100101+Firefox/48.0 - 401 2 5 62
2016-08-12 23:06:01 ::1 GET / - 80 LAPTOP\stephanie ::1 Mozilla/5.0+(Windows+NT+6.3;+WOW64;+rv:48.0)+Gecko/20100101+Firefox/48.0 - 302 0 0 15
2016-08-12 23:06:01 ::1 GET /db_selector/ - 80 - ::1 Mozilla/5.0+(Windows+NT+6.3;+WOW64;+rv:48.0)+Gecko/20100101+Firefox/48.0 - 401 2 5 0
2016-08-12 23:06:01 ::1 GET /db_selector/ - 80 LAPTOP\stephanie ::1 Mozilla/5.0+(Windows+NT+6.3;+WOW64;+rv:48.0)+Gecko/20100101+Firefox/48.0 - 200 0 0 15
2016-08-12 23:06:01 ::1 GET /images/edit.jpg - 80 LAPTOP\stephanie ::1 Mozilla/5.0+(Windows+NT+6.3;+WOW64;+rv:48.0)+Gecko/20100101+Firefox/48.0 http://localhost/db_selector/ 404 0 2 15
2016-08-12 23:06:01 ::1 GET /images/edit.jpg - 80 LAPTOP\stephanie ::1 Mozilla/5.0+(Windows+NT+6.3;+WOW64;+rv:48.0)+Gecko/20100101+Firefox/48.0 http://localhost/db_selector/ 404 0 2 15
2016-08-12 23:06:01 ::1 GET /favicon.ico - 80 LAPTOP\stephanie ::1 Mozilla/5.0+(Windows+NT+6.3;+WOW64;+rv:48.0)+Gecko/20100101+Firefox/48.0 - 404 0 2 15
2016-08-12 23:06:24 ::1 GET /index.php - 80 - ::1 Mozilla/5.0+(Windows+NT+6.3;+WOW64;+rv:48.0)+Gecko/20100101+Firefox/48.0 - 401 2 5 15
2016-08-12 23:06:26 ::1 GET /index.php - 80 LAPTOP\stephanie ::1 Mozilla/5.0+(Windows+NT+6.3;+WOW64;+rv:48.0)+Gecko/20100101+Firefox/48.0 - 200 0 0 15
2016-08-12 23:06:26 ::1 GET /favicon.ico - 80 LAPTOP\stephanie ::1 Mozilla/5.0+(Windows+NT+6.3;+WOW64;+rv:48.0)+Gecko/20100101+Firefox/48.0 - 404 0 2 15
2016-08-12 23:06:41 ::1 GET /index.php - 80 LAPTOP\stephanie ::1 Mozilla/5.0+(Windows+NT+6.3;+WOW64;+rv:48.0)+Gecko/20100101+Firefox/48.0 - 200 0 0 15
2016-08-12 23:06:43 ::1 GET /index.php - 80 LAPTOP\stephanie ::1 Mozilla/5.0+(Windows+NT+6.3;+WOW64;+rv:48.0)+Gecko/20100101+Firefox/48.0 - 200 0 0 0
2016-08-12 23:06:48 ::1 GET /index.php - 80 LAPTOP\stephanie ::1 Mozilla/5.0+(Windows+NT+6.3;+WOW64;+rv:48.0)+Gecko/20100101+Firefox/48.0 - 200 0 0 15
2016-08-12 23:07:35 ::1 GET /index.php - 80 LAPTOP\stephanie ::1 Mozilla/5.0+(Windows+NT+6.3;+WOW64;+rv:48.0)+Gecko/20100101+Firefox/48.0 - 302 0 0 0
2016-08-12 23:07:35 ::1 GET /db_selector/ - 80 LAPTOP\stephanie ::1 Mozilla/5.0+(Windows+NT+6.3;+WOW64;+rv:48.0)+Gecko/20100101+Firefox/48.0 - 200 0 0 62
2016-08-12 23:07:35 ::1 GET /images/edit.jpg - 80 LAPTOP\stephanie ::1 Mozilla/5.0+(Windows+NT+6.3;+WOW64;+rv:48.0)+Gecko/20100101+Firefox/48.0 http://localhost/db_selector/ 404 0 2 0
2016-08-12 23:07:35 ::1 GET /images/edit.jpg - 80 LAPTOP\stephanie ::1 Mozilla/5.0+(Windows+NT+6.3;+WOW64;+rv:48.0)+Gecko/20100101+Firefox/48.0 http://localhost/db_selector/ 404 0 2 15
2016-08-12 23:07:38 ::1 GET /db_selector/ - 80 LAPTOP\stephanie ::1 Mozilla/5.0+(Windows+NT+6.3;+WOW64;+rv:48.0)+Gecko/20100101+Firefox/48.0 - 200 0 0 0
2016-08-12 23:07:38 ::1 GET /images/edit.jpg - 80 LAPTOP\stephanie ::1 Mozilla/5.0+(Windows+NT+6.3;+WOW64;+rv:48.0)+Gecko/20100101+Firefox/48.0 http://localhost/db_selector/ 404 0 2 46
2016-08-12 23:07:56 ::1 GET / - 80 - ::1 Mozilla/5.0+(Windows+NT+6.3;+WOW64;+rv:48.0)+Gecko/20100101+Firefox/48.0 - 401 2 5 46
2016-08-12 23:07:57 ::1 GET / - 80 LAPTOP\stephanie ::1 Mozilla/5.0+(Windows+NT+6.3;+WOW64;+rv:48.0)+Gecko/20100101+Firefox/48.0 - 302 0 0 15
2016-08-12 23:07:57 ::1 GET /db_selector/ - 80 - ::1 Mozilla/5.0+(Windows+NT+6.3;+WOW64;+rv:48.0)+Gecko/20100101+Firefox/48.0 - 401 2 5 187
2016-08-12 23:07:57 ::1 GET /db_selector/ - 80 LAPTOP\stephanie ::1 Mozilla/5.0+(Windows+NT+6.3;+WOW64;+rv:48.0)+Gecko/20100101+Firefox/48.0 - 200 0 0 31
2016-08-12 23:07:57 ::1 GET /images/edit.jpg - 80 LAPTOP\stephanie ::1 Mozilla/5.0+(Windows+NT+6.3;+WOW64;+rv:48.0)+Gecko/20100101+Firefox/48.0 http://localhost/db_selector/ 404 0 2 31
2016-08-12 23:07:57 ::1 GET /images/edit.jpg - 80 LAPTOP\stephanie ::1 Mozilla/5.0+(Windows+NT+6.3;+WOW64;+rv:48.0)+Gecko/20100101+Firefox/48.0 http://localhost/db_selector/ 404 0 2 0
2016-08-12 23:07:57 ::1 GET /favicon.ico - 80 LAPTOP\stephanie ::1 Mozilla/5.0+(Windows+NT+6.3;+WOW64;+rv:48.0)+Gecko/20100101+Firefox/48.0 - 404 0 2 46
2016-08-12 23:08:25 ::1 GET / - 80 - ::1 Mozilla/5.0+(Windows+NT+6.3;+WOW64;+rv:48.0)+Gecko/20100101+Firefox/48.0 - 401 2 5 15
2016-08-12 23:08:27 ::1 GET / - 80 LAPTOP\stephanie ::1 Mozilla/5.0+(Windows+NT+6.3;+WOW64;+rv:48.0)+Gecko/20100101+Firefox/48.0 - 200 0 0 31
2016-08-12 23:08:27 ::1 GET /favicon.ico - 80 LAPTOP\stephanie ::1 Mozilla/5.0+(Windows+NT+6.3;+WOW64;+rv:48.0)+Gecko/20100101+Firefox/48.0 - 404 0 2 31
2016-08-12 23:09:13 ::1 GET / - 80 LAPTOP\stephanie ::1 Mozilla/5.0+(Windows+NT+6.3;+WOW64;+rv:48.0)+Gecko/20100101+Firefox/48.0 - 200 0 0 15
2016-08-12 23:09:59 ::1 GET / - 80 LAPTOP\stephanie ::1 Mozilla/5.0+(Windows+NT+6.3;+WOW64;+rv:48.0)+Gecko/20100101+Firefox/48.0 - 200 0 0 15
2016-08-12 23:10:25 ::1 GET / - 80 LAPTOP\stephanie ::1 Mozilla/5.0+(Windows+NT+6.3;+WOW64;+rv:48.0)+Gecko/20100101+Firefox/48.0 - 200 0 0 109
2016-08-12 23:11:10 ::1 GET / - 80 LAPTOP\stephanie ::1 Mozilla/5.0+(Windows+NT+6.3;+WOW64;+rv:48.0)+Gecko/20100101+Firefox/48.0 - 200 0 0 0
2016-08-12 23:11:44 ::1 GET / - 80 LAPTOP\stephanie ::1 Mozilla/5.0+(Windows+NT+6.3;+WOW64;+rv:48.0)+Gecko/20100101+Firefox/48.0 - 200 0 0 62
2016-08-12 23:12:17 ::1 GET / - 80 LAPTOP\stephanie ::1 Mozilla/5.0+(Windows+NT+6.3;+WOW64;+rv:48.0)+Gecko/20100101+Firefox/48.0 - 302 0 0 0
2016-08-12 23:12:17 ::1 GET /db_selector/ - 80 LAPTOP\stephanie ::1 Mozilla/5.0+(Windows+NT+6.3;+WOW64;+rv:48.0)+Gecko/20100101+Firefox/48.0 - 200 0 0 78
2016-08-12 23:12:17 ::1 GET /images/edit.jpg - 80 LAPTOP\stephanie ::1 Mozilla/5.0+(Windows+NT+6.3;+WOW64;+rv:48.0)+Gecko/20100101+Firefox/48.0 http://localhost/db_selector/ 404 0 2 0
2016-08-12 23:12:17 ::1 GET /images/edit.jpg - 80 LAPTOP\stephanie ::1 Mozilla/5.0+(Windows+NT+6.3;+WOW64;+rv:48.0)+Gecko/20100101+Firefox/48.0 http://localhost/db_selector/ 404 0 2 0
2016-08-12 23:13:39 ::1 GET /db_selector/ - 80 LAPTOP\stephanie ::1 Mozilla/5.0+(Windows+NT+6.3;+WOW64;+rv:48.0)+Gecko/20100101+Firefox/48.0 - 200 0 0 78
2016-08-12 23:13:39 ::1 GET /images/edit.jpg - 80 LAPTOP\stephanie ::1 Mozilla/5.0+(Windows+NT+6.3;+WOW64;+rv:48.0)+Gecko/20100101+Firefox/48.0 http://localhost/db_selector/ 404 0 2 31
2016-08-12 23:13:54 ::1 GET /db_selector/ - 80 - ::1 Mozilla/5.0+(Windows+NT+6.3;+WOW64;+rv:48.0)+Gecko/20100101+Firefox/48.0 - 401 2 5 203
2016-08-12 23:13:55 ::1 GET /db_selector/ - 80 LAPTOP\stephanie ::1 Mozilla/5.0+(Windows+NT+6.3;+WOW64;+rv:48.0)+Gecko/20100101+Firefox/48.0 - 200 0 0 15
2016-08-12 23:13:55 ::1 GET /images/edit.jpg - 80 LAPTOP\stephanie ::1 Mozilla/5.0+(Windows+NT+6.3;+WOW64;+rv:48.0)+Gecko/20100101+Firefox/48.0 http://localhost/db_selector/ 404 0 2 0
2016-08-12 23:13:55 ::1 GET /images/edit.jpg - 80 LAPTOP\stephanie ::1 Mozilla/5.0+(Windows+NT+6.3;+WOW64;+rv:48.0)+Gecko/20100101+Firefox/48.0 http://localhost/db_selector/ 404 0 2 15
2016-08-12 23:13:55 ::1 GET /favicon.ico - 80 LAPTOP\stephanie ::1 Mozilla/5.0+(Windows+NT+6.3;+WOW64;+rv:48.0)+Gecko/20100101+Firefox/48.0 - 404 0 2 31
2016-08-12 23:14:19 ::1 GET / - 80 LAPTOP\stephanie ::1 Mozilla/5.0+(Windows+NT+6.3;+WOW64;+rv:48.0)+Gecko/20100101+Firefox/48.0 - 200 0 0 62
2016-08-12 23:15:16 ::1 GET / - 80 LAPTOP\stephanie ::1 Mozilla/5.0+(Windows+NT+6.3;+WOW64;+rv:48.0)+Gecko/20100101+Firefox/48.0 - 200 0 0 31
2016-08-12 23:15:34 ::1 GET / - 80 LAPTOP\stephanie ::1 Mozilla/5.0+(Windows+NT+6.3;+WOW64;+rv:48.0)+Gecko/20100101+Firefox/48.0 - 302 0 0 46
2016-08-12 23:15:34 ::1 GET /db_selector/ - 80 LAPTOP\stephanie ::1 Mozilla/5.0+(Windows+NT+6.3;+WOW64;+rv:48.0)+Gecko/20100101+Firefox/48.0 - 200 0 0 62
2016-08-12 23:15:34 ::1 GET /images/edit.jpg - 80 LAPTOP\stephanie ::1 Mozilla/5.0+(Windows+NT+6.3;+WOW64;+rv:48.0)+Gecko/20100101+Firefox/48.0 http://localhost/db_selector/ 404 0 2 31
2016-08-12 23:17:37 ::1 GET /db_selector/ - 80 - ::1 Mozilla/5.0+(Windows+NT+6.3;+WOW64;+rv:48.0)+Gecko/20100101+Firefox/48.0 - 401 2 5 0
2016-08-12 23:17:37 ::1 GET /db_selector/ - 80 LAPTOP\stephanie ::1 Mozilla/5.0+(Windows+NT+6.3;+WOW64;+rv:48.0)+Gecko/20100101+Firefox/48.0 - 200 0 0 15
2016-08-12 23:17:37 ::1 GET /images/edit.jpg - 80 LAPTOP\stephanie ::1 Mozilla/5.0+(Windows+NT+6.3;+WOW64;+rv:48.0)+Gecko/20100101+Firefox/48.0 http://localhost/db_selector/ 404 0 2 31
2016-08-12 23:19:01 ::1 GET /db_selector/ - 80 LAPTOP\stephanie ::1 Mozilla/5.0+(Windows+NT+6.3;+WOW64;+rv:48.0)+Gecko/20100101+Firefox/48.0 - 200 0 0 171
2016-08-12 23:19:15 ::1 GET /db_selector/ - 80 LAPTOP\stephanie ::1 Mozilla/5.0+(Windows+NT+6.3;+WOW64;+rv:48.0)+Gecko/20100101+Firefox/48.0 - 200 0 0 62
2016-08-12 23:20:43 ::1 GET /db_selector/ - 80 LAPTOP\stephanie ::1 Mozilla/5.0+(Windows+NT+6.3;+WOW64;+rv:48.0)+Gecko/20100101+Firefox/48.0 - 200 0 0 31
2016-08-12 23:20:54 ::1 POST /db_selector/dependencies/post-selectDB.php - 80 LAPTOP\stephanie ::1 Mozilla/5.0+(Windows+NT+6.3;+WOW64;+rv:48.0)+Gecko/20100101+Firefox/48.0 http://localhost/db_selector/ 200 0 0 156
2016-08-12 23:20:54 ::1 GET / - 80 LAPTOP\stephanie ::1 Mozilla/5.0+(Windows+NT+6.3;+WOW64;+rv:48.0)+Gecko/20100101+Firefox/48.0 http://localhost/db_selector/ 302 0 0 15
2016-08-12 23:20:54 ::1 GET /db_selector/ - 80 LAPTOP\stephanie ::1 Mozilla/5.0+(Windows+NT+6.3;+WOW64;+rv:48.0)+Gecko/20100101+Firefox/48.0 http://localhost/db_selector/ 200 0 0 0
2016-08-12 23:21:21 fe80::1df3:92b0:d386:3f77%4 GET /index.php - 80 - fe80::1df3:92b0:d386:3f77%4 Mozilla/5.0+(Windows+NT+6.3;+WOW64;+rv:48.0)+Gecko/20100101+Firefox/48.0 - 401 2 5 0
2016-08-12 23:21:25 fe80::1df3:92b0:d386:3f77%4 GET /index.php - 80 LAPTOP\stephanie fe80::1df3:92b0:d386:3f77%4 Mozilla/5.0+(Windows+NT+6.3;+WOW64;+rv:48.0)+Gecko/20100101+Firefox/48.0 - 302 0 0 15
2016-08-12 23:21:25 fe80::1df3:92b0:d386:3f77%4 GET /db_selector/ - 80 LAPTOP\stephanie fe80::1df3:92b0:d386:3f77%4 Mozilla/5.0+(Windows+NT+6.3;+WOW64;+rv:48.0)+Gecko/20100101+Firefox/48.0 - 200 0 0 31
2016-08-12 23:21:25 fe80::1df3:92b0:d386:3f77%4 GET /db_selector/js/javascript.js - 80 - fe80::1df3:92b0:d386:3f77%4 Mozilla/5.0+(Windows+NT+6.3;+WOW64;+rv:48.0)+Gecko/20100101+Firefox/48.0 http://laptop/db_selector/ 401 2 5 0
2016-08-12 23:21:25 fe80::1df3:92b0:d386:3f77%4 GET /js/jquery.showMessage.js - 80 - fe80::1df3:92b0:d386:3f77%4 Mozilla/5.0+(Windows+NT+6.3;+WOW64;+rv:48.0)+Gecko/20100101+Firefox/48.0 http://laptop/db_selector/ 401 2 5 0
2016-08-12 23:21:25 fe80::1df3:92b0:d386:3f77%4 GET /js/jquery.cookie.js - 80 - fe80::1df3:92b0:d386:3f77%4 Mozilla/5.0+(Windows+NT+6.3;+WOW64;+rv:48.0)+Gecko/20100101+Firefox/48.0 http://laptop/db_selector/ 401 2 5 15
2016-08-12 23:21:25 fe80::1df3:92b0:d386:3f77%4 GET /js/jquery.form.js - 80 - fe80::1df3:92b0:d386:3f77%4 Mozilla/5.0+(Windows+NT+6.3;+WOW64;+rv:48.0)+Gecko/20100101+Firefox/48.0 http://laptop/db_selector/ 401 2 5 15
2016-08-12 23:21:25 fe80::1df3:92b0:d386:3f77%4 GET /db_selector/css/stylesheet.css - 80 LAPTOP\stephanie fe80::1df3:92b0:d386:3f77%4 Mozilla/5.0+(Windows+NT+6.3;+WOW64;+rv:48.0)+Gecko/20100101+Firefox/48.0 http://laptop/db_selector/ 200 0 0 93
2016-08-12 23:21:25 fe80::1df3:92b0:d386:3f77%4 GET /db_selector/js/javascript.js - 80 LAPTOP\stephanie fe80::1df3:92b0:d386:3f77%4 Mozilla/5.0+(Windows+NT+6.3;+WOW64;+rv:48.0)+Gecko/20100101+Firefox/48.0 http://laptop/db_selector/ 200 0 0 109
2016-08-12 23:21:25 fe80::1df3:92b0:d386:3f77%4 GET /js/jquery.showMessage.js - 80 LAPTOP\stephanie fe80::1df3:92b0:d386:3f77%4 Mozilla/5.0+(Windows+NT+6.3;+WOW64;+rv:48.0)+Gecko/20100101+Firefox/48.0 http://laptop/db_selector/ 200 0 0 140
2016-08-12 23:21:25 fe80::1df3:92b0:d386:3f77%4 GET /js/jquery.cookie.js - 80 LAPTOP\stephanie fe80::1df3:92b0:d386:3f77%4 Mozilla/5.0+(Windows+NT+6.3;+WOW64;+rv:48.0)+Gecko/20100101+Firefox/48.0 http://laptop/db_selector/ 200 0 0 234
2016-08-12 23:21:25 fe80::1df3:92b0:d386:3f77%4 GET /js/jquery.form.js - 80 LAPTOP\stephanie fe80::1df3:92b0:d386:3f77%4 Mozilla/5.0+(Windows+NT+6.3;+WOW64;+rv:48.0)+Gecko/20100101+Firefox/48.0 http://laptop/db_selector/ 200 0 0 437
2016-08-12 23:21:27 fe80::1df3:92b0:d386:3f77%4 GET /favicon.ico - 80 LAPTOP\stephanie fe80::1df3:92b0:d386:3f77%4 Mozilla/5.0+(Windows+NT+6.3;+WOW64;+rv:48.0)+Gecko/20100101+Firefox/48.0 - 404 0 2 0
2016-08-12 23:21:27 fe80::1df3:92b0:d386:3f77%4 GET /favicon.ico - 80 LAPTOP\stephanie fe80::1df3:92b0:d386:3f77%4 Mozilla/5.0+(Windows+NT+6.3;+WOW64;+rv:48.0)+Gecko/20100101+Firefox/48.0 - 404 0 2 0
2016-08-12 23:21:36 fe80::1df3:92b0:d386:3f77%4 POST /db_selector/dependencies/post-selectDB.php - 80 LAPTOP\stephanie fe80::1df3:92b0:d386:3f77%4 Mozilla/5.0+(Windows+NT+6.3;+WOW64;+rv:48.0)+Gecko/20100101+Firefox/48.0 http://laptop/db_selector/ 200 0 0 109
2016-08-12 23:21:36 fe80::1df3:92b0:d386:3f77%4 GET / - 80 LAPTOP\stephanie fe80::1df3:92b0:d386:3f77%4 Mozilla/5.0+(Windows+NT+6.3;+WOW64;+rv:48.0)+Gecko/20100101+Firefox/48.0 http://laptop/db_selector/ 302 0 0 0
2016-08-12 23:21:36 fe80::1df3:92b0:d386:3f77%4 GET /db_selector/ - 80 LAPTOP\stephanie fe80::1df3:92b0:d386:3f77%4 Mozilla/5.0+(Windows+NT+6.3;+WOW64;+rv:48.0)+Gecko/20100101+Firefox/48.0 http://laptop/db_selector/ 200 0 0 31
2016-08-12 23:22:48 fe80::1df3:92b0:d386:3f77%4 POST /db_selector/dependencies/post-selectDB.php - 80 LAPTOP\stephanie fe80::1df3:92b0:d386:3f77%4 Mozilla/5.0+(Windows+NT+6.3;+WOW64;+rv:48.0)+Gecko/20100101+Firefox/48.0 http://laptop/db_selector/ 200 0 0 375
2016-08-12 23:22:48 fe80::1df3:92b0:d386:3f77%4 GET / - 80 LAPTOP\stephanie fe80::1df3:92b0:d386:3f77%4 Mozilla/5.0+(Windows+NT+6.3;+WOW64;+rv:48.0)+Gecko/20100101+Firefox/48.0 http://laptop/db_selector/ 302 0 0 0
2016-08-12 23:22:48 fe80::1df3:92b0:d386:3f77%4 GET /db_selector/ - 80 LAPTOP\stephanie fe80::1df3:92b0:d386:3f77%4 Mozilla/5.0+(Windows+NT+6.3;+WOW64;+rv:48.0)+Gecko/20100101+Firefox/48.0 http://laptop/db_selector/ 200 0 0 0
2016-08-12 23:24:17 fe80::1df3:92b0:d386:3f77%4 GET /db_selector/ - 80 LAPTOP\stephanie fe80::1df3:92b0:d386:3f77%4 Mozilla/5.0+(Windows+NT+6.3;+WOW64;+rv:48.0)+Gecko/20100101+Firefox/48.0 - 200 0 0 109
2016-08-12 23:24:24 fe80::1df3:92b0:d386:3f77%4 POST /db_selector/dependencies/post-selectDB.php - 80 LAPTOP\stephanie fe80::1df3:92b0:d386:3f77%4 Mozilla/5.0+(Windows+NT+6.3;+WOW64;+rv:48.0)+Gecko/20100101+Firefox/48.0 http://laptop/db_selector/ 200 0 0 1062
2016-08-12 23:27:41 ::1 GET / - 80 - ::1 Mozilla/5.0+(Windows+NT+6.3;+WOW64)+AppleWebKit/537.36+(KHTML,+like+Gecko)+Chrome/52.0.2743.116+Safari/537.36 - 401 2 5 4
2016-08-12 23:27:41 ::1 GET / - 80 LAPTOP\sm538x ::1 Mozilla/5.0+(Windows+NT+6.3;+WOW64)+AppleWebKit/537.36+(KHTML,+like+Gecko)+Chrome/52.0.2743.116+Safari/537.36 - 302 0 0 60
2016-08-12 23:27:41 ::1 GET /db_selector/ - 80 LAPTOP\sm538x ::1 Mozilla/5.0+(Windows+NT+6.3;+WOW64)+AppleWebKit/537.36+(KHTML,+like+Gecko)+Chrome/52.0.2743.116+Safari/537.36 - 200 0 0 22
2016-08-12 23:27:41 ::1 GET /js/jquery.form.js - 80 - ::1 Mozilla/5.0+(Windows+NT+6.3;+WOW64)+AppleWebKit/537.36+(KHTML,+like+Gecko)+Chrome/52.0.2743.116+Safari/537.36 http://localhost/db_selector/ 401 2 5 3
2016-08-12 23:27:41 ::1 GET /js/jquery.cookie.js - 80 - ::1 Mozilla/5.0+(Windows+NT+6.3;+WOW64)+AppleWebKit/537.36+(KHTML,+like+Gecko)+Chrome/52.0.2743.116+Safari/537.36 http://localhost/db_selector/ 401 2 5 5
2016-08-12 23:27:41 ::1 GET /js/jquery.showMessage.js - 80 - ::1 Mozilla/5.0+(Windows+NT+6.3;+WOW64)+AppleWebKit/537.36+(KHTML,+like+Gecko)+Chrome/52.0.2743.116+Safari/537.36 http://localhost/db_selector/ 401 2 5 6
2016-08-12 23:27:41 ::1 GET /db_selector/js/javascript.js - 80 - ::1 Mozilla/5.0+(Windows+NT+6.3;+WOW64)+AppleWebKit/537.36+(KHTML,+like+Gecko)+Chrome/52.0.2743.116+Safari/537.36 http://localhost/db_selector/ 401 2 5 6
2016-08-12 23:27:41 ::1 GET /js/jquery.showMessage.js - 80 LAPTOP\sm538x ::1 Mozilla/5.0+(Windows+NT+6.3;+WOW64)+AppleWebKit/537.36+(KHTML,+like+Gecko)+Chrome/52.0.2743.116+Safari/537.36 http://localhost/db_selector/ 200 0 0 9
2016-08-12 23:27:41 ::1 GET /js/jquery.cookie.js - 80 LAPTOP\sm538x ::1 Mozilla/5.0+(Windows+NT+6.3;+WOW64)+AppleWebKit/537.36+(KHTML,+like+Gecko)+Chrome/52.0.2743.116+Safari/537.36 http://localhost/db_selector/ 200 0 0 10
2016-08-12 23:27:41 ::1 GET /js/jquery.form.js - 80 LAPTOP\sm538x ::1 Mozilla/5.0+(Windows+NT+6.3;+WOW64)+AppleWebKit/537.36+(KHTML,+like+Gecko)+Chrome/52.0.2743.116+Safari/537.36 http://localhost/db_selector/ 200 0 0 20
2016-08-12 23:27:41 ::1 GET /db_selector/js/javascript.js - 80 LAPTOP\sm538x ::1 Mozilla/5.0+(Windows+NT+6.3;+WOW64)+AppleWebKit/537.36+(KHTML,+like+Gecko)+Chrome/52.0.2743.116+Safari/537.36 http://localhost/db_selector/ 200 0 0 21
2016-08-12 23:27:41 ::1 GET /db_selector/css/stylesheet.css - 80 LAPTOP\sm538x ::1 Mozilla/5.0+(Windows+NT+6.3;+WOW64)+AppleWebKit/537.36+(KHTML,+like+Gecko)+Chrome/52.0.2743.116+Safari/537.36 http://localhost/db_selector/ 200 0 0 110
2016-08-12 23:27:43 ::1 GET /favicon.ico - 80 LAPTOP\sm538x ::1 Mozilla/5.0+(Windows+NT+6.3;+WOW64)+AppleWebKit/537.36+(KHTML,+like+Gecko)+Chrome/52.0.2743.116+Safari/537.36 http://localhost/db_selector/ 404 0 2 0
2016-08-12 23:27:45 ::1 POST /db_selector/dependencies/post-selectDB.php - 80 LAPTOP\sm538x ::1 Mozilla/5.0+(Windows+NT+6.3;+WOW64)+AppleWebKit/537.36+(KHTML,+like+Gecko)+Chrome/52.0.2743.116+Safari/537.36 http://localhost/db_selector/ 200 0 0 454
2016-08-12 23:27:50 ::1 GET / - 80 LAPTOP\sm538x ::1 Mozilla/5.0+(Windows+NT+6.3;+WOW64)+AppleWebKit/537.36+(KHTML,+like+Gecko)+Chrome/52.0.2743.116+Safari/537.36 http://localhost/db_selector/ 200 0 0 4573
2016-08-12 23:27:50 ::1 GET /tool_agent_documentation/ - 80 LAPTOP\sm538x ::1 Mozilla/5.0+(Windows+NT+6.3;+WOW64)+AppleWebKit/537.36+(KHTML,+like+Gecko)+Chrome/52.0.2743.116+Safari/537.36 http://localhost/ 404 0 2 189
2016-08-12 23:28:19 ::1 GET / - 80 LAPTOP\sm538x ::1 Mozilla/5.0+(Windows+NT+6.3;+WOW64)+AppleWebKit/537.36+(KHTML,+like+Gecko)+Chrome/52.0.2743.116+Safari/537.36 - 302 0 0 9
2016-08-12 23:28:19 ::1 GET /db_selector/ - 80 LAPTOP\sm538x ::1 Mozilla/5.0+(Windows+NT+6.3;+WOW64)+AppleWebKit/537.36+(KHTML,+like+Gecko)+Chrome/52.0.2743.116+Safari/537.36 - 200 0 0 4
2016-08-12 23:28:19 ::1 GET /js/jquery.showMessage.js - 80 LAPTOP\sm538x ::1 Mozilla/5.0+(Windows+NT+6.3;+WOW64)+AppleWebKit/537.36+(KHTML,+like+Gecko)+Chrome/52.0.2743.116+Safari/537.36 http://localhost/db_selector/ 200 0 0 59
2016-08-12 23:28:19 ::1 GET /js/jquery.form.js - 80 LAPTOP\sm538x ::1 Mozilla/5.0+(Windows+NT+6.3;+WOW64)+AppleWebKit/537.36+(KHTML,+like+Gecko)+Chrome/52.0.2743.116+Safari/537.36 http://localhost/db_selector/ 200 0 0 61
2016-08-12 23:28:19 ::1 GET /js/jquery.cookie.js - 80 LAPTOP\sm538x ::1 Mozilla/5.0+(Windows+NT+6.3;+WOW64)+AppleWebKit/537.36+(KHTML,+like+Gecko)+Chrome/52.0.2743.116+Safari/537.36 http://localhost/db_selector/ 200 0 0 60
2016-08-12 23:28:19 ::1 GET /db_selector/js/javascript.js - 80 LAPTOP\sm538x ::1 Mozilla/5.0+(Windows+NT+6.3;+WOW64)+AppleWebKit/537.36+(KHTML,+like+Gecko)+Chrome/52.0.2743.116+Safari/537.36 http://localhost/db_selector/ 200 0 0 64
2016-08-12 23:28:19 ::1 GET /db_selector/css/stylesheet.css - 80 LAPTOP\sm538x ::1 Mozilla/5.0+(Windows+NT+6.3;+WOW64)+AppleWebKit/537.36+(KHTML,+like+Gecko)+Chrome/52.0.2743.116+Safari/537.36 http://localhost/db_selector/ 200 0 0 118
2016-08-12 23:28:22 ::1 POST /db_selector/dependencies/post-selectDB.php - 80 LAPTOP\sm538x ::1 Mozilla/5.0+(Windows+NT+6.3;+WOW64)+AppleWebKit/537.36+(KHTML,+like+Gecko)+Chrome/52.0.2743.116+Safari/537.36 http://localhost/db_selector/ 200 0 0 59
2016-08-12 23:28:22 ::1 GET / - 80 LAPTOP\sm538x ::1 Mozilla/5.0+(Windows+NT+6.3;+WOW64)+AppleWebKit/537.36+(KHTML,+like+Gecko)+Chrome/52.0.2743.116+Safari/537.36 http://localhost/db_selector/ 200 0 0 119
2016-08-12 23:28:22 ::1 GET /tool_agent_documentation/ - 80 LAPTOP\sm538x ::1 Mozilla/5.0+(Windows+NT+6.3;+WOW64)+AppleWebKit/537.36+(KHTML,+like+Gecko)+Chrome/52.0.2743.116+Safari/537.36 http://localhost/ 404 0 2 11
2016-08-12 23:29:06 ::1 GET /administration_agent - 80 LAPTOP\sm538x ::1 Mozilla/5.0+(Windows+NT+6.3;+WOW64)+AppleWebKit/537.36+(KHTML,+like+Gecko)+Chrome/52.0.2743.116+Safari/537.36 - 301 0 0 147
2016-08-12 23:29:06 ::1 GET /administration_agent/ - 80 LAPTOP\sm538x ::1 Mozilla/5.0+(Windows+NT+6.3;+WOW64)+AppleWebKit/537.36+(KHTML,+like+Gecko)+Chrome/52.0.2743.116+Safari/537.36 - 200 0 0 628
2016-08-12 23:29:06 ::1 GET /css/jquery-ui-1.8.16.custom.css - 80 LAPTOP\sm538x ::1 Mozilla/5.0+(Windows+NT+6.3;+WOW64)+AppleWebKit/537.36+(KHTML,+like+Gecko)+Chrome/52.0.2743.116+Safari/537.36 http://localhost/administration_agent/ 404 0 2 21
2016-08-12 23:29:06 ::1 GET /administration_agent/css/jquery.confirm.css - 80 LAPTOP\sm538x ::1 Mozilla/5.0+(Windows+NT+6.3;+WOW64)+AppleWebKit/537.36+(KHTML,+like+Gecko)+Chrome/52.0.2743.116+Safari/537.36 http://localhost/administration_agent/ 200 0 0 99
2016-08-12 23:29:06 ::1 GET /administration_agent/css/stylesheet.css - 80 LAPTOP\sm538x ::1 Mozilla/5.0+(Windows+NT+6.3;+WOW64)+AppleWebKit/537.36+(KHTML,+like+Gecko)+Chrome/52.0.2743.116+Safari/537.36 http://localhost/administration_agent/ 200 0 0 112
2016-08-12 23:29:06 ::1 GET /js/tiny_mce/jquery.tinymce.js - 80 - ::1 Mozilla/5.0+(Windows+NT+6.3;+WOW64)+AppleWebKit/537.36+(KHTML,+like+Gecko)+Chrome/52.0.2743.116+Safari/537.36 http://localhost/administration_agent/ 401 2 5 220
2016-08-12 23:29:07 ::1 GET /js/jquery.elastic.js - 80 LAPTOP\sm538x ::1 Mozilla/5.0+(Windows+NT+6.3;+WOW64)+AppleWebKit/537.36+(KHTML,+like+Gecko)+Chrome/52.0.2743.116+Safari/537.36 http://localhost/administration_agent/ 200 0 0 501
2016-08-12 23:29:07 ::1 GET /js/jquery.selectboxes.js - 80 LAPTOP\sm538x ::1 Mozilla/5.0+(Windows+NT+6.3;+WOW64)+AppleWebKit/537.36+(KHTML,+like+Gecko)+Chrome/52.0.2743.116+Safari/537.36 http://localhost/administration_agent/ 200 0 0 522
2016-08-12 23:29:07 ::1 GET /js/tiny_mce/jquery.tinymce.js - 80 LAPTOP\sm538x ::1 Mozilla/5.0+(Windows+NT+6.3;+WOW64)+AppleWebKit/537.36+(KHTML,+like+Gecko)+Chrome/52.0.2743.116+Safari/537.36 http://localhost/administration_agent/ 200 0 0 165
2016-08-12 23:29:07 ::1 GET /js/jquery-ui-1.8.16.custom.min.js - 80 LAPTOP\sm538x ::1 Mozilla/5.0+(Windows+NT+6.3;+WOW64)+AppleWebKit/537.36+(KHTML,+like+Gecko)+Chrome/52.0.2743.116+Safari/537.36 http://localhost/administration_agent/ 200 0 0 699
2016-08-12 23:29:07 ::1 GET /js/jquery.confirm.js - 80 LAPTOP\sm538x ::1 Mozilla/5.0+(Windows+NT+6.3;+WOW64)+AppleWebKit/537.36+(KHTML,+like+Gecko)+Chrome/52.0.2743.116+Safari/537.36 http://localhost/administration_agent/ 200 0 0 645
2016-08-12 23:29:07 ::1 GET /administration_agent/js/javascript.js - 80 LAPTOP\sm538x ::1 Mozilla/5.0+(Windows+NT+6.3;+WOW64)+AppleWebKit/537.36+(KHTML,+like+Gecko)+Chrome/52.0.2743.116+Safari/537.36 http://localhost/administration_agent/ 200 0 0 241
2016-08-12 23:29:07 ::1 GET /administration_agent/dependencies/get-selSupervisorId.php - 80 LAPTOP\sm538x ::1 Mozilla/5.0+(Windows+NT+6.3;+WOW64)+AppleWebKit/537.36+(KHTML,+like+Gecko)+Chrome/52.0.2743.116+Safari/537.36 http://localhost/administration_agent/ 200 0 0 412
2016-08-12 23:29:09 ::1 GET /administration_agent/dependencies/get-selAgentId.php - 80 LAPTOP\sm538x ::1 Mozilla/5.0+(Windows+NT+6.3;+WOW64)+AppleWebKit/537.36+(KHTML,+like+Gecko)+Chrome/52.0.2743.116+Safari/537.36 http://localhost/administration_agent/ 200 0 0 1245
2016-08-12 23:59:59 ::1 GET /administration_agent/dependencies/get-agentAdminData.php agentId=New+Agent 80 - ::1 Mozilla/5.0+(Windows+NT+6.3;+WOW64)+AppleWebKit/537.36+(KHTML,+like+Gecko)+Chrome/52.0.2743.116+Safari/537.36 http://localhost/administration_agent/ 401 2 5 2
2016-08-12 23:59:59 ::1 GET /js/tiny_mce/tiny_mce.js - 80 - ::1 Mozilla/5.0+(Windows+NT+6.3;+WOW64)+AppleWebKit/537.36+(KHTML,+like+Gecko)+Chrome/52.0.2743.116+Safari/537.36 http://localhost/administration_agent/ 401 2 5 59
2016-08-12 23:59:59 ::1 GET /images/calendar.gif - 80 - ::1 Mozilla/5.0+(Windows+NT+6.3;+WOW64)+AppleWebKit/537.36+(KHTML,+like+Gecko)+Chrome/52.0.2743.116+Safari/537.36 http://localhost/administration_agent/ 401 2 5 2
2016-08-12 23:59:59 ::1 GET /images/calendar.gif - 80 LAPTOP\sm538x ::1 Mozilla/5.0+(Windows+NT+6.3;+WOW64)+AppleWebKit/537.36+(KHTML,+like+Gecko)+Chrome/52.0.2743.116+Safari/537.36 http://localhost/administration_agent/ 404 0 2 0
2016-08-12 23:59:59 ::1 GET /administration_agent/dependencies/get-agentAdminData.php agentId=New+Agent 80 LAPTOP\sm538x ::1 Mozilla/5.0+(Windows+NT+6.3;+WOW64)+AppleWebKit/537.36+(KHTML,+like+Gecko)+Chrome/52.0.2743.116+Safari/537.36 http://localhost/administration_agent/ 200 0 0 424
2016-08-12 23:59:59 ::1 GET /js/tiny_mce/tiny_mce.js - 80 LAPTOP\sm538x ::1 Mozilla/5.0+(Windows+NT+6.3;+WOW64)+AppleWebKit/537.36+(KHTML,+like+Gecko)+Chrome/52.0.2743.116+Safari/537.36 http://localhost/administration_agent/ 200 0 0 611
2016-08-12 23:59:59 ::1 GET /js/tiny_mce/plugins/iespell/editor_plugin.js - 80 - ::1 Mozilla/5.0+(Windows+NT+6.3;+WOW64)+AppleWebKit/537.36+(KHTML,+like+Gecko)+Chrome/52.0.2743.116+Safari/537.36 http://localhost/administration_agent/ 401 2 5 112
2016-08-12 23:59:59 ::1 GET /js/tiny_mce/themes/advanced/editor_template.js - 80 LAPTOP\sm538x ::1 Mozilla/5.0+(Windows+NT+6.3;+WOW64)+AppleWebKit/537.36+(KHTML,+like+Gecko)+Chrome/52.0.2743.116+Safari/537.36 http://localhost/administration_agent/ 200 0 0 201
2016-08-12 23:59:59 ::1 GET /js/tiny_mce/langs/en.js - 80 LAPTOP\sm538x ::1 Mozilla/5.0+(Windows+NT+6.3;+WOW64)+AppleWebKit/537.36+(KHTML,+like+Gecko)+Chrome/52.0.2743.116+Safari/537.36 http://localhost/administration_agent/ 200 0 0 201
2016-08-12 23:59:59 ::1 GET /js/tiny_mce/plugins/inlinepopups/editor_plugin.js - 80 - ::1 Mozilla/5.0+(Windows+NT+6.3;+WOW64)+AppleWebKit/537.36+(KHTML,+like+Gecko)+Chrome/52.0.2743.116+Safari/537.36 http://localhost/administration_agent/ 401 2 5 212
2016-08-12 23:59:59 ::1 GET /js/tiny_mce/plugins/table/editor_plugin.js - 80 - ::1 Mozilla/5.0+(Windows+NT+6.3;+WOW64)+AppleWebKit/537.36+(KHTML,+like+Gecko)+Chrome/52.0.2743.116+Safari/537.36 http://localhost/administration_agent/ 401 2 5 215
2016-08-12 23:59:59 ::1 GET /js/tiny_mce/plugins/style/editor_plugin.js - 80 LAPTOP\sm538x ::1 Mozilla/5.0+(Windows+NT+6.3;+WOW64)+AppleWebKit/537.36+(KHTML,+like+Gecko)+Chrome/52.0.2743.116+Safari/537.36 http://localhost/administration_agent/ 200 0 0 297
2016-08-12 23:59:59 ::1 GET /js/tiny_mce/plugins/iespell/editor_plugin.js - 80 LAPTOP\sm538x ::1 Mozilla/5.0+(Windows+NT+6.3;+WOW64)+AppleWebKit/537.36+(KHTML,+like+Gecko)+Chrome/52.0.2743.116+Safari/537.36 http://localhost/administration_agent/ 200 0 0 320
2016-08-12 23:59:59 ::1 GET /js/tiny_mce/plugins/inlinepopups/editor_plugin.js - 80 LAPTOP\sm538x ::1 Mozilla/5.0+(Windows+NT+6.3;+WOW64)+AppleWebKit/537.36+(KHTML,+like+Gecko)+Chrome/52.0.2743.116+Safari/537.36 http://localhost/administration_agent/ 200 0 0 218
2016-08-12 23:59:59 ::1 GET /js/tiny_mce/plugins/table/editor_plugin.js - 80 LAPTOP\sm538x ::1 Mozilla/5.0+(Windows+NT+6.3;+WOW64)+AppleWebKit/537.36+(KHTML,+like+Gecko)+Chrome/52.0.2743.116+Safari/537.36 http://localhost/administration_agent/ 200 0 0 225
2016-08-12 23:59:59 ::1 GET /js/tiny_mce/plugins/preview/editor_plugin.js - 80 LAPTOP\sm538x ::1 Mozilla/5.0+(Windows+NT+6.3;+WOW64)+AppleWebKit/537.36+(KHTML,+like+Gecko)+Chrome/52.0.2743.116+Safari/537.36 http://localhost/administration_agent/ 200 0 0 511
2016-08-12 23:59:59 ::1 GET /js/tiny_mce/plugins/searchreplace/editor_plugin.js - 80 LAPTOP\sm538x ::1 Mozilla/5.0+(Windows+NT+6.3;+WOW64)+AppleWebKit/537.36+(KHTML,+like+Gecko)+Chrome/52.0.2743.116+Safari/537.36 http://localhost/administration_agent/ 200 0 0 189
2016-08-12 23:59:59 ::1 GET /js/tiny_mce/plugins/fullscreen/editor_plugin.js - 80 LAPTOP\sm538x ::1 Mozilla/5.0+(Windows+NT+6.3;+WOW64)+AppleWebKit/537.36+(KHTML,+like+Gecko)+Chrome/52.0.2743.116+Safari/537.36 http://localhost/administration_agent/ 200 0 0 215
2016-08-12 23:59:59 ::1 GET /js/tiny_mce/themes/advanced/langs/en.js - 80 LAPTOP\sm538x ::1 Mozilla/5.0+(Windows+NT+6.3;+WOW64)+AppleWebKit/537.36+(KHTML,+like+Gecko)+Chrome/52.0.2743.116+Safari/537.36 http://localhost/administration_agent/ 200 0 0 401
2016-08-12 23:59:59 ::1 GET /js/tiny_mce/plugins/paste/editor_plugin.js - 80 LAPTOP\sm538x ::1 Mozilla/5.0+(Windows+NT+6.3;+WOW64)+AppleWebKit/537.36+(KHTML,+like+Gecko)+Chrome/52.0.2743.116+Safari/537.36 http://localhost/administration_agent/ 200 0 0 458
2016-08-12 23:59:59 ::1 GET /js/tiny_mce/plugins/inlinepopups/skins/clearlooks2/window.css - 80 LAPTOP\sm538x ::1 Mozilla/5.0+(Windows+NT+6.3;+WOW64)+AppleWebKit/537.36+(KHTML,+like+Gecko)+Chrome/52.0.2743.116+Safari/537.36 http://localhost/administration_agent/ 200 0 0 296
2016-08-12 23:59:59 ::1 GET /js/tiny_mce/themes/advanced/skins/o2k7/ui.css - 80 LAPTOP\sm538x ::1 Mozilla/5.0+(Windows+NT+6.3;+WOW64)+AppleWebKit/537.36+(KHTML,+like+Gecko)+Chrome/52.0.2743.116+Safari/537.36 http://localhost/administration_agent/ 200 0 0 365
2016-08-12 23:59:59 ::1 GET /js/tiny_mce/themes/advanced/skins/o2k7/ui_black.css - 80 LAPTOP\sm538x ::1 Mozilla/5.0+(Windows+NT+6.3;+WOW64)+AppleWebKit/537.36+(KHTML,+like+Gecko)+Chrome/52.0.2743.116+Safari/537.36 http://localhost/administration_agent/ 200 0 0 365
2016-08-12 23:59:59 ::1 GET /js/tiny_mce/themes/advanced/skins/o2k7/content.css - 80 LAPTOP\sm538x ::1 Mozilla/5.0+(Windows+NT+6.3;+WOW64)+AppleWebKit/537.36+(KHTML,+like+Gecko)+Chrome/52.0.2743.116+Safari/537.36 http://localhost/administration_agent/ 200 0 0 99
2016-08-12 23:59:59 ::1 GET /js/tiny_mce/themes/advanced/img/icons.gif - 80 LAPTOP\sm538x ::1 Mozilla/5.0+(Windows+NT+6.3;+WOW64)+AppleWebKit/537.36+(KHTML,+like+Gecko)+Chrome/52.0.2743.116+Safari/537.36 http://localhost/js/tiny_mce/themes/advanced/skins/o2k7/ui.css 200 0 0 172
2016-08-12 23:59:59 ::1 GET /js/tiny_mce/themes/advanced/skins/o2k7/img/button_bg.png - 80 LAPTOP\sm538x ::1 Mozilla/5.0+(Windows+NT+6.3;+WOW64)+AppleWebKit/537.36+(KHTML,+like+Gecko)+Chrome/52.0.2743.116+Safari/537.36 http://localhost/js/tiny_mce/themes/advanced/skins/o2k7/ui.css 200 0 0 250
2016-08-12 23:59:59 ::1 GET /js/tiny_mce/themes/advanced/skins/o2k7/img/button_bg_black.png - 80 LAPTOP\sm538x ::1 Mozilla/5.0+(Windows+NT+6.3;+WOW64)+AppleWebKit/537.36+(KHTML,+like+Gecko)+Chrome/52.0.2743.116+Safari/537.36 http://localhost/js/tiny_mce/themes/advanced/skins/o2k7/ui_black.css 200 0 0 97
2016-08-12 23:59:59 ::1 POST /administration_agent/dependencies/post-saveAgentAdminData.php - 80 LAPTOP\sm538x ::1 Mozilla/5.0+(Windows+NT+6.3;+WOW64)+AppleWebKit/537.36+(KHTML,+like+Gecko)+Chrome/52.0.2743.116+Safari/537.36 http://localhost/administration_agent/ 200 0 0 1311
2016-08-12 23:59:59 ::1 GET /administration_agent/dependencies/get-selAgentId.php - 80 LAPTOP\sm538x ::1 Mozilla/5.0+(Windows+NT+6.3;+WOW64)+AppleWebKit/537.36+(KHTML,+like+Gecko)+Chrome/52.0.2743.116+Safari/537.36 http://localhost/administration_agent/ 200 0 0 695
2016-08-12 23:59:59 ::1 GET /administration_agent/dependencies/get-agentAdminData.php agentId=sm538x 80 LAPTOP\sm538x ::1 Mozilla/5.0+(Windows+NT+6.3;+WOW64)+AppleWebKit/537.36+(KHTML,+like+Gecko)+Chrome/52.0.2743.116+Safari/537.36 http://localhost/administration_agent/ 200 0 0 1613
2016-08-12 23:59:59 ::1 GET /administration_edit_permissions - 80 LAPTOP\sm538x ::1 Mozilla/5.0+(Windows+NT+6.3;+WOW64)+AppleWebKit/537.36+(KHTML,+like+Gecko)+Chrome/52.0.2743.116+Safari/537.36 - 301 0 0 12
2016-08-12 23:59:59 ::1 GET /administration_edit_permissions/ - 80 LAPTOP\sm538x ::1 Mozilla/5.0+(Windows+NT+6.3;+WOW64)+AppleWebKit/537.36+(KHTML,+like+Gecko)+Chrome/52.0.2743.116+Safari/537.36 - 200 0 0 121
2016-08-12 23:59:59 ::1 GET /images/edit.jpg - 80 LAPTOP\sm538x ::1 Mozilla/5.0+(Windows+NT+6.3;+WOW64)+AppleWebKit/537.36+(KHTML,+like+Gecko)+Chrome/52.0.2743.116+Safari/537.36 http://localhost/administration_edit_permissions/ 404 0 2 7
2016-08-12 23:59:59 ::1 GET /administration_edit_permissions/js/javascript.js - 80 LAPTOP\sm538x ::1 Mozilla/5.0+(Windows+NT+6.3;+WOW64)+AppleWebKit/537.36+(KHTML,+like+Gecko)+Chrome/52.0.2743.116+Safari/537.36 http://localhost/administration_edit_permissions/ 200 0 0 122
2016-08-12 23:59:59 ::1 GET /administration_edit_permissions/css/jquery.confirm.css - 80 LAPTOP\sm538x ::1 Mozilla/5.0+(Windows+NT+6.3;+WOW64)+AppleWebKit/537.36+(KHTML,+like+Gecko)+Chrome/52.0.2743.116+Safari/537.36 http://localhost/administration_edit_permissions/ 200 0 0 224
2016-08-12 23:59:59 ::1 GET /administration_edit_permissions/css/stylesheet.css - 80 LAPTOP\sm538x ::1 Mozilla/5.0+(Windows+NT+6.3;+WOW64)+AppleWebKit/537.36+(KHTML,+like+Gecko)+Chrome/52.0.2743.116+Safari/537.36 http://localhost/administration_edit_permissions/ 200 0 0 225
2016-08-12 23:59:59 ::1 GET /images/edit.jpg - 80 LAPTOP\sm538x ::1 Mozilla/5.0+(Windows+NT+6.3;+WOW64)+AppleWebKit/537.36+(KHTML,+like+Gecko)+Chrome/52.0.2743.116+Safari/537.36 http://localhost/administration_edit_permissions/ 404 0 2 6
2016-08-12 23:59:59 ::1 GET /administration_edit_permissions/dependencies/get-selUserId.php - 80 LAPTOP\sm538x ::1 Mozilla/5.0+(Windows+NT+6.3;+WOW64)+AppleWebKit/537.36+(KHTML,+like+Gecko)+Chrome/52.0.2743.116+Safari/537.36 http://localhost/administration_edit_permissions/ 200 0 0 40757
2016-08-12 23:59:59 ::1 GET /administration_edit_permissions/dependencies/get-selUserId.php - 80 LAPTOP\sm538x ::1 Mozilla/5.0+(Windows+NT+6.3;+WOW64)+AppleWebKit/537.36+(KHTML,+like+Gecko)+Chrome/52.0.2743.116+Safari/537.36 - 200 0 0 905
2016-08-12 23:59:59 ::1 GET /administration_edit_permissions/ - 80 LAPTOP\sm538x ::1 Mozilla/5.0+(Windows+NT+6.3;+WOW64)+AppleWebKit/537.36+(KHTML,+like+Gecko)+Chrome/52.0.2743.116+Safari/537.36 - 200 0 0 86
2016-08-12 23:59:59 ::1 GET /administration_edit_permissions/dependencies/get-selUserId.php - 80 LAPTOP\sm538x ::1 Mozilla/5.0+(Windows+NT+6.3;+WOW64)+AppleWebKit/537.36+(KHTML,+like+Gecko)+Chrome/52.0.2743.116+Safari/537.36 http://localhost/administration_edit_permissions/ 200 0 0 687
2016-08-12 23:59:59 ::1 GET /administration_edit_permissions/dependencies/get-editPermissionsBody.php - 80 LAPTOP\sm538x ::1 Mozilla/5.0+(Windows+NT+6.3;+WOW64)+AppleWebKit/537.36+(KHTML,+like+Gecko)+Chrome/52.0.2743.116+Safari/537.36 http://localhost/administration_edit_permissions/ 200 0 0 103
2016-08-12 23:59:59 ::1 GET /administration_edit_permissions/dependencies/get-userPermissionsData.php userId=sm538x 80 LAPTOP\sm538x ::1 Mozilla/5.0+(Windows+NT+6.3;+WOW64)+AppleWebKit/537.36+(KHTML,+like+Gecko)+Chrome/52.0.2743.116+Safari/537.36 http://localhost/administration_edit_permissions/ 200 0 0 135
2016-08-12 23:59:59 fe80::1df3:92b0:d386:3f77%4 GET /db_selector/ - 80 - fe80::1df3:92b0:d386:3f77%4 Mozilla/5.0+(Windows+NT+6.3;+WOW64;+rv:48.0)+Gecko/20100101+Firefox/48.0 - 401 2 5 0
2016-08-12 23:59:59 fe80::1df3:92b0:d386:3f77%4 GET /db_selector/ - 80 LAPTOP\stephanie fe80::1df3:92b0:d386:3f77%4 Mozilla/5.0+(Windows+NT+6.3;+WOW64;+rv:48.0)+Gecko/20100101+Firefox/48.0 - 200 0 0 0
2016-08-12 23:59:59 fe80::1df3:92b0:d386:3f77%4 POST /db_selector/dependencies/post-selectDB.php - 80 LAPTOP\stephanie fe80::1df3:92b0:d386:3f77%4 Mozilla/5.0+(Windows+NT+6.3;+WOW64;+rv:48.0)+Gecko/20100101+Firefox/48.0 http://laptop/db_selector/ 200 0 0 109
2016-08-12 23:59:59 fe80::1df3:92b0:d386:3f77%4 GET / - 80 LAPTOP\stephanie fe80::1df3:92b0:d386:3f77%4 Mozilla/5.0+(Windows+NT+6.3;+WOW64;+rv:48.0)+Gecko/20100101+Firefox/48.0 - 302 0 0 15
2016-08-12 23:59:59 fe80::1df3:92b0:d386:3f77%4 GET /db_selector/ - 80 LAPTOP\stephanie fe80::1df3:92b0:d386:3f77%4 Mozilla/5.0+(Windows+NT+6.3;+WOW64;+rv:48.0)+Gecko/20100101+Firefox/48.0 - 200 0 0 15
2016-08-12 23:59:59 fe80::1df3:92b0:d386:3f77%4 POST /db_selector/dependencies/post-selectDB.php - 80 LAPTOP\stephanie fe80::1df3:92b0:d386:3f77%4 Mozilla/5.0+(Windows+NT+6.3;+WOW64;+rv:48.0)+Gecko/20100101+Firefox/48.0 http://laptop/db_selector/ 200 0 0 62
2016-08-12 23:59:59 fe80::1df3:92b0:d386:3f77%4 GET /db_selector/ - 80 - fe80::1df3:92b0:d386:3f77%4 Mozilla/5.0+(Windows+NT+6.3;+WOW64;+rv:48.0)+Gecko/20100101+Firefox/48.0 - 401 2 5 31
2016-08-12 23:59:59 fe80::1df3:92b0:d386:3f77%4 GET /db_selector/ - 80 LAPTOP\stephanie fe80::1df3:92b0:d386:3f77%4 Mozilla/5.0+(Windows+NT+6.3;+WOW64;+rv:48.0)+Gecko/20100101+Firefox/48.0 - 200 0 0 0
2016-08-12 23:59:59 fe80::1df3:92b0:d386:3f77%4 POST /db_selector/dependencies/post-selectDB.php - 80 LAPTOP\stephanie fe80::1df3:92b0:d386:3f77%4 Mozilla/5.0+(Windows+NT+6.3;+WOW64;+rv:48.0)+Gecko/20100101+Firefox/48.0 http://laptop/db_selector/ 200 0 0 109
2016-08-12 23:59:59 fe80::1df3:92b0:d386:3f77%4 GET / - 80 LAPTOP\stephanie fe80::1df3:92b0:d386:3f77%4 Mozilla/5.0+(Windows+NT+6.3;+WOW64;+rv:48.0)+Gecko/20100101+Firefox/48.0 http://laptop/db_selector/ 200 0 0 140
2016-08-12 23:59:59 fe80::1df3:92b0:d386:3f77%4 GET /tool_agent_documentation/ - 80 LAPTOP\stephanie fe80::1df3:92b0:d386:3f77%4 Mozilla/5.0+(Windows+NT+6.3;+WOW64;+rv:48.0)+Gecko/20100101+Firefox/48.0 http://laptop/ 404 0 2 0
2016-08-12 23:59:59 fe80::1df3:92b0:d386:3f77%4 GET /index.php - 80 - fe80::1df3:92b0:d386:3f77%4 Mozilla/5.0+(Windows+NT+6.3;+WOW64;+rv:48.0)+Gecko/20100101+Firefox/48.0 - 401 2 5 0
2016-08-12 23:59:59 fe80::1df3:92b0:d386:3f77%4 GET /index.php - 80 LAPTOP\stephanie fe80::1df3:92b0:d386:3f77%4 Mozilla/5.0+(Windows+NT+6.3;+WOW64;+rv:48.0)+Gecko/20100101+Firefox/48.0 - 200 0 0 46
2016-08-12 23:59:59 fe80::1df3:92b0:d386:3f77%4 GET /tool_agent_documentation/ - 80 LAPTOP\stephanie fe80::1df3:92b0:d386:3f77%4 Mozilla/5.0+(Windows+NT+6.3;+WOW64;+rv:48.0)+Gecko/20100101+Firefox/48.0 http://laptop/index.php 404 0 2 140
2016-08-12 23:59:59 fe80::1df3:92b0:d386:3f77%4 GET /tool_agent_documentation/ - 80 LAPTOP\stephanie fe80::1df3:92b0:d386:3f77%4 Mozilla/5.0+(Windows+NT+6.3;+WOW64;+rv:48.0)+Gecko/20100101+Firefox/48.0 - 404 0 2 78
