#Software: Microsoft Internet Information Services 8.5
#Version: 1.0
#Date: 2016-08-11 01:38:43
#Fields: date time s-ip cs-method cs-uri-stem cs-uri-query s-port cs-username c-ip cs(User-Agent) cs(Referer) sc-status sc-substatus sc-win32-status time-taken
2016-08-11 01:38:43 ::1 GET / - 80 - ::1 Mozilla/5.0+(Windows+NT+6.3;+WOW64;+rv:47.0)+Gecko/20100101+Firefox/47.0 - 401 2 5 812
2016-08-11 01:38:44 ::1 GET / - 80 LAPTOP\stephanie ::1 Mozilla/5.0+(Windows+NT+6.3;+WOW64;+rv:47.0)+Gecko/20100101+Firefox/47.0 - 200 0 0 78
2016-08-11 01:38:44 ::1 GET /iis-85.png - 80 LAPTOP\stephanie ::1 Mozilla/5.0+(Windows+NT+6.3;+WOW64;+rv:47.0)+Gecko/20100101+Firefox/47.0 http://localhost/ 200 0 0 78
2016-08-11 01:38:50 ::1 GET /eval/ - 80 - ::1 Mozilla/5.0+(Windows+NT+6.3;+WOW64;+rv:47.0)+Gecko/20100101+Firefox/47.0 - 500 19 5 93
2016-08-11 01:39:46 ::1 GET /index.php - 80 LAPTOP\stephanie ::1 Mozilla/5.0+(Windows+NT+6.3;+WOW64;+rv:47.0)+Gecko/20100101+Firefox/47.0 - 404 0 2 0
2016-08-11 01:41:56 ::1 GET /index.php - 80 - ::1 Mozilla/5.0+(Windows+NT+6.3;+WOW64;+rv:47.0)+Gecko/20100101+Firefox/47.0 - 401 2 5 15
2016-08-11 01:41:56 ::1 GET /index.php - 80 LAPTOP\stephanie ::1 Mozilla/5.0+(Windows+NT+6.3;+WOW64;+rv:47.0)+Gecko/20100101+Firefox/47.0 - 200 0 0 78
2016-08-11 01:42:52 ::1 GET /favicon.ico - 80 - ::1 Mozilla/5.0+(Windows+NT+6.3;+WOW64;+rv:47.0)+Gecko/20100101+Firefox/47.0 - 401 2 5 15
2016-08-11 01:42:52 ::1 GET /favicon.ico - 80 - ::1 Mozilla/5.0+(Windows+NT+6.3;+WOW64;+rv:47.0)+Gecko/20100101+Firefox/47.0 - 401 2 5 0
#Software: Microsoft Internet Information Services 8.5
#Version: 1.0
#Date: 2016-08-11 01:46:02
#Fields: date time s-ip cs-method cs-uri-stem cs-uri-query s-port cs-username c-ip cs(User-Agent) cs(Referer) sc-status sc-substatus sc-win32-status time-taken
2016-08-11 01:46:02 ::1 GET / - 8080 - ::1 Mozilla/5.0+(Windows+NT+6.3;+WOW64;+rv:47.0)+Gecko/20100101+Firefox/47.0 - 401 2 5 78
2016-08-11 01:46:08 ::1 GET / - 8080 - ::1 Mozilla/5.0+(Windows+NT+6.3;+WOW64;+rv:47.0)+Gecko/20100101+Firefox/47.0 - 401 1 3221225581 0
2016-08-11 01:46:11 ::1 GET / - 8080 - ::1 Mozilla/5.0+(Windows+NT+6.3;+WOW64;+rv:47.0)+Gecko/20100101+Firefox/47.0 - 401 1 3221225581 0
2016-08-11 01:46:15 ::1 GET / - 8080 - ::1 Mozilla/5.0+(Windows+NT+6.3;+WOW64;+rv:47.0)+Gecko/20100101+Firefox/47.0 - 401 1 3221225581 0
2016-08-11 01:46:18 ::1 GET / - 8080 - ::1 Mozilla/5.0+(Windows+NT+6.3;+WOW64;+rv:47.0)+Gecko/20100101+Firefox/47.0 - 401 1 3221225581 0
2016-08-11 01:46:21 ::1 GET / - 8080 LAPTOP\sm538x ::1 Mozilla/5.0+(Windows+NT+6.3;+WOW64;+rv:47.0)+Gecko/20100101+Firefox/47.0 - 200 0 0 15
2016-08-11 01:46:21 ::1 GET /favicon.ico - 8080 LAPTOP\sm538x ::1 Mozilla/5.0+(Windows+NT+6.3;+WOW64;+rv:47.0)+Gecko/20100101+Firefox/47.0 - 404 0 2 0
2016-08-11 01:46:21 ::1 GET /favicon.ico - 8080 LAPTOP\sm538x ::1 Mozilla/5.0+(Windows+NT+6.3;+WOW64;+rv:47.0)+Gecko/20100101+Firefox/47.0 - 404 0 2 0
2016-08-11 01:46:53 ::1 GET / - 8080 LAPTOP\sm538x ::1 Mozilla/5.0+(Windows+NT+6.3;+WOW64;+rv:47.0)+Gecko/20100101+Firefox/47.0 - 200 0 0 0
2016-08-11 01:47:04 ::1 GET / - 8080 LAPTOP\sm538x ::1 Mozilla/5.0+(Windows+NT+6.3;+WOW64;+rv:47.0)+Gecko/20100101+Firefox/47.0 - 200 0 0 0
2016-08-11 01:47:06 ::1 GET / - 8080 LAPTOP\sm538x ::1 Mozilla/5.0+(Windows+NT+6.3;+WOW64;+rv:47.0)+Gecko/20100101+Firefox/47.0 - 200 0 0 15
2016-08-11 01:47:46 ::1 GET / - 8080 LAPTOP\sm538x ::1 Mozilla/5.0+(Windows+NT+6.3;+WOW64;+rv:47.0)+Gecko/20100101+Firefox/47.0 - 200 0 0 15
2016-08-11 01:47:48 ::1 GET / - 8080 LAPTOP\sm538x ::1 Mozilla/5.0+(Windows+NT+6.3;+WOW64;+rv:47.0)+Gecko/20100101+Firefox/47.0 - 200 0 0 0
2016-08-11 01:48:15 ::1 GET / - 8080 LAPTOP\sm538x ::1 Mozilla/5.0+(Windows+NT+6.3;+WOW64;+rv:47.0)+Gecko/20100101+Firefox/47.0 - 200 0 0 15
#Software: Microsoft Internet Information Services 8.5
#Version: 1.0
#Date: 2016-08-11 01:49:02
#Fields: date time s-ip cs-method cs-uri-stem cs-uri-query s-port cs-username c-ip cs(User-Agent) cs(Referer) sc-status sc-substatus sc-win32-status time-taken
2016-08-11 01:49:02 ::1 GET / - 5300 - ::1 Mozilla/5.0+(Windows+NT+6.3;+WOW64;+rv:47.0)+Gecko/20100101+Firefox/47.0 - 401 2 5 78
2016-08-11 01:49:06 ::1 GET / - 5300 LAPTOP\stephanie ::1 Mozilla/5.0+(Windows+NT+6.3;+WOW64;+rv:47.0)+Gecko/20100101+Firefox/47.0 - 200 0 0 15
2016-08-11 01:49:06 ::1 GET /favicon.ico - 5300 LAPTOP\stephanie ::1 Mozilla/5.0+(Windows+NT+6.3;+WOW64;+rv:47.0)+Gecko/20100101+Firefox/47.0 - 404 0 2 0
2016-08-11 01:49:06 ::1 GET /favicon.ico - 5300 LAPTOP\stephanie ::1 Mozilla/5.0+(Windows+NT+6.3;+WOW64;+rv:47.0)+Gecko/20100101+Firefox/47.0 - 404 0 2 0
2016-08-11 01:49:19 ::1 GET /index.php - 5300 LAPTOP\stephanie ::1 Mozilla/5.0+(Windows+NT+6.3;+WOW64;+rv:47.0)+Gecko/20100101+Firefox/47.0 - 200 0 0 15
2016-08-11 01:50:24 ::1 GET /index.php - 5300 LAPTOP\stephanie ::1 Mozilla/5.0+(Windows+NT+6.3;+WOW64;+rv:47.0)+Gecko/20100101+Firefox/47.0 - 200 0 0 15
2016-08-11 01:51:00 ::1 GET /index.php - 5300 LAPTOP\stephanie ::1 Mozilla/5.0+(Windows+NT+6.3;+WOW64;+rv:47.0)+Gecko/20100101+Firefox/47.0 - 500 0 0 78
2016-08-11 01:51:02 ::1 GET /index.php - 5300 LAPTOP\stephanie ::1 Mozilla/5.0+(Windows+NT+6.3;+WOW64;+rv:47.0)+Gecko/20100101+Firefox/47.0 - 500 0 0 187
2016-08-11 01:51:22 ::1 GET /index.php - 5300 LAPTOP\stephanie ::1 Mozilla/5.0+(Windows+NT+6.3;+WOW64;+rv:47.0)+Gecko/20100101+Firefox/47.0 - 500 0 0 0
2016-08-11 01:51:30 ::1 GET /index.php - 5300 LAPTOP\stephanie ::1 Mozilla/5.0+(Windows+NT+6.3;+WOW64;+rv:47.0)+Gecko/20100101+Firefox/47.0 - 500 0 0 0
2016-08-11 01:51:40 ::1 GET /index.php - 5300 LAPTOP\stephanie ::1 Mozilla/5.0+(Windows+NT+6.3;+WOW64;+rv:47.0)+Gecko/20100101+Firefox/47.0 - 500 0 0 0
2016-08-11 01:51:42 ::1 GET /index.php - 5300 LAPTOP\stephanie ::1 Mozilla/5.0+(Windows+NT+6.3;+WOW64;+rv:47.0)+Gecko/20100101+Firefox/47.0 - 500 0 0 62
2016-08-11 01:51:44 ::1 GET /index.php - 5300 - ::1 Mozilla/5.0+(Windows+NT+6.3;+WOW64;+rv:47.0)+Gecko/20100101+Firefox/47.0 - 401 2 5 0
2016-08-11 01:51:44 ::1 GET /index.php - 5300 LAPTOP\stephanie ::1 Mozilla/5.0+(Windows+NT+6.3;+WOW64;+rv:47.0)+Gecko/20100101+Firefox/47.0 - 500 0 0 15
2016-08-11 01:52:21 ::1 GET /index.php - 5300 LAPTOP\stephanie ::1 Mozilla/5.0+(Windows+NT+6.3;+WOW64;+rv:47.0)+Gecko/20100101+Firefox/47.0 - 200 0 0 78
2016-08-11 01:52:54 ::1 GET /index.php - 5300 LAPTOP\stephanie ::1 Mozilla/5.0+(Windows+NT+6.3;+WOW64;+rv:47.0)+Gecko/20100101+Firefox/47.0 - 302 0 0 140
2016-08-11 01:52:54 ::1 GET /db_selector/ - 5300 LAPTOP\stephanie ::1 Mozilla/5.0+(Windows+NT+6.3;+WOW64;+rv:47.0)+Gecko/20100101+Firefox/47.0 - 200 0 0 140
2016-08-11 01:52:54 ::1 GET /js/jquery.form.js - 5300 - ::1 Mozilla/5.0+(Windows+NT+6.3;+WOW64;+rv:47.0)+Gecko/20100101+Firefox/47.0 http://localhost:5300/db_selector/ 401 2 5 0
2016-08-11 01:52:54 ::1 GET /db_selector/js/javascript.js - 5300 - ::1 Mozilla/5.0+(Windows+NT+6.3;+WOW64;+rv:47.0)+Gecko/20100101+Firefox/47.0 http://localhost:5300/db_selector/ 401 2 5 0
2016-08-11 01:52:54 ::1 GET /js/jquery.cookie.js - 5300 - ::1 Mozilla/5.0+(Windows+NT+6.3;+WOW64;+rv:47.0)+Gecko/20100101+Firefox/47.0 http://localhost:5300/db_selector/ 401 2 5 0
2016-08-11 01:52:54 ::1 GET /js/jquery.showMessage.js - 5300 - ::1 Mozilla/5.0+(Windows+NT+6.3;+WOW64;+rv:47.0)+Gecko/20100101+Firefox/47.0 http://localhost:5300/db_selector/ 401 2 5 0
2016-08-11 01:52:54 ::1 GET /db_selector/css/stylesheet.css - 5300 LAPTOP\stephanie ::1 Mozilla/5.0+(Windows+NT+6.3;+WOW64;+rv:47.0)+Gecko/20100101+Firefox/47.0 http://localhost:5300/db_selector/ 200 0 0 62
2016-08-11 01:52:54 ::1 GET /db_selector/js/javascript.js - 5300 LAPTOP\stephanie ::1 Mozilla/5.0+(Windows+NT+6.3;+WOW64;+rv:47.0)+Gecko/20100101+Firefox/47.0 http://localhost:5300/db_selector/ 200 0 0 31
2016-08-11 01:52:54 ::1 GET /js/jquery.showMessage.js - 5300 LAPTOP\stephanie ::1 Mozilla/5.0+(Windows+NT+6.3;+WOW64;+rv:47.0)+Gecko/20100101+Firefox/47.0 http://localhost:5300/db_selector/ 200 0 0 46
2016-08-11 01:52:54 ::1 GET /js/jquery.cookie.js - 5300 LAPTOP\stephanie ::1 Mozilla/5.0+(Windows+NT+6.3;+WOW64;+rv:47.0)+Gecko/20100101+Firefox/47.0 http://localhost:5300/db_selector/ 200 0 0 156
2016-08-11 01:52:54 ::1 GET /js/jquery.form.js - 5300 LAPTOP\stephanie ::1 Mozilla/5.0+(Windows+NT+6.3;+WOW64;+rv:47.0)+Gecko/20100101+Firefox/47.0 http://localhost:5300/db_selector/ 200 0 0 171
2016-08-11 01:52:56 ::1 GET /images/edit.jpg - 5300 LAPTOP\stephanie ::1 Mozilla/5.0+(Windows+NT+6.3;+WOW64;+rv:47.0)+Gecko/20100101+Firefox/47.0 http://localhost:5300/db_selector/ 404 0 2 0
2016-08-11 01:52:56 ::1 GET /db_selector/ - 5300 LAPTOP\stephanie ::1 Mozilla/5.0+(Windows+NT+6.3;+WOW64;+rv:47.0)+Gecko/20100101+Firefox/47.0 - 200 0 0 0
2016-08-11 01:52:59 ::1 GET /images/edit.jpg - 5300 LAPTOP\stephanie ::1 Mozilla/5.0+(Windows+NT+6.3;+WOW64;+rv:47.0)+Gecko/20100101+Firefox/47.0 http://localhost:5300/db_selector/ 404 0 2 31
2016-08-11 01:52:59 ::1 GET /images/edit.jpg - 5300 LAPTOP\stephanie ::1 Mozilla/5.0+(Windows+NT+6.3;+WOW64;+rv:47.0)+Gecko/20100101+Firefox/47.0 http://localhost:5300/db_selector/ 404 0 2 0
2016-08-11 01:53:04 ::1 GET / - 5300 LAPTOP\stephanie ::1 Mozilla/5.0+(Windows+NT+6.3;+WOW64;+rv:47.0)+Gecko/20100101+Firefox/47.0 - 302 0 0 93
2016-08-11 01:53:04 ::1 GET /db_selector/ - 5300 LAPTOP\stephanie ::1 Mozilla/5.0+(Windows+NT+6.3;+WOW64;+rv:47.0)+Gecko/20100101+Firefox/47.0 - 200 0 0 0
2016-08-11 01:53:04 ::1 GET /images/edit.jpg - 5300 LAPTOP\stephanie ::1 Mozilla/5.0+(Windows+NT+6.3;+WOW64;+rv:47.0)+Gecko/20100101+Firefox/47.0 http://localhost:5300/db_selector/ 404 0 2 0
2016-08-11 01:53:04 ::1 GET /images/edit.jpg - 5300 LAPTOP\stephanie ::1 Mozilla/5.0+(Windows+NT+6.3;+WOW64;+rv:47.0)+Gecko/20100101+Firefox/47.0 http://localhost:5300/db_selector/ 404 0 2 0
2016-08-11 01:53:09 ::1 GET /index.php - 5300 LAPTOP\stephanie ::1 Mozilla/5.0+(Windows+NT+6.3;+WOW64;+rv:47.0)+Gecko/20100101+Firefox/47.0 - 302 0 0 0
2016-08-11 01:53:09 ::1 GET /db_selector/ - 5300 LAPTOP\stephanie ::1 Mozilla/5.0+(Windows+NT+6.3;+WOW64;+rv:47.0)+Gecko/20100101+Firefox/47.0 - 200 0 0 0
2016-08-11 01:53:09 ::1 GET /images/edit.jpg - 5300 LAPTOP\stephanie ::1 Mozilla/5.0+(Windows+NT+6.3;+WOW64;+rv:47.0)+Gecko/20100101+Firefox/47.0 http://localhost:5300/db_selector/ 404 0 2 0
2016-08-11 01:53:09 ::1 GET /images/edit.jpg - 5300 LAPTOP\stephanie ::1 Mozilla/5.0+(Windows+NT+6.3;+WOW64;+rv:47.0)+Gecko/20100101+Firefox/47.0 http://localhost:5300/db_selector/ 404 0 2 0
2016-08-11 01:53:22 ::1 GET /db_selector/ - 5300 LAPTOP\stephanie ::1 Mozilla/5.0+(Windows+NT+6.3;+WOW64;+rv:47.0)+Gecko/20100101+Firefox/47.0 - 200 0 0 0
2016-08-11 01:53:22 ::1 GET /images/edit.jpg - 5300 LAPTOP\stephanie ::1 Mozilla/5.0+(Windows+NT+6.3;+WOW64;+rv:47.0)+Gecko/20100101+Firefox/47.0 http://localhost:5300/db_selector/ 404 0 2 0
2016-08-11 01:53:22 ::1 GET /images/edit.jpg - 5300 LAPTOP\stephanie ::1 Mozilla/5.0+(Windows+NT+6.3;+WOW64;+rv:47.0)+Gecko/20100101+Firefox/47.0 http://localhost:5300/db_selector/ 404 0 2 0
2016-08-11 01:53:34 ::1 GET /db_selector/ - 5300 LAPTOP\stephanie ::1 Mozilla/5.0+(Windows+NT+6.3;+WOW64;+rv:47.0)+Gecko/20100101+Firefox/47.0 - 200 0 0 0
2016-08-11 01:53:34 ::1 GET /images/edit.jpg - 5300 LAPTOP\stephanie ::1 Mozilla/5.0+(Windows+NT+6.3;+WOW64;+rv:47.0)+Gecko/20100101+Firefox/47.0 http://localhost:5300/db_selector/ 404 0 2 15
2016-08-11 01:53:34 ::1 GET /images/edit.jpg - 5300 LAPTOP\stephanie ::1 Mozilla/5.0+(Windows+NT+6.3;+WOW64;+rv:47.0)+Gecko/20100101+Firefox/47.0 http://localhost:5300/db_selector/ 404 0 2 0
2016-08-11 01:53:36 ::1 GET /db_selector/ - 5300 LAPTOP\stephanie ::1 Mozilla/5.0+(Windows+NT+6.3;+WOW64;+rv:47.0)+Gecko/20100101+Firefox/47.0 - 200 0 0 0
2016-08-11 01:53:36 ::1 GET /images/edit.jpg - 5300 LAPTOP\stephanie ::1 Mozilla/5.0+(Windows+NT+6.3;+WOW64;+rv:47.0)+Gecko/20100101+Firefox/47.0 http://localhost:5300/db_selector/ 404 0 2 15
2016-08-11 01:53:45 ::1 GET /index.php - 5300 LAPTOP\stephanie ::1 Mozilla/5.0+(Windows+NT+6.3;+WOW64;+rv:47.0)+Gecko/20100101+Firefox/47.0 - 200 0 0 15
2016-08-11 01:54:06 ::1 GET /index.php - 5300 LAPTOP\stephanie ::1 Mozilla/5.0+(Windows+NT+6.3;+WOW64;+rv:47.0)+Gecko/20100101+Firefox/47.0 - 200 0 0 0
2016-08-11 01:54:13 ::1 GET /index.php - 5300 LAPTOP\stephanie ::1 Mozilla/5.0+(Windows+NT+6.3;+WOW64;+rv:47.0)+Gecko/20100101+Firefox/47.0 - 200 0 0 0
2016-08-11 01:54:20 ::1 GET /index.php - 5300 LAPTOP\stephanie ::1 Mozilla/5.0+(Windows+NT+6.3;+WOW64;+rv:47.0)+Gecko/20100101+Firefox/47.0 - 200 0 0 0
2016-08-11 01:54:47 ::1 GET /index.php - 5300 LAPTOP\stephanie ::1 Mozilla/5.0+(Windows+NT+6.3;+WOW64;+rv:47.0)+Gecko/20100101+Firefox/47.0 - 302 0 0 46
2016-08-11 01:54:47 ::1 GET /db_selector/ - 5300 LAPTOP\stephanie ::1 Mozilla/5.0+(Windows+NT+6.3;+WOW64;+rv:47.0)+Gecko/20100101+Firefox/47.0 - 200 0 0 15
2016-08-11 01:54:47 ::1 GET /images/edit.jpg - 5300 LAPTOP\stephanie ::1 Mozilla/5.0+(Windows+NT+6.3;+WOW64;+rv:47.0)+Gecko/20100101+Firefox/47.0 http://localhost:5300/db_selector/ 404 0 2 0
2016-08-11 01:54:47 ::1 GET /images/edit.jpg - 5300 LAPTOP\stephanie ::1 Mozilla/5.0+(Windows+NT+6.3;+WOW64;+rv:47.0)+Gecko/20100101+Firefox/47.0 http://localhost:5300/db_selector/ 404 0 2 0
2016-08-11 01:55:16 ::1 GET /db_selector/ - 5300 LAPTOP\stephanie ::1 Mozilla/5.0+(Windows+NT+6.3;+WOW64;+rv:47.0)+Gecko/20100101+Firefox/47.0 - 200 0 0 0
2016-08-11 01:55:16 ::1 GET /images/edit.jpg - 5300 LAPTOP\stephanie ::1 Mozilla/5.0+(Windows+NT+6.3;+WOW64;+rv:47.0)+Gecko/20100101+Firefox/47.0 http://localhost:5300/db_selector/ 404 0 2 0
2016-08-11 01:55:16 ::1 GET /images/edit.jpg - 5300 LAPTOP\stephanie ::1 Mozilla/5.0+(Windows+NT+6.3;+WOW64;+rv:47.0)+Gecko/20100101+Firefox/47.0 http://localhost:5300/db_selector/ 404 0 2 0
2016-08-11 01:55:53 ::1 POST /db_selector/dependencies/post-selectDB.php - 5300 LAPTOP\stephanie ::1 Mozilla/5.0+(Windows+NT+6.3;+WOW64;+rv:47.0)+Gecko/20100101+Firefox/47.0 http://localhost:5300/db_selector/ 200 0 0 24579
2016-08-11 01:57:48 ::1 GET / - 5300 - ::1 Mozilla/5.0+(Windows+NT+6.3;+WOW64;+rv:47.0)+Gecko/20100101+Firefox/47.0 - 401 2 5 0
2016-08-11 01:57:48 ::1 GET / - 5300 LAPTOP\stephanie ::1 Mozilla/5.0+(Windows+NT+6.3;+WOW64;+rv:47.0)+Gecko/20100101+Firefox/47.0 - 302 0 0 46
2016-08-11 01:57:48 ::1 GET /db_selector/ - 5300 LAPTOP\stephanie ::1 Mozilla/5.0+(Windows+NT+6.3;+WOW64;+rv:47.0)+Gecko/20100101+Firefox/47.0 - 200 0 0 0
2016-08-11 01:57:48 ::1 GET /images/edit.jpg - 5300 LAPTOP\stephanie ::1 Mozilla/5.0+(Windows+NT+6.3;+WOW64;+rv:47.0)+Gecko/20100101+Firefox/47.0 http://localhost:5300/db_selector/ 404 0 2 15
2016-08-11 01:59:10 ::1 GET /db_selector/ - 5300 LAPTOP\stephanie ::1 Mozilla/5.0+(Windows+NT+6.3;+WOW64;+rv:47.0)+Gecko/20100101+Firefox/47.0 - 200 0 0 15
2016-08-11 01:59:10 ::1 GET /images/edit.jpg - 5300 LAPTOP\stephanie ::1 Mozilla/5.0+(Windows+NT+6.3;+WOW64;+rv:47.0)+Gecko/20100101+Firefox/47.0 http://localhost:5300/db_selector/ 404 0 2 31
2016-08-11 01:59:17 ::1 GET /db_selector/ - 5300 LAPTOP\stephanie ::1 Mozilla/5.0+(Windows+NT+6.3;+WOW64;+rv:47.0)+Gecko/20100101+Firefox/47.0 - 200 0 0 15
2016-08-11 01:59:17 ::1 GET /db_selector/css/stylesheet.css - 5300 LAPTOP\stephanie ::1 Mozilla/5.0+(Windows+NT+6.3;+WOW64;+rv:47.0)+Gecko/20100101+Firefox/47.0 http://localhost:5300/db_selector/ 304 0 0 15
2016-08-11 01:59:17 ::1 GET /js/jquery.cookie.js - 5300 - ::1 Mozilla/5.0+(Windows+NT+6.3;+WOW64;+rv:47.0)+Gecko/20100101+Firefox/47.0 http://localhost:5300/db_selector/ 401 2 5 0
2016-08-11 01:59:17 ::1 GET /js/jquery.showMessage.js - 5300 - ::1 Mozilla/5.0+(Windows+NT+6.3;+WOW64;+rv:47.0)+Gecko/20100101+Firefox/47.0 http://localhost:5300/db_selector/ 401 2 5 0
2016-08-11 01:59:17 ::1 GET /db_selector/js/javascript.js - 5300 - ::1 Mozilla/5.0+(Windows+NT+6.3;+WOW64;+rv:47.0)+Gecko/20100101+Firefox/47.0 http://localhost:5300/db_selector/ 401 2 5 0
2016-08-11 01:59:17 ::1 GET /js/jquery.form.js - 5300 - ::1 Mozilla/5.0+(Windows+NT+6.3;+WOW64;+rv:47.0)+Gecko/20100101+Firefox/47.0 http://localhost:5300/db_selector/ 401 2 5 0
2016-08-11 01:59:17 ::1 GET /images/edit.jpg - 5300 LAPTOP\stephanie ::1 Mozilla/5.0+(Windows+NT+6.3;+WOW64;+rv:47.0)+Gecko/20100101+Firefox/47.0 http://localhost:5300/db_selector/ 404 0 2 15
2016-08-11 01:59:17 ::1 GET /db_selector/js/javascript.js - 5300 LAPTOP\stephanie ::1 Mozilla/5.0+(Windows+NT+6.3;+WOW64;+rv:47.0)+Gecko/20100101+Firefox/47.0 http://localhost:5300/db_selector/ 304 0 0 15
2016-08-11 01:59:17 ::1 GET /js/jquery.form.js - 5300 LAPTOP\stephanie ::1 Mozilla/5.0+(Windows+NT+6.3;+WOW64;+rv:47.0)+Gecko/20100101+Firefox/47.0 http://localhost:5300/db_selector/ 304 0 0 31
2016-08-11 01:59:17 ::1 GET /js/jquery.cookie.js - 5300 LAPTOP\stephanie ::1 Mozilla/5.0+(Windows+NT+6.3;+WOW64;+rv:47.0)+Gecko/20100101+Firefox/47.0 http://localhost:5300/db_selector/ 304 0 0 46
2016-08-11 01:59:17 ::1 GET /js/jquery.showMessage.js - 5300 LAPTOP\stephanie ::1 Mozilla/5.0+(Windows+NT+6.3;+WOW64;+rv:47.0)+Gecko/20100101+Firefox/47.0 http://localhost:5300/db_selector/ 304 0 0 46
2016-08-11 01:59:17 ::1 GET /images/edit.jpg - 5300 LAPTOP\stephanie ::1 Mozilla/5.0+(Windows+NT+6.3;+WOW64;+rv:47.0)+Gecko/20100101+Firefox/47.0 http://localhost:5300/db_selector/ 404 0 2 15
2016-08-11 01:59:18 ::1 GET /db_selector/ - 5300 LAPTOP\stephanie ::1 Mozilla/5.0+(Windows+NT+6.3;+WOW64;+rv:47.0)+Gecko/20100101+Firefox/47.0 - 200 0 0 15
2016-08-11 01:59:18 ::1 GET /js/jquery.form.js - 5300 LAPTOP\stephanie ::1 Mozilla/5.0+(Windows+NT+6.3;+WOW64;+rv:47.0)+Gecko/20100101+Firefox/47.0 http://localhost:5300/db_selector/ 304 0 0 0
2016-08-11 01:59:18 ::1 GET /db_selector/js/javascript.js - 5300 LAPTOP\stephanie ::1 Mozilla/5.0+(Windows+NT+6.3;+WOW64;+rv:47.0)+Gecko/20100101+Firefox/47.0 http://localhost:5300/db_selector/ 304 0 0 0
2016-08-11 01:59:18 ::1 GET /js/jquery.showMessage.js - 5300 LAPTOP\stephanie ::1 Mozilla/5.0+(Windows+NT+6.3;+WOW64;+rv:47.0)+Gecko/20100101+Firefox/47.0 http://localhost:5300/db_selector/ 304 0 0 15
2016-08-11 01:59:18 ::1 GET /js/jquery.cookie.js - 5300 LAPTOP\stephanie ::1 Mozilla/5.0+(Windows+NT+6.3;+WOW64;+rv:47.0)+Gecko/20100101+Firefox/47.0 http://localhost:5300/db_selector/ 304 0 0 15
2016-08-11 01:59:18 ::1 GET /db_selector/css/stylesheet.css - 5300 LAPTOP\stephanie ::1 Mozilla/5.0+(Windows+NT+6.3;+WOW64;+rv:47.0)+Gecko/20100101+Firefox/47.0 http://localhost:5300/db_selector/ 304 0 0 15
2016-08-11 01:59:18 ::1 GET /images/edit.jpg - 5300 LAPTOP\stephanie ::1 Mozilla/5.0+(Windows+NT+6.3;+WOW64;+rv:47.0)+Gecko/20100101+Firefox/47.0 http://localhost:5300/db_selector/ 404 0 2 15
2016-08-11 01:59:18 ::1 GET /images/edit.jpg - 5300 LAPTOP\stephanie ::1 Mozilla/5.0+(Windows+NT+6.3;+WOW64;+rv:47.0)+Gecko/20100101+Firefox/47.0 http://localhost:5300/db_selector/ 404 0 2 15
2016-08-11 02:00:28 ::1 GET / - 5300 LAPTOP\stephanie ::1 Mozilla/5.0+(Windows+NT+6.3;+WOW64;+rv:47.0)+Gecko/20100101+Firefox/47.0 - 302 0 0 0
2016-08-11 02:00:28 ::1 GET /db_selector/ - 5300 LAPTOP\stephanie ::1 Mozilla/5.0+(Windows+NT+6.3;+WOW64;+rv:47.0)+Gecko/20100101+Firefox/47.0 - 200 0 0 15
2016-08-11 02:00:28 ::1 GET /images/edit.jpg - 5300 LAPTOP\stephanie ::1 Mozilla/5.0+(Windows+NT+6.3;+WOW64;+rv:47.0)+Gecko/20100101+Firefox/47.0 http://localhost:5300/db_selector/ 404 0 2 0
2016-08-11 02:00:28 ::1 GET /images/edit.jpg - 5300 LAPTOP\stephanie ::1 Mozilla/5.0+(Windows+NT+6.3;+WOW64;+rv:47.0)+Gecko/20100101+Firefox/47.0 http://localhost:5300/db_selector/ 404 0 2 0
2016-08-11 02:00:48 ::1 GET /db_selector/ - 5300 LAPTOP\stephanie ::1 Mozilla/5.0+(Windows+NT+6.3;+WOW64;+rv:47.0)+Gecko/20100101+Firefox/47.0 - 200 0 0 15
2016-08-11 02:00:48 ::1 GET /images/edit.jpg - 5300 LAPTOP\stephanie ::1 Mozilla/5.0+(Windows+NT+6.3;+WOW64;+rv:47.0)+Gecko/20100101+Firefox/47.0 http://localhost:5300/db_selector/ 404 0 2 31
2016-08-11 02:01:09 ::1 POST /db_selector/dependencies/post-selectDB.php - 5300 LAPTOP\stephanie ::1 Mozilla/5.0+(Windows+NT+6.3;+WOW64;+rv:47.0)+Gecko/20100101+Firefox/47.0 http://localhost:5300/db_selector/ 200 0 64 18625
2016-08-11 02:01:09 ::1 GET /db_selector/ - 5300 LAPTOP\stephanie ::1 Mozilla/5.0+(Windows+NT+6.3;+WOW64;+rv:47.0)+Gecko/20100101+Firefox/47.0 - 200 0 0 796
2016-08-11 02:01:09 ::1 GET /images/edit.jpg - 5300 LAPTOP\stephanie ::1 Mozilla/5.0+(Windows+NT+6.3;+WOW64;+rv:47.0)+Gecko/20100101+Firefox/47.0 http://localhost:5300/db_selector/ 404 0 2 0
2016-08-11 02:01:09 ::1 GET /images/edit.jpg - 5300 LAPTOP\stephanie ::1 Mozilla/5.0+(Windows+NT+6.3;+WOW64;+rv:47.0)+Gecko/20100101+Firefox/47.0 http://localhost:5300/db_selector/ 404 0 2 0
2016-08-11 02:01:32 ::1 POST /db_selector/dependencies/post-selectDB.php - 5300 LAPTOP\stephanie ::1 Mozilla/5.0+(Windows+NT+6.3;+WOW64;+rv:47.0)+Gecko/20100101+Firefox/47.0 http://localhost:5300/db_selector/ 200 0 0 18711
2016-08-11 02:02:08 ::1 GET / - 5300 LAPTOP\stephanie ::1 Mozilla/5.0+(Windows+NT+6.3;+WOW64;+rv:47.0)+Gecko/20100101+Firefox/47.0 - 302 0 0 15
2016-08-11 02:02:08 ::1 GET /db_selector/ - 5300 LAPTOP\stephanie ::1 Mozilla/5.0+(Windows+NT+6.3;+WOW64;+rv:47.0)+Gecko/20100101+Firefox/47.0 - 200 0 0 0
2016-08-11 02:02:08 ::1 GET /images/edit.jpg - 5300 LAPTOP\stephanie ::1 Mozilla/5.0+(Windows+NT+6.3;+WOW64;+rv:47.0)+Gecko/20100101+Firefox/47.0 http://localhost:5300/db_selector/ 404 0 2 0
2016-08-11 02:02:08 ::1 GET /images/edit.jpg - 5300 LAPTOP\stephanie ::1 Mozilla/5.0+(Windows+NT+6.3;+WOW64;+rv:47.0)+Gecko/20100101+Firefox/47.0 http://localhost:5300/db_selector/ 404 0 2 0
2016-08-11 02:02:21 ::1 POST /db_selector/dependencies/post-selectDB.php - 5300 - ::1 Mozilla/5.0+(Windows+NT+6.3;+WOW64;+rv:47.0)+Gecko/20100101+Firefox/47.0 - 401 2 5 3
2016-08-11 02:02:31 ::1 POST /db_selector/dependencies/post-selectDB.php - 5300 LAPTOP\stephanie ::1 Mozilla/5.0+(Windows+NT+6.3;+WOW64;+rv:47.0)+Gecko/20100101+Firefox/47.0 http://localhost:5300/db_selector/ 200 0 0 19783
2016-08-11 02:02:53 ::1 POST /db_selector/dependencies/post-selectDB.php - 5300 LAPTOP\stephanie ::1 Mozilla/5.0+(Windows+NT+6.3;+WOW64;+rv:47.0)+Gecko/20100101+Firefox/47.0 - 200 0 0 31264
2016-08-11 02:02:53 ::1 GET / - 5300 LAPTOP\stephanie ::1 Mozilla/5.0+(Windows+NT+6.3;+WOW64;+rv:47.0)+Gecko/20100101+Firefox/47.0 - 302 0 0 1715
2016-08-11 02:02:53 ::1 GET /db_selector/ - 5300 LAPTOP\stephanie ::1 Mozilla/5.0+(Windows+NT+6.3;+WOW64;+rv:47.0)+Gecko/20100101+Firefox/47.0 - 200 0 0 8
2016-08-11 02:02:53 ::1 GET /images/edit.jpg - 5300 LAPTOP\stephanie ::1 Mozilla/5.0+(Windows+NT+6.3;+WOW64;+rv:47.0)+Gecko/20100101+Firefox/47.0 http://localhost:5300/db_selector/ 404 0 2 3
2016-08-11 02:02:53 ::1 GET /images/edit.jpg - 5300 LAPTOP\stephanie ::1 Mozilla/5.0+(Windows+NT+6.3;+WOW64;+rv:47.0)+Gecko/20100101+Firefox/47.0 http://localhost:5300/db_selector/ 404 0 2 3
2016-08-11 02:03:16 ::1 POST /db_selector/dependencies/post-selectDB.php - 5300 LAPTOP\stephanie ::1 Mozilla/5.0+(Windows+NT+6.3;+WOW64;+rv:47.0)+Gecko/20100101+Firefox/47.0 http://localhost:5300/db_selector/ 200 0 0 18555
2016-08-11 02:09:25 ::1 GET /db_selector/dependencies/post-selectDB.php - 5300 - ::1 Mozilla/5.0+(Windows+NT+6.3;+WOW64;+rv:47.0)+Gecko/20100101+Firefox/47.0 - 401 2 5 15
2016-08-11 02:09:25 ::1 GET /db_selector/dependencies/post-selectDB.php - 5300 LAPTOP\stephanie ::1 Mozilla/5.0+(Windows+NT+6.3;+WOW64;+rv:47.0)+Gecko/20100101+Firefox/47.0 - 500 0 0 15
2016-08-11 02:09:52 ::1 GET /db_selector/dependencies/post-selectDB.php - 5300 LAPTOP\stephanie ::1 Mozilla/5.0+(Windows+NT+6.3;+WOW64;+rv:47.0)+Gecko/20100101+Firefox/47.0 - 500 0 0 0
2016-08-11 02:10:11 ::1 GET /index.php - 5300 LAPTOP\stephanie ::1 Mozilla/5.0+(Windows+NT+6.3;+WOW64;+rv:47.0)+Gecko/20100101+Firefox/47.0 - 302 0 0 78
2016-08-11 02:10:11 ::1 GET /db_selector/ - 5300 LAPTOP\stephanie ::1 Mozilla/5.0+(Windows+NT+6.3;+WOW64;+rv:47.0)+Gecko/20100101+Firefox/47.0 - 200 0 0 0
2016-08-11 02:10:11 ::1 GET /images/edit.jpg - 5300 LAPTOP\stephanie ::1 Mozilla/5.0+(Windows+NT+6.3;+WOW64;+rv:47.0)+Gecko/20100101+Firefox/47.0 http://localhost:5300/db_selector/ 404 0 2 0
2016-08-11 02:10:11 ::1 GET /images/edit.jpg - 5300 LAPTOP\stephanie ::1 Mozilla/5.0+(Windows+NT+6.3;+WOW64;+rv:47.0)+Gecko/20100101+Firefox/47.0 http://localhost:5300/db_selector/ 404 0 2 0
2016-08-11 02:10:35 ::1 POST /db_selector/dependencies/post-selectDB.php - 5300 LAPTOP\stephanie ::1 Mozilla/5.0+(Windows+NT+6.3;+WOW64;+rv:47.0)+Gecko/20100101+Firefox/47.0 http://localhost:5300/db_selector/ 200 0 0 18679
2016-08-11 02:11:21 ::1 GET / - 5300 LAPTOP\stephanie ::1 Mozilla/5.0+(Windows+NT+6.3;+WOW64;+rv:47.0)+Gecko/20100101+Firefox/47.0 - 302 0 0 78
2016-08-11 02:11:21 ::1 GET /db_selector/ - 5300 LAPTOP\stephanie ::1 Mozilla/5.0+(Windows+NT+6.3;+WOW64;+rv:47.0)+Gecko/20100101+Firefox/47.0 - 200 0 0 0
2016-08-11 02:11:21 ::1 GET /images/edit.jpg - 5300 LAPTOP\stephanie ::1 Mozilla/5.0+(Windows+NT+6.3;+WOW64;+rv:47.0)+Gecko/20100101+Firefox/47.0 http://localhost:5300/db_selector/ 404 0 2 0
2016-08-11 02:11:21 ::1 GET /images/edit.jpg - 5300 LAPTOP\stephanie ::1 Mozilla/5.0+(Windows+NT+6.3;+WOW64;+rv:47.0)+Gecko/20100101+Firefox/47.0 http://localhost:5300/db_selector/ 404 0 2 0
2016-08-11 02:11:43 ::1 POST /db_selector/dependencies/post-selectDB.php - 5300 - ::1 Mozilla/5.0+(Windows+NT+6.3;+WOW64;+rv:47.0)+Gecko/20100101+Firefox/47.0 http://localhost:5300/db_selector/ 401 2 5 0
2016-08-11 02:11:48 ::1 POST /db_selector/dependencies/post-selectDB.php - 5300 LAPTOP\stephanie ::1 Mozilla/5.0+(Windows+NT+6.3;+WOW64;+rv:47.0)+Gecko/20100101+Firefox/47.0 http://localhost:5300/db_selector/ 200 0 0 24078
2016-08-11 02:11:48 ::1 POST /db_selector/dependencies/post-selectDB.php - 5300 LAPTOP\stephanie ::1 Mozilla/5.0+(Windows+NT+6.3;+WOW64;+rv:47.0)+Gecko/20100101+Firefox/47.0 http://localhost:5300/db_selector/ 200 0 0 4265
2016-08-11 02:12:05 ::1 GET / - 5300 LAPTOP\stephanie ::1 Mozilla/5.0+(Windows+NT+6.3;+WOW64;+rv:47.0)+Gecko/20100101+Firefox/47.0 - 302 0 0 0
2016-08-11 02:12:05 ::1 GET /db_selector/ - 5300 LAPTOP\stephanie ::1 Mozilla/5.0+(Windows+NT+6.3;+WOW64;+rv:47.0)+Gecko/20100101+Firefox/47.0 - 200 0 0 0
2016-08-11 02:12:05 ::1 GET /images/edit.jpg - 5300 LAPTOP\stephanie ::1 Mozilla/5.0+(Windows+NT+6.3;+WOW64;+rv:47.0)+Gecko/20100101+Firefox/47.0 http://localhost:5300/db_selector/ 404 0 2 15
2016-08-11 02:12:05 ::1 GET /images/edit.jpg - 5300 LAPTOP\stephanie ::1 Mozilla/5.0+(Windows+NT+6.3;+WOW64;+rv:47.0)+Gecko/20100101+Firefox/47.0 http://localhost:5300/db_selector/ 404 0 2 0
2016-08-11 02:12:12 ::1 GET /db_selector/dependencies/ - 5300 LAPTOP\stephanie ::1 Mozilla/5.0+(Windows+NT+6.3;+WOW64;+rv:47.0)+Gecko/20100101+Firefox/47.0 - 403 14 0 156
2016-08-11 02:12:38 ::1 GET /db_selector/dependencies/post-selectDB.php - 5300 LAPTOP\stephanie ::1 Mozilla/5.0+(Windows+NT+6.3;+WOW64;+rv:47.0)+Gecko/20100101+Firefox/47.0 - 200 0 0 15
2016-08-11 02:12:46 ::1 GET /db_selector/ - 5300 - ::1 Mozilla/5.0+(Windows+NT+6.3;+WOW64;+rv:47.0)+Gecko/20100101+Firefox/47.0 - 401 2 5 9
2016-08-11 02:12:49 ::1 GET /db_selector/ - 5300 LAPTOP\stephanie ::1 Mozilla/5.0+(Windows+NT+6.3;+WOW64;+rv:47.0)+Gecko/20100101+Firefox/47.0 - 200 0 0 8
2016-08-11 02:12:49 ::1 GET /images/edit.jpg - 5300 LAPTOP\stephanie ::1 Mozilla/5.0+(Windows+NT+6.3;+WOW64;+rv:47.0)+Gecko/20100101+Firefox/47.0 http://localhost:5300/db_selector/ 404 0 2 1
2016-08-11 02:12:49 ::1 GET /images/edit.jpg - 5300 LAPTOP\stephanie ::1 Mozilla/5.0+(Windows+NT+6.3;+WOW64;+rv:47.0)+Gecko/20100101+Firefox/47.0 http://localhost:5300/db_selector/ 404 0 2 2
2016-08-11 02:12:53 ::1 POST /db_selector/dependencies/post-selectDB.php - 5300 LAPTOP\stephanie ::1 Mozilla/5.0+(Windows+NT+6.3;+WOW64;+rv:47.0)+Gecko/20100101+Firefox/47.0 http://localhost:5300/db_selector/ 200 0 0 3
2016-08-11 02:13:12 ::1 GET / - 5300 LAPTOP\stephanie ::1 Mozilla/5.0+(Windows+NT+6.3;+WOW64;+rv:47.0)+Gecko/20100101+Firefox/47.0 - 302 0 0 8
2016-08-11 02:13:12 ::1 GET /db_selector/ - 5300 LAPTOP\stephanie ::1 Mozilla/5.0+(Windows+NT+6.3;+WOW64;+rv:47.0)+Gecko/20100101+Firefox/47.0 - 200 0 0 8
2016-08-11 02:13:12 ::1 GET /images/edit.jpg - 5300 LAPTOP\stephanie ::1 Mozilla/5.0+(Windows+NT+6.3;+WOW64;+rv:47.0)+Gecko/20100101+Firefox/47.0 http://localhost:5300/db_selector/ 404 0 2 1
2016-08-11 02:13:12 ::1 GET /images/edit.jpg - 5300 LAPTOP\stephanie ::1 Mozilla/5.0+(Windows+NT+6.3;+WOW64;+rv:47.0)+Gecko/20100101+Firefox/47.0 http://localhost:5300/db_selector/ 404 0 2 1
2016-08-11 02:13:14 ::1 POST /db_selector/dependencies/post-selectDB.php - 5300 LAPTOP\stephanie ::1 Mozilla/5.0+(Windows+NT+6.3;+WOW64;+rv:47.0)+Gecko/20100101+Firefox/47.0 http://localhost:5300/db_selector/ 200 0 0 2
2016-08-11 02:13:36 ::1 GET / - 5300 LAPTOP\stephanie ::1 Mozilla/5.0+(Windows+NT+6.3;+WOW64;+rv:47.0)+Gecko/20100101+Firefox/47.0 - 302 0 0 5
2016-08-11 02:13:36 ::1 GET /db_selector/ - 5300 LAPTOP\stephanie ::1 Mozilla/5.0+(Windows+NT+6.3;+WOW64;+rv:47.0)+Gecko/20100101+Firefox/47.0 - 200 0 0 8
2016-08-11 02:13:36 ::1 GET /images/edit.jpg - 5300 LAPTOP\stephanie ::1 Mozilla/5.0+(Windows+NT+6.3;+WOW64;+rv:47.0)+Gecko/20100101+Firefox/47.0 http://localhost:5300/db_selector/ 404 0 2 1
2016-08-11 02:13:36 ::1 GET /images/edit.jpg - 5300 LAPTOP\stephanie ::1 Mozilla/5.0+(Windows+NT+6.3;+WOW64;+rv:47.0)+Gecko/20100101+Firefox/47.0 http://localhost:5300/db_selector/ 404 0 2 2
2016-08-11 02:14:05 ::1 GET /db_selector/ - 5300 LAPTOP\stephanie ::1 Mozilla/5.0+(Windows+NT+6.3;+WOW64;+rv:47.0)+Gecko/20100101+Firefox/47.0 - 200 0 0 7
2016-08-11 02:14:05 ::1 GET /images/edit.jpg - 5300 LAPTOP\stephanie ::1 Mozilla/5.0+(Windows+NT+6.3;+WOW64;+rv:47.0)+Gecko/20100101+Firefox/47.0 http://localhost:5300/db_selector/ 404 0 2 1
2016-08-11 02:14:05 ::1 GET /images/edit.jpg - 5300 LAPTOP\stephanie ::1 Mozilla/5.0+(Windows+NT+6.3;+WOW64;+rv:47.0)+Gecko/20100101+Firefox/47.0 http://localhost:5300/db_selector/ 404 0 2 1
2016-08-11 02:14:14 ::1 GET /db_selector/ - 5300 LAPTOP\stephanie ::1 Mozilla/5.0+(Windows+NT+6.3;+WOW64;+rv:47.0)+Gecko/20100101+Firefox/47.0 - 200 0 0 5
2016-08-11 02:14:21 ::1 GET /images/edit.jpg - 5300 LAPTOP\stephanie ::1 Mozilla/5.0+(Windows+NT+6.3;+WOW64;+rv:47.0)+Gecko/20100101+Firefox/47.0 http://localhost:5300/db_selector/ 404 0 2 0
2016-08-11 02:14:35 ::1 POST /db_selector/dependencies/post-selectDB.php - 5300 LAPTOP\stephanie ::1 Mozilla/5.0+(Windows+NT+6.3;+WOW64;+rv:47.0)+Gecko/20100101+Firefox/47.0 http://localhost:5300/db_selector/ 200 0 0 18563
2016-08-11 02:14:46 ::1 GET / - 5300 LAPTOP\stephanie ::1 Mozilla/5.0+(Windows+NT+6.3;+WOW64;+rv:47.0)+Gecko/20100101+Firefox/47.0 - 302 0 0 15
2016-08-11 02:14:46 ::1 GET /db_selector/ - 5300 LAPTOP\stephanie ::1 Mozilla/5.0+(Windows+NT+6.3;+WOW64;+rv:47.0)+Gecko/20100101+Firefox/47.0 - 200 0 0 15
2016-08-11 02:14:46 ::1 GET /images/edit.jpg - 5300 LAPTOP\stephanie ::1 Mozilla/5.0+(Windows+NT+6.3;+WOW64;+rv:47.0)+Gecko/20100101+Firefox/47.0 http://localhost:5300/db_selector/ 404 0 2 15
2016-08-11 02:14:46 ::1 GET /images/edit.jpg - 5300 LAPTOP\stephanie ::1 Mozilla/5.0+(Windows+NT+6.3;+WOW64;+rv:47.0)+Gecko/20100101+Firefox/47.0 http://localhost:5300/db_selector/ 404 0 2 0
2016-08-11 02:14:52 ::1 POST /db_selector/dependencies/post-selectDB.php - 5300 LAPTOP\stephanie ::1 Mozilla/5.0+(Windows+NT+6.3;+WOW64;+rv:47.0)+Gecko/20100101+Firefox/47.0 http://localhost:5300/db_selector/ 500 0 0 78
2016-08-11 02:15:32 ::1 POST /db_selector/dependencies/post-selectDB.php - 5300 LAPTOP\stephanie ::1 Mozilla/5.0+(Windows+NT+6.3;+WOW64;+rv:47.0)+Gecko/20100101+Firefox/47.0 http://localhost:5300/db_selector/ 500 0 0 31
2016-08-11 02:16:44 ::1 GET /db_selector/ - 5300 LAPTOP\stephanie ::1 Mozilla/5.0+(Windows+NT+6.3;+WOW64;+rv:47.0)+Gecko/20100101+Firefox/47.0 - 200 0 0 0
2016-08-11 02:16:53 ::1 GET / - 5300 LAPTOP\stephanie ::1 Mozilla/5.0+(Windows+NT+6.3;+WOW64;+rv:47.0)+Gecko/20100101+Firefox/47.0 - 302 0 0 0
2016-08-11 02:16:53 ::1 GET /db_selector/ - 5300 LAPTOP\stephanie ::1 Mozilla/5.0+(Windows+NT+6.3;+WOW64;+rv:47.0)+Gecko/20100101+Firefox/47.0 - 200 0 0 0
2016-08-11 02:16:57 ::1 POST /db_selector/dependencies/post-selectDB.php - 5300 LAPTOP\stephanie ::1 Mozilla/5.0+(Windows+NT+6.3;+WOW64;+rv:47.0)+Gecko/20100101+Firefox/47.0 http://localhost:5300/db_selector/ 500 0 0 62
2016-08-11 02:17:34 ::1 GET /db_selector/ - 5300 LAPTOP\stephanie ::1 Mozilla/5.0+(Windows+NT+6.3;+WOW64;+rv:47.0)+Gecko/20100101+Firefox/47.0 - 200 0 0 0
2016-08-11 02:17:40 ::1 GET / - 5300 LAPTOP\stephanie ::1 Mozilla/5.0+(Windows+NT+6.3;+WOW64;+rv:47.0)+Gecko/20100101+Firefox/47.0 - 302 0 0 15
2016-08-11 02:17:40 ::1 GET /db_selector/ - 5300 LAPTOP\stephanie ::1 Mozilla/5.0+(Windows+NT+6.3;+WOW64;+rv:47.0)+Gecko/20100101+Firefox/47.0 - 200 0 0 15
2016-08-11 02:17:48 ::1 GET /db_selector/ - 5300 LAPTOP\stephanie ::1 Mozilla/5.0+(Windows+NT+6.3;+WOW64;+rv:47.0)+Gecko/20100101+Firefox/47.0 - 200 0 0 15
2016-08-11 02:18:52 ::1 GET /db_selector/ - 5300 LAPTOP\stephanie ::1 Mozilla/5.0+(Windows+NT+6.3;+WOW64;+rv:47.0)+Gecko/20100101+Firefox/47.0 - 200 0 0 15
2016-08-11 02:18:54 ::1 POST /db_selector/dependencies/post-selectDB.php - 5300 LAPTOP\stephanie ::1 Mozilla/5.0+(Windows+NT+6.3;+WOW64;+rv:47.0)+Gecko/20100101+Firefox/47.0 http://localhost:5300/db_selector/ 500 0 0 78
2016-08-11 02:19:13 ::1 GET /db_selector/ - 5300 LAPTOP\stephanie ::1 Mozilla/5.0+(Windows+NT+6.3;+WOW64;+rv:47.0)+Gecko/20100101+Firefox/47.0 - 200 0 0 15
2016-08-11 02:19:15 ::1 GET /db_selector/ - 5300 LAPTOP\stephanie ::1 Mozilla/5.0+(Windows+NT+6.3;+WOW64;+rv:47.0)+Gecko/20100101+Firefox/47.0 - 200 0 0 0
2016-08-11 02:19:44 ::1 GET /db_selector/ - 5300 LAPTOP\stephanie ::1 Mozilla/5.0+(Windows+NT+6.3;+WOW64;+rv:47.0)+Gecko/20100101+Firefox/47.0 - 200 0 0 0
2016-08-11 02:20:04 ::1 GET /db_selector/ - 5300 LAPTOP\stephanie ::1 Mozilla/5.0+(Windows+NT+6.3;+WOW64;+rv:47.0)+Gecko/20100101+Firefox/47.0 - 200 0 0 15
2016-08-11 02:20:09 ::1 POST /db_selector/dependencies/post-selectDB.php - 5300 LAPTOP\stephanie ::1 Mozilla/5.0+(Windows+NT+6.3;+WOW64;+rv:47.0)+Gecko/20100101+Firefox/47.0 http://localhost:5300/db_selector/ 200 0 0 15
2016-08-11 02:20:34 ::1 GET / - 5300 LAPTOP\stephanie ::1 Mozilla/5.0+(Windows+NT+6.3;+WOW64;+rv:47.0)+Gecko/20100101+Firefox/47.0 - 302 0 0 0
2016-08-11 02:20:34 ::1 GET /db_selector/ - 5300 LAPTOP\stephanie ::1 Mozilla/5.0+(Windows+NT+6.3;+WOW64;+rv:47.0)+Gecko/20100101+Firefox/47.0 - 200 0 0 15
2016-08-11 02:20:36 ::1 POST /db_selector/dependencies/post-selectDB.php - 5300 LAPTOP\stephanie ::1 Mozilla/5.0+(Windows+NT+6.3;+WOW64;+rv:47.0)+Gecko/20100101+Firefox/47.0 http://localhost:5300/db_selector/ 500 0 0 78
2016-08-11 02:21:10 ::1 POST /db_selector/dependencies/post-selectDB.php - 5300 LAPTOP\stephanie ::1 Mozilla/5.0+(Windows+NT+6.3;+WOW64;+rv:47.0)+Gecko/20100101+Firefox/47.0 - 500 0 0 4
2016-08-11 02:21:11 ::1 GET /db_selector/dependencies/post-selectDB.php - 5300 LAPTOP\stephanie ::1 Mozilla/5.0+(Windows+NT+6.3;+WOW64;+rv:47.0)+Gecko/20100101+Firefox/47.0 - 500 0 0 4
2016-08-11 02:21:48 ::1 GET /db_selector/dependencies/post-selectDB.php - 5300 LAPTOP\stephanie ::1 Mozilla/5.0+(Windows+NT+6.3;+WOW64;+rv:47.0)+Gecko/20100101+Firefox/47.0 - 200 0 0 3
2016-08-11 02:23:08 ::1 GET /db_selector/dependencies/post-selectDB.php - 5300 LAPTOP\stephanie ::1 Mozilla/5.0+(Windows+NT+6.3;+WOW64;+rv:47.0)+Gecko/20100101+Firefox/47.0 - 200 0 0 125
2016-08-11 02:23:09 ::1 GET /db_selector/dependencies/post-selectDB.php - 5300 LAPTOP\stephanie ::1 Mozilla/5.0+(Windows+NT+6.3;+WOW64;+rv:47.0)+Gecko/20100101+Firefox/47.0 - 200 0 0 93
2016-08-11 02:26:59 ::1 GET /db_selector/ - 5300 - ::1 Mozilla/5.0+(Windows+NT+6.3;+WOW64;+rv:47.0)+Gecko/20100101+Firefox/47.0 - 401 2 5 0
2016-08-11 02:26:59 ::1 GET /db_selector/ - 5300 LAPTOP\stephanie ::1 Mozilla/5.0+(Windows+NT+6.3;+WOW64;+rv:47.0)+Gecko/20100101+Firefox/47.0 - 200 0 0 171
2016-08-11 02:26:59 ::1 GET /images/edit.jpg - 5300 LAPTOP\stephanie ::1 Mozilla/5.0+(Windows+NT+6.3;+WOW64;+rv:47.0)+Gecko/20100101+Firefox/47.0 http://localhost:5300/db_selector/ 404 0 2 0
2016-08-11 02:26:59 ::1 GET /images/edit.jpg - 5300 LAPTOP\stephanie ::1 Mozilla/5.0+(Windows+NT+6.3;+WOW64;+rv:47.0)+Gecko/20100101+Firefox/47.0 http://localhost:5300/db_selector/ 404 0 2 15
2016-08-11 02:27:09 ::1 GET / - 5300 LAPTOP\stephanie ::1 Mozilla/5.0+(Windows+NT+6.3;+WOW64;+rv:47.0)+Gecko/20100101+Firefox/47.0 - 302 0 0 15
2016-08-11 02:27:09 ::1 GET /db_selector/ - 5300 LAPTOP\stephanie ::1 Mozilla/5.0+(Windows+NT+6.3;+WOW64;+rv:47.0)+Gecko/20100101+Firefox/47.0 - 200 0 0 15
2016-08-11 02:27:15 ::1 POST /db_selector/dependencies/post-selectDB.php - 5300 LAPTOP\stephanie ::1 Mozilla/5.0+(Windows+NT+6.3;+WOW64;+rv:47.0)+Gecko/20100101+Firefox/47.0 http://localhost:5300/db_selector/ 200 0 0 62
2016-08-11 02:27:43 ::1 GET / - 5300 LAPTOP\stephanie ::1 Mozilla/5.0+(Windows+NT+6.3;+WOW64;+rv:47.0)+Gecko/20100101+Firefox/47.0 - 302 0 0 0
2016-08-11 02:27:43 ::1 GET /db_selector/ - 5300 LAPTOP\stephanie ::1 Mozilla/5.0+(Windows+NT+6.3;+WOW64;+rv:47.0)+Gecko/20100101+Firefox/47.0 - 200 0 0 0
2016-08-11 02:27:43 ::1 GET /images/edit.jpg - 5300 LAPTOP\stephanie ::1 Mozilla/5.0+(Windows+NT+6.3;+WOW64;+rv:47.0)+Gecko/20100101+Firefox/47.0 http://localhost:5300/db_selector/ 404 0 2 0
2016-08-11 02:27:43 ::1 GET /images/edit.jpg - 5300 LAPTOP\stephanie ::1 Mozilla/5.0+(Windows+NT+6.3;+WOW64;+rv:47.0)+Gecko/20100101+Firefox/47.0 http://localhost:5300/db_selector/ 404 0 2 0
2016-08-11 02:27:47 ::1 POST /db_selector/dependencies/post-selectDB.php - 5300 LAPTOP\stephanie ::1 Mozilla/5.0+(Windows+NT+6.3;+WOW64;+rv:47.0)+Gecko/20100101+Firefox/47.0 http://localhost:5300/db_selector/ 500 0 0 78
2016-08-11 02:28:01 ::1 GET /db_selector/dependencies/post-selectDB.php - 5300 LAPTOP\stephanie ::1 Mozilla/5.0+(Windows+NT+6.3;+WOW64;+rv:47.0)+Gecko/20100101+Firefox/47.0 - 500 0 0 0
2016-08-11 02:28:29 ::1 POST /db_selector/dependencies/post-selectDB.php - 5300 LAPTOP\stephanie ::1 Mozilla/5.0+(Windows+NT+6.3;+WOW64;+rv:47.0)+Gecko/20100101+Firefox/47.0 http://localhost:5300/db_selector/ 500 0 0 0
2016-08-11 02:28:35 ::1 POST /db_selector/dependencies/post-selectDB.php - 5300 LAPTOP\stephanie ::1 Mozilla/5.0+(Windows+NT+6.3;+WOW64;+rv:47.0)+Gecko/20100101+Firefox/47.0 - 500 0 0 3
2016-08-11 02:28:38 ::1 GET /db_selector/dependencies/post-selectDB.php - 5300 LAPTOP\stephanie ::1 Mozilla/5.0+(Windows+NT+6.3;+WOW64;+rv:47.0)+Gecko/20100101+Firefox/47.0 - 500 0 0 3
2016-08-11 02:29:28 ::1 GET /db_selector/dependencies/post-selectDB.php - 5300 LAPTOP\stephanie ::1 Mozilla/5.0+(Windows+NT+6.3;+WOW64;+rv:47.0)+Gecko/20100101+Firefox/47.0 - 500 0 0 3
2016-08-11 02:29:56 ::1 GET /db_selector/dependencies/post-selectDB.php - 5300 LAPTOP\stephanie ::1 Mozilla/5.0+(Windows+NT+6.3;+WOW64;+rv:47.0)+Gecko/20100101+Firefox/47.0 - 200 0 0 83
2016-08-11 02:30:09 ::1 GET /db_selector/ - 5300 LAPTOP\stephanie ::1 Mozilla/5.0+(Windows+NT+6.3;+WOW64;+rv:47.0)+Gecko/20100101+Firefox/47.0 - 200 0 0 15
2016-08-11 02:30:09 ::1 GET /images/edit.jpg - 5300 LAPTOP\stephanie ::1 Mozilla/5.0+(Windows+NT+6.3;+WOW64;+rv:47.0)+Gecko/20100101+Firefox/47.0 http://localhost:5300/db_selector/ 404 0 2 0
2016-08-11 02:30:09 ::1 GET /images/edit.jpg - 5300 LAPTOP\stephanie ::1 Mozilla/5.0+(Windows+NT+6.3;+WOW64;+rv:47.0)+Gecko/20100101+Firefox/47.0 http://localhost:5300/db_selector/ 404 0 2 0
2016-08-11 02:30:13 ::1 GET /db_selector/ - 5300 LAPTOP\stephanie ::1 Mozilla/5.0+(Windows+NT+6.3;+WOW64;+rv:47.0)+Gecko/20100101+Firefox/47.0 - 200 0 0 62
2016-08-11 02:30:16 ::1 POST /db_selector/dependencies/post-selectDB.php - 5300 LAPTOP\stephanie ::1 Mozilla/5.0+(Windows+NT+6.3;+WOW64;+rv:47.0)+Gecko/20100101+Firefox/47.0 http://localhost:5300/db_selector/ 200 0 0 15
2016-08-11 02:30:37 ::1 GET / - 5300 LAPTOP\stephanie ::1 Mozilla/5.0+(Windows+NT+6.3;+WOW64;+rv:47.0)+Gecko/20100101+Firefox/47.0 - 302 0 0 0
2016-08-11 02:30:37 ::1 GET /db_selector/ - 5300 LAPTOP\stephanie ::1 Mozilla/5.0+(Windows+NT+6.3;+WOW64;+rv:47.0)+Gecko/20100101+Firefox/47.0 - 200 0 0 0
2016-08-11 02:30:37 ::1 GET /images/edit.jpg - 5300 LAPTOP\stephanie ::1 Mozilla/5.0+(Windows+NT+6.3;+WOW64;+rv:47.0)+Gecko/20100101+Firefox/47.0 http://localhost:5300/db_selector/ 404 0 2 0
2016-08-11 02:30:37 ::1 GET /images/edit.jpg - 5300 LAPTOP\stephanie ::1 Mozilla/5.0+(Windows+NT+6.3;+WOW64;+rv:47.0)+Gecko/20100101+Firefox/47.0 http://localhost:5300/db_selector/ 404 0 2 0
2016-08-11 02:31:00 ::1 POST /db_selector/dependencies/post-selectDB.php - 5300 LAPTOP\stephanie ::1 Mozilla/5.0+(Windows+NT+6.3;+WOW64;+rv:47.0)+Gecko/20100101+Firefox/47.0 http://localhost:5300/db_selector/ 200 0 0 18051
2016-08-11 02:31:03 ::1 GET /db_selector/dependencies/post-selectDB.php btnSave=Select%20Instance&database=development.database.class.php 5300 LAPTOP\stephanie ::1 Mozilla/5.0+(Windows+NT+6.3;+WOW64;+rv:47.0)+Gecko/20100101+Firefox/47.0 - 200 0 0 65
2016-08-11 02:31:49 ::1 GET /db_selector/dependencies/post-selectDB.php btnSave=Select%20Instance&database=development.database.class.php 5300 LAPTOP\stephanie ::1 Mozilla/5.0+(Windows+NT+6.3;+WOW64;+rv:47.0)+Gecko/20100101+Firefox/47.0 - 200 0 0 17683
2016-08-11 02:32:01 ::1 GET /db_selector/dependencies/post-selectDB.php btnSave=Select%20Instance&database=development.database.class.php 5300 LAPTOP\stephanie ::1 Mozilla/5.0+(Windows+NT+6.3;+WOW64;+rv:47.0)+Gecko/20100101+Firefox/47.0 - 200 0 0 55
2016-08-11 02:32:28 ::1 GET /db_selector/dependencies/post-selectDB.php btnSave=Select%20Instance&database=development.database.class.php 5300 LAPTOP\stephanie ::1 Mozilla/5.0+(Windows+NT+6.3;+WOW64;+rv:47.0)+Gecko/20100101+Firefox/47.0 - 200 0 0 17588
2016-08-11 02:37:21 ::1 GET /db_selector/dependencies/post-selectDB.php btnSave=Select%20Instance&database=development.database.class.php 5300 - ::1 Mozilla/5.0+(Windows+NT+6.3;+WOW64;+rv:47.0)+Gecko/20100101+Firefox/47.0 - 401 2 5 0
2016-08-11 02:37:39 ::1 GET /db_selector/dependencies/post-selectDB.php btnSave=Select%20Instance&database=development.database.class.php 5300 LAPTOP\stephanie ::1 Mozilla/5.0+(Windows+NT+6.3;+WOW64;+rv:47.0)+Gecko/20100101+Firefox/47.0 - 200 0 0 17836
2016-08-11 02:38:16 ::1 GET /db_selector/dependencies/post-selectDB.php btnSave=Select%20Instance&database=development.database.class.php 5300 LAPTOP\stephanie ::1 Mozilla/5.0+(Windows+NT+6.3;+WOW64;+rv:47.0)+Gecko/20100101+Firefox/47.0 - 200 0 0 17861
2016-08-11 02:38:52 ::1 GET / - 5300 LAPTOP\stephanie ::1 Mozilla/5.0+(Windows+NT+6.3;+WOW64;+rv:47.0)+Gecko/20100101+Firefox/47.0 - 302 0 0 31
2016-08-11 02:38:52 ::1 GET /db_selector/ - 5300 LAPTOP\stephanie ::1 Mozilla/5.0+(Windows+NT+6.3;+WOW64;+rv:47.0)+Gecko/20100101+Firefox/47.0 - 200 0 0 0
2016-08-11 02:38:52 ::1 GET /images/edit.jpg - 5300 LAPTOP\stephanie ::1 Mozilla/5.0+(Windows+NT+6.3;+WOW64;+rv:47.0)+Gecko/20100101+Firefox/47.0 http://localhost:5300/db_selector/ 404 0 2 0
2016-08-11 02:38:52 ::1 GET /images/edit.jpg - 5300 LAPTOP\stephanie ::1 Mozilla/5.0+(Windows+NT+6.3;+WOW64;+rv:47.0)+Gecko/20100101+Firefox/47.0 http://localhost:5300/db_selector/ 404 0 2 0
2016-08-11 02:39:07 ::1 GET /db_selector/dependencies/post-selectDB.php btnSave=Select%20Instance&database=development.database.class.php 5300 - ::1 Mozilla/5.0+(Windows+NT+6.3;+WOW64;+rv:47.0)+Gecko/20100101+Firefox/47.0 - 401 2 5 6
2016-08-11 02:39:13 ::1 POST /db_selector/dependencies/post-selectDB.php - 5300 LAPTOP\stephanie ::1 Mozilla/5.0+(Windows+NT+6.3;+WOW64;+rv:47.0)+Gecko/20100101+Firefox/47.0 http://localhost:5300/db_selector/ 200 0 0 17721
2016-08-11 02:39:31 ::1 GET /db_selector/dependencies/post-selectDB.php btnSave=Select%20Instance&database=development.database.class.php 5300 LAPTOP\stephanie ::1 Mozilla/5.0+(Windows+NT+6.3;+WOW64;+rv:47.0)+Gecko/20100101+Firefox/47.0 - 200 0 0 23745
2016-08-11 02:40:34 ::1 GET / - 5300 LAPTOP\stephanie ::1 Mozilla/5.0+(Windows+NT+6.3;+WOW64;+rv:47.0)+Gecko/20100101+Firefox/47.0 - 302 0 0 6
2016-08-11 02:40:34 ::1 GET /db_selector/ - 5300 LAPTOP\stephanie ::1 Mozilla/5.0+(Windows+NT+6.3;+WOW64;+rv:47.0)+Gecko/20100101+Firefox/47.0 - 200 0 0 7
2016-08-11 02:40:34 ::1 GET /images/edit.jpg - 5300 LAPTOP\stephanie ::1 Mozilla/5.0+(Windows+NT+6.3;+WOW64;+rv:47.0)+Gecko/20100101+Firefox/47.0 http://localhost:5300/db_selector/ 404 0 2 0
2016-08-11 02:40:34 ::1 GET /images/edit.jpg - 5300 LAPTOP\stephanie ::1 Mozilla/5.0+(Windows+NT+6.3;+WOW64;+rv:47.0)+Gecko/20100101+Firefox/47.0 http://localhost:5300/db_selector/ 404 0 2 0
2016-08-11 02:40:55 ::1 POST /db_selector/dependencies/post-selectDB.php - 5300 LAPTOP\stephanie ::1 Mozilla/5.0+(Windows+NT+6.3;+WOW64;+rv:47.0)+Gecko/20100101+Firefox/47.0 http://localhost:5300/db_selector/ 200 0 0 17875
2016-08-11 02:41:13 ::1 GET /db_selector/dependencies/post-selectDB.php btnSave=Select%20Instance&database=development.database.class.php 5300 LAPTOP\stephanie ::1 Mozilla/5.0+(Windows+NT+6.3;+WOW64;+rv:47.0)+Gecko/20100101+Firefox/47.0 - 200 0 0 27719
2016-08-11 02:41:35 ::1 GET /db_selector/dependencies/post-selectDB.php btnSave=Select%20Instance&database=development.database.class.php 5300 LAPTOP\stephanie ::1 Mozilla/5.0+(Windows+NT+6.3;+WOW64;+rv:47.0)+Gecko/20100101+Firefox/47.0 - 200 0 0 62
2016-08-11 02:41:56 ::1 GET /db_selector/dependencies/post-selectDB.php btnSave=Select%20Instance&database=development.database.class.php 5300 LAPTOP\stephanie ::1 Mozilla/5.0+(Windows+NT+6.3;+WOW64;+rv:47.0)+Gecko/20100101+Firefox/47.0 - 200 0 0 15
2016-08-11 02:42:57 ::1 GET /db_selector/dependencies/post-selectDB.php btnSave=Select%20Instance&database=development.database.class.php 5300 LAPTOP\stephanie ::1 Mozilla/5.0+(Windows+NT+6.3;+WOW64;+rv:47.0)+Gecko/20100101+Firefox/47.0 - 200 0 0 17844
2016-08-11 02:45:18 ::1 GET /db_selector/dependencies/post-selectDB.php btnSave=Select%20Instance&database=development.database.class.php 5300 - ::1 Mozilla/5.0+(Windows+NT+6.3;+WOW64;+rv:47.0)+Gecko/20100101+Firefox/47.0 - 401 2 5 0
2016-08-11 02:45:35 ::1 GET /db_selector/dependencies/post-selectDB.php btnSave=Select%20Instance&database=development.database.class.php 5300 LAPTOP\stephanie ::1 Mozilla/5.0+(Windows+NT+6.3;+WOW64;+rv:47.0)+Gecko/20100101+Firefox/47.0 - 200 0 0 16811
2016-08-11 02:46:26 ::1 GET /db_selector/dependencies/post-selectDB.php btnSave=Select%20Instance&database=development.database.class.php 5300 LAPTOP\stephanie ::1 Mozilla/5.0+(Windows+NT+6.3;+WOW64;+rv:47.0)+Gecko/20100101+Firefox/47.0 - 200 0 0 21353
2016-08-11 02:46:56 fe80::1df3:92b0:d386:3f77%4 GET / - 5300 - fe80::1df3:92b0:d386:3f77%4 Mozilla/5.0+(Windows+NT+6.3;+WOW64;+rv:47.0)+Gecko/20100101+Firefox/47.0 - 401 2 5 8
2016-08-11 02:47:02 fe80::1df3:92b0:d386:3f77%4 GET / - 5300 LAPTOP\stephanie fe80::1df3:92b0:d386:3f77%4 Mozilla/5.0+(Windows+NT+6.3;+WOW64;+rv:47.0)+Gecko/20100101+Firefox/47.0 - 302 0 0 11
2016-08-11 02:47:02 fe80::1df3:92b0:d386:3f77%4 GET /db_selector/ - 5300 - fe80::1df3:92b0:d386:3f77%4 Mozilla/5.0+(Windows+NT+6.3;+WOW64;+rv:47.0)+Gecko/20100101+Firefox/47.0 - 401 2 5 7
2016-08-11 02:47:02 fe80::1df3:92b0:d386:3f77%4 GET /db_selector/ - 5300 LAPTOP\stephanie fe80::1df3:92b0:d386:3f77%4 Mozilla/5.0+(Windows+NT+6.3;+WOW64;+rv:47.0)+Gecko/20100101+Firefox/47.0 - 200 0 0 10
2016-08-11 02:47:02 fe80::1df3:92b0:d386:3f77%4 GET /js/jquery.cookie.js - 5300 - fe80::1df3:92b0:d386:3f77%4 Mozilla/5.0+(Windows+NT+6.3;+WOW64;+rv:47.0)+Gecko/20100101+Firefox/47.0 http://laptop:5300/db_selector/ 401 2 5 3
2016-08-11 02:47:02 fe80::1df3:92b0:d386:3f77%4 GET /js/jquery.showMessage.js - 5300 - fe80::1df3:92b0:d386:3f77%4 Mozilla/5.0+(Windows+NT+6.3;+WOW64;+rv:47.0)+Gecko/20100101+Firefox/47.0 http://laptop:5300/db_selector/ 401 2 5 1
2016-08-11 02:47:02 fe80::1df3:92b0:d386:3f77%4 GET /db_selector/js/javascript.js - 5300 - fe80::1df3:92b0:d386:3f77%4 Mozilla/5.0+(Windows+NT+6.3;+WOW64;+rv:47.0)+Gecko/20100101+Firefox/47.0 http://laptop:5300/db_selector/ 401 2 5 3
2016-08-11 02:47:02 fe80::1df3:92b0:d386:3f77%4 GET /db_selector/css/stylesheet.css - 5300 LAPTOP\stephanie fe80::1df3:92b0:d386:3f77%4 Mozilla/5.0+(Windows+NT+6.3;+WOW64;+rv:47.0)+Gecko/20100101+Firefox/47.0 http://laptop:5300/db_selector/ 200 0 0 36
2016-08-11 02:47:02 fe80::1df3:92b0:d386:3f77%4 GET /js/jquery.form.js - 5300 LAPTOP\stephanie fe80::1df3:92b0:d386:3f77%4 Mozilla/5.0+(Windows+NT+6.3;+WOW64;+rv:47.0)+Gecko/20100101+Firefox/47.0 http://laptop:5300/db_selector/ 200 0 0 33
2016-08-11 02:47:02 fe80::1df3:92b0:d386:3f77%4 GET /images/edit.jpg - 5300 LAPTOP\stephanie fe80::1df3:92b0:d386:3f77%4 Mozilla/5.0+(Windows+NT+6.3;+WOW64;+rv:47.0)+Gecko/20100101+Firefox/47.0 http://laptop:5300/db_selector/ 404 0 2 2
2016-08-11 02:47:02 fe80::1df3:92b0:d386:3f77%4 GET /js/jquery.cookie.js - 5300 LAPTOP\stephanie fe80::1df3:92b0:d386:3f77%4 Mozilla/5.0+(Windows+NT+6.3;+WOW64;+rv:47.0)+Gecko/20100101+Firefox/47.0 http://laptop:5300/db_selector/ 200 0 0 3
2016-08-11 02:47:02 fe80::1df3:92b0:d386:3f77%4 GET /db_selector/js/javascript.js - 5300 LAPTOP\stephanie fe80::1df3:92b0:d386:3f77%4 Mozilla/5.0+(Windows+NT+6.3;+WOW64;+rv:47.0)+Gecko/20100101+Firefox/47.0 http://laptop:5300/db_selector/ 200 0 0 9
2016-08-11 02:47:02 fe80::1df3:92b0:d386:3f77%4 GET /js/jquery.showMessage.js - 5300 LAPTOP\stephanie fe80::1df3:92b0:d386:3f77%4 Mozilla/5.0+(Windows+NT+6.3;+WOW64;+rv:47.0)+Gecko/20100101+Firefox/47.0 http://laptop:5300/db_selector/ 200 0 0 10
2016-08-11 02:47:02 fe80::1df3:92b0:d386:3f77%4 GET /images/edit.jpg - 5300 LAPTOP\stephanie fe80::1df3:92b0:d386:3f77%4 Mozilla/5.0+(Windows+NT+6.3;+WOW64;+rv:47.0)+Gecko/20100101+Firefox/47.0 http://laptop:5300/db_selector/ 404 0 2 7
2016-08-11 02:47:02 fe80::1df3:92b0:d386:3f77%4 GET /favicon.ico - 5300 LAPTOP\stephanie fe80::1df3:92b0:d386:3f77%4 Mozilla/5.0+(Windows+NT+6.3;+WOW64;+rv:47.0)+Gecko/20100101+Firefox/47.0 - 404 0 2 3
2016-08-11 02:47:02 fe80::1df3:92b0:d386:3f77%4 GET /favicon.ico - 5300 LAPTOP\stephanie fe80::1df3:92b0:d386:3f77%4 Mozilla/5.0+(Windows+NT+6.3;+WOW64;+rv:47.0)+Gecko/20100101+Firefox/47.0 - 404 0 2 3
2016-08-11 02:47:27 fe80::1df3:92b0:d386:3f77%4 POST /db_selector/dependencies/post-selectDB.php - 5300 LAPTOP\stephanie fe80::1df3:92b0:d386:3f77%4 Mozilla/5.0+(Windows+NT+6.3;+WOW64;+rv:47.0)+Gecko/20100101+Firefox/47.0 http://laptop:5300/db_selector/ 200 0 0 21367
2016-08-11 02:47:48 fe80::1df3:92b0:d386:3f77%4 POST /db_selector/dependencies/post-selectDB.php - 5300 LAPTOP\stephanie fe80::1df3:92b0:d386:3f77%4 Mozilla/5.0+(Windows+NT+6.3;+WOW64;+rv:47.0)+Gecko/20100101+Firefox/47.0 http://laptop:5300/db_selector/ 200 0 64 38269
2016-08-11 02:53:00 fe80::1df3:92b0:d386:3f77%4 GET / - 5300 - fe80::1df3:92b0:d386:3f77%4 Mozilla/5.0+(Windows+NT+6.3;+WOW64;+rv:47.0)+Gecko/20100101+Firefox/47.0 - 401 2 5 15
2016-08-11 02:53:00 fe80::1df3:92b0:d386:3f77%4 GET / - 5300 LAPTOP\stephanie fe80::1df3:92b0:d386:3f77%4 Mozilla/5.0+(Windows+NT+6.3;+WOW64;+rv:47.0)+Gecko/20100101+Firefox/47.0 - 302 0 0 15
2016-08-11 02:53:00 fe80::1df3:92b0:d386:3f77%4 GET /db_selector/ - 5300 LAPTOP\stephanie fe80::1df3:92b0:d386:3f77%4 Mozilla/5.0+(Windows+NT+6.3;+WOW64;+rv:47.0)+Gecko/20100101+Firefox/47.0 - 200 0 0 15
2016-08-11 02:53:00 fe80::1df3:92b0:d386:3f77%4 GET /images/edit.jpg - 5300 LAPTOP\stephanie fe80::1df3:92b0:d386:3f77%4 Mozilla/5.0+(Windows+NT+6.3;+WOW64;+rv:47.0)+Gecko/20100101+Firefox/47.0 http://laptop:5300/db_selector/ 404 0 2 0
2016-08-11 02:53:00 fe80::1df3:92b0:d386:3f77%4 GET /images/edit.jpg - 5300 LAPTOP\stephanie fe80::1df3:92b0:d386:3f77%4 Mozilla/5.0+(Windows+NT+6.3;+WOW64;+rv:47.0)+Gecko/20100101+Firefox/47.0 http://laptop:5300/db_selector/ 404 0 2 0
2016-08-11 02:53:05 fe80::1df3:92b0:d386:3f77%4 POST /db_selector/dependencies/post-selectDB.php - 5300 LAPTOP\stephanie fe80::1df3:92b0:d386:3f77%4 Mozilla/5.0+(Windows+NT+6.3;+WOW64;+rv:47.0)+Gecko/20100101+Firefox/47.0 http://laptop:5300/db_selector/ 200 0 0 15
2016-08-11 02:59:09 ::1 GET / - 5300 - ::1 Mozilla/5.0+(Windows+NT+6.3;+WOW64;+rv:47.0)+Gecko/20100101+Firefox/47.0 - 401 2 5 15
2016-08-11 02:59:09 ::1 GET / - 5300 LAPTOP\stephanie ::1 Mozilla/5.0+(Windows+NT+6.3;+WOW64;+rv:47.0)+Gecko/20100101+Firefox/47.0 - 302 0 0 0
2016-08-11 02:59:09 ::1 GET /db_selector/ - 5300 LAPTOP\stephanie ::1 Mozilla/5.0+(Windows+NT+6.3;+WOW64;+rv:47.0)+Gecko/20100101+Firefox/47.0 - 200 0 0 15
2016-08-11 02:59:09 ::1 GET /images/edit.jpg - 5300 LAPTOP\stephanie ::1 Mozilla/5.0+(Windows+NT+6.3;+WOW64;+rv:47.0)+Gecko/20100101+Firefox/47.0 http://localhost:5300/db_selector/ 404 0 2 0
2016-08-11 02:59:14 ::1 POST /db_selector/dependencies/post-selectDB.php - 5300 LAPTOP\stephanie ::1 Mozilla/5.0+(Windows+NT+6.3;+WOW64;+rv:47.0)+Gecko/20100101+Firefox/47.0 http://localhost:5300/db_selector/ 200 0 0 390
2016-08-11 02:59:50 ::1 GET / - 5300 LAPTOP\stephanie ::1 Mozilla/5.0+(Windows+NT+6.3;+WOW64;+rv:47.0)+Gecko/20100101+Firefox/47.0 - 302 0 0 0
2016-08-11 02:59:50 ::1 GET /db_selector/ - 5300 LAPTOP\stephanie ::1 Mozilla/5.0+(Windows+NT+6.3;+WOW64;+rv:47.0)+Gecko/20100101+Firefox/47.0 - 200 0 0 0
2016-08-11 02:59:50 ::1 GET /images/edit.jpg - 5300 LAPTOP\stephanie ::1 Mozilla/5.0+(Windows+NT+6.3;+WOW64;+rv:47.0)+Gecko/20100101+Firefox/47.0 http://localhost:5300/db_selector/ 404 0 2 0
2016-08-11 02:59:50 ::1 GET /images/edit.jpg - 5300 LAPTOP\stephanie ::1 Mozilla/5.0+(Windows+NT+6.3;+WOW64;+rv:47.0)+Gecko/20100101+Firefox/47.0 http://localhost:5300/db_selector/ 404 0 2 15
2016-08-11 02:59:54 ::1 POST /db_selector/dependencies/post-selectDB.php - 5300 LAPTOP\stephanie ::1 Mozilla/5.0+(Windows+NT+6.3;+WOW64;+rv:47.0)+Gecko/20100101+Firefox/47.0 http://localhost:5300/db_selector/ 200 0 0 453
2016-08-11 03:01:30 ::1 GET / - 5300 LAPTOP\stephanie ::1 Mozilla/5.0+(Windows+NT+6.3;+WOW64;+rv:47.0)+Gecko/20100101+Firefox/47.0 - 302 0 0 0
2016-08-11 03:01:30 ::1 GET /db_selector/ - 5300 LAPTOP\stephanie ::1 Mozilla/5.0+(Windows+NT+6.3;+WOW64;+rv:47.0)+Gecko/20100101+Firefox/47.0 - 200 0 0 0
2016-08-11 03:01:30 ::1 GET /images/edit.jpg - 5300 LAPTOP\stephanie ::1 Mozilla/5.0+(Windows+NT+6.3;+WOW64;+rv:47.0)+Gecko/20100101+Firefox/47.0 http://localhost:5300/db_selector/ 404 0 2 15
2016-08-11 03:01:30 ::1 GET /images/edit.jpg - 5300 LAPTOP\stephanie ::1 Mozilla/5.0+(Windows+NT+6.3;+WOW64;+rv:47.0)+Gecko/20100101+Firefox/47.0 http://localhost:5300/db_selector/ 404 0 2 0
2016-08-11 03:01:34 ::1 POST /db_selector/dependencies/post-selectDB.php - 5300 LAPTOP\stephanie ::1 Mozilla/5.0+(Windows+NT+6.3;+WOW64;+rv:47.0)+Gecko/20100101+Firefox/47.0 http://localhost:5300/db_selector/ 200 0 0 125
2016-08-11 03:03:45 ::1 GET /db_selector/ - 5300 - ::1 Mozilla/5.0+(Windows+NT+6.3;+WOW64;+rv:47.0)+Gecko/20100101+Firefox/47.0 - 401 2 5 0
2016-08-11 03:03:45 ::1 GET /db_selector/ - 5300 LAPTOP\stephanie ::1 Mozilla/5.0+(Windows+NT+6.3;+WOW64;+rv:47.0)+Gecko/20100101+Firefox/47.0 - 200 0 0 0
2016-08-11 03:03:55 ::1 GET / - 5300 LAPTOP\stephanie ::1 Mozilla/5.0+(Windows+NT+6.3;+WOW64;+rv:47.0)+Gecko/20100101+Firefox/47.0 - 200 0 0 0
2016-08-11 03:04:17 ::1 GET / - 5300 LAPTOP\stephanie ::1 Mozilla/5.0+(Windows+NT+6.3;+WOW64;+rv:47.0)+Gecko/20100101+Firefox/47.0 - 302 0 0 0
2016-08-11 03:04:17 ::1 GET /db_selector/ - 5300 LAPTOP\stephanie ::1 Mozilla/5.0+(Windows+NT+6.3;+WOW64;+rv:47.0)+Gecko/20100101+Firefox/47.0 - 200 0 0 0
2016-08-11 03:04:23 ::1 GET / - 5300 LAPTOP\stephanie ::1 Mozilla/5.0+(Windows+NT+6.3;+WOW64;+rv:47.0)+Gecko/20100101+Firefox/47.0 - 302 0 0 0
2016-08-11 03:04:23 ::1 GET /db_selector/ - 5300 LAPTOP\stephanie ::1 Mozilla/5.0+(Windows+NT+6.3;+WOW64;+rv:47.0)+Gecko/20100101+Firefox/47.0 - 200 0 0 15
2016-08-11 03:04:26 ::1 POST /db_selector/dependencies/post-selectDB.php - 5300 LAPTOP\stephanie ::1 Mozilla/5.0+(Windows+NT+6.3;+WOW64;+rv:47.0)+Gecko/20100101+Firefox/47.0 http://localhost:5300/db_selector/ 200 0 0 109
2016-08-11 03:12:23 ::1 GET /db_selector/ - 5300 - ::1 Mozilla/5.0+(Windows+NT+6.3;+WOW64;+rv:47.0)+Gecko/20100101+Firefox/47.0 - 401 2 5 15
2016-08-11 03:12:23 ::1 GET /db_selector/ - 5300 LAPTOP\stephanie ::1 Mozilla/5.0+(Windows+NT+6.3;+WOW64;+rv:47.0)+Gecko/20100101+Firefox/47.0 - 200 0 0 0
2016-08-11 03:12:24 ::1 POST /db_selector/dependencies/post-selectDB.php - 5300 LAPTOP\stephanie ::1 Mozilla/5.0+(Windows+NT+6.3;+WOW64;+rv:47.0)+Gecko/20100101+Firefox/47.0 http://localhost:5300/db_selector/ 200 0 0 124
2016-08-11 03:12:37 ::1 GET / - 5300 LAPTOP\stephanie ::1 Mozilla/5.0+(Windows+NT+6.3;+WOW64;+rv:47.0)+Gecko/20100101+Firefox/47.0 - 200 0 0 453
2016-08-11 03:12:37 ::1 GET /administration_agent/ - 5300 LAPTOP\stephanie ::1 Mozilla/5.0+(Windows+NT+6.3;+WOW64;+rv:47.0)+Gecko/20100101+Firefox/47.0 http://localhost:5300/ 404 0 2 0
2016-08-11 03:13:53 ::1 GET /administration_agent/ - 5300 LAPTOP\stephanie ::1 Mozilla/5.0+(Windows+NT+6.3;+WOW64;+rv:47.0)+Gecko/20100101+Firefox/47.0 - 500 0 0 0
2016-08-11 03:13:57 ::1 GET /administration_agent/ - 5300 LAPTOP\stephanie ::1 Mozilla/5.0+(Windows+NT+6.3;+WOW64;+rv:47.0)+Gecko/20100101+Firefox/47.0 - 500 0 0 15
2016-08-11 03:14:08 ::1 GET /administration_edit_permissios - 5300 LAPTOP\stephanie ::1 Mozilla/5.0+(Windows+NT+6.3;+WOW64;+rv:47.0)+Gecko/20100101+Firefox/47.0 - 404 0 2 62
2016-08-11 03:14:54 ::1 GET / - 5300 LAPTOP\stephanie ::1 Mozilla/5.0+(Windows+NT+6.3;+WOW64;+rv:47.0)+Gecko/20100101+Firefox/47.0 - 200 0 0 109
2016-08-11 03:14:54 ::1 GET /administration_agent/ - 5300 LAPTOP\stephanie ::1 Mozilla/5.0+(Windows+NT+6.3;+WOW64;+rv:47.0)+Gecko/20100101+Firefox/47.0 http://localhost:5300/ 200 0 0 46
2016-08-11 03:14:54 ::1 GET /administration_agent/css/stylesheet.css - 5300 - ::1 Mozilla/5.0+(Windows+NT+6.3;+WOW64;+rv:47.0)+Gecko/20100101+Firefox/47.0 http://localhost:5300/administration_agent/ 401 2 5 15
2016-08-11 03:14:54 ::1 GET /css/jquery-ui-1.8.16.custom.css - 5300 - ::1 Mozilla/5.0+(Windows+NT+6.3;+WOW64;+rv:47.0)+Gecko/20100101+Firefox/47.0 http://localhost:5300/administration_agent/ 401 2 5 0
2016-08-11 03:14:54 ::1 GET /js/jquery-ui-1.8.16.custom.min.js - 5300 - ::1 Mozilla/5.0+(Windows+NT+6.3;+WOW64;+rv:47.0)+Gecko/20100101+Firefox/47.0 http://localhost:5300/administration_agent/ 401 2 5 15
2016-08-11 03:14:54 ::1 GET /js/jquery.selectboxes.js - 5300 - ::1 Mozilla/5.0+(Windows+NT+6.3;+WOW64;+rv:47.0)+Gecko/20100101+Firefox/47.0 http://localhost:5300/administration_agent/ 401 2 5 15
2016-08-11 03:14:54 ::1 GET /js/tiny_mce/jquery.tinymce.js - 5300 - ::1 Mozilla/5.0+(Windows+NT+6.3;+WOW64;+rv:47.0)+Gecko/20100101+Firefox/47.0 http://localhost:5300/administration_agent/ 401 2 5 15
2016-08-11 03:14:54 ::1 GET /js/jquery.elastic.js - 5300 - ::1 Mozilla/5.0+(Windows+NT+6.3;+WOW64;+rv:47.0)+Gecko/20100101+Firefox/47.0 http://localhost:5300/administration_agent/ 401 2 5 15
2016-08-11 03:14:54 ::1 GET /js/jquery.confirm.js - 5300 - ::1 Mozilla/5.0+(Windows+NT+6.3;+WOW64;+rv:47.0)+Gecko/20100101+Firefox/47.0 http://localhost:5300/administration_agent/ 401 2 5 0
2016-08-11 03:14:54 ::1 GET /administration_agent/js/javascript.js - 5300 - ::1 Mozilla/5.0+(Windows+NT+6.3;+WOW64;+rv:47.0)+Gecko/20100101+Firefox/47.0 http://localhost:5300/administration_agent/ 401 2 5 15
2016-08-11 03:14:54 ::1 GET /administration_agent/css/jquery.confirm.css - 5300 LAPTOP\stephanie ::1 Mozilla/5.0+(Windows+NT+6.3;+WOW64;+rv:47.0)+Gecko/20100101+Firefox/47.0 http://localhost:5300/administration_agent/ 200 0 0 78
2016-08-11 03:14:54 ::1 GET /administration_agent/css/stylesheet.css - 5300 LAPTOP\stephanie ::1 Mozilla/5.0+(Windows+NT+6.3;+WOW64;+rv:47.0)+Gecko/20100101+Firefox/47.0 http://localhost:5300/administration_agent/ 200 0 0 0
2016-08-11 03:14:54 ::1 GET /css/jquery-ui-1.8.16.custom.css - 5300 LAPTOP\stephanie ::1 Mozilla/5.0+(Windows+NT+6.3;+WOW64;+rv:47.0)+Gecko/20100101+Firefox/47.0 http://localhost:5300/administration_agent/ 404 0 2 15
2016-08-11 03:14:55 ::1 GET /js/jquery.elastic.js - 5300 LAPTOP\stephanie ::1 Mozilla/5.0+(Windows+NT+6.3;+WOW64;+rv:47.0)+Gecko/20100101+Firefox/47.0 http://localhost:5300/administration_agent/ 200 0 0 437
2016-08-11 03:14:55 ::1 GET /js/jquery.confirm.js - 5300 LAPTOP\stephanie ::1 Mozilla/5.0+(Windows+NT+6.3;+WOW64;+rv:47.0)+Gecko/20100101+Firefox/47.0 http://localhost:5300/administration_agent/ 200 0 0 421
2016-08-11 03:14:55 ::1 GET /js/tiny_mce/jquery.tinymce.js - 5300 LAPTOP\stephanie ::1 Mozilla/5.0+(Windows+NT+6.3;+WOW64;+rv:47.0)+Gecko/20100101+Firefox/47.0 http://localhost:5300/administration_agent/ 200 0 0 531
2016-08-11 03:14:55 ::1 GET /js/jquery.selectboxes.js - 5300 LAPTOP\stephanie ::1 Mozilla/5.0+(Windows+NT+6.3;+WOW64;+rv:47.0)+Gecko/20100101+Firefox/47.0 http://localhost:5300/administration_agent/ 200 0 0 562
2016-08-11 03:14:55 ::1 GET /js/jquery-ui-1.8.16.custom.min.js - 5300 LAPTOP\stephanie ::1 Mozilla/5.0+(Windows+NT+6.3;+WOW64;+rv:47.0)+Gecko/20100101+Firefox/47.0 http://localhost:5300/administration_agent/ 200 0 0 578
2016-08-11 03:14:55 ::1 GET /administration_agent/js/javascript.js - 5300 LAPTOP\stephanie ::1 Mozilla/5.0+(Windows+NT+6.3;+WOW64;+rv:47.0)+Gecko/20100101+Firefox/47.0 http://localhost:5300/administration_agent/ 200 0 0 453
2016-08-11 03:14:55 ::1 GET /administration_agent/dependencies/get-selSupervisorId.php - 5300 LAPTOP\stephanie ::1 Mozilla/5.0+(Windows+NT+6.3;+WOW64;+rv:47.0)+Gecko/20100101+Firefox/47.0 http://localhost:5300/administration_agent/ 500 0 0 31
2016-08-11 03:14:55 ::1 GET /administration_agent/dependencies/get-selAgentId.php - 5300 LAPTOP\stephanie ::1 Mozilla/5.0+(Windows+NT+6.3;+WOW64;+rv:47.0)+Gecko/20100101+Firefox/47.0 http://localhost:5300/administration_agent/ 500 0 0 46
2016-08-11 03:15:22 ::1 GET /administration_agent/ - 5300 LAPTOP\stephanie ::1 Mozilla/5.0+(Windows+NT+6.3;+WOW64;+rv:47.0)+Gecko/20100101+Firefox/47.0 - 200 0 0 109
2016-08-11 03:15:22 ::1 GET /css/jquery-ui-1.8.16.custom.css - 5300 LAPTOP\stephanie ::1 Mozilla/5.0+(Windows+NT+6.3;+WOW64;+rv:47.0)+Gecko/20100101+Firefox/47.0 http://localhost:5300/administration_agent/ 404 0 2 15
2016-08-11 03:15:22 ::1 GET /administration_agent/dependencies/get-selAgentId.php - 5300 LAPTOP\stephanie ::1 Mozilla/5.0+(Windows+NT+6.3;+WOW64;+rv:47.0)+Gecko/20100101+Firefox/47.0 http://localhost:5300/administration_agent/ 500 0 0 109
2016-08-11 03:15:22 ::1 GET /administration_agent/dependencies/get-selSupervisorId.php - 5300 LAPTOP\stephanie ::1 Mozilla/5.0+(Windows+NT+6.3;+WOW64;+rv:47.0)+Gecko/20100101+Firefox/47.0 http://localhost:5300/administration_agent/ 500 0 0 109
2016-08-11 03:17:17 ::1 GET /administration_agent/ - 5300 LAPTOP\stephanie ::1 Mozilla/5.0+(Windows+NT+6.3;+WOW64;+rv:47.0)+Gecko/20100101+Firefox/47.0 - 500 0 0 0
2016-08-11 03:17:22 ::1 GET /administration_agent/ - 5300 LAPTOP\stephanie ::1 Mozilla/5.0+(Windows+NT+6.3;+WOW64;+rv:47.0)+Gecko/20100101+Firefox/47.0 - 500 0 0 0
2016-08-11 03:18:09 ::1 GET /administration_agent/ - 5300 LAPTOP\stephanie ::1 Mozilla/5.0+(Windows+NT+6.3;+WOW64;+rv:47.0)+Gecko/20100101+Firefox/47.0 - 500 0 0 15
2016-08-11 03:18:19 ::1 GET /administration_agent/ - 5300 LAPTOP\stephanie ::1 Mozilla/5.0+(Windows+NT+6.3;+WOW64;+rv:47.0)+Gecko/20100101+Firefox/47.0 - 500 0 0 0
2016-08-11 03:18:33 ::1 GET /administration_agent/ - 5300 LAPTOP\stephanie ::1 Mozilla/5.0+(Windows+NT+6.3;+WOW64;+rv:47.0)+Gecko/20100101+Firefox/47.0 - 500 0 0 0
2016-08-11 03:19:30 ::1 GET /administration_agent/ - 5300 LAPTOP\stephanie ::1 Mozilla/5.0+(Windows+NT+6.3;+WOW64;+rv:47.0)+Gecko/20100101+Firefox/47.0 - 500 0 0 0
2016-08-11 03:19:45 ::1 GET /administration_agent/ - 5300 LAPTOP\stephanie ::1 Mozilla/5.0+(Windows+NT+6.3;+WOW64;+rv:47.0)+Gecko/20100101+Firefox/47.0 - 200 0 0 31
2016-08-11 03:20:25 ::1 GET /administration_agent/ - 5300 LAPTOP\stephanie ::1 Mozilla/5.0+(Windows+NT+6.3;+WOW64;+rv:47.0)+Gecko/20100101+Firefox/47.0 - 200 0 0 15
2016-08-11 03:20:25 ::1 GET /css/jquery-ui-1.8.16.custom.css - 5300 LAPTOP\stephanie ::1 Mozilla/5.0+(Windows+NT+6.3;+WOW64;+rv:47.0)+Gecko/20100101+Firefox/47.0 http://localhost:5300/administration_agent/ 404 0 2 0
2016-08-11 03:20:25 ::1 GET /administration_agent/dependencies/get-selSupervisorId.php - 5300 - ::1 Mozilla/5.0+(Windows+NT+6.3;+WOW64;+rv:47.0)+Gecko/20100101+Firefox/47.0 http://localhost:5300/administration_agent/ 401 2 5 0
2016-08-11 03:20:25 ::1 GET /administration_agent/dependencies/get-selSupervisorId.php - 5300 LAPTOP\stephanie ::1 Mozilla/5.0+(Windows+NT+6.3;+WOW64;+rv:47.0)+Gecko/20100101+Firefox/47.0 http://localhost:5300/administration_agent/ 200 0 0 140
2016-08-11 03:20:26 ::1 GET /administration_agent/dependencies/get-selAgentId.php - 5300 LAPTOP\stephanie ::1 Mozilla/5.0+(Windows+NT+6.3;+WOW64;+rv:47.0)+Gecko/20100101+Firefox/47.0 http://localhost:5300/administration_agent/ 200 0 0 359
2016-08-11 03:20:31 ::1 GET /administration_agent/ - 5300 LAPTOP\stephanie ::1 Mozilla/5.0+(Windows+NT+6.3;+WOW64;+rv:47.0)+Gecko/20100101+Firefox/47.0 - 200 0 0 0
2016-08-11 03:20:31 ::1 GET /css/jquery-ui-1.8.16.custom.css - 5300 LAPTOP\stephanie ::1 Mozilla/5.0+(Windows+NT+6.3;+WOW64;+rv:47.0)+Gecko/20100101+Firefox/47.0 http://localhost:5300/administration_agent/ 404 0 2 0
2016-08-11 03:20:31 ::1 GET /administration_agent/dependencies/get-selSupervisorId.php - 5300 LAPTOP\stephanie ::1 Mozilla/5.0+(Windows+NT+6.3;+WOW64;+rv:47.0)+Gecko/20100101+Firefox/47.0 http://localhost:5300/administration_agent/ 200 0 0 125
2016-08-11 03:20:31 ::1 GET /administration_agent/dependencies/get-selAgentId.php - 5300 LAPTOP\stephanie ::1 Mozilla/5.0+(Windows+NT+6.3;+WOW64;+rv:47.0)+Gecko/20100101+Firefox/47.0 http://localhost:5300/administration_agent/ 200 0 0 171
2016-08-11 03:20:51 ::1 GET /administration_agent/ - 5300 LAPTOP\stephanie ::1 Mozilla/5.0+(Windows+NT+6.3;+WOW64;+rv:47.0)+Gecko/20100101+Firefox/47.0 - 200 0 0 46
2016-08-11 03:20:51 ::1 GET /css/jquery-ui-1.8.16.custom.css - 5300 LAPTOP\stephanie ::1 Mozilla/5.0+(Windows+NT+6.3;+WOW64;+rv:47.0)+Gecko/20100101+Firefox/47.0 http://localhost:5300/administration_agent/ 404 0 2 0
2016-08-11 03:20:51 ::1 GET /administration_agent/dependencies/get-selAgentId.php - 5300 LAPTOP\stephanie ::1 Mozilla/5.0+(Windows+NT+6.3;+WOW64;+rv:47.0)+Gecko/20100101+Firefox/47.0 http://localhost:5300/administration_agent/ 200 0 0 125
2016-08-11 03:20:51 ::1 GET /administration_agent/dependencies/get-selSupervisorId.php - 5300 LAPTOP\stephanie ::1 Mozilla/5.0+(Windows+NT+6.3;+WOW64;+rv:47.0)+Gecko/20100101+Firefox/47.0 http://localhost:5300/administration_agent/ 200 0 0 156
2016-08-11 03:21:05 ::1 GET /administration_agent/ - 5300 LAPTOP\stephanie ::1 Mozilla/5.0+(Windows+NT+6.3;+WOW64;+rv:47.0)+Gecko/20100101+Firefox/47.0 - 200 0 0 31
2016-08-11 03:21:05 ::1 GET /css/jquery-ui-1.8.16.custom.css - 5300 LAPTOP\stephanie ::1 Mozilla/5.0+(Windows+NT+6.3;+WOW64;+rv:47.0)+Gecko/20100101+Firefox/47.0 http://localhost:5300/administration_agent/ 404 0 2 0
2016-08-11 03:21:05 ::1 GET /administration_agent/dependencies/get-selAgentId.php - 5300 LAPTOP\stephanie ::1 Mozilla/5.0+(Windows+NT+6.3;+WOW64;+rv:47.0)+Gecko/20100101+Firefox/47.0 http://localhost:5300/administration_agent/ 200 0 0 78
2016-08-11 03:21:05 ::1 GET /administration_agent/dependencies/get-selSupervisorId.php - 5300 LAPTOP\stephanie ::1 Mozilla/5.0+(Windows+NT+6.3;+WOW64;+rv:47.0)+Gecko/20100101+Firefox/47.0 http://localhost:5300/administration_agent/ 200 0 0 124
2016-08-11 03:21:28 ::1 GET /administration_agent/ - 5300 LAPTOP\stephanie ::1 Mozilla/5.0+(Windows+NT+6.3;+WOW64;+rv:47.0)+Gecko/20100101+Firefox/47.0 - 200 0 0 62
2016-08-11 03:21:28 ::1 GET /css/jquery-ui-1.8.16.custom.css - 5300 LAPTOP\stephanie ::1 Mozilla/5.0+(Windows+NT+6.3;+WOW64;+rv:47.0)+Gecko/20100101+Firefox/47.0 http://localhost:5300/administration_agent/ 404 0 2 0
2016-08-11 03:21:28 ::1 GET /administration_agent/dependencies/get-selAgentId.php - 5300 LAPTOP\stephanie ::1 Mozilla/5.0+(Windows+NT+6.3;+WOW64;+rv:47.0)+Gecko/20100101+Firefox/47.0 http://localhost:5300/administration_agent/ 200 0 0 62
2016-08-11 03:21:28 ::1 GET /administration_agent/dependencies/get-selSupervisorId.php - 5300 LAPTOP\stephanie ::1 Mozilla/5.0+(Windows+NT+6.3;+WOW64;+rv:47.0)+Gecko/20100101+Firefox/47.0 http://localhost:5300/administration_agent/ 200 0 0 156
2016-08-11 03:21:42 ::1 GET /administration_agent/ - 5300 LAPTOP\stephanie ::1 Mozilla/5.0+(Windows+NT+6.3;+WOW64;+rv:47.0)+Gecko/20100101+Firefox/47.0 - 200 0 0 46
2016-08-11 03:21:42 ::1 GET /css/jquery-ui-1.8.16.custom.css - 5300 LAPTOP\stephanie ::1 Mozilla/5.0+(Windows+NT+6.3;+WOW64;+rv:47.0)+Gecko/20100101+Firefox/47.0 http://localhost:5300/administration_agent/ 404 0 2 15
2016-08-11 03:21:42 ::1 GET /administration_agent/dependencies/get-selAgentId.php - 5300 LAPTOP\stephanie ::1 Mozilla/5.0+(Windows+NT+6.3;+WOW64;+rv:47.0)+Gecko/20100101+Firefox/47.0 http://localhost:5300/administration_agent/ 200 0 0 78
2016-08-11 03:21:42 ::1 GET /administration_agent/dependencies/get-selSupervisorId.php - 5300 LAPTOP\stephanie ::1 Mozilla/5.0+(Windows+NT+6.3;+WOW64;+rv:47.0)+Gecko/20100101+Firefox/47.0 http://localhost:5300/administration_agent/ 200 0 0 109
2016-08-11 03:22:08 ::1 GET /administration_agent/ - 5300 - ::1 Mozilla/5.0+(Windows+NT+6.3;+WOW64;+rv:47.0)+Gecko/20100101+Firefox/47.0 - 401 2 5 0
2016-08-11 03:22:09 ::1 GET /administration_agent/ - 5300 LAPTOP\stephanie ::1 Mozilla/5.0+(Windows+NT+6.3;+WOW64;+rv:47.0)+Gecko/20100101+Firefox/47.0 - 200 0 0 62
2016-08-11 03:22:09 ::1 GET /css/jquery-ui-1.8.16.custom.css - 5300 LAPTOP\stephanie ::1 Mozilla/5.0+(Windows+NT+6.3;+WOW64;+rv:47.0)+Gecko/20100101+Firefox/47.0 http://localhost:5300/administration_agent/ 404 0 2 0
2016-08-11 03:22:09 ::1 GET /administration_agent/dependencies/get-selSupervisorId.php - 5300 - ::1 Mozilla/5.0+(Windows+NT+6.3;+WOW64;+rv:47.0)+Gecko/20100101+Firefox/47.0 http://localhost:5300/administration_agent/ 401 2 5 15
2016-08-11 03:22:09 ::1 GET /favicon.ico - 5300 - ::1 Mozilla/5.0+(Windows+NT+6.3;+WOW64;+rv:47.0)+Gecko/20100101+Firefox/47.0 - 401 2 5 15
2016-08-11 03:22:09 ::1 GET /favicon.ico - 5300 - ::1 Mozilla/5.0+(Windows+NT+6.3;+WOW64;+rv:47.0)+Gecko/20100101+Firefox/47.0 - 401 2 5 15
2016-08-11 03:22:09 ::1 GET /favicon.ico - 5300 LAPTOP\stephanie ::1 Mozilla/5.0+(Windows+NT+6.3;+WOW64;+rv:47.0)+Gecko/20100101+Firefox/47.0 - 404 0 2 15
2016-08-11 03:22:09 ::1 GET /favicon.ico - 5300 LAPTOP\stephanie ::1 Mozilla/5.0+(Windows+NT+6.3;+WOW64;+rv:47.0)+Gecko/20100101+Firefox/47.0 - 404 0 2 15
2016-08-11 03:22:09 ::1 GET /administration_agent/dependencies/get-selAgentId.php - 5300 LAPTOP\stephanie ::1 Mozilla/5.0+(Windows+NT+6.3;+WOW64;+rv:47.0)+Gecko/20100101+Firefox/47.0 http://localhost:5300/administration_agent/ 200 0 0 109
2016-08-11 03:22:09 ::1 GET /administration_agent/dependencies/get-selSupervisorId.php - 5300 LAPTOP\stephanie ::1 Mozilla/5.0+(Windows+NT+6.3;+WOW64;+rv:47.0)+Gecko/20100101+Firefox/47.0 http://localhost:5300/administration_agent/ 200 0 0 109
2016-08-11 03:22:19 ::1 GET /images/calendar.gif - 5300 LAPTOP\stephanie ::1 Mozilla/5.0+(Windows+NT+6.3;+WOW64;+rv:47.0)+Gecko/20100101+Firefox/47.0 http://localhost:5300/administration_agent/ 404 0 2 15
2016-08-11 03:22:19 ::1 GET /administration_agent/dependencies/get-agentAdminData.php agentId=stephaine 5300 LAPTOP\stephanie ::1 Mozilla/5.0+(Windows+NT+6.3;+WOW64;+rv:47.0)+Gecko/20100101+Firefox/47.0 http://localhost:5300/administration_agent/ 200 0 0 234
2016-08-11 03:22:19 ::1 GET /js/tiny_mce/tiny_mce.js - 5300 LAPTOP\stephanie ::1 Mozilla/5.0+(Windows+NT+6.3;+WOW64;+rv:47.0)+Gecko/20100101+Firefox/47.0 http://localhost:5300/administration_agent/ 200 0 0 390
2016-08-11 03:22:19 ::1 GET /js/tiny_mce/plugins/iespell/editor_plugin.js - 5300 - ::1 Mozilla/5.0+(Windows+NT+6.3;+WOW64;+rv:47.0)+Gecko/20100101+Firefox/47.0 http://localhost:5300/administration_agent/ 401 2 5 15
2016-08-11 03:22:19 ::1 GET /js/tiny_mce/plugins/inlinepopups/editor_plugin.js - 5300 - ::1 Mozilla/5.0+(Windows+NT+6.3;+WOW64;+rv:47.0)+Gecko/20100101+Firefox/47.0 http://localhost:5300/administration_agent/ 401 2 5 15
2016-08-11 03:22:19 ::1 GET /js/tiny_mce/plugins/preview/editor_plugin.js - 5300 - ::1 Mozilla/5.0+(Windows+NT+6.3;+WOW64;+rv:47.0)+Gecko/20100101+Firefox/47.0 http://localhost:5300/administration_agent/ 401 2 5 0
2016-08-11 03:22:19 ::1 GET /js/tiny_mce/plugins/searchreplace/editor_plugin.js - 5300 - ::1 Mozilla/5.0+(Windows+NT+6.3;+WOW64;+rv:47.0)+Gecko/20100101+Firefox/47.0 http://localhost:5300/administration_agent/ 401 2 5 15
2016-08-11 03:22:19 ::1 GET /js/tiny_mce/plugins/paste/editor_plugin.js - 5300 - ::1 Mozilla/5.0+(Windows+NT+6.3;+WOW64;+rv:47.0)+Gecko/20100101+Firefox/47.0 http://localhost:5300/administration_agent/ 401 2 5 15
2016-08-11 03:22:19 ::1 GET /js/tiny_mce/plugins/fullscreen/editor_plugin.js - 5300 - ::1 Mozilla/5.0+(Windows+NT+6.3;+WOW64;+rv:47.0)+Gecko/20100101+Firefox/47.0 http://localhost:5300/administration_agent/ 401 2 5 0
2016-08-11 03:22:19 ::1 GET /js/tiny_mce/langs/en.js - 5300 LAPTOP\stephanie ::1 Mozilla/5.0+(Windows+NT+6.3;+WOW64;+rv:47.0)+Gecko/20100101+Firefox/47.0 http://localhost:5300/administration_agent/ 200 0 0 156
2016-08-11 03:22:19 ::1 GET /js/tiny_mce/plugins/style/editor_plugin.js - 5300 LAPTOP\stephanie ::1 Mozilla/5.0+(Windows+NT+6.3;+WOW64;+rv:47.0)+Gecko/20100101+Firefox/47.0 http://localhost:5300/administration_agent/ 200 0 0 156
2016-08-11 03:22:19 ::1 GET /js/tiny_mce/themes/advanced/editor_template.js - 5300 LAPTOP\stephanie ::1 Mozilla/5.0+(Windows+NT+6.3;+WOW64;+rv:47.0)+Gecko/20100101+Firefox/47.0 http://localhost:5300/administration_agent/ 200 0 0 203
2016-08-11 03:22:19 ::1 GET /js/tiny_mce/plugins/table/editor_plugin.js - 5300 LAPTOP\stephanie ::1 Mozilla/5.0+(Windows+NT+6.3;+WOW64;+rv:47.0)+Gecko/20100101+Firefox/47.0 http://localhost:5300/administration_agent/ 200 0 0 203
2016-08-11 03:22:19 ::1 GET /js/tiny_mce/plugins/searchreplace/editor_plugin.js - 5300 LAPTOP\stephanie ::1 Mozilla/5.0+(Windows+NT+6.3;+WOW64;+rv:47.0)+Gecko/20100101+Firefox/47.0 http://localhost:5300/administration_agent/ 200 0 0 109
2016-08-11 03:22:19 ::1 GET /js/tiny_mce/plugins/iespell/editor_plugin.js - 5300 LAPTOP\stephanie ::1 Mozilla/5.0+(Windows+NT+6.3;+WOW64;+rv:47.0)+Gecko/20100101+Firefox/47.0 http://localhost:5300/administration_agent/ 200 0 0 203
2016-08-11 03:22:19 ::1 GET /js/tiny_mce/plugins/inlinepopups/editor_plugin.js - 5300 LAPTOP\stephanie ::1 Mozilla/5.0+(Windows+NT+6.3;+WOW64;+rv:47.0)+Gecko/20100101+Firefox/47.0 http://localhost:5300/administration_agent/ 200 0 0 203
2016-08-11 03:22:19 ::1 GET /js/tiny_mce/themes/advanced/langs/en.js - 5300 LAPTOP\stephanie ::1 Mozilla/5.0+(Windows+NT+6.3;+WOW64;+rv:47.0)+Gecko/20100101+Firefox/47.0 http://localhost:5300/administration_agent/ 200 0 0 93
2016-08-11 03:22:20 ::1 GET /js/tiny_mce/plugins/preview/editor_plugin.js - 5300 LAPTOP\stephanie ::1 Mozilla/5.0+(Windows+NT+6.3;+WOW64;+rv:47.0)+Gecko/20100101+Firefox/47.0 http://localhost:5300/administration_agent/ 200 0 0 328
2016-08-11 03:22:20 ::1 GET /js/tiny_mce/plugins/paste/editor_plugin.js - 5300 LAPTOP\stephanie ::1 Mozilla/5.0+(Windows+NT+6.3;+WOW64;+rv:47.0)+Gecko/20100101+Firefox/47.0 http://localhost:5300/administration_agent/ 200 0 0 296
2016-08-11 03:22:20 ::1 GET /js/tiny_mce/plugins/fullscreen/editor_plugin.js - 5300 LAPTOP\stephanie ::1 Mozilla/5.0+(Windows+NT+6.3;+WOW64;+rv:47.0)+Gecko/20100101+Firefox/47.0 http://localhost:5300/administration_agent/ 200 0 0 281
2016-08-11 03:22:20 ::1 GET /js/tiny_mce/plugins/inlinepopups/skins/clearlooks2/window.css - 5300 LAPTOP\stephanie ::1 Mozilla/5.0+(Windows+NT+6.3;+WOW64;+rv:47.0)+Gecko/20100101+Firefox/47.0 http://localhost:5300/administration_agent/ 200 0 0 125
2016-08-11 03:22:20 ::1 GET /js/tiny_mce/themes/advanced/skins/o2k7/ui_black.css - 5300 LAPTOP\stephanie ::1 Mozilla/5.0+(Windows+NT+6.3;+WOW64;+rv:47.0)+Gecko/20100101+Firefox/47.0 http://localhost:5300/administration_agent/ 200 0 0 125
2016-08-11 03:22:20 ::1 GET /js/tiny_mce/themes/advanced/skins/o2k7/ui.css - 5300 LAPTOP\stephanie ::1 Mozilla/5.0+(Windows+NT+6.3;+WOW64;+rv:47.0)+Gecko/20100101+Firefox/47.0 http://localhost:5300/administration_agent/ 200 0 0 125
2016-08-11 03:22:20 ::1 GET /js/tiny_mce/themes/advanced/skins/o2k7/content.css - 5300 LAPTOP\stephanie ::1 Mozilla/5.0+(Windows+NT+6.3;+WOW64;+rv:47.0)+Gecko/20100101+Firefox/47.0 http://localhost:5300/administration_agent/ 200 0 0 31
2016-08-11 03:22:20 ::1 GET /js/tiny_mce/themes/advanced/skins/o2k7/img/button_bg_black.png - 5300 LAPTOP\stephanie ::1 Mozilla/5.0+(Windows+NT+6.3;+WOW64;+rv:47.0)+Gecko/20100101+Firefox/47.0 http://localhost:5300/js/tiny_mce/themes/advanced/skins/o2k7/ui_black.css 200 0 0 31
2016-08-11 03:22:20 ::1 GET /js/tiny_mce/themes/advanced/img/icons.gif - 5300 LAPTOP\stephanie ::1 Mozilla/5.0+(Windows+NT+6.3;+WOW64;+rv:47.0)+Gecko/20100101+Firefox/47.0 http://localhost:5300/js/tiny_mce/themes/advanced/skins/o2k7/ui.css 200 0 0 15
2016-08-11 03:25:41 ::1 GET /administration_edit_permissions/ - 5300 - ::1 Mozilla/5.0+(Windows+NT+6.3;+WOW64;+rv:47.0)+Gecko/20100101+Firefox/47.0 - 401 2 5 0
2016-08-11 03:25:41 ::1 GET /administration_edit_permissions/ - 5300 LAPTOP\stephanie ::1 Mozilla/5.0+(Windows+NT+6.3;+WOW64;+rv:47.0)+Gecko/20100101+Firefox/47.0 - 500 0 0 765
2016-08-11 03:26:54 ::1 GET /administration_edit_permissions/ - 5300 LAPTOP\stephanie ::1 Mozilla/5.0+(Windows+NT+6.3;+WOW64;+rv:47.0)+Gecko/20100101+Firefox/47.0 - 500 0 0 62
2016-08-11 03:27:19 ::1 GET /administration_edit_permissions/ - 5300 LAPTOP\stephanie ::1 Mozilla/5.0+(Windows+NT+6.3;+WOW64;+rv:47.0)+Gecko/20100101+Firefox/47.0 - 500 0 0 0
2016-08-11 03:27:57 ::1 GET /administration_edit_permissions/ - 5300 LAPTOP\stephanie ::1 Mozilla/5.0+(Windows+NT+6.3;+WOW64;+rv:47.0)+Gecko/20100101+Firefox/47.0 - 500 0 0 0
2016-08-11 03:28:15 ::1 GET /administration_edit_permissions/ - 5300 LAPTOP\stephanie ::1 Mozilla/5.0+(Windows+NT+6.3;+WOW64;+rv:47.0)+Gecko/20100101+Firefox/47.0 - 500 0 0 0
2016-08-11 03:28:38 ::1 GET /administration_edit_permissions/ - 5300 LAPTOP\stephanie ::1 Mozilla/5.0+(Windows+NT+6.3;+WOW64;+rv:47.0)+Gecko/20100101+Firefox/47.0 - 500 0 0 0
2016-08-11 03:29:07 ::1 GET /administration_edit_permissions/ - 5300 LAPTOP\stephanie ::1 Mozilla/5.0+(Windows+NT+6.3;+WOW64;+rv:47.0)+Gecko/20100101+Firefox/47.0 - 200 0 0 0
2016-08-11 03:29:07 ::1 GET /administration_edit_permissions/css/stylesheet.css - 5300 - ::1 Mozilla/5.0+(Windows+NT+6.3;+WOW64;+rv:47.0)+Gecko/20100101+Firefox/47.0 http://localhost:5300/administration_edit_permissions/ 401 2 5 0
2016-08-11 03:29:07 ::1 GET /administration_edit_permissions/js/javascript.js - 5300 - ::1 Mozilla/5.0+(Windows+NT+6.3;+WOW64;+rv:47.0)+Gecko/20100101+Firefox/47.0 http://localhost:5300/administration_edit_permissions/ 401 2 5 46
2016-08-11 03:29:07 ::1 GET /administration_edit_permissions/css/jquery.confirm.css - 5300 LAPTOP\stephanie ::1 Mozilla/5.0+(Windows+NT+6.3;+WOW64;+rv:47.0)+Gecko/20100101+Firefox/47.0 http://localhost:5300/administration_edit_permissions/ 200 0 0 78
2016-08-11 03:29:07 ::1 GET /administration_edit_permissions/css/stylesheet.css - 5300 LAPTOP\stephanie ::1 Mozilla/5.0+(Windows+NT+6.3;+WOW64;+rv:47.0)+Gecko/20100101+Firefox/47.0 http://localhost:5300/administration_edit_permissions/ 200 0 0 31
2016-08-11 03:29:07 ::1 GET /administration_edit_permissions/js/javascript.js - 5300 LAPTOP\stephanie ::1 Mozilla/5.0+(Windows+NT+6.3;+WOW64;+rv:47.0)+Gecko/20100101+Firefox/47.0 http://localhost:5300/administration_edit_permissions/ 200 0 0 515
2016-08-11 03:29:08 ::1 GET /administration_edit_permissions/dependencies/get-selUserId.php - 5300 LAPTOP\stephanie ::1 Mozilla/5.0+(Windows+NT+6.3;+WOW64;+rv:47.0)+Gecko/20100101+Firefox/47.0 http://localhost:5300/administration_edit_permissions/ 500 0 0 78
2016-08-11 03:29:39 ::1 GET /administration_edit_permissions/ - 5300 LAPTOP\stephanie ::1 Mozilla/5.0+(Windows+NT+6.3;+WOW64;+rv:47.0)+Gecko/20100101+Firefox/47.0 - 500 0 0 0
2016-08-11 03:29:48 ::1 GET /administration_edit_permissions/ - 5300 LAPTOP\stephanie ::1 Mozilla/5.0+(Windows+NT+6.3;+WOW64;+rv:47.0)+Gecko/20100101+Firefox/47.0 - 500 0 0 0
2016-08-11 03:29:59 ::1 GET /administration_edit_permissions/ - 5300 LAPTOP\stephanie ::1 Mozilla/5.0+(Windows+NT+6.3;+WOW64;+rv:47.0)+Gecko/20100101+Firefox/47.0 - 500 0 0 31
2016-08-11 03:30:15 ::1 GET /administration_edit_permissions/ - 5300 LAPTOP\stephanie ::1 Mozilla/5.0+(Windows+NT+6.3;+WOW64;+rv:47.0)+Gecko/20100101+Firefox/47.0 - 200 0 0 0
2016-08-11 03:30:15 ::1 GET /images/edit.jpg - 5300 LAPTOP\stephanie ::1 Mozilla/5.0+(Windows+NT+6.3;+WOW64;+rv:47.0)+Gecko/20100101+Firefox/47.0 http://localhost:5300/administration_edit_permissions/ 404 0 2 15
2016-08-11 03:30:15 ::1 GET /images/edit.jpg - 5300 LAPTOP\stephanie ::1 Mozilla/5.0+(Windows+NT+6.3;+WOW64;+rv:47.0)+Gecko/20100101+Firefox/47.0 http://localhost:5300/administration_edit_permissions/ 404 0 2 0
2016-08-11 03:30:15 ::1 GET /administration_edit_permissions/dependencies/get-selUserId.php - 5300 LAPTOP\stephanie ::1 Mozilla/5.0+(Windows+NT+6.3;+WOW64;+rv:47.0)+Gecko/20100101+Firefox/47.0 http://localhost:5300/administration_edit_permissions/ 500 0 0 31
2016-08-11 03:30:26 ::1 GET /administration_edit_permissions/ - 5300 LAPTOP\stephanie ::1 Mozilla/5.0+(Windows+NT+6.3;+WOW64;+rv:47.0)+Gecko/20100101+Firefox/47.0 - 500 0 0 0
2016-08-11 03:30:46 ::1 GET /administration_edit_permissions/ - 5300 LAPTOP\stephanie ::1 Mozilla/5.0+(Windows+NT+6.3;+WOW64;+rv:47.0)+Gecko/20100101+Firefox/47.0 - 200 0 0 62
2016-08-11 03:31:05 ::1 GET /administration_edit_permissions/ - 5300 LAPTOP\stephanie ::1 Mozilla/5.0+(Windows+NT+6.3;+WOW64;+rv:47.0)+Gecko/20100101+Firefox/47.0 - 200 0 0 109
2016-08-11 03:31:32 ::1 GET /administration_edit_permissions/ - 5300 LAPTOP\stephanie ::1 Mozilla/5.0+(Windows+NT+6.3;+WOW64;+rv:47.0)+Gecko/20100101+Firefox/47.0 - 200 0 0 46
2016-08-11 03:31:32 ::1 GET /images/edit.jpg - 5300 LAPTOP\stephanie ::1 Mozilla/5.0+(Windows+NT+6.3;+WOW64;+rv:47.0)+Gecko/20100101+Firefox/47.0 http://localhost:5300/administration_edit_permissions/ 404 0 2 0
2016-08-11 03:31:32 ::1 GET /images/edit.jpg - 5300 LAPTOP\stephanie ::1 Mozilla/5.0+(Windows+NT+6.3;+WOW64;+rv:47.0)+Gecko/20100101+Firefox/47.0 http://localhost:5300/administration_edit_permissions/ 404 0 2 0
2016-08-11 03:31:32 ::1 GET /administration_edit_permissions/dependencies/get-selUserId.php - 5300 LAPTOP\stephanie ::1 Mozilla/5.0+(Windows+NT+6.3;+WOW64;+rv:47.0)+Gecko/20100101+Firefox/47.0 http://localhost:5300/administration_edit_permissions/ 500 0 0 31
2016-08-11 03:33:07 ::1 GET /administration_edit_permissions/ - 5300 LAPTOP\stephanie ::1 Mozilla/5.0+(Windows+NT+6.3;+WOW64;+rv:47.0)+Gecko/20100101+Firefox/47.0 - 200 0 0 46
2016-08-11 03:33:07 ::1 GET /images/edit.jpg - 5300 LAPTOP\stephanie ::1 Mozilla/5.0+(Windows+NT+6.3;+WOW64;+rv:47.0)+Gecko/20100101+Firefox/47.0 http://localhost:5300/administration_edit_permissions/ 404 0 2 0
2016-08-11 03:33:07 ::1 GET /images/edit.jpg - 5300 LAPTOP\stephanie ::1 Mozilla/5.0+(Windows+NT+6.3;+WOW64;+rv:47.0)+Gecko/20100101+Firefox/47.0 http://localhost:5300/administration_edit_permissions/ 404 0 2 0
2016-08-11 03:33:07 ::1 GET /administration_edit_permissions/dependencies/get-selUserId.php - 5300 LAPTOP\stephanie ::1 Mozilla/5.0+(Windows+NT+6.3;+WOW64;+rv:47.0)+Gecko/20100101+Firefox/47.0 http://localhost:5300/administration_edit_permissions/ 200 0 0 109
2016-08-11 03:33:13 ::1 GET /administration_edit_permissions/dependencies/get-editPermissionsBody.php - 5300 LAPTOP\stephanie ::1 Mozilla/5.0+(Windows+NT+6.3;+WOW64;+rv:47.0)+Gecko/20100101+Firefox/47.0 http://localhost:5300/administration_edit_permissions/ 200 0 0 109
2016-08-11 03:33:13 ::1 GET /administration_edit_permissions/dependencies/get-userPermissionsData.php userId=stephanie 5300 LAPTOP\stephanie ::1 Mozilla/5.0+(Windows+NT+6.3;+WOW64;+rv:47.0)+Gecko/20100101+Firefox/47.0 http://localhost:5300/administration_edit_permissions/ 200 0 0 78
2016-08-11 03:33:30 ::1 POST /administration_edit_permissions/dependencies/post-saveUserPermissionsData.php - 5300 LAPTOP\stephanie ::1 Mozilla/5.0+(Windows+NT+6.3;+WOW64;+rv:47.0)+Gecko/20100101+Firefox/47.0 http://localhost:5300/administration_edit_permissions/ 200 0 0 187
2016-08-11 03:33:30 ::1 GET /administration_edit_permissions/dependencies/get-selUserId.php - 5300 LAPTOP\stephanie ::1 Mozilla/5.0+(Windows+NT+6.3;+WOW64;+rv:47.0)+Gecko/20100101+Firefox/47.0 http://localhost:5300/administration_edit_permissions/ 200 0 0 62
2016-08-11 03:33:33 ::1 GET /administration_edit_permissions/dependencies/get-editPermissionsBody.php - 5300 LAPTOP\stephanie ::1 Mozilla/5.0+(Windows+NT+6.3;+WOW64;+rv:47.0)+Gecko/20100101+Firefox/47.0 http://localhost:5300/administration_edit_permissions/ 200 0 0 78
2016-08-11 03:33:33 ::1 GET /administration_edit_permissions/dependencies/get-userPermissionsData.php userId=stephanie 5300 LAPTOP\stephanie ::1 Mozilla/5.0+(Windows+NT+6.3;+WOW64;+rv:47.0)+Gecko/20100101+Firefox/47.0 http://localhost:5300/administration_edit_permissions/ 200 0 0 62
2016-08-11 03:33:52 ::1 POST /administration_edit_permissions/dependencies/post-saveUserPermissionsData.php - 5300 LAPTOP\stephanie ::1 Mozilla/5.0+(Windows+NT+6.3;+WOW64;+rv:47.0)+Gecko/20100101+Firefox/47.0 http://localhost:5300/administration_edit_permissions/ 200 0 0 140
2016-08-11 03:33:52 ::1 GET /administration_edit_permissions/dependencies/get-selUserId.php - 5300 LAPTOP\stephanie ::1 Mozilla/5.0+(Windows+NT+6.3;+WOW64;+rv:47.0)+Gecko/20100101+Firefox/47.0 http://localhost:5300/administration_edit_permissions/ 200 0 0 62
2016-08-11 03:33:56 ::1 GET /administration_edit_permissions/dependencies/get-editPermissionsBody.php - 5300 LAPTOP\stephanie ::1 Mozilla/5.0+(Windows+NT+6.3;+WOW64;+rv:47.0)+Gecko/20100101+Firefox/47.0 http://localhost:5300/administration_edit_permissions/ 200 0 0 93
2016-08-11 03:33:56 ::1 GET /administration_edit_permissions/dependencies/get-userPermissionsData.php userId=stephanie 5300 LAPTOP\stephanie ::1 Mozilla/5.0+(Windows+NT+6.3;+WOW64;+rv:47.0)+Gecko/20100101+Firefox/47.0 http://localhost:5300/administration_edit_permissions/ 200 0 0 46
2016-08-11 03:39:06 ::1 GET /quality_review/ - 5300 - ::1 Mozilla/5.0+(Windows+NT+6.3;+WOW64;+rv:47.0)+Gecko/20100101+Firefox/47.0 - 401 2 5 15
2016-08-11 03:39:06 ::1 GET /quality_review/ - 5300 LAPTOP\stephanie ::1 Mozilla/5.0+(Windows+NT+6.3;+WOW64;+rv:47.0)+Gecko/20100101+Firefox/47.0 - 404 0 2 15
2016-08-11 03:39:45 ::1 GET /quality_ticketSystemsAdmin - 5300 LAPTOP\stephanie ::1 Mozilla/5.0+(Windows+NT+6.3;+WOW64;+rv:47.0)+Gecko/20100101+Firefox/47.0 - 301 0 0 0
2016-08-11 03:39:45 ::1 GET /quality_ticketSystemsAdmin/ - 5300 LAPTOP\stephanie ::1 Mozilla/5.0+(Windows+NT+6.3;+WOW64;+rv:47.0)+Gecko/20100101+Firefox/47.0 - 500 0 0 0
2016-08-11 03:41:15 ::1 GET /quality_ticketSystemsAdmin/ - 5300 LAPTOP\stephanie ::1 Mozilla/5.0+(Windows+NT+6.3;+WOW64;+rv:47.0)+Gecko/20100101+Firefox/47.0 - 200 0 0 281
2016-08-11 03:41:15 ::1 GET /quality_ticketSystemsAdmin/css/jquery.confirm.css - 5300 - ::1 Mozilla/5.0+(Windows+NT+6.3;+WOW64;+rv:47.0)+Gecko/20100101+Firefox/47.0 http://localhost:5300/quality_ticketSystemsAdmin/ 401 2 5 0
2016-08-11 03:41:15 ::1 GET /js/jquery.qtip.min.js - 5300 - ::1 Mozilla/5.0+(Windows+NT+6.3;+WOW64;+rv:47.0)+Gecko/20100101+Firefox/47.0 http://localhost:5300/quality_ticketSystemsAdmin/ 401 2 5 0
2016-08-11 03:41:15 ::1 GET /quality_ticketSystemsAdmin/css/stylesheet.css - 5300 LAPTOP\stephanie ::1 Mozilla/5.0+(Windows+NT+6.3;+WOW64;+rv:47.0)+Gecko/20100101+Firefox/47.0 http://localhost:5300/quality_ticketSystemsAdmin/ 200 0 0 15
2016-08-11 03:41:15 ::1 GET /js/jquery.confirm/jquery.confirm.js - 5300 - ::1 Mozilla/5.0+(Windows+NT+6.3;+WOW64;+rv:47.0)+Gecko/20100101+Firefox/47.0 http://localhost:5300/quality_ticketSystemsAdmin/ 401 2 5 0
2016-08-11 03:41:15 ::1 GET /quality_ticketSystemsAdmin/js/javascript.js - 5300 - ::1 Mozilla/5.0+(Windows+NT+6.3;+WOW64;+rv:47.0)+Gecko/20100101+Firefox/47.0 http://localhost:5300/quality_ticketSystemsAdmin/ 401 2 5 0
2016-08-11 03:41:15 ::1 GET /quality_ticketSystemsAdmin/css/jquery.confirm.css - 5300 LAPTOP\stephanie ::1 Mozilla/5.0+(Windows+NT+6.3;+WOW64;+rv:47.0)+Gecko/20100101+Firefox/47.0 http://localhost:5300/quality_ticketSystemsAdmin/ 200 0 0 15
2016-08-11 03:41:15 ::1 GET /js/jquery.confirm/jquery.confirm.js - 5300 LAPTOP\stephanie ::1 Mozilla/5.0+(Windows+NT+6.3;+WOW64;+rv:47.0)+Gecko/20100101+Firefox/47.0 http://localhost:5300/quality_ticketSystemsAdmin/ 200 0 0 31
2016-08-11 03:41:15 ::1 GET /quality_ticketSystemsAdmin/js/javascript.js - 5300 LAPTOP\stephanie ::1 Mozilla/5.0+(Windows+NT+6.3;+WOW64;+rv:47.0)+Gecko/20100101+Firefox/47.0 http://localhost:5300/quality_ticketSystemsAdmin/ 200 0 0 46
2016-08-11 03:41:15 ::1 GET /js/jquery.qtip.min.js - 5300 LAPTOP\stephanie ::1 Mozilla/5.0+(Windows+NT+6.3;+WOW64;+rv:47.0)+Gecko/20100101+Firefox/47.0 http://localhost:5300/quality_ticketSystemsAdmin/ 200 0 0 250
2016-08-11 03:41:15 ::1 GET /images/edit.jpg - 5300 LAPTOP\stephanie ::1 Mozilla/5.0+(Windows+NT+6.3;+WOW64;+rv:47.0)+Gecko/20100101+Firefox/47.0 http://localhost:5300/quality_ticketSystemsAdmin/ 404 0 2 0
2016-08-11 03:41:16 ::1 GET /images/edit.jpg - 5300 LAPTOP\stephanie ::1 Mozilla/5.0+(Windows+NT+6.3;+WOW64;+rv:47.0)+Gecko/20100101+Firefox/47.0 http://localhost:5300/quality_ticketSystemsAdmin/ 404 0 2 0
2016-08-11 03:41:16 ::1 GET /quality_ticketSystemsAdmin/dependencies/get-selTicketSystemId.php - 5300 LAPTOP\stephanie ::1 Mozilla/5.0+(Windows+NT+6.3;+WOW64;+rv:47.0)+Gecko/20100101+Firefox/47.0 http://localhost:5300/quality_ticketSystemsAdmin/ 500 0 0 62
2016-08-11 03:41:45 ::1 GET /quality_ticketSystemsAdmin/ - 5300 LAPTOP\stephanie ::1 Mozilla/5.0+(Windows+NT+6.3;+WOW64;+rv:47.0)+Gecko/20100101+Firefox/47.0 - 200 0 0 46
2016-08-11 03:41:45 ::1 GET /images/edit.jpg - 5300 LAPTOP\stephanie ::1 Mozilla/5.0+(Windows+NT+6.3;+WOW64;+rv:47.0)+Gecko/20100101+Firefox/47.0 http://localhost:5300/quality_ticketSystemsAdmin/ 404 0 2 0
2016-08-11 03:41:45 ::1 GET /images/edit.jpg - 5300 LAPTOP\stephanie ::1 Mozilla/5.0+(Windows+NT+6.3;+WOW64;+rv:47.0)+Gecko/20100101+Firefox/47.0 http://localhost:5300/quality_ticketSystemsAdmin/ 404 0 2 0
2016-08-11 03:41:45 ::1 GET /quality_ticketSystemsAdmin/dependencies/get-selTicketSystemId.php - 5300 LAPTOP\stephanie ::1 Mozilla/5.0+(Windows+NT+6.3;+WOW64;+rv:47.0)+Gecko/20100101+Firefox/47.0 http://localhost:5300/quality_ticketSystemsAdmin/ 200 0 0 109
2016-08-11 03:41:51 ::1 GET /quality_ticketSystemsAdmin/ - 5300 LAPTOP\stephanie ::1 Mozilla/5.0+(Windows+NT+6.3;+WOW64;+rv:47.0)+Gecko/20100101+Firefox/47.0 - 200 0 0 62
2016-08-11 03:41:51 ::1 GET /quality_ticketSystemsAdmin/dependencies/get-selTicketSystemId.php - 5300 LAPTOP\stephanie ::1 Mozilla/5.0+(Windows+NT+6.3;+WOW64;+rv:47.0)+Gecko/20100101+Firefox/47.0 http://localhost:5300/quality_ticketSystemsAdmin/ 200 0 0 46
2016-08-11 03:41:54 ::1 GET /quality_ticketSystemsAdmin/dependencies/get-ticketSystemAdminData.php ticketSystemId=New+Ticket+System 5300 LAPTOP\stephanie ::1 Mozilla/5.0+(Windows+NT+6.3;+WOW64;+rv:47.0)+Gecko/20100101+Firefox/47.0 http://localhost:5300/quality_ticketSystemsAdmin/ 200 0 0 109
2016-08-11 03:41:57 ::1 POST /quality_ticketSystemsAdmin/dependencies/post-saveTicketSystemAdminData.php - 5300 LAPTOP\stephanie ::1 Mozilla/5.0+(Windows+NT+6.3;+WOW64;+rv:47.0)+Gecko/20100101+Firefox/47.0 http://localhost:5300/quality_ticketSystemsAdmin/ 500 0 0 78
2016-08-11 03:42:00 ::1 GET /images/edit.jpg - 5300 LAPTOP\stephanie ::1 Mozilla/5.0+(Windows+NT+6.3;+WOW64;+rv:47.0)+Gecko/20100101+Firefox/47.0 http://localhost:5300/quality_ticketSystemsAdmin/ 404 0 2 0
2016-08-11 03:42:32 ::1 POST /quality_ticketSystemsAdmin/dependencies/post-saveTicketSystemAdminData.php - 5300 LAPTOP\stephanie ::1 Mozilla/5.0+(Windows+NT+6.3;+WOW64;+rv:47.0)+Gecko/20100101+Firefox/47.0 http://localhost:5300/quality_ticketSystemsAdmin/ 200 0 0 125
2016-08-11 03:42:32 ::1 GET /quality_ticketSystemsAdmin/dependencies/get-selTicketSystemId.php - 5300 LAPTOP\stephanie ::1 Mozilla/5.0+(Windows+NT+6.3;+WOW64;+rv:47.0)+Gecko/20100101+Firefox/47.0 http://localhost:5300/quality_ticketSystemsAdmin/ 200 0 0 62
2016-08-11 03:42:40 ::1 GET /quality_ticketSystemsAdmin/ - 5300 LAPTOP\stephanie ::1 Mozilla/5.0+(Windows+NT+6.3;+WOW64;+rv:47.0)+Gecko/20100101+Firefox/47.0 - 200 0 0 46
2016-08-11 03:42:40 ::1 GET /images/edit.jpg - 5300 LAPTOP\stephanie ::1 Mozilla/5.0+(Windows+NT+6.3;+WOW64;+rv:47.0)+Gecko/20100101+Firefox/47.0 http://localhost:5300/quality_ticketSystemsAdmin/ 404 0 2 0
2016-08-11 03:42:40 ::1 GET /images/edit.jpg - 5300 LAPTOP\stephanie ::1 Mozilla/5.0+(Windows+NT+6.3;+WOW64;+rv:47.0)+Gecko/20100101+Firefox/47.0 http://localhost:5300/quality_ticketSystemsAdmin/ 404 0 2 15
2016-08-11 03:42:40 ::1 GET /quality_ticketSystemsAdmin/dependencies/get-selTicketSystemId.php - 5300 LAPTOP\stephanie ::1 Mozilla/5.0+(Windows+NT+6.3;+WOW64;+rv:47.0)+Gecko/20100101+Firefox/47.0 http://localhost:5300/quality_ticketSystemsAdmin/ 200 0 0 46
