#Software: Microsoft Internet Information Services 8.5
#Version: 1.0
#Date: 2016-01-27 00:38:50
#Fields: date time s-ip cs-method cs-uri-stem cs-uri-query s-port cs-username c-ip cs(User-Agent) cs(Referer) sc-status sc-substatus sc-win32-status time-taken
2016-01-27 00:38:50 ::1 GET / - 80 - ::1 Mozilla/5.0+(Windows+NT+6.3;+WOW64)+AppleWebKit/537.36+(KHTML,+like+Gecko)+Chrome/47.0.2526.111+Safari/537.36 - 304 0 0 487
2016-01-27 00:38:50 ::1 GET /iis-85.png - 80 - ::1 Mozilla/5.0+(Windows+NT+6.3;+WOW64)+AppleWebKit/537.36+(KHTML,+like+Gecko)+Chrome/47.0.2526.111+Safari/537.36 http://localhost/ 304 0 0 5
2016-01-27 00:38:57 ::1 GET /SignalRChat/ - 80 - ::1 Mozilla/5.0+(Windows+NT+6.3;+WOW64)+AppleWebKit/537.36+(KHTML,+like+Gecko)+Chrome/47.0.2526.111+Safari/537.36 - 403 14 0 662
#Software: Microsoft Internet Information Services 8.5
#Version: 1.0
#Date: 2016-01-27 20:55:45
#Fields: date time s-ip cs-method cs-uri-stem cs-uri-query s-port cs-username c-ip cs(User-Agent) cs(Referer) sc-status sc-substatus sc-win32-status time-taken
2016-01-27 20:55:45 ::1 DEBUG /SignalRChat/debugattach.aspx - 80 - ::1 - - 401 0 0 3611
2016-01-27 20:55:53 ::1 GET /SignalRChat/index.php - 80 - ::1 Mozilla/5.0+(Windows+NT+6.3;+WOW64)+AppleWebKit/537.36+(KHTML,+like+Gecko)+Chrome/47.0.2526.111+Safari/537.36 - 200 0 0 518
2016-01-27 20:55:53 ::1 GET /SignalRChat/Scripts/jquery-2.2.0.min.js - 80 - ::1 Mozilla/5.0+(Windows+NT+6.3;+WOW64)+AppleWebKit/537.36+(KHTML,+like+Gecko)+Chrome/47.0.2526.111+Safari/537.36 http://localhost/SignalRChat/index.php 304 0 0 32
2016-01-27 20:55:53 ::1 GET /SignalRChat/Scripts/jquery.signalR-2.2.0.min.js - 80 - ::1 Mozilla/5.0+(Windows+NT+6.3;+WOW64)+AppleWebKit/537.36+(KHTML,+like+Gecko)+Chrome/47.0.2526.111+Safari/537.36 http://localhost/SignalRChat/index.php 304 0 0 408
2016-01-27 20:55:58 ::1 GET /SignalRChat/signalr/hubs - 80 - ::1 Mozilla/5.0+(Windows+NT+6.3;+WOW64)+AppleWebKit/537.36+(KHTML,+like+Gecko)+Chrome/47.0.2526.111+Safari/537.36 http://localhost/SignalRChat/index.php 200 0 0 5088
2016-01-27 20:56:00 ::1 GET /favicon.ico - 80 - ::1 Mozilla/5.0+(Windows+NT+6.3;+WOW64)+AppleWebKit/537.36+(KHTML,+like+Gecko)+Chrome/47.0.2526.111+Safari/537.36 http://localhost/SignalRChat/index.php 404 0 2 5
2016-01-27 20:56:00 ::1 GET /SignalRChat/signalr/negotiate clientProtocol=1.5&connectionData=%5B%7B%22name%22%3A%22myhub%22%7D%5D&_=1453928153863 80 - ::1 Mozilla/5.0+(Windows+NT+6.3;+WOW64)+AppleWebKit/537.36+(KHTML,+like+Gecko)+Chrome/47.0.2526.111+Safari/537.36 http://localhost/SignalRChat/index.php 200 0 0 558
2016-01-27 20:56:00 ::1 GET /SignalRChat/signalr/start transport=serverSentEvents&clientProtocol=1.5&connectionToken=pzSvo5EWBn6uqzDI0sCaigPmgODCIVCzyZqm2V8cO1CvugefMvD4m%2FXXFsS1Q5zuf9pfQ1fgVOVZ83EdYW%2B%2F23Zfh1kWL%2FMWh0349kxRpDJ8jDRU7%2Bz4ewA2AWLy4kCD&connectionData=%5B%7B%22name%22%3A%22myhub%22%7D%5D&_=1453928153864 80 - ::1 Mozilla/5.0+(Windows+NT+6.3;+WOW64)+AppleWebKit/537.36+(KHTML,+like+Gecko)+Chrome/47.0.2526.111+Safari/537.36 http://localhost/SignalRChat/index.php 200 0 0 59
2016-01-27 20:56:04 ::1 POST /SignalRChat/signalr/send transport=serverSentEvents&clientProtocol=1.5&connectionToken=pzSvo5EWBn6uqzDI0sCaigPmgODCIVCzyZqm2V8cO1CvugefMvD4m%2FXXFsS1Q5zuf9pfQ1fgVOVZ83EdYW%2B%2F23Zfh1kWL%2FMWh0349kxRpDJ8jDRU7%2Bz4ewA2AWLy4kCD&connectionData=%5B%7B%22name%22%3A%22myhub%22%7D%5D 80 - ::1 Mozilla/5.0+(Windows+NT+6.3;+WOW64)+AppleWebKit/537.36+(KHTML,+like+Gecko)+Chrome/47.0.2526.111+Safari/537.36 http://localhost/SignalRChat/index.php 200 0 0 389
2016-01-27 20:56:04 ::1 POST /SignalRChat/signalr/send transport=serverSentEvents&clientProtocol=1.5&connectionToken=pzSvo5EWBn6uqzDI0sCaigPmgODCIVCzyZqm2V8cO1CvugefMvD4m%2FXXFsS1Q5zuf9pfQ1fgVOVZ83EdYW%2B%2F23Zfh1kWL%2FMWh0349kxRpDJ8jDRU7%2Bz4ewA2AWLy4kCD&connectionData=%5B%7B%22name%22%3A%22myhub%22%7D%5D 80 - ::1 Mozilla/5.0+(Windows+NT+6.3;+WOW64)+AppleWebKit/537.36+(KHTML,+like+Gecko)+Chrome/47.0.2526.111+Safari/537.36 http://localhost/SignalRChat/index.php 200 0 0 12
2016-01-27 20:56:04 ::1 POST /SignalRChat/signalr/send transport=serverSentEvents&clientProtocol=1.5&connectionToken=pzSvo5EWBn6uqzDI0sCaigPmgODCIVCzyZqm2V8cO1CvugefMvD4m%2FXXFsS1Q5zuf9pfQ1fgVOVZ83EdYW%2B%2F23Zfh1kWL%2FMWh0349kxRpDJ8jDRU7%2Bz4ewA2AWLy4kCD&connectionData=%5B%7B%22name%22%3A%22myhub%22%7D%5D 80 - ::1 Mozilla/5.0+(Windows+NT+6.3;+WOW64)+AppleWebKit/537.36+(KHTML,+like+Gecko)+Chrome/47.0.2526.111+Safari/537.36 http://localhost/SignalRChat/index.php 200 0 0 9
2016-01-27 20:56:04 ::1 POST /SignalRChat/signalr/send transport=serverSentEvents&clientProtocol=1.5&connectionToken=pzSvo5EWBn6uqzDI0sCaigPmgODCIVCzyZqm2V8cO1CvugefMvD4m%2FXXFsS1Q5zuf9pfQ1fgVOVZ83EdYW%2B%2F23Zfh1kWL%2FMWh0349kxRpDJ8jDRU7%2Bz4ewA2AWLy4kCD&connectionData=%5B%7B%22name%22%3A%22myhub%22%7D%5D 80 - ::1 Mozilla/5.0+(Windows+NT+6.3;+WOW64)+AppleWebKit/537.36+(KHTML,+like+Gecko)+Chrome/47.0.2526.111+Safari/537.36 http://localhost/SignalRChat/index.php 200 0 0 19
2016-01-27 20:56:07 ::1 POST /SignalRChat/signalr/abort transport=serverSentEvents&clientProtocol=1.5&connectionToken=pzSvo5EWBn6uqzDI0sCaigPmgODCIVCzyZqm2V8cO1CvugefMvD4m%2FXXFsS1Q5zuf9pfQ1fgVOVZ83EdYW%2B%2F23Zfh1kWL%2FMWh0349kxRpDJ8jDRU7%2Bz4ewA2AWLy4kCD&connectionData=%5B%7B%22name%22%3A%22myhub%22%7D%5D 80 - ::1 Mozilla/5.0+(Windows+NT+6.3;+WOW64)+AppleWebKit/537.36+(KHTML,+like+Gecko)+Chrome/47.0.2526.111+Safari/537.36 http://localhost/SignalRChat/index.php 200 0 0 30
2016-01-27 20:56:07 ::1 GET /SignalRChat/signalr/connect transport=serverSentEvents&clientProtocol=1.5&connectionToken=pzSvo5EWBn6uqzDI0sCaigPmgODCIVCzyZqm2V8cO1CvugefMvD4m%2FXXFsS1Q5zuf9pfQ1fgVOVZ83EdYW%2B%2F23Zfh1kWL%2FMWh0349kxRpDJ8jDRU7%2Bz4ewA2AWLy4kCD&connectionData=%5B%7B%22name%22%3A%22myhub%22%7D%5D&tid=0 80 - ::1 Mozilla/5.0+(Windows+NT+6.3;+WOW64)+AppleWebKit/537.36+(KHTML,+like+Gecko)+Chrome/47.0.2526.111+Safari/537.36 http://localhost/SignalRChat/index.php 200 0 64 7147
2016-01-27 20:56:10 ::1 DEBUG /SignalRChat/debugattach.aspx - 80 - ::1 - - 200 0 0 2
