#Software: Microsoft Internet Information Services 8.5
#Version: 1.0
#Date: 2016-02-04 19:03:05
#Fields: date time s-ip cs-method cs-uri-stem cs-uri-query s-port cs-username c-ip cs(User-Agent) cs(Referer) sc-status sc-substatus sc-win32-status time-taken
2016-02-04 19:03:05 ::1 DEBUG /SignalRChat/debugattach.aspx - 80 - ::1 - - 401 0 0 14732
2016-02-04 19:03:54 ::1 DEBUG /SignalRChat/debugattach.aspx - 80 - ::1 - - 200 0 0 15
2016-02-04 19:04:01 ::1 GET /SignalRChat/index.php - 80 - ::1 Mozilla/5.0+(Windows+NT+6.3;+WOW64)+AppleWebKit/537.36+(KHTML,+like+Gecko)+Chrome/48.0.2564.97+Safari/537.36 - 200 0 0 4455
2016-02-04 19:04:01 ::1 GET /SignalRChat/Scripts/jquery.signalR-2.2.0.min.js - 80 - ::1 Mozilla/5.0+(Windows+NT+6.3;+WOW64)+AppleWebKit/537.36+(KHTML,+like+Gecko)+Chrome/48.0.2564.97+Safari/537.36 http://localhost/SignalRChat/index.php 304 0 0 398
2016-02-04 19:04:01 ::1 GET /SignalRChat/Scripts/jquery-2.2.0.min.js - 80 - ::1 Mozilla/5.0+(Windows+NT+6.3;+WOW64)+AppleWebKit/537.36+(KHTML,+like+Gecko)+Chrome/48.0.2564.97+Safari/537.36 http://localhost/SignalRChat/index.php 304 0 0 484
2016-02-04 19:04:07 ::1 GET /SignalRChat/signalr/hubs - 80 - ::1 Mozilla/5.0+(Windows+NT+6.3;+WOW64)+AppleWebKit/537.36+(KHTML,+like+Gecko)+Chrome/48.0.2564.97+Safari/537.36 http://localhost/SignalRChat/index.php 200 0 0 5959
2016-02-04 19:04:10 ::1 GET /favicon.ico - 80 - ::1 Mozilla/5.0+(Windows+NT+6.3;+WOW64)+AppleWebKit/537.36+(KHTML,+like+Gecko)+Chrome/48.0.2564.97+Safari/537.36 http://localhost/SignalRChat/index.php 404 0 2 180
2016-02-04 19:04:10 ::1 GET /SignalRChat/signalr/negotiate clientProtocol=1.5&connectionData=%5B%7B%22name%22%3A%22myhub%22%7D%5D&_=1454612641869 80 - ::1 Mozilla/5.0+(Windows+NT+6.3;+WOW64)+AppleWebKit/537.36+(KHTML,+like+Gecko)+Chrome/48.0.2564.97+Safari/537.36 http://localhost/SignalRChat/index.php 200 0 0 1127
2016-02-04 19:04:11 ::1 GET /SignalRChat/signalr/start transport=serverSentEvents&clientProtocol=1.5&connectionToken=UnTfzpeWrwZgJBHrXMPlWaScqtb6NTYhbMBGIAtWpg1MV5zRcYASMoozDQsRCEiUW4i5iVkx4P0sPMg7irom4GkL2V4nAFnmxaCgLSOiYYJZDrpn8duf%2FjVRw3e8QY7f&connectionData=%5B%7B%22name%22%3A%22myhub%22%7D%5D&_=1454612641870 80 - ::1 Mozilla/5.0+(Windows+NT+6.3;+WOW64)+AppleWebKit/537.36+(KHTML,+like+Gecko)+Chrome/48.0.2564.97+Safari/537.36 http://localhost/SignalRChat/index.php 200 0 0 164
2016-02-04 19:04:37 ::1 GET /SignalRChat/signalr/connect transport=serverSentEvents&clientProtocol=1.5&connectionToken=UnTfzpeWrwZgJBHrXMPlWaScqtb6NTYhbMBGIAtWpg1MV5zRcYASMoozDQsRCEiUW4i5iVkx4P0sPMg7irom4GkL2V4nAFnmxaCgLSOiYYJZDrpn8duf%2FjVRw3e8QY7f&connectionData=%5B%7B%22name%22%3A%22myhub%22%7D%5D&tid=4 80 - ::1 Mozilla/5.0+(Windows+NT+6.3;+WOW64)+AppleWebKit/537.36+(KHTML,+like+Gecko)+Chrome/48.0.2564.97+Safari/537.36 http://localhost/SignalRChat/index.php 200 0 64 25697
2016-02-04 19:04:37 ::1 POST /SignalRChat/signalr/abort transport=serverSentEvents&clientProtocol=1.5&connectionToken=UnTfzpeWrwZgJBHrXMPlWaScqtb6NTYhbMBGIAtWpg1MV5zRcYASMoozDQsRCEiUW4i5iVkx4P0sPMg7irom4GkL2V4nAFnmxaCgLSOiYYJZDrpn8duf%2FjVRw3e8QY7f&connectionData=%5B%7B%22name%22%3A%22myhub%22%7D%5D 80 - ::1 Mozilla/5.0+(Windows+NT+6.3;+WOW64)+AppleWebKit/537.36+(KHTML,+like+Gecko)+Chrome/48.0.2564.97+Safari/537.36 http://localhost/SignalRChat/index.php 200 0 0 125
2016-02-04 19:06:39 ::1 DEBUG /SignalRChat/debugattach.aspx - 80 - ::1 - - 401 0 0 3218
2016-02-04 19:06:56 ::1 GET /SignalRChat/ - 80 - ::1 Mozilla/5.0+(Windows+NT+6.3;+WOW64)+AppleWebKit/537.36+(KHTML,+like+Gecko)+Chrome/48.0.2564.97+Safari/537.36 - 403 14 0 516
2016-02-04 19:06:56 ::1 GET /favicon.ico - 80 - ::1 Mozilla/5.0+(Windows+NT+6.3;+WOW64)+AppleWebKit/537.36+(KHTML,+like+Gecko)+Chrome/48.0.2564.97+Safari/537.36 http://localhost/SignalRChat/ 404 0 2 20
2016-02-04 19:07:03 ::1 GET /SignalRChat/index.php - 80 - ::1 Mozilla/5.0+(Windows+NT+6.3;+WOW64)+AppleWebKit/537.36+(KHTML,+like+Gecko)+Chrome/48.0.2564.97+Safari/537.36 - 200 0 0 210
2016-02-04 19:07:03 ::1 GET /signalr/hubs - 80 - ::1 Mozilla/5.0+(Windows+NT+6.3;+WOW64)+AppleWebKit/537.36+(KHTML,+like+Gecko)+Chrome/48.0.2564.97+Safari/537.36 http://localhost/SignalRChat/index.php 404 0 2 420
2016-02-04 19:07:26 ::1 DEBUG /SignalRChat/debugattach.aspx - 80 - ::1 - - 200 0 0 1
2016-02-04 19:07:50 ::1 GET / - 80 - ::1 Mozilla/5.0+(Windows+NT+6.3;+WOW64;+rv:43.0)+Gecko/20100101+Firefox/43.0 - 304 0 0 15
2016-02-04 19:07:50 ::1 GET /iis-85.png - 80 - ::1 Mozilla/5.0+(Windows+NT+6.3;+WOW64;+rv:43.0)+Gecko/20100101+Firefox/43.0 http://localhost/ 304 0 0 93
2016-02-04 19:07:50 ::1 GET /favicon.ico - 80 - ::1 Mozilla/5.0+(Windows+NT+6.3;+WOW64;+rv:43.0)+Gecko/20100101+Firefox/43.0 - 404 0 2 0
2016-02-04 19:07:50 ::1 GET /favicon.ico - 80 - ::1 Mozilla/5.0+(Windows+NT+6.3;+WOW64;+rv:43.0)+Gecko/20100101+Firefox/43.0 - 404 0 2 15
#Software: Microsoft Internet Information Services 8.5
#Version: 1.0
#Date: 2016-02-04 19:23:45
#Fields: date time s-ip cs-method cs-uri-stem cs-uri-query s-port cs-username c-ip cs(User-Agent) cs(Referer) sc-status sc-substatus sc-win32-status time-taken
2016-02-04 19:23:45 ::1 GET /signalr/ - 80 - ::1 Mozilla/5.0+(Windows+NT+6.3;+WOW64;+rv:43.0)+Gecko/20100101+Firefox/43.0 - 404 0 2 76
2016-02-04 19:23:48 ::1 GET /signalR/ - 80 - ::1 Mozilla/5.0+(Windows+NT+6.3;+WOW64;+rv:43.0)+Gecko/20100101+Firefox/43.0 - 404 0 2 1
2016-02-04 19:24:47 ::1 DEBUG /SignalRChat/debugattach.aspx - 80 - ::1 - - 401 0 0 445
2016-02-04 19:24:50 ::1 GET /SignalRChat/ - 80 - ::1 Mozilla/5.0+(Windows+NT+6.3;+WOW64)+AppleWebKit/537.36+(KHTML,+like+Gecko)+Chrome/48.0.2564.97+Safari/537.36 - 200 0 0 787
2016-02-04 19:24:50 ::1 GET /signalr/hubs - 80 - ::1 Mozilla/5.0+(Windows+NT+6.3;+WOW64)+AppleWebKit/537.36+(KHTML,+like+Gecko)+Chrome/48.0.2564.97+Safari/537.36 http://localhost/SignalRChat/ 404 0 2 12
2016-02-04 19:25:13 ::1 GET /SignalRChat/ - 80 - ::1 Mozilla/5.0+(Windows+NT+6.3;+WOW64)+AppleWebKit/537.36+(KHTML,+like+Gecko)+Chrome/48.0.2564.97+Safari/537.36 - 200 0 0 16
2016-02-04 19:25:13 ::1 GET /signalr/hubs - 80 - ::1 Mozilla/5.0+(Windows+NT+6.3;+WOW64)+AppleWebKit/537.36+(KHTML,+like+Gecko)+Chrome/48.0.2564.97+Safari/537.36 http://localhost/SignalRChat/ 404 0 2 10
2016-02-04 19:25:26 ::1 GET /SignalRChat/ - 80 - ::1 Mozilla/5.0+(Windows+NT+6.3;+WOW64;+rv:43.0)+Gecko/20100101+Firefox/43.0 - 200 0 0 31
2016-02-04 19:25:26 ::1 GET /signalr/hubs - 80 - ::1 Mozilla/5.0+(Windows+NT+6.3;+WOW64;+rv:43.0)+Gecko/20100101+Firefox/43.0 http://localhost/SignalRChat/ 404 0 2 15
2016-02-04 19:25:26 ::1 GET /SignalRChat/Scripts/jquery.signalR-2.2.0.min.js - 80 - ::1 Mozilla/5.0+(Windows+NT+6.3;+WOW64;+rv:43.0)+Gecko/20100101+Firefox/43.0 http://localhost/SignalRChat/ 304 0 0 46
2016-02-04 19:25:26 ::1 GET /SignalRChat/Scripts/jquery-2.2.0.min.js - 80 - ::1 Mozilla/5.0+(Windows+NT+6.3;+WOW64;+rv:43.0)+Gecko/20100101+Firefox/43.0 http://localhost/SignalRChat/ 304 0 0 125
2016-02-04 19:25:26 ::1 GET /signalr/hubs - 80 - ::1 Mozilla/5.0+(Windows+NT+6.3;+WOW64;+rv:43.0)+Gecko/20100101+Firefox/43.0 http://localhost/SignalRChat/ 404 0 2 15
2016-02-04 19:26:27 ::1 GET /SignalRChat/ - 80 - ::1 Mozilla/5.0+(Windows+NT+6.3;+WOW64;+rv:43.0)+Gecko/20100101+Firefox/43.0 - 200 0 0 15
2016-02-04 19:26:27 ::1 GET /signalr/hubs - 80 - ::1 Mozilla/5.0+(Windows+NT+6.3;+WOW64;+rv:43.0)+Gecko/20100101+Firefox/43.0 http://localhost/SignalRChat/ 404 0 2 46
2016-02-04 19:27:05 ::1 GET /SignalRChat - 80 - ::1 Mozilla/5.0+(Windows+NT+6.3;+WOW64;+rv:43.0)+Gecko/20100101+Firefox/43.0 - 301 0 0 11
2016-02-04 19:27:05 ::1 GET /SignalRChat/ - 80 - ::1 Mozilla/5.0+(Windows+NT+6.3;+WOW64;+rv:43.0)+Gecko/20100101+Firefox/43.0 - 200 0 0 5
2016-02-04 19:27:05 ::1 GET /signalr/hubs - 80 - ::1 Mozilla/5.0+(Windows+NT+6.3;+WOW64;+rv:43.0)+Gecko/20100101+Firefox/43.0 http://localhost/SignalRChat/ 404 0 2 14
2016-02-04 19:27:05 ::1 GET /signalr/hubs - 80 - ::1 Mozilla/5.0+(Windows+NT+6.3;+WOW64;+rv:43.0)+Gecko/20100101+Firefox/43.0 http://localhost/SignalRChat/ 404 0 2 34
2016-02-04 19:27:12 ::1 DEBUG /SignalRChat/debugattach.aspx - 80 - ::1 - - 200 0 0 2
2016-02-04 19:28:03 ::1 GET / - 80 - ::1 Mozilla/5.0+(Windows+NT+6.3;+WOW64)+AppleWebKit/537.36+(KHTML,+like+Gecko)+Chrome/48.0.2564.97+Safari/537.36 - 200 0 0 357
2016-02-04 19:28:03 ::1 GET /signalr/js - 80 - ::1 Mozilla/5.0+(Windows+NT+6.3;+WOW64)+AppleWebKit/537.36+(KHTML,+like+Gecko)+Chrome/48.0.2564.97+Safari/537.36 http://localhost/ 404 0 2 10
2016-02-04 19:28:12 ::1 GET / - 80 - ::1 Mozilla/5.0+(Windows+NT+6.3;+WOW64)+AppleWebKit/537.36+(KHTML,+like+Gecko)+Chrome/48.0.2564.97+Safari/537.36 - 200 0 0 53
2016-02-04 19:28:12 ::1 GET /signalr/js - 80 - ::1 Mozilla/5.0+(Windows+NT+6.3;+WOW64)+AppleWebKit/537.36+(KHTML,+like+Gecko)+Chrome/48.0.2564.97+Safari/537.36 http://localhost/ 404 0 2 2
2016-02-04 19:28:19 ::1 GET /index.php - 80 - ::1 Mozilla/5.0+(Windows+NT+6.3;+WOW64)+AppleWebKit/537.36+(KHTML,+like+Gecko)+Chrome/48.0.2564.97+Safari/537.36 - 200 0 0 30
2016-02-04 19:28:19 ::1 GET /signalr/js - 80 - ::1 Mozilla/5.0+(Windows+NT+6.3;+WOW64)+AppleWebKit/537.36+(KHTML,+like+Gecko)+Chrome/48.0.2564.97+Safari/537.36 http://localhost/index.php 404 0 2 1
2016-02-04 19:28:25 ::1 GET /index.htm - 80 - ::1 Mozilla/5.0+(Windows+NT+6.3;+WOW64)+AppleWebKit/537.36+(KHTML,+like+Gecko)+Chrome/48.0.2564.97+Safari/537.36 - 404 0 2 11
2016-02-04 19:28:33 ::1 GET / - 80 - ::1 Mozilla/5.0+(Windows+NT+6.3;+WOW64;+rv:43.0)+Gecko/20100101+Firefox/43.0 - 200 0 0 25
2016-02-04 19:28:33 ::1 GET /signalr/js - 80 - ::1 Mozilla/5.0+(Windows+NT+6.3;+WOW64;+rv:43.0)+Gecko/20100101+Firefox/43.0 http://localhost/ 404 0 2 7
2016-02-04 19:28:35 ::1 GET /signalr/js - 80 - ::1 Mozilla/5.0+(Windows+NT+6.3;+WOW64;+rv:43.0)+Gecko/20100101+Firefox/43.0 http://localhost/ 404 0 2 15
2016-02-04 19:28:50 ::1 GET /iisstart.htm - 80 - ::1 Mozilla/5.0+(Windows+NT+6.3;+WOW64;+rv:43.0)+Gecko/20100101+Firefox/43.0 - 200 0 0 31
2016-02-04 19:28:53 ::1 GET /favicon.ico - 80 - ::1 Mozilla/5.0+(Windows+NT+6.3;+WOW64;+rv:43.0)+Gecko/20100101+Firefox/43.0 - 404 0 2 0
2016-02-04 19:28:53 ::1 GET /favicon.ico - 80 - ::1 Mozilla/5.0+(Windows+NT+6.3;+WOW64;+rv:43.0)+Gecko/20100101+Firefox/43.0 - 404 0 2 0
2016-02-04 19:29:03 ::1 GET /index.php - 80 - ::1 Mozilla/5.0+(Windows+NT+6.3;+WOW64;+rv:43.0)+Gecko/20100101+Firefox/43.0 - 200 0 0 0
2016-02-04 19:29:03 ::1 GET /signalr/js - 80 - ::1 Mozilla/5.0+(Windows+NT+6.3;+WOW64;+rv:43.0)+Gecko/20100101+Firefox/43.0 http://localhost/index.php 404 0 2 15
2016-02-04 19:29:19 ::1 GET /index.php - 80 - ::1 Mozilla/5.0+(Windows+NT+6.3;+WOW64;+rv:43.0)+Gecko/20100101+Firefox/43.0 - 200 0 0 2
2016-02-04 19:29:19 ::1 GET /signalr/js - 80 - ::1 Mozilla/5.0+(Windows+NT+6.3;+WOW64;+rv:43.0)+Gecko/20100101+Firefox/43.0 http://localhost/index.php 404 0 2 2
2016-02-04 19:29:19 ::1 GET /signalr/js - 80 - ::1 Mozilla/5.0+(Windows+NT+6.3;+WOW64;+rv:43.0)+Gecko/20100101+Firefox/43.0 http://localhost/index.php 404 0 2 20
2016-02-04 19:30:00 ::1 GET /index.php - 80 - ::1 Mozilla/5.0+(Windows+NT+6.3;+WOW64;+rv:43.0)+Gecko/20100101+Firefox/43.0 - 200 0 0 98
2016-02-04 19:31:01 ::1 GET /SignalRChat/ - 80 - ::1 Mozilla/5.0+(Windows+NT+6.3;+WOW64)+AppleWebKit/537.36+(KHTML,+like+Gecko)+Chrome/48.0.2564.97+Safari/537.36 - 200 0 0 5
2016-02-04 19:31:01 ::1 GET /signalr/hubs - 80 - ::1 Mozilla/5.0+(Windows+NT+6.3;+WOW64)+AppleWebKit/537.36+(KHTML,+like+Gecko)+Chrome/48.0.2564.97+Safari/537.36 http://localhost/SignalRChat/ 404 0 2 4
2016-02-04 19:31:06 ::1 GET /SignalRChat/ - 80 - ::1 Mozilla/5.0+(Windows+NT+6.3;+WOW64)+AppleWebKit/537.36+(KHTML,+like+Gecko)+Chrome/48.0.2564.97+Safari/537.36 - 200 0 0 5
2016-02-04 19:31:06 ::1 GET /signalr/hubs - 80 - ::1 Mozilla/5.0+(Windows+NT+6.3;+WOW64)+AppleWebKit/537.36+(KHTML,+like+Gecko)+Chrome/48.0.2564.97+Safari/537.36 http://localhost/SignalRChat/ 404 0 2 8
2016-02-04 19:31:06 ::1 GET /SignalRChat/Scripts/jquery.signalR-2.2.0.min.js - 80 - ::1 Mozilla/5.0+(Windows+NT+6.3;+WOW64)+AppleWebKit/537.36+(KHTML,+like+Gecko)+Chrome/48.0.2564.97+Safari/537.36 http://localhost/SignalRChat/ 200 0 0 87
2016-02-04 19:31:06 ::1 GET /SignalRChat/Scripts/jquery-2.2.0.min.js - 80 - ::1 Mozilla/5.0+(Windows+NT+6.3;+WOW64)+AppleWebKit/537.36+(KHTML,+like+Gecko)+Chrome/48.0.2564.97+Safari/537.36 http://localhost/SignalRChat/ 200 0 0 89
2016-02-04 19:31:06 ::1 GET /favicon.ico - 80 - ::1 Mozilla/5.0+(Windows+NT+6.3;+WOW64)+AppleWebKit/537.36+(KHTML,+like+Gecko)+Chrome/48.0.2564.97+Safari/537.36 http://localhost/SignalRChat/ 404 0 2 7
2016-02-04 19:31:29 ::1 DEBUG /SignalRChat/debugattach.aspx - 80 - ::1 - - 401 0 0 0
2016-02-04 19:31:30 ::1 GET /SignalRChat/ - 80 - ::1 Mozilla/5.0+(Windows+NT+6.3;+WOW64;+rv:43.0)+Gecko/20100101+Firefox/43.0 - 200 0 0 45
2016-02-04 19:31:30 ::1 GET /signalr/hubs - 80 - ::1 Mozilla/5.0+(Windows+NT+6.3;+WOW64;+rv:43.0)+Gecko/20100101+Firefox/43.0 http://localhost/SignalRChat/ 404 0 2 92
2016-02-04 19:31:30 ::1 GET /favicon.ico - 80 - ::1 Mozilla/5.0+(Windows+NT+6.3;+WOW64;+rv:43.0)+Gecko/20100101+Firefox/43.0 - 404 0 2 47
2016-02-04 19:31:30 ::1 GET /favicon.ico - 80 - ::1 Mozilla/5.0+(Windows+NT+6.3;+WOW64;+rv:43.0)+Gecko/20100101+Firefox/43.0 - 404 0 2 22
2016-02-04 19:31:39 ::1 GET /SignalRChat/ - 80 - ::1 Mozilla/5.0+(Windows+NT+6.3;+WOW64;+rv:43.0)+Gecko/20100101+Firefox/43.0 - 200 0 0 3
2016-02-04 19:31:39 ::1 GET /signalr/hubs - 80 - ::1 Mozilla/5.0+(Windows+NT+6.3;+WOW64;+rv:43.0)+Gecko/20100101+Firefox/43.0 http://localhost/SignalRChat/ 404 0 2 17
2016-02-04 19:31:39 ::1 GET /signalr/hubs - 80 - ::1 Mozilla/5.0+(Windows+NT+6.3;+WOW64;+rv:43.0)+Gecko/20100101+Firefox/43.0 http://localhost/SignalRChat/ 404 0 2 8
2016-02-04 19:31:42 ::1 GET /SignalRChat/ - 80 - ::1 Mozilla/5.0+(Windows+NT+6.3;+WOW64;+rv:43.0)+Gecko/20100101+Firefox/43.0 - 200 0 0 30
2016-02-04 19:31:42 ::1 GET /signalr/hubs - 80 - ::1 Mozilla/5.0+(Windows+NT+6.3;+WOW64;+rv:43.0)+Gecko/20100101+Firefox/43.0 http://localhost/SignalRChat/ 404 0 2 8
2016-02-04 19:31:42 ::1 GET /SignalRChat/Scripts/jquery.signalR-2.2.0.min.js - 80 - ::1 Mozilla/5.0+(Windows+NT+6.3;+WOW64;+rv:43.0)+Gecko/20100101+Firefox/43.0 http://localhost/SignalRChat/ 200 0 0 87
2016-02-04 19:31:42 ::1 GET /SignalRChat/Scripts/jquery-2.2.0.min.js - 80 - ::1 Mozilla/5.0+(Windows+NT+6.3;+WOW64;+rv:43.0)+Gecko/20100101+Firefox/43.0 http://localhost/SignalRChat/ 200 0 0 158
2016-02-04 19:31:42 ::1 GET /signalr/hubs - 80 - ::1 Mozilla/5.0+(Windows+NT+6.3;+WOW64;+rv:43.0)+Gecko/20100101+Firefox/43.0 http://localhost/SignalRChat/ 404 0 2 22
2016-02-04 19:32:23 ::1 DEBUG /SignalRChat/debugattach.aspx - 80 - ::1 - - 200 0 0 0
2016-02-04 19:33:45 ::1 GET /SignalRChat/ - 80 - ::1 Mozilla/5.0+(Windows+NT+6.3;+WOW64;+rv:43.0)+Gecko/20100101+Firefox/43.0 - 200 0 0 0
2016-02-04 19:33:45 ::1 GET /signalr/hubs - 80 - ::1 Mozilla/5.0+(Windows+NT+6.3;+WOW64;+rv:43.0)+Gecko/20100101+Firefox/43.0 http://localhost/SignalRChat/ 404 0 2 31
2016-02-04 19:33:45 ::1 GET /favicon.ico - 80 - ::1 Mozilla/5.0+(Windows+NT+6.3;+WOW64;+rv:43.0)+Gecko/20100101+Firefox/43.0 - 404 0 2 15
2016-02-04 19:33:45 ::1 GET /favicon.ico - 80 - ::1 Mozilla/5.0+(Windows+NT+6.3;+WOW64;+rv:43.0)+Gecko/20100101+Firefox/43.0 - 404 0 2 15
2016-02-04 19:34:17 ::1 GET /SignalRChat/ - 80 - ::1 Mozilla/5.0+(Windows+NT+6.3;+WOW64;+rv:43.0)+Gecko/20100101+Firefox/43.0 - 200 0 0 31
2016-02-04 19:34:17 ::1 GET /signalr/hubs - 80 - ::1 Mozilla/5.0+(Windows+NT+6.3;+WOW64;+rv:43.0)+Gecko/20100101+Firefox/43.0 http://localhost/SignalRChat/ 404 0 2 15
2016-02-04 19:34:17 ::1 GET /SignalRChat/Scripts/jquery.signalR-2.2.0.min.js - 80 - ::1 Mozilla/5.0+(Windows+NT+6.3;+WOW64;+rv:43.0)+Gecko/20100101+Firefox/43.0 http://localhost/SignalRChat/ 200 0 0 93
2016-02-04 19:34:17 ::1 GET /SignalRChat/Scripts/jquery-2.2.0.min.js - 80 - ::1 Mozilla/5.0+(Windows+NT+6.3;+WOW64;+rv:43.0)+Gecko/20100101+Firefox/43.0 http://localhost/SignalRChat/ 200 0 0 93
2016-02-04 19:34:17 ::1 GET /signalr/hubs - 80 - ::1 Mozilla/5.0+(Windows+NT+6.3;+WOW64;+rv:43.0)+Gecko/20100101+Firefox/43.0 http://localhost/SignalRChat/ 404 0 2 0
#Software: Microsoft Internet Information Services 8.5
#Version: 1.0
#Date: 2016-02-04 22:09:30
#Fields: date time s-ip cs-method cs-uri-stem cs-uri-query s-port cs-username c-ip cs(User-Agent) cs(Referer) sc-status sc-substatus sc-win32-status time-taken
2016-02-04 22:09:30 ::1 DEBUG /SignalRChat/debugattach.aspx - 80 - ::1 - - 401 0 0 4528
2016-02-04 22:09:41 ::1 GET /SignalRChat/ - 80 - ::1 Mozilla/5.0+(Windows+NT+6.3;+WOW64;+rv:43.0)+Gecko/20100101+Firefox/43.0 - 200 0 0 1396
2016-02-04 22:09:43 ::1 GET /signalr/hubs - 80 - ::1 Mozilla/5.0+(Windows+NT+6.3;+WOW64;+rv:43.0)+Gecko/20100101+Firefox/43.0 http://localhost/SignalRChat/ 404 0 2 866
2016-02-04 22:09:43 ::1 GET /signalr/hubs - 80 - ::1 Mozilla/5.0+(Windows+NT+6.3;+WOW64;+rv:43.0)+Gecko/20100101+Firefox/43.0 http://localhost/SignalRChat/ 404 0 2 46
2016-02-04 22:09:43 ::1 GET /favicon.ico - 80 - ::1 Mozilla/5.0+(Windows+NT+6.3;+WOW64;+rv:43.0)+Gecko/20100101+Firefox/43.0 - 404 0 2 9
2016-02-04 22:09:43 ::1 GET /favicon.ico - 80 - ::1 Mozilla/5.0+(Windows+NT+6.3;+WOW64;+rv:43.0)+Gecko/20100101+Firefox/43.0 - 404 0 2 17
2016-02-04 22:09:53 ::1 DEBUG /SignalRChat/debugattach.aspx - 80 - ::1 - - 200 0 0 8
