#Software: Microsoft Internet Information Services 8.5
#Version: 1.0
#Date: 2016-01-26 18:27:28
#Fields: date time s-ip cs-method cs-uri-stem cs-uri-query s-port cs-username c-ip cs(User-Agent) cs(Referer) sc-status sc-substatus sc-win32-status time-taken
2016-01-26 18:27:28 ::1 GET / - 80 - ::1 Mozilla/5.0+(Windows+NT+6.3;+WOW64;+rv:43.0)+Gecko/20100101+Firefox/43.0 - 200 0 0 3734
2016-01-26 18:27:28 ::1 GET /iis-85.png - 80 - ::1 Mozilla/5.0+(Windows+NT+6.3;+WOW64;+rv:43.0)+Gecko/20100101+Firefox/43.0 http://localhost/ 200 0 0 15
2016-01-26 18:32:57 ::1 GET / - 80 - ::1 Mozilla/5.0+(Windows+NT+6.3;+WOW64;+rv:43.0)+Gecko/20100101+Firefox/43.0 - 304 0 0 15
2016-01-26 18:32:57 ::1 GET /iis-85.png - 80 - ::1 Mozilla/5.0+(Windows+NT+6.3;+WOW64;+rv:43.0)+Gecko/20100101+Firefox/43.0 http://localhost/ 304 0 0 0
2016-01-26 18:33:05 ::1 GET /index.php - 80 - ::1 Mozilla/5.0+(Windows+NT+6.3;+WOW64;+rv:43.0)+Gecko/20100101+Firefox/43.0 - 404 0 2 15
2016-01-26 18:33:37 ::1 GET /index.php - 80 - ::1 Mozilla/5.0+(Windows+NT+6.3;+WOW64;+rv:43.0)+Gecko/20100101+Firefox/43.0 - 404 3 50 15
2016-01-26 18:39:00 ::1 GET /index.php - 80 - ::1 Mozilla/5.0+(Windows+NT+6.3;+WOW64;+rv:43.0)+Gecko/20100101+Firefox/43.0 - 200 0 0 406
2016-01-26 18:47:00 ::1 DEBUG /SignalRChat/debugattach.aspx - 80 - ::1 - - 401 0 0 11031
2016-01-26 18:47:18 ::1 GET /SignalRChat/index.php - 80 - ::1 Mozilla/5.0+(Windows+NT+6.3;+WOW64;+rv:43.0)+Gecko/20100101+Firefox/43.0 - 200 0 0 252
2016-01-26 18:47:18 ::1 GET /SignalRChat/Scripts/jquery.signalR-2.2.0.min.js - 80 - ::1 Mozilla/5.0+(Windows+NT+6.3;+WOW64;+rv:43.0)+Gecko/20100101+Firefox/43.0 http://localhost/SignalRChat/index.php 200 0 0 67
2016-01-26 18:47:18 ::1 GET /SignalRChat/Scripts/jquery-1.6.4.min.js - 80 - ::1 Mozilla/5.0+(Windows+NT+6.3;+WOW64;+rv:43.0)+Gecko/20100101+Firefox/43.0 http://localhost/SignalRChat/index.php 200 0 0 169
2016-01-26 18:47:27 ::1 GET /SignalRChat/signalr/hubs - 80 - ::1 Mozilla/5.0+(Windows+NT+6.3;+WOW64;+rv:43.0)+Gecko/20100101+Firefox/43.0 http://localhost/SignalRChat/index.php 200 0 0 8962
2016-01-26 18:47:30 ::1 GET /favicon.ico - 80 - ::1 Mozilla/5.0+(Windows+NT+6.3;+WOW64;+rv:43.0)+Gecko/20100101+Firefox/43.0 - 404 0 2 38
2016-01-26 18:47:30 ::1 GET /favicon.ico - 80 - ::1 Mozilla/5.0+(Windows+NT+6.3;+WOW64;+rv:43.0)+Gecko/20100101+Firefox/43.0 - 404 0 2 31
2016-01-26 18:47:30 ::1 GET /SignalRChat/signalr/negotiate clientProtocol=1.5&connectionData=%5B%7B%22name%22%3A%22myhub%22%7D%5D&_=1453834049917 80 - ::1 Mozilla/5.0+(Windows+NT+6.3;+WOW64;+rv:43.0)+Gecko/20100101+Firefox/43.0 http://localhost/SignalRChat/index.php 200 0 0 785
2016-01-26 18:47:31 ::1 GET /SignalRChat/signalr/start transport=serverSentEvents&clientProtocol=1.5&connectionToken=O9vuHhirbpTjZZfsdSMUfmGh2A8gVNHMcG4inuqWhZTg8Nzg0AJv9UF3yL4zN53rCzKh124ibRFED6AcdRtv9KRcDXmPvkP6h%2BGTvprGHRQn6wBeAl3OOFK%2F1HhxjDbm&connectionData=%5B%7B%22name%22%3A%22myhub%22%7D%5D&_=1453834051069 80 - ::1 Mozilla/5.0+(Windows+NT+6.3;+WOW64;+rv:43.0)+Gecko/20100101+Firefox/43.0 http://localhost/SignalRChat/index.php 200 0 0 120
2016-01-26 18:47:31 ::1 POST /SignalRChat/signalr/send transport=serverSentEvents&clientProtocol=1.5&connectionToken=O9vuHhirbpTjZZfsdSMUfmGh2A8gVNHMcG4inuqWhZTg8Nzg0AJv9UF3yL4zN53rCzKh124ibRFED6AcdRtv9KRcDXmPvkP6h%2BGTvprGHRQn6wBeAl3OOFK%2F1HhxjDbm&connectionData=%5B%7B%22name%22%3A%22myhub%22%7D%5D 80 - ::1 Mozilla/5.0+(Windows+NT+6.3;+WOW64;+rv:43.0)+Gecko/20100101+Firefox/43.0 http://localhost/SignalRChat/index.php 200 0 0 159
2016-01-26 18:47:31 ::1 POST /SignalRChat/signalr/send transport=serverSentEvents&clientProtocol=1.5&connectionToken=O9vuHhirbpTjZZfsdSMUfmGh2A8gVNHMcG4inuqWhZTg8Nzg0AJv9UF3yL4zN53rCzKh124ibRFED6AcdRtv9KRcDXmPvkP6h%2BGTvprGHRQn6wBeAl3OOFK%2F1HhxjDbm&connectionData=%5B%7B%22name%22%3A%22myhub%22%7D%5D 80 - ::1 Mozilla/5.0+(Windows+NT+6.3;+WOW64;+rv:43.0)+Gecko/20100101+Firefox/43.0 http://localhost/SignalRChat/index.php 200 0 0 498
2016-01-26 18:47:32 ::1 POST /SignalRChat/signalr/send transport=serverSentEvents&clientProtocol=1.5&connectionToken=O9vuHhirbpTjZZfsdSMUfmGh2A8gVNHMcG4inuqWhZTg8Nzg0AJv9UF3yL4zN53rCzKh124ibRFED6AcdRtv9KRcDXmPvkP6h%2BGTvprGHRQn6wBeAl3OOFK%2F1HhxjDbm&connectionData=%5B%7B%22name%22%3A%22myhub%22%7D%5D 80 - ::1 Mozilla/5.0+(Windows+NT+6.3;+WOW64;+rv:43.0)+Gecko/20100101+Firefox/43.0 http://localhost/SignalRChat/index.php 200 0 0 29
2016-01-26 18:47:32 ::1 POST /SignalRChat/signalr/send transport=serverSentEvents&clientProtocol=1.5&connectionToken=O9vuHhirbpTjZZfsdSMUfmGh2A8gVNHMcG4inuqWhZTg8Nzg0AJv9UF3yL4zN53rCzKh124ibRFED6AcdRtv9KRcDXmPvkP6h%2BGTvprGHRQn6wBeAl3OOFK%2F1HhxjDbm&connectionData=%5B%7B%22name%22%3A%22myhub%22%7D%5D 80 - ::1 Mozilla/5.0+(Windows+NT+6.3;+WOW64;+rv:43.0)+Gecko/20100101+Firefox/43.0 http://localhost/SignalRChat/index.php 200 0 0 10
2016-01-26 18:47:45 ::1 DEBUG /SignalRChat/debugattach.aspx - 80 - ::1 - - 200 0 0 5
2016-01-26 18:49:35 ::1 DEBUG /SignalRChat/debugattach.aspx - 80 - ::1 - - 401 0 0 10
2016-01-26 18:49:38 ::1 GET /SignalRChat/index.php - 80 - ::1 Mozilla/5.0+(Windows+NT+6.3;+WOW64;+rv:43.0)+Gecko/20100101+Firefox/43.0 - 200 0 0 6
2016-01-26 18:49:38 ::1 GET /SignalRChat/signalr/hubs - 80 - ::1 Mozilla/5.0+(Windows+NT+6.3;+WOW64;+rv:43.0)+Gecko/20100101+Firefox/43.0 http://localhost/SignalRChat/index.php 200 0 0 29
2016-01-26 18:49:41 ::1 GET /SignalRChat/signalr/negotiate clientProtocol=1.5&connectionData=%5B%7B%22name%22%3A%22myhub%22%7D%5D&_=1453834181607 80 - ::1 Mozilla/5.0+(Windows+NT+6.3;+WOW64;+rv:43.0)+Gecko/20100101+Firefox/43.0 http://localhost/SignalRChat/index.php 200 0 0 5
2016-01-26 18:49:41 ::1 GET /SignalRChat/signalr/start transport=serverSentEvents&clientProtocol=1.5&connectionToken=7j43KkpkG7oknF5QDyBoKSDD7FY7t6kVDM4dyQesUipHkSAMER10Q4qSHs1ZKRKyT672ZaePLbaL4NogUqX3DqjmS9SWc04%2FnAAEbPqPdrqbCB8lFVW6suZC3z4dbU%2Bj&connectionData=%5B%7B%22name%22%3A%22myhub%22%7D%5D&_=1453834181793 80 - ::1 Mozilla/5.0+(Windows+NT+6.3;+WOW64;+rv:43.0)+Gecko/20100101+Firefox/43.0 http://localhost/SignalRChat/index.php 200 0 0 5
2016-01-26 18:50:09 ::1 GET /SignalRChat/index.php - 80 - ::1 Mozilla/5.0+(Windows+NT+6.3;+WOW64;+rv:43.0)+Gecko/20100101+Firefox/43.0 - 200 0 0 42
2016-01-26 18:50:09 ::1 POST /SignalRChat/signalr/abort transport=serverSentEvents&clientProtocol=1.5&connectionToken=7j43KkpkG7oknF5QDyBoKSDD7FY7t6kVDM4dyQesUipHkSAMER10Q4qSHs1ZKRKyT672ZaePLbaL4NogUqX3DqjmS9SWc04%2FnAAEbPqPdrqbCB8lFVW6suZC3z4dbU%2Bj&connectionData=%5B%7B%22name%22%3A%22myhub%22%7D%5D 80 - ::1 Mozilla/5.0+(Windows+NT+6.3;+WOW64;+rv:43.0)+Gecko/20100101+Firefox/43.0 http://localhost/SignalRChat/index.php 200 0 0 69
2016-01-26 18:50:09 ::1 GET /SignalRChat/signalr/hubs - 80 - ::1 Mozilla/5.0+(Windows+NT+6.3;+WOW64;+rv:43.0)+Gecko/20100101+Firefox/43.0 http://localhost/SignalRChat/index.php 200 0 0 210
2016-01-26 18:50:09 ::1 GET /SignalRChat/signalr/connect transport=serverSentEvents&clientProtocol=1.5&connectionToken=7j43KkpkG7oknF5QDyBoKSDD7FY7t6kVDM4dyQesUipHkSAMER10Q4qSHs1ZKRKyT672ZaePLbaL4NogUqX3DqjmS9SWc04%2FnAAEbPqPdrqbCB8lFVW6suZC3z4dbU%2Bj&connectionData=%5B%7B%22name%22%3A%22myhub%22%7D%5D&tid=7 80 - ::1 Mozilla/5.0+(Windows+NT+6.3;+WOW64;+rv:43.0)+Gecko/20100101+Firefox/43.0 http://localhost/SignalRChat/index.php 200 0 64 28209
2016-01-26 18:50:11 ::1 GET /SignalRChat/signalr/negotiate clientProtocol=1.5&connectionData=%5B%7B%22name%22%3A%22myhub%22%7D%5D&_=1453834211785 80 - ::1 Mozilla/5.0+(Windows+NT+6.3;+WOW64;+rv:43.0)+Gecko/20100101+Firefox/43.0 http://localhost/SignalRChat/index.php 200 0 0 13
2016-01-26 18:50:11 ::1 GET /SignalRChat/signalr/start transport=serverSentEvents&clientProtocol=1.5&connectionToken=QIU7EySDlfiwO578DQ5aZpvbh6b2JsDxcHUts7YCtlaCfC2V0OTf%2FqupzZGGv5bDvaeRdyzdYYn%2BqkWMN4dN8D2bWIhe%2BKn6TIrt4kGityNhqkLxVNU8EZcJ5%2BbIH3y7&connectionData=%5B%7B%22name%22%3A%22myhub%22%7D%5D&_=1453834211893 80 - ::1 Mozilla/5.0+(Windows+NT+6.3;+WOW64;+rv:43.0)+Gecko/20100101+Firefox/43.0 http://localhost/SignalRChat/index.php 200 0 0 37
2016-01-26 18:50:15 ::1 POST /SignalRChat/signalr/send transport=serverSentEvents&clientProtocol=1.5&connectionToken=QIU7EySDlfiwO578DQ5aZpvbh6b2JsDxcHUts7YCtlaCfC2V0OTf%2FqupzZGGv5bDvaeRdyzdYYn%2BqkWMN4dN8D2bWIhe%2BKn6TIrt4kGityNhqkLxVNU8EZcJ5%2BbIH3y7&connectionData=%5B%7B%22name%22%3A%22myhub%22%7D%5D 80 - ::1 Mozilla/5.0+(Windows+NT+6.3;+WOW64;+rv:43.0)+Gecko/20100101+Firefox/43.0 http://localhost/SignalRChat/index.php 200 0 0 28
2016-01-26 18:50:15 ::1 POST /SignalRChat/signalr/send transport=serverSentEvents&clientProtocol=1.5&connectionToken=QIU7EySDlfiwO578DQ5aZpvbh6b2JsDxcHUts7YCtlaCfC2V0OTf%2FqupzZGGv5bDvaeRdyzdYYn%2BqkWMN4dN8D2bWIhe%2BKn6TIrt4kGityNhqkLxVNU8EZcJ5%2BbIH3y7&connectionData=%5B%7B%22name%22%3A%22myhub%22%7D%5D 80 - ::1 Mozilla/5.0+(Windows+NT+6.3;+WOW64;+rv:43.0)+Gecko/20100101+Firefox/43.0 http://localhost/SignalRChat/index.php 200 0 0 41
2016-01-26 18:50:17 ::1 POST /SignalRChat/signalr/send transport=serverSentEvents&clientProtocol=1.5&connectionToken=QIU7EySDlfiwO578DQ5aZpvbh6b2JsDxcHUts7YCtlaCfC2V0OTf%2FqupzZGGv5bDvaeRdyzdYYn%2BqkWMN4dN8D2bWIhe%2BKn6TIrt4kGityNhqkLxVNU8EZcJ5%2BbIH3y7&connectionData=%5B%7B%22name%22%3A%22myhub%22%7D%5D 80 - ::1 Mozilla/5.0+(Windows+NT+6.3;+WOW64;+rv:43.0)+Gecko/20100101+Firefox/43.0 http://localhost/SignalRChat/index.php 200 0 0 44
2016-01-26 18:50:22 ::1 POST /SignalRChat/signalr/abort transport=serverSentEvents&clientProtocol=1.5&connectionToken=QIU7EySDlfiwO578DQ5aZpvbh6b2JsDxcHUts7YCtlaCfC2V0OTf%2FqupzZGGv5bDvaeRdyzdYYn%2BqkWMN4dN8D2bWIhe%2BKn6TIrt4kGityNhqkLxVNU8EZcJ5%2BbIH3y7&connectionData=%5B%7B%22name%22%3A%22myhub%22%7D%5D 80 - ::1 Mozilla/5.0+(Windows+NT+6.3;+WOW64;+rv:43.0)+Gecko/20100101+Firefox/43.0 http://localhost/SignalRChat/index.php 200 0 0 3
2016-01-26 18:50:22 ::1 GET /SignalRChat/signalr/connect transport=serverSentEvents&clientProtocol=1.5&connectionToken=QIU7EySDlfiwO578DQ5aZpvbh6b2JsDxcHUts7YCtlaCfC2V0OTf%2FqupzZGGv5bDvaeRdyzdYYn%2BqkWMN4dN8D2bWIhe%2BKn6TIrt4kGityNhqkLxVNU8EZcJ5%2BbIH3y7&connectionData=%5B%7B%22name%22%3A%22myhub%22%7D%5D&tid=6 80 - ::1 Mozilla/5.0+(Windows+NT+6.3;+WOW64;+rv:43.0)+Gecko/20100101+Firefox/43.0 http://localhost/SignalRChat/index.php 200 0 64 10364
2016-01-26 18:50:23 ::1 POST /SignalRChat/signalr/abort transport=serverSentEvents&clientProtocol=1.5&connectionToken=O9vuHhirbpTjZZfsdSMUfmGh2A8gVNHMcG4inuqWhZTg8Nzg0AJv9UF3yL4zN53rCzKh124ibRFED6AcdRtv9KRcDXmPvkP6h%2BGTvprGHRQn6wBeAl3OOFK%2F1HhxjDbm&connectionData=%5B%7B%22name%22%3A%22myhub%22%7D%5D 80 - ::1 Mozilla/5.0+(Windows+NT+6.3;+WOW64;+rv:43.0)+Gecko/20100101+Firefox/43.0 http://localhost/SignalRChat/index.php 200 0 0 3
2016-01-26 18:50:23 ::1 GET /SignalRChat/signalr/connect transport=serverSentEvents&clientProtocol=1.5&connectionToken=O9vuHhirbpTjZZfsdSMUfmGh2A8gVNHMcG4inuqWhZTg8Nzg0AJv9UF3yL4zN53rCzKh124ibRFED6AcdRtv9KRcDXmPvkP6h%2BGTvprGHRQn6wBeAl3OOFK%2F1HhxjDbm&connectionData=%5B%7B%22name%22%3A%22myhub%22%7D%5D&tid=6 80 - ::1 Mozilla/5.0+(Windows+NT+6.3;+WOW64;+rv:43.0)+Gecko/20100101+Firefox/43.0 http://localhost/SignalRChat/index.php 200 0 64 172762
2016-01-26 18:50:28 ::1 DEBUG /SignalRChat/debugattach.aspx - 80 - ::1 - - 200 0 0 6
#Software: Microsoft Internet Information Services 8.5
#Version: 1.0
#Date: 2016-01-26 22:15:49
#Fields: date time s-ip cs-method cs-uri-stem cs-uri-query s-port cs-username c-ip cs(User-Agent) cs(Referer) sc-status sc-substatus sc-win32-status time-taken
2016-01-26 22:15:49 ::1 DEBUG /SignalRChat/debugattach.aspx - 80 - ::1 - - 401 0 0 1039
2016-01-26 22:15:50 ::1 GET /SignalRChat/index.php - 80 - ::1 Mozilla/5.0+(Windows+NT+6.3;+WOW64;+rv:43.0)+Gecko/20100101+Firefox/43.0 - 200 0 0 267
2016-01-26 22:15:50 ::1 GET /SignalRChat/Scripts/jquery.signalR-2.2.0.min.js - 80 - ::1 Mozilla/5.0+(Windows+NT+6.3;+WOW64;+rv:43.0)+Gecko/20100101+Firefox/43.0 http://localhost/SignalRChat/index.php 304 0 0 591
2016-01-26 22:15:51 ::1 GET /SignalRChat/Scripts/jquery-1.6.4.min.js - 80 - ::1 Mozilla/5.0+(Windows+NT+6.3;+WOW64;+rv:43.0)+Gecko/20100101+Firefox/43.0 http://localhost/SignalRChat/index.php 304 0 0 829
2016-01-26 22:15:53 ::1 GET /SignalRChat/signalr/hubs - 80 - ::1 Mozilla/5.0+(Windows+NT+6.3;+WOW64;+rv:43.0)+Gecko/20100101+Firefox/43.0 http://localhost/SignalRChat/index.php 200 0 0 2366
2016-01-26 22:15:55 ::1 GET /SignalRChat/signalr/negotiate clientProtocol=1.5&connectionData=%5B%7B%22name%22%3A%22myhub%22%7D%5D&_=1453846555637 80 - ::1 Mozilla/5.0+(Windows+NT+6.3;+WOW64;+rv:43.0)+Gecko/20100101+Firefox/43.0 http://localhost/SignalRChat/index.php 200 0 0 64
2016-01-26 22:15:55 ::1 GET /SignalRChat/signalr/start transport=serverSentEvents&clientProtocol=1.5&connectionToken=z9zJnaEzqLyPUkifZesWtFIh%2Fj9u3cy7%2BdGoXNsadOfN8HR9TONtUCwlu0SdZv%2BCNbH0etlA0iWQa4txN3bBZrdOMqUIVrGM9DKw7r8qAiL1RcOTsSm1raPhNg7wKrs1&connectionData=%5B%7B%22name%22%3A%22myhub%22%7D%5D&_=1453846555821 80 - ::1 Mozilla/5.0+(Windows+NT+6.3;+WOW64;+rv:43.0)+Gecko/20100101+Firefox/43.0 http://localhost/SignalRChat/index.php 200 0 0 38
2016-01-26 22:16:00 ::1 POST /SignalRChat/signalr/send transport=serverSentEvents&clientProtocol=1.5&connectionToken=z9zJnaEzqLyPUkifZesWtFIh%2Fj9u3cy7%2BdGoXNsadOfN8HR9TONtUCwlu0SdZv%2BCNbH0etlA0iWQa4txN3bBZrdOMqUIVrGM9DKw7r8qAiL1RcOTsSm1raPhNg7wKrs1&connectionData=%5B%7B%22name%22%3A%22myhub%22%7D%5D 80 - ::1 Mozilla/5.0+(Windows+NT+6.3;+WOW64;+rv:43.0)+Gecko/20100101+Firefox/43.0 http://localhost/SignalRChat/index.php 200 0 0 144
2016-01-26 22:17:23 ::1 GET /SignalRChat/signalr/connect transport=serverSentEvents&clientProtocol=1.5&connectionToken=z9zJnaEzqLyPUkifZesWtFIh%2Fj9u3cy7%2BdGoXNsadOfN8HR9TONtUCwlu0SdZv%2BCNbH0etlA0iWQa4txN3bBZrdOMqUIVrGM9DKw7r8qAiL1RcOTsSm1raPhNg7wKrs1&connectionData=%5B%7B%22name%22%3A%22myhub%22%7D%5D&tid=0 80 - ::1 Mozilla/5.0+(Windows+NT+6.3;+WOW64;+rv:43.0)+Gecko/20100101+Firefox/43.0 http://localhost/SignalRChat/index.php 200 0 64 88042
2016-01-26 22:17:57 ::1 POST /SignalRChat/signalr/abort transport=serverSentEvents&clientProtocol=1.5&connectionToken=z9zJnaEzqLyPUkifZesWtFIh%2Fj9u3cy7%2BdGoXNsadOfN8HR9TONtUCwlu0SdZv%2BCNbH0etlA0iWQa4txN3bBZrdOMqUIVrGM9DKw7r8qAiL1RcOTsSm1raPhNg7wKrs1&connectionData=%5B%7B%22name%22%3A%22myhub%22%7D%5D 80 - ::1 Mozilla/5.0+(Windows+NT+6.3;+WOW64;+rv:43.0)+Gecko/20100101+Firefox/43.0 http://localhost/SignalRChat/index.php 200 0 0 15
2016-01-26 22:17:57 ::1 GET /SignalRChat/signalr/reconnect transport=serverSentEvents&messageId=d-8B60C9A3-B%2C1%7CC%2C0%7CD%2C1&clientProtocol=1.5&connectionToken=z9zJnaEzqLyPUkifZesWtFIh%2Fj9u3cy7%2BdGoXNsadOfN8HR9TONtUCwlu0SdZv%2BCNbH0etlA0iWQa4txN3bBZrdOMqUIVrGM9DKw7r8qAiL1RcOTsSm1raPhNg7wKrs1&connectionData=%5B%7B%22name%22%3A%22myhub%22%7D%5D&tid=8 80 - ::1 Mozilla/5.0+(Windows+NT+6.3;+WOW64;+rv:43.0)+Gecko/20100101+Firefox/43.0 http://localhost/SignalRChat/index.php 200 0 64 34047
2016-01-26 22:17:57 ::1 GET /SignalRChat/index.php - 80 - ::1 Mozilla/5.0+(Windows+NT+6.3;+WOW64;+rv:43.0)+Gecko/20100101+Firefox/43.0 - 200 0 0 62
2016-01-26 22:17:57 ::1 GET /SignalRChat/signalr/hubs - 80 - ::1 Mozilla/5.0+(Windows+NT+6.3;+WOW64;+rv:43.0)+Gecko/20100101+Firefox/43.0 http://localhost/SignalRChat/index.php 200 0 0 15
2016-01-26 22:18:00 ::1 GET /SignalRChat/signalr/negotiate clientProtocol=1.5&connectionData=%5B%7B%22name%22%3A%22myhub%22%7D%5D&_=1453846680169 80 - ::1 Mozilla/5.0+(Windows+NT+6.3;+WOW64;+rv:43.0)+Gecko/20100101+Firefox/43.0 http://localhost/SignalRChat/index.php 200 0 0 15
2016-01-26 22:18:00 ::1 GET /SignalRChat/signalr/start transport=serverSentEvents&clientProtocol=1.5&connectionToken=wH%2FIZ5ViNBWCHrM5qCdFbnPJPBcwCgY%2Bu6f7IjiEazbj9QX7u3RFUuRJBCP7CUGYFu7FTIzYXuUZ6Z824FyGMlQlQIKCZr%2BrKHkq%2FqJ8f%2FfyH%2BqLYZ7Ul2aVuxDBO0bV&connectionData=%5B%7B%22name%22%3A%22myhub%22%7D%5D&_=1453846680295 80 - ::1 Mozilla/5.0+(Windows+NT+6.3;+WOW64;+rv:43.0)+Gecko/20100101+Firefox/43.0 http://localhost/SignalRChat/index.php 200 0 0 15
2016-01-26 22:18:49 ::1 DEBUG /SignalRChat/debugattach.aspx - 80 - ::1 - - 200 0 0 0
2016-01-26 22:21:31 ::1 GET /SignalRChat/signalr/connect transport=serverSentEvents&clientProtocol=1.5&connectionToken=wH%2FIZ5ViNBWCHrM5qCdFbnPJPBcwCgY%2Bu6f7IjiEazbj9QX7u3RFUuRJBCP7CUGYFu7FTIzYXuUZ6Z824FyGMlQlQIKCZr%2BrKHkq%2FqJ8f%2FfyH%2BqLYZ7Ul2aVuxDBO0bV&connectionData=%5B%7B%22name%22%3A%22myhub%22%7D%5D&tid=0 80 - ::1 Mozilla/5.0+(Windows+NT+6.3;+WOW64;+rv:43.0)+Gecko/20100101+Firefox/43.0 http://localhost/SignalRChat/index.php 200 0 0 211301
2016-01-26 22:21:42 ::1 GET /SignalRChat/signalr/reconnect transport=serverSentEvents&messageId=d-8B60C9A3-B%2C1%7CE%2C0%7CF%2C1&clientProtocol=1.5&connectionToken=wH%2FIZ5ViNBWCHrM5qCdFbnPJPBcwCgY%2Bu6f7IjiEazbj9QX7u3RFUuRJBCP7CUGYFu7FTIzYXuUZ6Z824FyGMlQlQIKCZr%2BrKHkq%2FqJ8f%2FfyH%2BqLYZ7Ul2aVuxDBO0bV&connectionData=%5B%7B%22name%22%3A%22myhub%22%7D%5D&tid=1 80 - ::1 Mozilla/5.0+(Windows+NT+6.3;+WOW64;+rv:43.0)+Gecko/20100101+Firefox/43.0 http://localhost/SignalRChat/index.php 200 0 0 9134
2016-01-26 22:21:53 ::1 GET /SignalRChat/signalr/reconnect transport=serverSentEvents&messageId=d-8B60C9A3-B%2C1%7CE%2C0%7CF%2C1&clientProtocol=1.5&connectionToken=wH%2FIZ5ViNBWCHrM5qCdFbnPJPBcwCgY%2Bu6f7IjiEazbj9QX7u3RFUuRJBCP7CUGYFu7FTIzYXuUZ6Z824FyGMlQlQIKCZr%2BrKHkq%2FqJ8f%2FfyH%2BqLYZ7Ul2aVuxDBO0bV&connectionData=%5B%7B%22name%22%3A%22myhub%22%7D%5D&tid=7 80 - ::1 Mozilla/5.0+(Windows+NT+6.3;+WOW64;+rv:43.0)+Gecko/20100101+Firefox/43.0 http://localhost/SignalRChat/index.php 200 0 64 8845
2016-01-26 22:23:00 ::1 GET /SignalRChat/signalr/reconnect transport=serverSentEvents&messageId=d-8B60C9A3-B%2C1%7CE%2C0%7CF%2C1&clientProtocol=1.5&connectionToken=wH%2FIZ5ViNBWCHrM5qCdFbnPJPBcwCgY%2Bu6f7IjiEazbj9QX7u3RFUuRJBCP7CUGYFu7FTIzYXuUZ6Z824FyGMlQlQIKCZr%2BrKHkq%2FqJ8f%2FfyH%2BqLYZ7Ul2aVuxDBO0bV&connectionData=%5B%7B%22name%22%3A%22myhub%22%7D%5D&tid=5 80 - ::1 Mozilla/5.0+(Windows+NT+6.3;+WOW64;+rv:43.0)+Gecko/20100101+Firefox/43.0 http://localhost/SignalRChat/index.php 200 0 0 70527
2016-01-26 22:23:01 ::1 GET /SignalRChat/signalr/ping _=1453846980314 80 - ::1 Mozilla/5.0+(Windows+NT+6.3;+WOW64;+rv:43.0)+Gecko/20100101+Firefox/43.0 http://localhost/SignalRChat/index.php 200 0 0 1319
2016-01-26 22:25:02 ::1 GET /SignalRChat/signalr/reconnect transport=serverSentEvents&messageId=d-8B60C9A3-B%2C1%7CE%2C0%7CF%2C1&clientProtocol=1.5&connectionToken=wH%2FIZ5ViNBWCHrM5qCdFbnPJPBcwCgY%2Bu6f7IjiEazbj9QX7u3RFUuRJBCP7CUGYFu7FTIzYXuUZ6Z824FyGMlQlQIKCZr%2BrKHkq%2FqJ8f%2FfyH%2BqLYZ7Ul2aVuxDBO0bV&connectionData=%5B%7B%22name%22%3A%22myhub%22%7D%5D&tid=8 80 - ::1 Mozilla/5.0+(Windows+NT+6.3;+WOW64;+rv:43.0)+Gecko/20100101+Firefox/43.0 http://localhost/SignalRChat/index.php 200 0 64 120622
2016-01-26 22:25:11 ::1 GET /SignalRChat/signalr/reconnect transport=serverSentEvents&messageId=d-8B60C9A3-B%2C1%7CE%2C0%7CF%2C1&clientProtocol=1.5&connectionToken=wH%2FIZ5ViNBWCHrM5qCdFbnPJPBcwCgY%2Bu6f7IjiEazbj9QX7u3RFUuRJBCP7CUGYFu7FTIzYXuUZ6Z824FyGMlQlQIKCZr%2BrKHkq%2FqJ8f%2FfyH%2BqLYZ7Ul2aVuxDBO0bV&connectionData=%5B%7B%22name%22%3A%22myhub%22%7D%5D&tid=7 80 - ::1 Mozilla/5.0+(Windows+NT+6.3;+WOW64;+rv:43.0)+Gecko/20100101+Firefox/43.0 http://localhost/SignalRChat/index.php 200 0 0 7793
2016-01-26 22:25:43 ::1 GET /SignalRChat/signalr/reconnect transport=serverSentEvents&messageId=d-8B60C9A3-B%2C1%7CE%2C0%7CF%2C1&clientProtocol=1.5&connectionToken=wH%2FIZ5ViNBWCHrM5qCdFbnPJPBcwCgY%2Bu6f7IjiEazbj9QX7u3RFUuRJBCP7CUGYFu7FTIzYXuUZ6Z824FyGMlQlQIKCZr%2BrKHkq%2FqJ8f%2FfyH%2BqLYZ7Ul2aVuxDBO0bV&connectionData=%5B%7B%22name%22%3A%22myhub%22%7D%5D&tid=4 80 - ::1 Mozilla/5.0+(Windows+NT+6.3;+WOW64;+rv:43.0)+Gecko/20100101+Firefox/43.0 http://localhost/SignalRChat/index.php 200 0 0 29164
2016-01-26 22:26:41 ::1 GET /SignalRChat/signalr/reconnect transport=serverSentEvents&messageId=d-8B60C9A3-B%2C1%7CE%2C0%7CF%2C1&clientProtocol=1.5&connectionToken=wH%2FIZ5ViNBWCHrM5qCdFbnPJPBcwCgY%2Bu6f7IjiEazbj9QX7u3RFUuRJBCP7CUGYFu7FTIzYXuUZ6Z824FyGMlQlQIKCZr%2BrKHkq%2FqJ8f%2FfyH%2BqLYZ7Ul2aVuxDBO0bV&connectionData=%5B%7B%22name%22%3A%22myhub%22%7D%5D&tid=5 80 - ::1 Mozilla/5.0+(Windows+NT+6.3;+WOW64;+rv:43.0)+Gecko/20100101+Firefox/43.0 http://localhost/SignalRChat/index.php 200 0 0 56825
2016-01-26 22:27:01 ::1 POST /SignalRChat/signalr/abort transport=serverSentEvents&clientProtocol=1.5&connectionToken=wH%2FIZ5ViNBWCHrM5qCdFbnPJPBcwCgY%2Bu6f7IjiEazbj9QX7u3RFUuRJBCP7CUGYFu7FTIzYXuUZ6Z824FyGMlQlQIKCZr%2BrKHkq%2FqJ8f%2FfyH%2BqLYZ7Ul2aVuxDBO0bV&connectionData=%5B%7B%22name%22%3A%22myhub%22%7D%5D 80 - ::1 Mozilla/5.0+(Windows+NT+6.3;+WOW64;+rv:43.0)+Gecko/20100101+Firefox/43.0 http://localhost/SignalRChat/index.php 200 0 64 232
2016-01-26 22:27:01 ::1 GET /SignalRChat/signalr/reconnect transport=serverSentEvents&messageId=d-8B60C9A3-B%2C1%7CE%2C0%7CF%2C1&clientProtocol=1.5&connectionToken=wH%2FIZ5ViNBWCHrM5qCdFbnPJPBcwCgY%2Bu6f7IjiEazbj9QX7u3RFUuRJBCP7CUGYFu7FTIzYXuUZ6Z824FyGMlQlQIKCZr%2BrKHkq%2FqJ8f%2FfyH%2BqLYZ7Ul2aVuxDBO0bV&connectionData=%5B%7B%22name%22%3A%22myhub%22%7D%5D&tid=3 80 - ::1 Mozilla/5.0+(Windows+NT+6.3;+WOW64;+rv:43.0)+Gecko/20100101+Firefox/43.0 http://localhost/SignalRChat/index.php 200 0 64 17194
2016-01-26 22:27:13 ::1 DEBUG /SignalRChat/debugattach.aspx - 80 - ::1 - - 401 0 0 702
2016-01-26 22:27:19 ::1 GET /SignalRChat/index.php - 80 - ::1 Mozilla/5.0+(Windows+NT+6.3;+WOW64;+rv:43.0)+Gecko/20100101+Firefox/43.0 - 200 0 0 386
2016-01-26 22:27:22 ::1 GET /SignalRChat/signalr/hubs - 80 - ::1 Mozilla/5.0+(Windows+NT+6.3;+WOW64;+rv:43.0)+Gecko/20100101+Firefox/43.0 http://localhost/SignalRChat/index.php 200 0 0 1123
2016-01-26 22:27:25 ::1 GET /favicon.ico - 80 - ::1 Mozilla/5.0+(Windows+NT+6.3;+WOW64;+rv:43.0)+Gecko/20100101+Firefox/43.0 - 404 0 2 13
2016-01-26 22:27:25 ::1 GET /favicon.ico - 80 - ::1 Mozilla/5.0+(Windows+NT+6.3;+WOW64;+rv:43.0)+Gecko/20100101+Firefox/43.0 - 404 0 2 0
2016-01-26 22:27:25 ::1 GET /SignalRChat/signalr/negotiate clientProtocol=1.5&connectionData=%5B%7B%22name%22%3A%22myhub%22%7D%5D&_=1453847245096 80 - ::1 Mozilla/5.0+(Windows+NT+6.3;+WOW64;+rv:43.0)+Gecko/20100101+Firefox/43.0 http://localhost/SignalRChat/index.php 200 0 0 396
2016-01-26 22:27:25 ::1 GET /SignalRChat/signalr/start transport=serverSentEvents&clientProtocol=1.5&connectionToken=p%2B9gqmfRNlN70SWXOtIDgx85FpDPt1DFZSLjzsoGBa8N%2FJ0qBRxH3lpG8LO1jw7rgcKsf2SIlAtwjfse36KBk3mYtiLv1UzXG9K5NX23NEvV%2FMp%2BQId18TSAJh1Ee6c4&connectionData=%5B%7B%22name%22%3A%22myhub%22%7D%5D&_=1453847245714 80 - ::1 Mozilla/5.0+(Windows+NT+6.3;+WOW64;+rv:43.0)+Gecko/20100101+Firefox/43.0 http://localhost/SignalRChat/index.php 200 0 0 57
2016-01-26 22:27:28 ::1 POST /SignalRChat/signalr/send transport=serverSentEvents&clientProtocol=1.5&connectionToken=p%2B9gqmfRNlN70SWXOtIDgx85FpDPt1DFZSLjzsoGBa8N%2FJ0qBRxH3lpG8LO1jw7rgcKsf2SIlAtwjfse36KBk3mYtiLv1UzXG9K5NX23NEvV%2FMp%2BQId18TSAJh1Ee6c4&connectionData=%5B%7B%22name%22%3A%22myhub%22%7D%5D 80 - ::1 Mozilla/5.0+(Windows+NT+6.3;+WOW64;+rv:43.0)+Gecko/20100101+Firefox/43.0 http://localhost/SignalRChat/index.php 200 0 0 215
2016-01-26 22:27:28 ::1 POST /SignalRChat/signalr/send transport=serverSentEvents&clientProtocol=1.5&connectionToken=p%2B9gqmfRNlN70SWXOtIDgx85FpDPt1DFZSLjzsoGBa8N%2FJ0qBRxH3lpG8LO1jw7rgcKsf2SIlAtwjfse36KBk3mYtiLv1UzXG9K5NX23NEvV%2FMp%2BQId18TSAJh1Ee6c4&connectionData=%5B%7B%22name%22%3A%22myhub%22%7D%5D 80 - ::1 Mozilla/5.0+(Windows+NT+6.3;+WOW64;+rv:43.0)+Gecko/20100101+Firefox/43.0 http://localhost/SignalRChat/index.php 200 0 0 19
2016-01-26 22:27:28 ::1 POST /SignalRChat/signalr/send transport=serverSentEvents&clientProtocol=1.5&connectionToken=p%2B9gqmfRNlN70SWXOtIDgx85FpDPt1DFZSLjzsoGBa8N%2FJ0qBRxH3lpG8LO1jw7rgcKsf2SIlAtwjfse36KBk3mYtiLv1UzXG9K5NX23NEvV%2FMp%2BQId18TSAJh1Ee6c4&connectionData=%5B%7B%22name%22%3A%22myhub%22%7D%5D 80 - ::1 Mozilla/5.0+(Windows+NT+6.3;+WOW64;+rv:43.0)+Gecko/20100101+Firefox/43.0 http://localhost/SignalRChat/index.php 200 0 0 6
2016-01-26 22:27:29 ::1 POST /SignalRChat/signalr/send transport=serverSentEvents&clientProtocol=1.5&connectionToken=p%2B9gqmfRNlN70SWXOtIDgx85FpDPt1DFZSLjzsoGBa8N%2FJ0qBRxH3lpG8LO1jw7rgcKsf2SIlAtwjfse36KBk3mYtiLv1UzXG9K5NX23NEvV%2FMp%2BQId18TSAJh1Ee6c4&connectionData=%5B%7B%22name%22%3A%22myhub%22%7D%5D 80 - ::1 Mozilla/5.0+(Windows+NT+6.3;+WOW64;+rv:43.0)+Gecko/20100101+Firefox/43.0 http://localhost/SignalRChat/index.php 200 0 0 6
2016-01-26 22:27:29 ::1 POST /SignalRChat/signalr/send transport=serverSentEvents&clientProtocol=1.5&connectionToken=p%2B9gqmfRNlN70SWXOtIDgx85FpDPt1DFZSLjzsoGBa8N%2FJ0qBRxH3lpG8LO1jw7rgcKsf2SIlAtwjfse36KBk3mYtiLv1UzXG9K5NX23NEvV%2FMp%2BQId18TSAJh1Ee6c4&connectionData=%5B%7B%22name%22%3A%22myhub%22%7D%5D 80 - ::1 Mozilla/5.0+(Windows+NT+6.3;+WOW64;+rv:43.0)+Gecko/20100101+Firefox/43.0 http://localhost/SignalRChat/index.php 200 0 0 25
2016-01-26 22:27:32 ::1 DEBUG /SignalRChat/debugattach.aspx - 80 - ::1 - - 200 0 0 17
2016-01-26 22:27:35 ::1 GET /SignalRChat/signalr/connect transport=serverSentEvents&clientProtocol=1.5&connectionToken=p%2B9gqmfRNlN70SWXOtIDgx85FpDPt1DFZSLjzsoGBa8N%2FJ0qBRxH3lpG8LO1jw7rgcKsf2SIlAtwjfse36KBk3mYtiLv1UzXG9K5NX23NEvV%2FMp%2BQId18TSAJh1Ee6c4&connectionData=%5B%7B%22name%22%3A%22myhub%22%7D%5D&tid=2 80 - ::1 Mozilla/5.0+(Windows+NT+6.3;+WOW64;+rv:43.0)+Gecko/20100101+Firefox/43.0 http://localhost/SignalRChat/index.php 200 0 64 10027
2016-01-26 22:32:31 ::1 DEBUG /SignalRChat/debugattach.aspx - 80 - ::1 - - 401 0 0 1667
2016-01-26 22:32:33 ::1 GET /SignalRChat/index.php - 80 - ::1 Mozilla/5.0+(Windows+NT+6.3;+WOW64;+rv:43.0)+Gecko/20100101+Firefox/43.0 - 200 0 0 14
2016-01-26 22:32:35 ::1 GET /SignalRChat/signalr/hubs - 80 - ::1 Mozilla/5.0+(Windows+NT+6.3;+WOW64;+rv:43.0)+Gecko/20100101+Firefox/43.0 http://localhost/SignalRChat/index.php 200 0 0 1755
2016-01-26 22:32:39 ::1 GET /favicon.ico - 80 - ::1 Mozilla/5.0+(Windows+NT+6.3;+WOW64;+rv:43.0)+Gecko/20100101+Firefox/43.0 - 404 0 2 11
2016-01-26 22:32:39 ::1 GET /favicon.ico - 80 - ::1 Mozilla/5.0+(Windows+NT+6.3;+WOW64;+rv:43.0)+Gecko/20100101+Firefox/43.0 - 404 0 2 11
2016-01-26 22:32:39 ::1 GET /SignalRChat/signalr/negotiate clientProtocol=1.5&connectionData=%5B%7B%22name%22%3A%22myhub%22%7D%5D&_=1453847559596 80 - ::1 Mozilla/5.0+(Windows+NT+6.3;+WOW64;+rv:43.0)+Gecko/20100101+Firefox/43.0 http://localhost/SignalRChat/index.php 200 0 0 435
2016-01-26 22:32:39 ::1 GET /SignalRChat/signalr/start transport=serverSentEvents&clientProtocol=1.5&connectionToken=JCaSMKKaNdo0seVh0R9XVmRQXawos%2BMkR92B79ZUSGXGNVN6%2B9nc4tH1qkvnutXVnMe6LoUUcvrZ41h4gdgA5FPZMzYmFN6ZnjdM89v9YMXQy682o9dYgx8oSrMxGTZ2&connectionData=%5B%7B%22name%22%3A%22myhub%22%7D%5D&_=1453847560347 80 - ::1 Mozilla/5.0+(Windows+NT+6.3;+WOW64;+rv:43.0)+Gecko/20100101+Firefox/43.0 http://localhost/SignalRChat/index.php 200 0 0 49
2016-01-26 22:32:45 ::1 POST /SignalRChat/signalr/send transport=serverSentEvents&clientProtocol=1.5&connectionToken=JCaSMKKaNdo0seVh0R9XVmRQXawos%2BMkR92B79ZUSGXGNVN6%2B9nc4tH1qkvnutXVnMe6LoUUcvrZ41h4gdgA5FPZMzYmFN6ZnjdM89v9YMXQy682o9dYgx8oSrMxGTZ2&connectionData=%5B%7B%22name%22%3A%22myhub%22%7D%5D 80 - ::1 Mozilla/5.0+(Windows+NT+6.3;+WOW64;+rv:43.0)+Gecko/20100101+Firefox/43.0 http://localhost/SignalRChat/index.php 200 0 0 196
2016-01-26 22:32:47 ::1 POST /SignalRChat/signalr/send transport=serverSentEvents&clientProtocol=1.5&connectionToken=JCaSMKKaNdo0seVh0R9XVmRQXawos%2BMkR92B79ZUSGXGNVN6%2B9nc4tH1qkvnutXVnMe6LoUUcvrZ41h4gdgA5FPZMzYmFN6ZnjdM89v9YMXQy682o9dYgx8oSrMxGTZ2&connectionData=%5B%7B%22name%22%3A%22myhub%22%7D%5D 80 - ::1 Mozilla/5.0+(Windows+NT+6.3;+WOW64;+rv:43.0)+Gecko/20100101+Firefox/43.0 http://localhost/SignalRChat/index.php 200 0 0 11
2016-01-26 22:34:06 ::1 DEBUG /SignalRChat/debugattach.aspx - 80 - ::1 - - 200 0 0 0
2016-01-26 22:34:17 ::1 GET /SignalRChat/signalr/connect transport=serverSentEvents&clientProtocol=1.5&connectionToken=JCaSMKKaNdo0seVh0R9XVmRQXawos%2BMkR92B79ZUSGXGNVN6%2B9nc4tH1qkvnutXVnMe6LoUUcvrZ41h4gdgA5FPZMzYmFN6ZnjdM89v9YMXQy682o9dYgx8oSrMxGTZ2&connectionData=%5B%7B%22name%22%3A%22myhub%22%7D%5D&tid=10 80 - ::1 Mozilla/5.0+(Windows+NT+6.3;+WOW64;+rv:43.0)+Gecko/20100101+Firefox/43.0 http://localhost/SignalRChat/index.php 200 0 0 97085
2016-01-26 22:37:40 ::1 GET /SignalRChat/signalr/ping _=1453847860420 80 - ::1 Mozilla/5.0+(Windows+NT+6.3;+WOW64;+rv:43.0)+Gecko/20100101+Firefox/43.0 http://localhost/SignalRChat/index.php 200 0 0 38
2016-01-26 22:42:40 ::1 GET /SignalRChat/signalr/ping _=1453848160449 80 - ::1 Mozilla/5.0+(Windows+NT+6.3;+WOW64;+rv:43.0)+Gecko/20100101+Firefox/43.0 http://localhost/SignalRChat/index.php 200 0 0 19
2016-01-26 23:07:59 ::1 GET /SignalRChat/signalr/reconnect transport=serverSentEvents&messageId=d-68D0F797-B%2C2%7CC%2C0%7CD%2C1&clientProtocol=1.5&connectionToken=JCaSMKKaNdo0seVh0R9XVmRQXawos%2BMkR92B79ZUSGXGNVN6%2B9nc4tH1qkvnutXVnMe6LoUUcvrZ41h4gdgA5FPZMzYmFN6ZnjdM89v9YMXQy682o9dYgx8oSrMxGTZ2&connectionData=%5B%7B%22name%22%3A%22myhub%22%7D%5D&tid=6 80 - ::1 Mozilla/5.0+(Windows+NT+6.3;+WOW64;+rv:43.0)+Gecko/20100101+Firefox/43.0 http://localhost/SignalRChat/index.php 200 0 64 2020747
2016-01-26 23:13:50 ::1 DEBUG /SignalRChat/debugattach.aspx - 80 - ::1 - - 401 0 0 7015
2016-01-26 23:13:53 ::1 GET /SignalRChat/index.php - 80 - ::1 Mozilla/5.0+(Windows+NT+6.3;+WOW64;+rv:43.0)+Gecko/20100101+Firefox/43.0 - 200 0 0 114
2016-01-26 23:13:53 ::1 GET /SignalRChat/Scripts/jquery.signalR-2.2.0.min.js - 80 - ::1 Mozilla/5.0+(Windows+NT+6.3;+WOW64;+rv:43.0)+Gecko/20100101+Firefox/43.0 http://localhost/SignalRChat/index.php 304 0 0 3
2016-01-26 23:13:53 ::1 GET /SignalRChat/Scripts/jquery-2.2.0.min.js - 80 - ::1 Mozilla/5.0+(Windows+NT+6.3;+WOW64;+rv:43.0)+Gecko/20100101+Firefox/43.0 http://localhost/SignalRChat/index.php 200 0 0 135
2016-01-26 23:13:55 ::1 GET /SignalRChat/signalr/hubs - 80 - ::1 Mozilla/5.0+(Windows+NT+6.3;+WOW64;+rv:43.0)+Gecko/20100101+Firefox/43.0 http://localhost/SignalRChat/index.php 200 0 0 1323
2016-01-26 23:14:00 ::1 GET /SignalRChat/signalr/negotiate clientProtocol=1.5&connectionData=%5B%7B%22name%22%3A%22myhub%22%7D%5D&_=1453850033887 80 - ::1 Mozilla/5.0+(Windows+NT+6.3;+WOW64;+rv:43.0)+Gecko/20100101+Firefox/43.0 http://localhost/SignalRChat/index.php 200 0 0 367
2016-01-26 23:14:00 ::1 GET /SignalRChat/signalr/start transport=serverSentEvents&clientProtocol=1.5&connectionToken=4KE9NzYPxEEzXa%2FgQJgvpvzWZR0oc9VwPw9OL9QXrGkLmRj%2FK5gZ7kW8bzbVfEMfSWRAFMMEMsfwN0R9or1bwfsl04e5j%2FbAb0HUvB3IUB8KUFHIP5e6okfs%2F5jitGqt&connectionData=%5B%7B%22name%22%3A%22myhub%22%7D%5D&_=1453850033888 80 - ::1 Mozilla/5.0+(Windows+NT+6.3;+WOW64;+rv:43.0)+Gecko/20100101+Firefox/43.0 http://localhost/SignalRChat/index.php 200 0 0 69
2016-01-26 23:14:12 ::1 DEBUG /SignalRChat/debugattach.aspx - 80 - ::1 - - 200 0 0 1
2016-01-26 23:14:17 ::1 DEBUG /SignalRChat/debugattach.aspx - 80 - ::1 - - 401 0 0 1
2016-01-26 23:14:26 ::1 GET /SignalRChat/index.php - 80 - ::1 Mozilla/5.0+(Windows+NT+6.3;+WOW64)+AppleWebKit/537.36+(KHTML,+like+Gecko)+Chrome/47.0.2526.111+Safari/537.36 - 200 0 0 20
2016-01-26 23:14:26 ::1 GET /SignalRChat/signalr/hubs - 80 - ::1 Mozilla/5.0+(Windows+NT+6.3;+WOW64)+AppleWebKit/537.36+(KHTML,+like+Gecko)+Chrome/47.0.2526.111+Safari/537.36 http://localhost/SignalRChat/index.php 200 0 0 2
2016-01-26 23:14:26 ::1 GET /SignalRChat/Scripts/jquery.signalR-2.2.0.min.js - 80 - ::1 Mozilla/5.0+(Windows+NT+6.3;+WOW64)+AppleWebKit/537.36+(KHTML,+like+Gecko)+Chrome/47.0.2526.111+Safari/537.36 http://localhost/SignalRChat/index.php 200 0 0 86
2016-01-26 23:14:26 ::1 GET /SignalRChat/Scripts/jquery-2.2.0.min.js - 80 - ::1 Mozilla/5.0+(Windows+NT+6.3;+WOW64)+AppleWebKit/537.36+(KHTML,+like+Gecko)+Chrome/47.0.2526.111+Safari/537.36 http://localhost/SignalRChat/index.php 200 0 0 90
2016-01-26 23:14:44 ::1 GET /SignalRChat/signalr/negotiate clientProtocol=1.5&connectionData=%5B%7B%22name%22%3A%22myhub%22%7D%5D&_=1453850067421 80 - ::1 Mozilla/5.0+(Windows+NT+6.3;+WOW64)+AppleWebKit/537.36+(KHTML,+like+Gecko)+Chrome/47.0.2526.111+Safari/537.36 http://localhost/SignalRChat/index.php 200 0 0 11
2016-01-26 23:14:44 ::1 GET /favicon.ico - 80 - ::1 Mozilla/5.0+(Windows+NT+6.3;+WOW64)+AppleWebKit/537.36+(KHTML,+like+Gecko)+Chrome/47.0.2526.111+Safari/537.36 http://localhost/SignalRChat/index.php 404 0 2 5
2016-01-26 23:14:44 ::1 GET /SignalRChat/signalr/start transport=serverSentEvents&clientProtocol=1.5&connectionToken=6dlALos1S1Tslh53LeX%2BEFZZi4qKE582xaJ9GhzPfPV4WaUr6lXIQlikDRtBX8lTq%2BkGaGQ5Ahkug1uNJeHpDMjOIVdXaNNUldMWQinlQfmW1RhNTshIorDoAtq0S1tI&connectionData=%5B%7B%22name%22%3A%22myhub%22%7D%5D&_=1453850067422 80 - ::1 Mozilla/5.0+(Windows+NT+6.3;+WOW64)+AppleWebKit/537.36+(KHTML,+like+Gecko)+Chrome/47.0.2526.111+Safari/537.36 http://localhost/SignalRChat/index.php 200 0 0 4
2016-01-26 23:15:09 ::1 GET /SignalRChat/index.php - 80 - ::1 Mozilla/5.0+(Windows+NT+6.3;+WOW64)+AppleWebKit/537.36+(KHTML,+like+Gecko)+Chrome/47.0.2526.111+Safari/537.36 - 200 0 0 117
2016-01-26 23:15:09 ::1 GET /SignalRChat/signalr/connect transport=serverSentEvents&clientProtocol=1.5&connectionToken=6dlALos1S1Tslh53LeX%2BEFZZi4qKE582xaJ9GhzPfPV4WaUr6lXIQlikDRtBX8lTq%2BkGaGQ5Ahkug1uNJeHpDMjOIVdXaNNUldMWQinlQfmW1RhNTshIorDoAtq0S1tI&connectionData=%5B%7B%22name%22%3A%22myhub%22%7D%5D&tid=10 80 - ::1 Mozilla/5.0+(Windows+NT+6.3;+WOW64)+AppleWebKit/537.36+(KHTML,+like+Gecko)+Chrome/47.0.2526.111+Safari/537.36 http://localhost/SignalRChat/index.php 200 0 64 25119
2016-01-26 23:15:09 ::1 POST /SignalRChat/signalr/abort transport=serverSentEvents&clientProtocol=1.5&connectionToken=6dlALos1S1Tslh53LeX%2BEFZZi4qKE582xaJ9GhzPfPV4WaUr6lXIQlikDRtBX8lTq%2BkGaGQ5Ahkug1uNJeHpDMjOIVdXaNNUldMWQinlQfmW1RhNTshIorDoAtq0S1tI&connectionData=%5B%7B%22name%22%3A%22myhub%22%7D%5D 80 - ::1 Mozilla/5.0+(Windows+NT+6.3;+WOW64)+AppleWebKit/537.36+(KHTML,+like+Gecko)+Chrome/47.0.2526.111+Safari/537.36 http://localhost/SignalRChat/index.php 200 0 0 39
2016-01-26 23:15:09 ::1 GET /SignalRChat/signalr/hubs - 80 - ::1 Mozilla/5.0+(Windows+NT+6.3;+WOW64)+AppleWebKit/537.36+(KHTML,+like+Gecko)+Chrome/47.0.2526.111+Safari/537.36 http://localhost/SignalRChat/index.php 200 0 0 11
2016-01-26 23:15:09 ::1 GET /SignalRChat/Scripts/jquery-2.2.0.min.js - 80 - ::1 Mozilla/5.0+(Windows+NT+6.3;+WOW64)+AppleWebKit/537.36+(KHTML,+like+Gecko)+Chrome/47.0.2526.111+Safari/537.36 http://localhost/SignalRChat/index.php 304 0 0 194
2016-01-26 23:15:12 ::1 GET /SignalRChat/signalr/negotiate clientProtocol=1.5&connectionData=%5B%7B%22name%22%3A%22myhub%22%7D%5D&_=1453850109742 80 - ::1 Mozilla/5.0+(Windows+NT+6.3;+WOW64)+AppleWebKit/537.36+(KHTML,+like+Gecko)+Chrome/47.0.2526.111+Safari/537.36 http://localhost/SignalRChat/index.php 200 0 0 3
2016-01-26 23:15:12 ::1 GET /SignalRChat/signalr/start transport=serverSentEvents&clientProtocol=1.5&connectionToken=NGOkugPQA6XrhClJ2P3%2FRtm%2F8OyUqJ4a0kKO4GAFxdUctYHm3sF%2B%2BeBFD4nkRgmi%2FcAKcTQnNg6xxTAH6GEaPUfu%2BXzUKXK4yPHhZy3PmofaLcVh6M%2FoHT8HUYqZX%2B4U&connectionData=%5B%7B%22name%22%3A%22myhub%22%7D%5D&_=1453850109743 80 - ::1 Mozilla/5.0+(Windows+NT+6.3;+WOW64)+AppleWebKit/537.36+(KHTML,+like+Gecko)+Chrome/47.0.2526.111+Safari/537.36 http://localhost/SignalRChat/index.php 200 0 0 7
2016-01-26 23:16:04 ::1 GET /SignalRChat/signalr/connect transport=serverSentEvents&clientProtocol=1.5&connectionToken=NGOkugPQA6XrhClJ2P3%2FRtm%2F8OyUqJ4a0kKO4GAFxdUctYHm3sF%2B%2BeBFD4nkRgmi%2FcAKcTQnNg6xxTAH6GEaPUfu%2BXzUKXK4yPHhZy3PmofaLcVh6M%2FoHT8HUYqZX%2B4U&connectionData=%5B%7B%22name%22%3A%22myhub%22%7D%5D&tid=7 80 - ::1 Mozilla/5.0+(Windows+NT+6.3;+WOW64)+AppleWebKit/537.36+(KHTML,+like+Gecko)+Chrome/47.0.2526.111+Safari/537.36 http://localhost/SignalRChat/index.php 200 0 64 51953
2016-01-26 23:16:04 ::1 POST /SignalRChat/signalr/abort transport=serverSentEvents&clientProtocol=1.5&connectionToken=NGOkugPQA6XrhClJ2P3%2FRtm%2F8OyUqJ4a0kKO4GAFxdUctYHm3sF%2B%2BeBFD4nkRgmi%2FcAKcTQnNg6xxTAH6GEaPUfu%2BXzUKXK4yPHhZy3PmofaLcVh6M%2FoHT8HUYqZX%2B4U&connectionData=%5B%7B%22name%22%3A%22myhub%22%7D%5D 80 - ::1 Mozilla/5.0+(Windows+NT+6.3;+WOW64)+AppleWebKit/537.36+(KHTML,+like+Gecko)+Chrome/47.0.2526.111+Safari/537.36 http://localhost/SignalRChat/index.php 200 0 0 0
2016-01-26 23:16:07 ::1 DEBUG /SignalRChat/debugattach.aspx - 80 - ::1 - - 200 0 0 2
2016-01-26 23:16:18 ::1 GET /SignalRChat/signalr/connect transport=serverSentEvents&clientProtocol=1.5&connectionToken=4KE9NzYPxEEzXa%2FgQJgvpvzWZR0oc9VwPw9OL9QXrGkLmRj%2FK5gZ7kW8bzbVfEMfSWRAFMMEMsfwN0R9or1bwfsl04e5j%2FbAb0HUvB3IUB8KUFHIP5e6okfs%2F5jitGqt&connectionData=%5B%7B%22name%22%3A%22myhub%22%7D%5D&tid=0 80 - ::1 Mozilla/5.0+(Windows+NT+6.3;+WOW64;+rv:43.0)+Gecko/20100101+Firefox/43.0 http://localhost/SignalRChat/index.php 200 0 64 137550
2016-01-26 23:16:18 ::1 POST /SignalRChat/signalr/abort transport=serverSentEvents&clientProtocol=1.5&connectionToken=4KE9NzYPxEEzXa%2FgQJgvpvzWZR0oc9VwPw9OL9QXrGkLmRj%2FK5gZ7kW8bzbVfEMfSWRAFMMEMsfwN0R9or1bwfsl04e5j%2FbAb0HUvB3IUB8KUFHIP5e6okfs%2F5jitGqt&connectionData=%5B%7B%22name%22%3A%22myhub%22%7D%5D 80 - ::1 Mozilla/5.0+(Windows+NT+6.3;+WOW64;+rv:43.0)+Gecko/20100101+Firefox/43.0 http://localhost/SignalRChat/index.php 200 0 0 15
#Software: Microsoft Internet Information Services 8.5
#Version: 1.0
#Date: 2016-01-26 23:46:30
#Fields: date time s-ip cs-method cs-uri-stem cs-uri-query s-port cs-username c-ip cs(User-Agent) cs(Referer) sc-status sc-substatus sc-win32-status time-taken
2016-01-26 23:46:30 ::1 GET / - 80 - ::1 Mozilla/5.0+(Windows+NT+6.3;+WOW64)+AppleWebKit/537.36+(KHTML,+like+Gecko)+Chrome/47.0.2526.111+Safari/537.36 - 200 0 0 704
2016-01-26 23:46:30 ::1 GET /iis-85.png - 80 - ::1 Mozilla/5.0+(Windows+NT+6.3;+WOW64)+AppleWebKit/537.36+(KHTML,+like+Gecko)+Chrome/47.0.2526.111+Safari/537.36 http://localhost/ 200 0 0 55
2016-01-26 23:46:30 ::1 GET /favicon.ico - 80 - ::1 Mozilla/5.0+(Windows+NT+6.3;+WOW64)+AppleWebKit/537.36+(KHTML,+like+Gecko)+Chrome/47.0.2526.111+Safari/537.36 http://localhost/ 404 0 2 31
2016-01-26 23:46:48 ::1 GET /SignalRChat/ - 80 - ::1 Mozilla/5.0+(Windows+NT+6.3;+WOW64)+AppleWebKit/537.36+(KHTML,+like+Gecko)+Chrome/47.0.2526.111+Safari/537.36 - 403 14 0 11317
2016-01-26 23:47:33 ::1 GET /index/ - 80 - ::1 Mozilla/5.0+(Windows+NT+6.3;+WOW64)+AppleWebKit/537.36+(KHTML,+like+Gecko)+Chrome/47.0.2526.111+Safari/537.36 - 404 0 2 1
2016-01-26 23:47:45 ::1 GET /index.php - 80 - ::1 Mozilla/5.0+(Windows+NT+6.3;+WOW64)+AppleWebKit/537.36+(KHTML,+like+Gecko)+Chrome/47.0.2526.111+Safari/537.36 - 200 0 0 81
2016-01-26 23:49:10 ::1 GET /index.php - 80 - ::1 Mozilla/5.0+(Windows+NT+6.3;+WOW64)+AppleWebKit/537.36+(KHTML,+like+Gecko)+Chrome/47.0.2526.111+Safari/537.36 - 200 0 0 7
2016-01-26 23:49:10 ::1 GET /Scripts/jquery.signalR-2.2.0.js - 80 - ::1 Mozilla/5.0+(Windows+NT+6.3;+WOW64)+AppleWebKit/537.36+(KHTML,+like+Gecko)+Chrome/47.0.2526.111+Safari/537.36 http://localhost/index.php 404 0 2 4
2016-01-26 23:49:10 ::1 GET /Scripts/jquery-1.6.4.js - 80 - ::1 Mozilla/5.0+(Windows+NT+6.3;+WOW64)+AppleWebKit/537.36+(KHTML,+like+Gecko)+Chrome/47.0.2526.111+Safari/537.36 http://localhost/index.php 404 0 2 4
2016-01-26 23:49:10 ::1 GET /signalr/js - 80 - ::1 Mozilla/5.0+(Windows+NT+6.3;+WOW64)+AppleWebKit/537.36+(KHTML,+like+Gecko)+Chrome/47.0.2526.111+Safari/537.36 http://localhost/index.php 404 0 2 63
2016-01-26 23:50:50 ::1 GET /index.php - 80 - ::1 Mozilla/5.0+(Windows+NT+6.3;+WOW64)+AppleWebKit/537.36+(KHTML,+like+Gecko)+Chrome/47.0.2526.111+Safari/537.36 - 200 0 0 73
2016-01-26 23:50:50 ::1 GET /signalr/js - 80 - ::1 Mozilla/5.0+(Windows+NT+6.3;+WOW64)+AppleWebKit/537.36+(KHTML,+like+Gecko)+Chrome/47.0.2526.111+Safari/537.36 http://localhost/index.php 404 0 2 9
