#Software: Microsoft Internet Information Services 8.5
#Version: 1.0
#Date: 2016-08-11 01:04:48
#Fields: date time s-ip cs-method cs-uri-stem cs-uri-query s-port cs-username c-ip cs(User-Agent) cs(Referer) sc-status sc-substatus sc-win32-status time-taken
2016-08-11 01:04:48 ::1 GET /2zw40xly.php - 80 - ::1 Mozilla/4.0+(compatible;+MSIE+7.0;+Windows+NT+6.2;+Win64;+x64;+Trident/7.0;+.NET4.0E;+.NET4.0C;+.NET+CLR+3.5.30729;+.NET+CLR+2.0.50727;+.NET+CLR+3.0.30729) - 401 2 5 671
2016-08-11 01:04:48 ::1 GET /2zw40xly.php - 80 MicrosoftAccount\stephanie@hawkbane.net ::1 Mozilla/4.0+(compatible;+MSIE+7.0;+Windows+NT+6.2;+Win64;+x64;+Trident/7.0;+.NET4.0E;+.NET4.0C;+.NET+CLR+3.5.30729;+.NET+CLR+2.0.50727;+.NET+CLR+3.0.30729) - 200 0 0 343
2016-08-11 01:07:33 ::1 GET /index.php - 80 - ::1 Mozilla/5.0+(Windows+NT+6.3;+WOW64;+rv:47.0)+Gecko/20100101+Firefox/47.0 - 401 2 5 15
2016-08-11 01:07:33 ::1 GET /index.php - 80 LAPTOP\stephanie ::1 Mozilla/5.0+(Windows+NT+6.3;+WOW64;+rv:47.0)+Gecko/20100101+Firefox/47.0 - 200 0 0 46
2016-08-11 01:22:50 ::1 GET /index.php - 80 - ::1 Mozilla/5.0+(Windows+NT+6.3;+WOW64;+rv:47.0)+Gecko/20100101+Firefox/47.0 - 401 2 5 5
2016-08-11 01:22:50 ::1 GET /index.php - 80 LAPTOP\stephanie ::1 Mozilla/5.0+(Windows+NT+6.3;+WOW64;+rv:47.0)+Gecko/20100101+Firefox/47.0 - 500 0 0 164
2016-08-11 01:22:57 ::1 GET /index.php - 80 LAPTOP\stephanie ::1 Mozilla/5.0+(Windows+NT+6.3;+WOW64;+rv:47.0)+Gecko/20100101+Firefox/47.0 - 500 0 0 25
2016-08-11 01:27:58 ::1 GET /index.php - 80 - ::1 Mozilla/5.0+(Windows+NT+6.3;+WOW64;+rv:47.0)+Gecko/20100101+Firefox/47.0 - 401 2 5 6
2016-08-11 01:27:58 ::1 GET /index.php - 80 LAPTOP\stephanie ::1 Mozilla/5.0+(Windows+NT+6.3;+WOW64;+rv:47.0)+Gecko/20100101+Firefox/47.0 - 302 0 0 150
2016-08-11 01:28:03 ::1 GET /db_selector/ - 80 LAPTOP\stephanie ::1 Mozilla/5.0+(Windows+NT+6.3;+WOW64;+rv:47.0)+Gecko/20100101+Firefox/47.0 - 401 3 0 4463
2016-08-11 01:28:03 ::1 GET /db_selector/ - 80 LAPTOP\stephanie ::1 Mozilla/5.0+(Windows+NT+6.3;+WOW64;+rv:47.0)+Gecko/20100101+Firefox/47.0 - 401 3 0 4
2016-08-11 01:28:05 ::1 GET /db_selector/ - 80 LAPTOP\stephanie ::1 Mozilla/5.0+(Windows+NT+6.3;+WOW64;+rv:47.0)+Gecko/20100101+Firefox/47.0 - 401 3 0 2
2016-08-11 01:28:06 ::1 GET /db_selector/ - 80 LAPTOP\stephanie ::1 Mozilla/5.0+(Windows+NT+6.3;+WOW64;+rv:47.0)+Gecko/20100101+Firefox/47.0 - 401 3 0 0
2016-08-11 01:28:13 ::1 GET /db_selector/ - 80 LAPTOP\stephanie ::1 Mozilla/5.0+(Windows+NT+6.3;+WOW64;+rv:47.0)+Gecko/20100101+Firefox/47.0 - 401 3 0 15
2016-08-11 01:28:17 ::1 GET /db_selector/ - 80 - ::1 Mozilla/5.0+(Windows+NT+6.3;+WOW64;+rv:47.0)+Gecko/20100101+Firefox/47.0 - 401 1 3221225581 31
2016-08-11 01:28:20 ::1 GET /db_selector/ - 80 - ::1 Mozilla/5.0+(Windows+NT+6.3;+WOW64;+rv:47.0)+Gecko/20100101+Firefox/47.0 - 401 1 3221225581 0
2016-08-11 01:28:23 ::1 GET /db_selector/ - 80 LAPTOP\stephanie ::1 Mozilla/5.0+(Windows+NT+6.3;+WOW64;+rv:47.0)+Gecko/20100101+Firefox/47.0 - 401 3 0 0
2016-08-11 01:28:27 ::1 GET /db_selector/ - 80 LAPTOP\sm538x ::1 Mozilla/5.0+(Windows+NT+6.3;+WOW64;+rv:47.0)+Gecko/20100101+Firefox/47.0 - 401 3 0 15
2016-08-11 01:28:29 ::1 GET /db_selector/ - 80 - ::1 Mozilla/5.0+(Windows+NT+6.3;+WOW64;+rv:47.0)+Gecko/20100101+Firefox/47.0 - 401 1 3221225581 0
2016-08-11 01:28:33 ::1 GET /db_selector/ - 80 - ::1 Mozilla/5.0+(Windows+NT+6.3;+WOW64;+rv:47.0)+Gecko/20100101+Firefox/47.0 - 401 1 3221225581 0
2016-08-11 01:28:40 ::1 GET /db_selector/ - 80 LAPTOP\sm538x ::1 Mozilla/5.0+(Windows+NT+6.3;+WOW64;+rv:47.0)+Gecko/20100101+Firefox/47.0 - 401 3 0 0
2016-08-11 01:28:44 ::1 GET /db_selector/ - 80 - ::1 Mozilla/5.0+(Windows+NT+6.3;+WOW64;+rv:47.0)+Gecko/20100101+Firefox/47.0 - 401 1 3221225581 0
2016-08-11 01:29:24 ::1 GET /db_selector/ - 80 - ::1 Mozilla/5.0+(Windows+NT+6.3;+WOW64;+rv:47.0)+Gecko/20100101+Firefox/47.0 - 401 2 5 249
2016-08-11 01:29:29 ::1 GET /db_selector/ - 80 stephanie ::1 Mozilla/5.0+(Windows+NT+6.3;+WOW64;+rv:47.0)+Gecko/20100101+Firefox/47.0 - 401 3 0 15
2016-08-11 01:29:33 ::1 GET /db_selector/ - 80 stephanie ::1 Mozilla/5.0+(Windows+NT+6.3;+WOW64;+rv:47.0)+Gecko/20100101+Firefox/47.0 - 401 1 1326 140
2016-08-11 01:29:36 ::1 GET /db_selector/ - 80 stephanie ::1 Mozilla/5.0+(Windows+NT+6.3;+WOW64;+rv:47.0)+Gecko/20100101+Firefox/47.0 - 401 1 1326 0
2016-08-11 01:29:40 ::1 GET /db_selector/ - 80 sm538x ::1 Mozilla/5.0+(Windows+NT+6.3;+WOW64;+rv:47.0)+Gecko/20100101+Firefox/47.0 - 401 3 0 93
2016-08-11 01:29:43 ::1 GET /db_selector/ - 80 sm538x ::1 Mozilla/5.0+(Windows+NT+6.3;+WOW64;+rv:47.0)+Gecko/20100101+Firefox/47.0 - 401 1 1326 0
2016-08-11 01:30:35 ::1 GET /favicon.ico - 80 - ::1 Mozilla/5.0+(Windows+NT+6.3;+WOW64;+rv:47.0)+Gecko/20100101+Firefox/47.0 - 401 2 5 15
2016-08-11 01:30:35 ::1 GET /favicon.ico - 80 - ::1 Mozilla/5.0+(Windows+NT+6.3;+WOW64;+rv:47.0)+Gecko/20100101+Firefox/47.0 - 401 2 5 15
2016-08-11 01:30:40 ::1 GET /index.html - 80 - ::1 Mozilla/5.0+(Windows+NT+6.3;+WOW64;+rv:47.0)+Gecko/20100101+Firefox/47.0 - 401 2 5 0
2016-08-11 01:30:49 ::1 GET /index.html - 80 stephanie ::1 Mozilla/5.0+(Windows+NT+6.3;+WOW64;+rv:47.0)+Gecko/20100101+Firefox/47.0 - 404 0 2 31
2016-08-11 01:30:57 ::1 GET /index.php - 80 stephanie ::1 Mozilla/5.0+(Windows+NT+6.3;+WOW64;+rv:47.0)+Gecko/20100101+Firefox/47.0 - 302 0 0 0
2016-08-11 01:30:57 ::1 GET /db_selector/ - 80 stephanie ::1 Mozilla/5.0+(Windows+NT+6.3;+WOW64;+rv:47.0)+Gecko/20100101+Firefox/47.0 - 401 3 0 0
2016-08-11 01:31:01 ::1 GET /db_selector/ - 80 stephanie ::1 Mozilla/5.0+(Windows+NT+6.3;+WOW64;+rv:47.0)+Gecko/20100101+Firefox/47.0 - 401 3 0 0
2016-08-11 01:31:05 ::1 GET /db_selector/ - 80 stephanie ::1 Mozilla/5.0+(Windows+NT+6.3;+WOW64;+rv:47.0)+Gecko/20100101+Firefox/47.0 - 401 1 1326 0
2016-08-11 01:31:18 ::1 GET /html/ - 80 - ::1 Mozilla/5.0+(Windows+NT+6.3;+WOW64;+rv:47.0)+Gecko/20100101+Firefox/47.0 - 401 2 5 0
2016-08-11 01:31:22 ::1 GET /html/ - 80 stephanie ::1 Mozilla/5.0+(Windows+NT+6.3;+WOW64;+rv:47.0)+Gecko/20100101+Firefox/47.0 - 404 0 2 171
2016-08-11 01:31:44 ::1 GET /index.html - 80 - ::1 Mozilla/5.0+(Windows+NT+6.3;+WOW64;+rv:47.0)+Gecko/20100101+Firefox/47.0 - 401 2 5 15
2016-08-11 01:31:44 ::1 GET /index.html - 80 stephanie ::1 Mozilla/5.0+(Windows+NT+6.3;+WOW64;+rv:47.0)+Gecko/20100101+Firefox/47.0 - 404 0 2 0
2016-08-11 01:31:52 ::1 GET /index.php - 80 stephanie ::1 Mozilla/5.0+(Windows+NT+6.3;+WOW64;+rv:47.0)+Gecko/20100101+Firefox/47.0 - 302 0 0 0
2016-08-11 01:31:52 ::1 GET /db_selector/ - 80 stephanie ::1 Mozilla/5.0+(Windows+NT+6.3;+WOW64;+rv:47.0)+Gecko/20100101+Firefox/47.0 - 401 3 0 0
2016-08-11 01:32:26 ::1 GET /db_selector/ - 80 stephanie ::1 Mozilla/5.0+(Windows+NT+6.3;+WOW64;+rv:47.0)+Gecko/20100101+Firefox/47.0 - 401 3 0 0
2016-08-11 01:33:24 ::1 GET / - 80 - ::1 Mozilla/5.0+(Windows+NT+6.3;+WOW64;+rv:47.0)+Gecko/20100101+Firefox/47.0 - 401 2 5 3
2016-08-11 01:33:26 ::1 GET / - 80 stephanie ::1 Mozilla/5.0+(Windows+NT+6.3;+WOW64;+rv:47.0)+Gecko/20100101+Firefox/47.0 - 401 3 0 4
2016-08-11 01:33:27 ::1 GET / - 80 stephanie ::1 Mozilla/5.0+(Windows+NT+6.3;+WOW64;+rv:47.0)+Gecko/20100101+Firefox/47.0 - 401 3 0 1
2016-08-11 01:33:31 ::1 GET / - 80 stephanie ::1 Mozilla/5.0+(Windows+NT+6.3;+WOW64;+rv:47.0)+Gecko/20100101+Firefox/47.0 - 401 3 0 9
2016-08-11 01:33:43 ::1 GET / - 80 - ::1 Mozilla/5.0+(Windows+NT+6.3;+WOW64;+rv:47.0)+Gecko/20100101+Firefox/47.0 - 401 2 5 1
2016-08-11 01:33:47 ::1 GET / - 80 sm538x ::1 Mozilla/5.0+(Windows+NT+6.3;+WOW64;+rv:47.0)+Gecko/20100101+Firefox/47.0 - 401 3 0 0
2016-08-11 01:33:50 ::1 GET / - 80 stephanie ::1 Mozilla/5.0+(Windows+NT+6.3;+WOW64;+rv:47.0)+Gecko/20100101+Firefox/47.0 - 401 1 1326 8
2016-08-11 01:33:59 ::1 GET / - 80 - ::1 Mozilla/5.0+(Windows+NT+6.3;+WOW64;+rv:47.0)+Gecko/20100101+Firefox/47.0 - 401 2 5 6
2016-08-11 01:34:03 ::1 GET / - 80 stephanie ::1 Mozilla/5.0+(Windows+NT+6.3;+WOW64;+rv:47.0)+Gecko/20100101+Firefox/47.0 - 401 3 0 2
2016-08-11 01:34:06 ::1 GET / - 80 stephanie ::1 Mozilla/5.0+(Windows+NT+6.3;+WOW64;+rv:47.0)+Gecko/20100101+Firefox/47.0 - 401 1 1326 4
2016-08-11 01:34:12 ::1 GET / - 80 stephanie ::1 Mozilla/5.0+(Windows+NT+6.3;+WOW64;+rv:47.0)+Gecko/20100101+Firefox/47.0 - 401 3 0 1
2016-08-11 01:34:21 ::1 GET / - 80 - ::1 Mozilla/5.0+(Windows+NT+6.3;+WOW64;+rv:47.0)+Gecko/20100101+Firefox/47.0 - 401 2 5 8
2016-08-11 01:36:54 ::1 GET / - 80 - ::1 Mozilla/5.0+(Windows+NT+6.3;+WOW64;+rv:47.0)+Gecko/20100101+Firefox/47.0 - 401 3 0 109
2016-08-11 01:36:55 ::1 GET / - 80 stephanie ::1 Mozilla/5.0+(Windows+NT+6.3;+WOW64;+rv:47.0)+Gecko/20100101+Firefox/47.0 - 401 3 0 15
2016-08-11 01:37:03 ::1 GET / - 80 - ::1 Mozilla/5.0+(Windows+NT+6.3;+WOW64;+rv:47.0)+Gecko/20100101+Firefox/47.0 - 401 3 0 78
2016-08-11 01:37:08 ::1 GET / - 80 - ::1 Mozilla/5.0+(Windows+NT+6.3;+WOW64;+rv:47.0)+Gecko/20100101+Firefox/47.0 - 401 3 0 15
2016-08-11 01:37:08 ::1 GET / - 80 - ::1 Mozilla/5.0+(Windows+NT+6.3;+WOW64;+rv:47.0)+Gecko/20100101+Firefox/47.0 - 401 3 0 0
